[ 2018-03-29T16:21:46+08:00 ] 127.0.0.1 /index.php?p=Back&m=Privilege&a=getCaptcha
INFO: [ app_init ] --START--
INFO: Run Behavior\BuildLiteBehavior [ RunTime:0.000000s ]
INFO: [ app_init ] --END-- [ RunTime:0.001000s ]
ERR: 无法加载模块:Privilege

[ 2018-03-29T16:22:33+08:00 ] 127.0.0.1 /index.php?p=Back&m=Privilege&a=getCaptcha
INFO: [ app_init ] --START--
INFO: Run Behavior\BuildLiteBehavior [ RunTime:0.000000s ]
INFO: [ app_init ] --END-- [ RunTime:0.001000s ]
ERR: 无法加载模块:Privilege

[ 2018-03-29T17:31:29+08:00 ] 127.0.0.1 /index.php?p=Admin&m=Login&a=verify&0.48787417828714674
INFO: [ app_init ] --START--
INFO: Run Behavior\BuildLiteBehavior [ RunTime:0.000000s ]
INFO: [ app_init ] --END-- [ RunTime:0.000000s ]
ERR: 无法加载模块:Login

[ 2018-03-29T17:31:32+08:00 ] 127.0.0.1 /index.php?p=Admin&m=Login&a=verify&0.3377962133871715
INFO: [ app_init ] --START--
INFO: Run Behavior\BuildLiteBehavior [ RunTime:0.000000s ]
INFO: [ app_init ] --END-- [ RunTime:0.001000s ]
ERR: 无法加载模块:Login

