[ 2018-05-04T21:20:05+08:00 ] 127.0.0.1 /admin
INFO: [ app_init ] --START--
INFO: Run Behavior\BuildLiteBehavior [ RunTime:0.001000s ]
INFO: [ app_init ] --END-- [ RunTime:0.001000s ]
INFO: [ app_begin ] --START--
INFO: Run Behavior\ReadHtmlCacheBehavior [ RunTime:0.002000s ]
INFO: [ app_begin ] --END-- [ RunTime:0.002000s ]

[ 2018-05-04T21:20:05+08:00 ] 127.0.0.1 /Admin/Login/login.html
INFO: [ app_init ] --START--
INFO: Run Behavior\BuildLiteBehavior [ RunTime:0.000000s ]
INFO: [ app_init ] --END-- [ RunTime:0.001000s ]
INFO: [ app_begin ] --START--
INFO: Run Behavior\ReadHtmlCacheBehavior [ RunTime:0.001000s ]
INFO: [ app_begin ] --END-- [ RunTime:0.001000s ]
INFO: [ view_parse ] --START--
INFO: [ template_filter ] --START--
INFO: Run Behavior\ContentReplaceBehavior [ RunTime:0.000000s ]
INFO: [ template_filter ] --END-- [ RunTime:0.000000s ]
INFO: Run Behavior\ParseTemplateBehavior [ RunTime:0.044003s ]
INFO: [ view_parse ] --END-- [ RunTime:0.044003s ]
INFO: [ view_filter ] --START--
INFO: Run Behavior\WriteHtmlCacheBehavior [ RunTime:0.000000s ]
INFO: [ view_filter ] --END-- [ RunTime:0.000000s ]
INFO: [ app_end ] --START--
INFO: Run Behavior\ShowPageTraceBehavior [ RunTime:0.001000s ]
INFO: [ app_end ] --END-- [ RunTime:0.001000s ]

[ 2018-05-04T21:20:13+08:00 ] 127.0.0.1 /Admin/Login/login.html
INFO: [ app_init ] --START--
INFO: Run Behavior\BuildLiteBehavior [ RunTime:0.000000s ]
INFO: [ app_init ] --END-- [ RunTime:0.001000s ]
INFO: [ app_begin ] --START--
INFO: Run Behavior\ReadHtmlCacheBehavior [ RunTime:0.001000s ]
INFO: [ app_begin ] --END-- [ RunTime:0.001000s ]
SQL: SHOW COLUMNS FROM `lt_user` [ RunTime:0.0050s ]
SQL: SELECT * FROM `lt_user` WHERE ( u_name='admin' ) LIMIT 1   [ RunTime:0.0000s ]

[ 2018-05-04T21:20:15+08:00 ] 127.0.0.1 /admin/index
INFO: [ app_init ] --START--
INFO: Run Behavior\BuildLiteBehavior [ RunTime:0.000000s ]
INFO: [ app_init ] --END-- [ RunTime:0.008001s ]
INFO: [ app_begin ] --START--
INFO: Run Behavior\ReadHtmlCacheBehavior [ RunTime:0.002000s ]
INFO: [ app_begin ] --END-- [ RunTime:0.002000s ]
SQL: SHOW COLUMNS FROM `lt_article` [ RunTime:0.0050s ]
SQL: SHOW COLUMNS FROM `lt_link` [ RunTime:0.0070s ]
SQL: SHOW COLUMNS FROM `lt_system` [ RunTime:0.0070s ]
SQL: SHOW COLUMNS FROM `lt_album` [ RunTime:0.0060s ]
SQL: SHOW COLUMNS FROM `lt_gust` [ RunTime:0.0070s ]
SQL: SHOW COLUMNS FROM `lt_say` [ RunTime:0.0060s ]
SQL: SHOW COLUMNS FROM `lt_version` [ RunTime:0.0100s ]
SQL: SHOW COLUMNS FROM `lt_picture` [ RunTime:0.0050s ]
SQL: SHOW COLUMNS FROM `lt_album_c` [ RunTime:0.0060s ]
SQL: SHOW COLUMNS FROM `lt_article_c` [ RunTime:0.0240s ]
SQL: SHOW COLUMNS FROM `lt_say_c` [ RunTime:0.0040s ]
SQL: SELECT `v_version` FROM `lt_version` ORDER BY v_id desc LIMIT 1   [ RunTime:0.0010s ]
NOTIC: [2] unlink(./Runtime/Temp/96a32ec0a4fa9a548081313989245c72.php): No such file or directory D:\phpStudy\WWW\Blog\ThinkPHP\Library\Think\Cache\Driver\File.class.php 第 157 行.
SQL: SELECT * FROM `lt_system` LIMIT 1   [ RunTime:0.0000s ]
SQL: SELECT COUNT(*) AS tp_count FROM `lt_say_c` LIMIT 1   [ RunTime:0.0000s ]
SQL: SELECT COUNT(*) AS tp_count FROM `lt_article_c` LIMIT 1   [ RunTime:0.0000s ]
SQL: SELECT COUNT(*) AS tp_count FROM `lt_album_c` LIMIT 1   [ RunTime:0.0000s ]
SQL: SELECT COUNT(*) AS tp_count FROM `lt_say` LIMIT 1   [ RunTime:0.0000s ]
SQL: SELECT COUNT(*) AS tp_count FROM `lt_article` LIMIT 1   [ RunTime:0.0000s ]
SQL: SELECT COUNT(*) AS tp_count FROM `lt_gust` LIMIT 1   [ RunTime:0.0000s ]
SQL: SELECT COUNT(*) AS tp_count FROM `lt_album` LIMIT 1   [ RunTime:0.0000s ]
SQL: SELECT COUNT(*) AS tp_count FROM `lt_picture` LIMIT 1   [ RunTime:0.0000s ]
SQL: SELECT COUNT(*) AS tp_count FROM `lt_link` LIMIT 1   [ RunTime:0.0000s ]
NOTIC: [8] Use of undefined constant ture - assumed 'ture' D:\phpStudy\WWW\Blog\Application\Admin\Controller\IndexController.class.php 第 43 行.
SQL: SHOW COLUMNS FROM `lt_article_c` [ RunTime:0.0060s ]
SQL: SELECT `ac_time` FROM `lt_article_c` UNION ALL SELECT sc_time FROM lt_say_c  UNION ALL SELECT alc_time FROM lt_album_c order by ac_time desc limit 0,5 [ RunTime:0.0010s ]
SQL: SELECT * FROM `lt_article_c` WHERE `ac_time` = 1486283901 LIMIT 1   [ RunTime:0.0000s ]
SQL: SELECT * FROM `lt_album_c` WHERE `alc_time` = 1486283901 LIMIT 1   [ RunTime:0.0010s ]
SQL: SELECT * FROM `lt_say_c` WHERE `sc_time` = 1486283901 LIMIT 1   [ RunTime:0.0000s ]
SQL: SELECT * FROM `lt_article_c` WHERE `ac_time` = 1486283315 LIMIT 1   [ RunTime:0.0010s ]
SQL: SELECT * FROM `lt_album_c` WHERE `alc_time` = 1486283315 LIMIT 1   [ RunTime:0.0000s ]
SQL: SELECT * FROM `lt_say_c` WHERE `sc_time` = 1486283315 LIMIT 1   [ RunTime:0.0000s ]
NOTIC: [8] Undefined offset: 2 D:\phpStudy\WWW\Blog\Application\Admin\Controller\IndexController.class.php 第 46 行.
SQL: SELECT * FROM `lt_article_c` WHERE `ac_time` = null LIMIT 1   [ RunTime:0.0000s ]
NOTIC: [8] Undefined offset: 2 D:\phpStudy\WWW\Blog\Application\Admin\Controller\IndexController.class.php 第 47 行.
SQL: SELECT * FROM `lt_album_c` WHERE `alc_time` = null LIMIT 1   [ RunTime:0.0000s ]
NOTIC: [8] Undefined offset: 2 D:\phpStudy\WWW\Blog\Application\Admin\Controller\IndexController.class.php 第 48 行.
SQL: SELECT * FROM `lt_say_c` WHERE `sc_time` = null LIMIT 1   [ RunTime:0.0000s ]
NOTIC: [8] Undefined offset: 3 D:\phpStudy\WWW\Blog\Application\Admin\Controller\IndexController.class.php 第 46 行.
SQL: SELECT * FROM `lt_article_c` WHERE `ac_time` = null LIMIT 1   [ RunTime:0.0000s ]
NOTIC: [8] Undefined offset: 3 D:\phpStudy\WWW\Blog\Application\Admin\Controller\IndexController.class.php 第 47 行.
SQL: SELECT * FROM `lt_album_c` WHERE `alc_time` = null LIMIT 1   [ RunTime:0.0010s ]
NOTIC: [8] Undefined offset: 3 D:\phpStudy\WWW\Blog\Application\Admin\Controller\IndexController.class.php 第 48 行.
SQL: SELECT * FROM `lt_say_c` WHERE `sc_time` = null LIMIT 1   [ RunTime:0.0000s ]
NOTIC: [8] Undefined offset: 4 D:\phpStudy\WWW\Blog\Application\Admin\Controller\IndexController.class.php 第 46 行.
SQL: SELECT * FROM `lt_article_c` WHERE `ac_time` = null LIMIT 1   [ RunTime:0.0010s ]
NOTIC: [8] Undefined offset: 4 D:\phpStudy\WWW\Blog\Application\Admin\Controller\IndexController.class.php 第 47 行.
SQL: SELECT * FROM `lt_album_c` WHERE `alc_time` = null LIMIT 1   [ RunTime:0.0000s ]
NOTIC: [8] Undefined offset: 4 D:\phpStudy\WWW\Blog\Application\Admin\Controller\IndexController.class.php 第 48 行.
SQL: SELECT * FROM `lt_say_c` WHERE `sc_time` = null LIMIT 1   [ RunTime:0.0000s ]
SQL: SELECT * FROM `lt_gust` WHERE ( g_rtime>0 ) ORDER BY g_time desc LIMIT 5   [ RunTime:0.0010s ]
INFO: [ view_parse ] --START--
INFO: [ template_filter ] --START--
INFO: Run Behavior\ContentReplaceBehavior [ RunTime:0.001000s ]
INFO: [ template_filter ] --END-- [ RunTime:0.001000s ]
NOTIC: [8] Undefined variable: add D:\phpStudy\WWW\Blog\Runtime\Cache\Admin\b595b808c2ebeeeb0478ffc30bb4e87a.php 第 103 行.
NOTIC: [8] Undefined variable: say D:\phpStudy\WWW\Blog\Runtime\Cache\Admin\b595b808c2ebeeeb0478ffc30bb4e87a.php 第 106 行.
NOTIC: [8] Undefined variable: saylist D:\phpStudy\WWW\Blog\Runtime\Cache\Admin\b595b808c2ebeeeb0478ffc30bb4e87a.php 第 107 行.
NOTIC: [8] Undefined variable: add D:\phpStudy\WWW\Blog\Runtime\Cache\Admin\b595b808c2ebeeeb0478ffc30bb4e87a.php 第 110 行.
NOTIC: [8] Undefined variable: article D:\phpStudy\WWW\Blog\Runtime\Cache\Admin\b595b808c2ebeeeb0478ffc30bb4e87a.php 第 113 行.
NOTIC: [8] Undefined variable: articlelist D:\phpStudy\WWW\Blog\Runtime\Cache\Admin\b595b808c2ebeeeb0478ffc30bb4e87a.php 第 114 行.
NOTIC: [8] Undefined variable: content D:\phpStudy\WWW\Blog\Runtime\Cache\Admin\b595b808c2ebeeeb0478ffc30bb4e87a.php 第 118 行.
NOTIC: [8] Undefined variable: saycontent D:\phpStudy\WWW\Blog\Runtime\Cache\Admin\b595b808c2ebeeeb0478ffc30bb4e87a.php 第 121 行.
NOTIC: [8] Undefined variable: articlecontent D:\phpStudy\WWW\Blog\Runtime\Cache\Admin\b595b808c2ebeeeb0478ffc30bb4e87a.php 第 122 行.
NOTIC: [8] Undefined variable: gustcontent D:\phpStudy\WWW\Blog\Runtime\Cache\Admin\b595b808c2ebeeeb0478ffc30bb4e87a.php 第 123 行.
NOTIC: [8] Undefined variable: albumcontent D:\phpStudy\WWW\Blog\Runtime\Cache\Admin\b595b808c2ebeeeb0478ffc30bb4e87a.php 第 124 行.
NOTIC: [8] Undefined index: class D:\phpStudy\WWW\Blog\Runtime\Cache\Admin\b595b808c2ebeeeb0478ffc30bb4e87a.php 第 127 行.
NOTIC: [8] Undefined variable: tag D:\phpStudy\WWW\Blog\Runtime\Cache\Admin\b595b808c2ebeeeb0478ffc30bb4e87a.php 第 134 行.
NOTIC: [8] Undefined variable: tagadd D:\phpStudy\WWW\Blog\Runtime\Cache\Admin\b595b808c2ebeeeb0478ffc30bb4e87a.php 第 137 行.
NOTIC: [8] Undefined variable: taglist D:\phpStudy\WWW\Blog\Runtime\Cache\Admin\b595b808c2ebeeeb0478ffc30bb4e87a.php 第 138 行.
NOTIC: [8] Undefined variable: link D:\phpStudy\WWW\Blog\Runtime\Cache\Admin\b595b808c2ebeeeb0478ffc30bb4e87a.php 第 141 行.
NOTIC: [8] Undefined variable: linkadd D:\phpStudy\WWW\Blog\Runtime\Cache\Admin\b595b808c2ebeeeb0478ffc30bb4e87a.php 第 144 行.
NOTIC: [8] Undefined variable: linklist D:\phpStudy\WWW\Blog\Runtime\Cache\Admin\b595b808c2ebeeeb0478ffc30bb4e87a.php 第 145 行.
NOTIC: [8] Undefined variable: album D:\phpStudy\WWW\Blog\Runtime\Cache\Admin\b595b808c2ebeeeb0478ffc30bb4e87a.php 第 149 行.
NOTIC: [8] Undefined variable: albumadd D:\phpStudy\WWW\Blog\Runtime\Cache\Admin\b595b808c2ebeeeb0478ffc30bb4e87a.php 第 152 行.
NOTIC: [8] Undefined variable: albumlist D:\phpStudy\WWW\Blog\Runtime\Cache\Admin\b595b808c2ebeeeb0478ffc30bb4e87a.php 第 153 行.
NOTIC: [8] Undefined variable: picture D:\phpStudy\WWW\Blog\Runtime\Cache\Admin\b595b808c2ebeeeb0478ffc30bb4e87a.php 第 157 行.
NOTIC: [8] Undefined variable: pictureadd D:\phpStudy\WWW\Blog\Runtime\Cache\Admin\b595b808c2ebeeeb0478ffc30bb4e87a.php 第 160 行.
NOTIC: [8] Undefined variable: picturelist D:\phpStudy\WWW\Blog\Runtime\Cache\Admin\b595b808c2ebeeeb0478ffc30bb4e87a.php 第 161 行.
NOTIC: [8] Undefined variable: add D:\phpStudy\WWW\Blog\Runtime\Cache\Admin\b595b808c2ebeeeb0478ffc30bb4e87a.php 第 164 行.
NOTIC: [8] Undefined variable: article D:\phpStudy\WWW\Blog\Runtime\Cache\Admin\b595b808c2ebeeeb0478ffc30bb4e87a.php 第 167 行.
NOTIC: [8] Undefined variable: versionlist D:\phpStudy\WWW\Blog\Runtime\Cache\Admin\b595b808c2ebeeeb0478ffc30bb4e87a.php 第 168 行.
NOTIC: [8] Array to string conversion D:\phpStudy\WWW\Blog\Runtime\Cache\Admin\b595b808c2ebeeeb0478ffc30bb4e87a.php 第 171 行.
NOTIC: [8] Undefined variable: systembasic D:\phpStudy\WWW\Blog\Runtime\Cache\Admin\b595b808c2ebeeeb0478ffc30bb4e87a.php 第 174 行.
NOTIC: [8] Undefined variable: systemone D:\phpStudy\WWW\Blog\Runtime\Cache\Admin\b595b808c2ebeeeb0478ffc30bb4e87a.php 第 175 行.
NOTIC: [8] Undefined variable: systememail D:\phpStudy\WWW\Blog\Runtime\Cache\Admin\b595b808c2ebeeeb0478ffc30bb4e87a.php 第 176 行.
NOTIC: [8] Undefined variable: systemppt D:\phpStudy\WWW\Blog\Runtime\Cache\Admin\b595b808c2ebeeeb0478ffc30bb4e87a.php 第 177 行.
NOTIC: [8] Use of undefined constant ture - assumed 'ture' D:\phpStudy\WWW\Blog\Runtime\Cache\Admin\b595b808c2ebeeeb0478ffc30bb4e87a.php 第 274 行.
NOTIC: [8] Use of undefined constant ture - assumed 'ture' D:\phpStudy\WWW\Blog\Runtime\Cache\Admin\b595b808c2ebeeeb0478ffc30bb4e87a.php 第 285 行.
NOTIC: [8] Use of undefined constant ture - assumed 'ture' D:\phpStudy\WWW\Blog\Runtime\Cache\Admin\b595b808c2ebeeeb0478ffc30bb4e87a.php 第 307 行.
NOTIC: [8] Use of undefined constant ture - assumed 'ture' D:\phpStudy\WWW\Blog\Runtime\Cache\Admin\b595b808c2ebeeeb0478ffc30bb4e87a.php 第 307 行.
NOTIC: [8] Use of undefined constant ture - assumed 'ture' D:\phpStudy\WWW\Blog\Runtime\Cache\Admin\b595b808c2ebeeeb0478ffc30bb4e87a.php 第 307 行.
NOTIC: [8] Use of undefined constant ture - assumed 'ture' D:\phpStudy\WWW\Blog\Runtime\Cache\Admin\b595b808c2ebeeeb0478ffc30bb4e87a.php 第 307 行.
NOTIC: [8] Use of undefined constant ture - assumed 'ture' D:\phpStudy\WWW\Blog\Runtime\Cache\Admin\b595b808c2ebeeeb0478ffc30bb4e87a.php 第 307 行.
INFO: Run Behavior\ParseTemplateBehavior [ RunTime:0.121007s ]
INFO: [ view_parse ] --END-- [ RunTime:0.121007s ]
INFO: [ view_filter ] --START--
INFO: Run Behavior\WriteHtmlCacheBehavior [ RunTime:0.001000s ]
INFO: [ view_filter ] --END-- [ RunTime:0.001000s ]
INFO: [ app_end ] --START--
INFO: Run Behavior\ShowPageTraceBehavior [ RunTime:0.001001s ]
INFO: [ app_end ] --END-- [ RunTime:0.001001s ]

[ 2018-05-04T21:20:29+08:00 ] 127.0.0.1 /Admin/Article/index.html
INFO: [ app_init ] --START--
INFO: Run Behavior\BuildLiteBehavior [ RunTime:0.000000s ]
INFO: [ app_init ] --END-- [ RunTime:0.000000s ]
INFO: [ app_begin ] --START--
INFO: Run Behavior\ReadHtmlCacheBehavior [ RunTime:0.002000s ]
INFO: [ app_begin ] --END-- [ RunTime:0.002000s ]
SQL: SELECT * FROM `lt_article`  [ RunTime:0.0010s ]
SQL: SELECT COUNT(*) AS tp_count FROM `lt_article` LIMIT 1   [ RunTime:0.0010s ]
SQL: SELECT * FROM `lt_article` LIMIT 0,2   [ RunTime:0.0010s ]
INFO: [ view_parse ] --START--
INFO: [ template_filter ] --START--
INFO: Run Behavior\ContentReplaceBehavior [ RunTime:0.001000s ]
INFO: [ template_filter ] --END-- [ RunTime:0.001000s ]
NOTIC: [8] Undefined variable: index D:\phpStudy\WWW\Blog\Runtime\Cache\Admin\7a4184ffe8f804b12b2e7f8851dd8f7d.php 第 101 行.
NOTIC: [8] Undefined variable: add D:\phpStudy\WWW\Blog\Runtime\Cache\Admin\7a4184ffe8f804b12b2e7f8851dd8f7d.php 第 103 行.
NOTIC: [8] Undefined variable: say D:\phpStudy\WWW\Blog\Runtime\Cache\Admin\7a4184ffe8f804b12b2e7f8851dd8f7d.php 第 106 行.
NOTIC: [8] Undefined variable: saylist D:\phpStudy\WWW\Blog\Runtime\Cache\Admin\7a4184ffe8f804b12b2e7f8851dd8f7d.php 第 107 行.
NOTIC: [8] Undefined variable: add D:\phpStudy\WWW\Blog\Runtime\Cache\Admin\7a4184ffe8f804b12b2e7f8851dd8f7d.php 第 110 行.
NOTIC: [8] Undefined variable: article D:\phpStudy\WWW\Blog\Runtime\Cache\Admin\7a4184ffe8f804b12b2e7f8851dd8f7d.php 第 113 行.
NOTIC: [8] Undefined variable: articlelist D:\phpStudy\WWW\Blog\Runtime\Cache\Admin\7a4184ffe8f804b12b2e7f8851dd8f7d.php 第 114 行.
NOTIC: [8] Undefined variable: content D:\phpStudy\WWW\Blog\Runtime\Cache\Admin\7a4184ffe8f804b12b2e7f8851dd8f7d.php 第 118 行.
NOTIC: [8] Undefined variable: saycontent D:\phpStudy\WWW\Blog\Runtime\Cache\Admin\7a4184ffe8f804b12b2e7f8851dd8f7d.php 第 121 行.
NOTIC: [8] Undefined variable: articlecontent D:\phpStudy\WWW\Blog\Runtime\Cache\Admin\7a4184ffe8f804b12b2e7f8851dd8f7d.php 第 122 行.
NOTIC: [8] Undefined variable: gustcontent D:\phpStudy\WWW\Blog\Runtime\Cache\Admin\7a4184ffe8f804b12b2e7f8851dd8f7d.php 第 123 行.
NOTIC: [8] Undefined variable: albumcontent D:\phpStudy\WWW\Blog\Runtime\Cache\Admin\7a4184ffe8f804b12b2e7f8851dd8f7d.php 第 124 行.
NOTIC: [8] Undefined index: class D:\phpStudy\WWW\Blog\Runtime\Cache\Admin\7a4184ffe8f804b12b2e7f8851dd8f7d.php 第 127 行.
NOTIC: [8] Undefined variable: tag D:\phpStudy\WWW\Blog\Runtime\Cache\Admin\7a4184ffe8f804b12b2e7f8851dd8f7d.php 第 134 行.
NOTIC: [8] Undefined variable: tagadd D:\phpStudy\WWW\Blog\Runtime\Cache\Admin\7a4184ffe8f804b12b2e7f8851dd8f7d.php 第 137 行.
NOTIC: [8] Undefined variable: taglist D:\phpStudy\WWW\Blog\Runtime\Cache\Admin\7a4184ffe8f804b12b2e7f8851dd8f7d.php 第 138 行.
NOTIC: [8] Undefined variable: link D:\phpStudy\WWW\Blog\Runtime\Cache\Admin\7a4184ffe8f804b12b2e7f8851dd8f7d.php 第 141 行.
NOTIC: [8] Undefined variable: linkadd D:\phpStudy\WWW\Blog\Runtime\Cache\Admin\7a4184ffe8f804b12b2e7f8851dd8f7d.php 第 144 行.
NOTIC: [8] Undefined variable: linklist D:\phpStudy\WWW\Blog\Runtime\Cache\Admin\7a4184ffe8f804b12b2e7f8851dd8f7d.php 第 145 行.
NOTIC: [8] Undefined variable: album D:\phpStudy\WWW\Blog\Runtime\Cache\Admin\7a4184ffe8f804b12b2e7f8851dd8f7d.php 第 149 行.
NOTIC: [8] Undefined variable: albumadd D:\phpStudy\WWW\Blog\Runtime\Cache\Admin\7a4184ffe8f804b12b2e7f8851dd8f7d.php 第 152 行.
NOTIC: [8] Undefined variable: albumlist D:\phpStudy\WWW\Blog\Runtime\Cache\Admin\7a4184ffe8f804b12b2e7f8851dd8f7d.php 第 153 行.
NOTIC: [8] Undefined variable: picture D:\phpStudy\WWW\Blog\Runtime\Cache\Admin\7a4184ffe8f804b12b2e7f8851dd8f7d.php 第 157 行.
NOTIC: [8] Undefined variable: pictureadd D:\phpStudy\WWW\Blog\Runtime\Cache\Admin\7a4184ffe8f804b12b2e7f8851dd8f7d.php 第 160 行.
NOTIC: [8] Undefined variable: picturelist D:\phpStudy\WWW\Blog\Runtime\Cache\Admin\7a4184ffe8f804b12b2e7f8851dd8f7d.php 第 161 行.
NOTIC: [8] Undefined variable: add D:\phpStudy\WWW\Blog\Runtime\Cache\Admin\7a4184ffe8f804b12b2e7f8851dd8f7d.php 第 164 行.
NOTIC: [8] Undefined variable: article D:\phpStudy\WWW\Blog\Runtime\Cache\Admin\7a4184ffe8f804b12b2e7f8851dd8f7d.php 第 167 行.
NOTIC: [8] Undefined variable: versionlist D:\phpStudy\WWW\Blog\Runtime\Cache\Admin\7a4184ffe8f804b12b2e7f8851dd8f7d.php 第 168 行.
NOTIC: [8] Undefined variable: system D:\phpStudy\WWW\Blog\Runtime\Cache\Admin\7a4184ffe8f804b12b2e7f8851dd8f7d.php 第 171 行.
NOTIC: [8] Undefined variable: systembasic D:\phpStudy\WWW\Blog\Runtime\Cache\Admin\7a4184ffe8f804b12b2e7f8851dd8f7d.php 第 174 行.
NOTIC: [8] Undefined variable: systemone D:\phpStudy\WWW\Blog\Runtime\Cache\Admin\7a4184ffe8f804b12b2e7f8851dd8f7d.php 第 175 行.
NOTIC: [8] Undefined variable: systememail D:\phpStudy\WWW\Blog\Runtime\Cache\Admin\7a4184ffe8f804b12b2e7f8851dd8f7d.php 第 176 行.
NOTIC: [8] Undefined variable: systemppt D:\phpStudy\WWW\Blog\Runtime\Cache\Admin\7a4184ffe8f804b12b2e7f8851dd8f7d.php 第 177 行.
INFO: Run Behavior\ParseTemplateBehavior [ RunTime:0.061003s ]
INFO: [ view_parse ] --END-- [ RunTime:0.061003s ]
INFO: [ view_filter ] --START--
INFO: Run Behavior\WriteHtmlCacheBehavior [ RunTime:0.001000s ]
INFO: [ view_filter ] --END-- [ RunTime:0.001000s ]
INFO: [ app_end ] --START--
INFO: Run Behavior\ShowPageTraceBehavior [ RunTime:0.001000s ]
INFO: [ app_end ] --END-- [ RunTime:0.001000s ]

[ 2018-05-04T21:20:36+08:00 ] 127.0.0.1 /Admin/Article/edit/id/1.html
INFO: [ app_init ] --START--
INFO: Run Behavior\BuildLiteBehavior [ RunTime:0.001000s ]
INFO: [ app_init ] --END-- [ RunTime:0.002000s ]
INFO: [ app_begin ] --START--
INFO: Run Behavior\ReadHtmlCacheBehavior [ RunTime:0.001000s ]
INFO: [ app_begin ] --END-- [ RunTime:0.001000s ]
SQL: SELECT * FROM `lt_tag`  [ RunTime:0.0010s ]
SQL: SELECT * FROM `lt_article` WHERE ( a_id=1 ) LIMIT 1   [ RunTime:0.0010s ]
INFO: [ view_parse ] --START--
INFO: [ template_filter ] --START--
INFO: Run Behavior\ContentReplaceBehavior [ RunTime:0.001000s ]
INFO: [ template_filter ] --END-- [ RunTime:0.001000s ]
NOTIC: [8] Undefined variable: index D:\phpStudy\WWW\Blog\Runtime\Cache\Admin\761055de2f430bef08441163fbb8bda7.php 第 101 行.
NOTIC: [8] Undefined variable: add D:\phpStudy\WWW\Blog\Runtime\Cache\Admin\761055de2f430bef08441163fbb8bda7.php 第 103 行.
NOTIC: [8] Undefined variable: say D:\phpStudy\WWW\Blog\Runtime\Cache\Admin\761055de2f430bef08441163fbb8bda7.php 第 106 行.
NOTIC: [8] Undefined variable: saylist D:\phpStudy\WWW\Blog\Runtime\Cache\Admin\761055de2f430bef08441163fbb8bda7.php 第 107 行.
NOTIC: [8] Undefined variable: add D:\phpStudy\WWW\Blog\Runtime\Cache\Admin\761055de2f430bef08441163fbb8bda7.php 第 110 行.
NOTIC: [8] Undefined variable: article D:\phpStudy\WWW\Blog\Runtime\Cache\Admin\761055de2f430bef08441163fbb8bda7.php 第 113 行.
NOTIC: [8] Undefined variable: articlelist D:\phpStudy\WWW\Blog\Runtime\Cache\Admin\761055de2f430bef08441163fbb8bda7.php 第 114 行.
NOTIC: [8] Undefined variable: content D:\phpStudy\WWW\Blog\Runtime\Cache\Admin\761055de2f430bef08441163fbb8bda7.php 第 118 行.
NOTIC: [8] Undefined variable: saycontent D:\phpStudy\WWW\Blog\Runtime\Cache\Admin\761055de2f430bef08441163fbb8bda7.php 第 121 行.
NOTIC: [8] Undefined variable: articlecontent D:\phpStudy\WWW\Blog\Runtime\Cache\Admin\761055de2f430bef08441163fbb8bda7.php 第 122 行.
NOTIC: [8] Undefined variable: gustcontent D:\phpStudy\WWW\Blog\Runtime\Cache\Admin\761055de2f430bef08441163fbb8bda7.php 第 123 行.
NOTIC: [8] Undefined variable: albumcontent D:\phpStudy\WWW\Blog\Runtime\Cache\Admin\761055de2f430bef08441163fbb8bda7.php 第 124 行.
NOTIC: [8] Undefined index: class D:\phpStudy\WWW\Blog\Runtime\Cache\Admin\761055de2f430bef08441163fbb8bda7.php 第 127 行.
NOTIC: [8] Undefined variable: tag D:\phpStudy\WWW\Blog\Runtime\Cache\Admin\761055de2f430bef08441163fbb8bda7.php 第 134 行.
NOTIC: [8] Undefined variable: tagadd D:\phpStudy\WWW\Blog\Runtime\Cache\Admin\761055de2f430bef08441163fbb8bda7.php 第 137 行.
NOTIC: [8] Undefined variable: taglist D:\phpStudy\WWW\Blog\Runtime\Cache\Admin\761055de2f430bef08441163fbb8bda7.php 第 138 行.
NOTIC: [8] Undefined variable: link D:\phpStudy\WWW\Blog\Runtime\Cache\Admin\761055de2f430bef08441163fbb8bda7.php 第 141 行.
NOTIC: [8] Undefined variable: linkadd D:\phpStudy\WWW\Blog\Runtime\Cache\Admin\761055de2f430bef08441163fbb8bda7.php 第 144 行.
NOTIC: [8] Undefined variable: linklist D:\phpStudy\WWW\Blog\Runtime\Cache\Admin\761055de2f430bef08441163fbb8bda7.php 第 145 行.
NOTIC: [8] Undefined variable: album D:\phpStudy\WWW\Blog\Runtime\Cache\Admin\761055de2f430bef08441163fbb8bda7.php 第 149 行.
NOTIC: [8] Undefined variable: albumadd D:\phpStudy\WWW\Blog\Runtime\Cache\Admin\761055de2f430bef08441163fbb8bda7.php 第 152 行.
NOTIC: [8] Undefined variable: albumlist D:\phpStudy\WWW\Blog\Runtime\Cache\Admin\761055de2f430bef08441163fbb8bda7.php 第 153 行.
NOTIC: [8] Undefined variable: picture D:\phpStudy\WWW\Blog\Runtime\Cache\Admin\761055de2f430bef08441163fbb8bda7.php 第 157 行.
NOTIC: [8] Undefined variable: pictureadd D:\phpStudy\WWW\Blog\Runtime\Cache\Admin\761055de2f430bef08441163fbb8bda7.php 第 160 行.
NOTIC: [8] Undefined variable: picturelist D:\phpStudy\WWW\Blog\Runtime\Cache\Admin\761055de2f430bef08441163fbb8bda7.php 第 161 行.
NOTIC: [8] Undefined variable: add D:\phpStudy\WWW\Blog\Runtime\Cache\Admin\761055de2f430bef08441163fbb8bda7.php 第 164 行.
NOTIC: [8] Undefined variable: article D:\phpStudy\WWW\Blog\Runtime\Cache\Admin\761055de2f430bef08441163fbb8bda7.php 第 167 行.
NOTIC: [8] Undefined variable: versionlist D:\phpStudy\WWW\Blog\Runtime\Cache\Admin\761055de2f430bef08441163fbb8bda7.php 第 168 行.
NOTIC: [8] Undefined variable: system D:\phpStudy\WWW\Blog\Runtime\Cache\Admin\761055de2f430bef08441163fbb8bda7.php 第 171 行.
NOTIC: [8] Undefined variable: systembasic D:\phpStudy\WWW\Blog\Runtime\Cache\Admin\761055de2f430bef08441163fbb8bda7.php 第 174 行.
NOTIC: [8] Undefined variable: systemone D:\phpStudy\WWW\Blog\Runtime\Cache\Admin\761055de2f430bef08441163fbb8bda7.php 第 175 行.
NOTIC: [8] Undefined variable: systememail D:\phpStudy\WWW\Blog\Runtime\Cache\Admin\761055de2f430bef08441163fbb8bda7.php 第 176 行.
NOTIC: [8] Undefined variable: systemppt D:\phpStudy\WWW\Blog\Runtime\Cache\Admin\761055de2f430bef08441163fbb8bda7.php 第 177 行.
NOTIC: [8] Undefined index: lev D:\phpStudy\WWW\Blog\Runtime\Cache\Admin\761055de2f430bef08441163fbb8bda7.php 第 214 行.
NOTIC: [8] Undefined index: lev D:\phpStudy\WWW\Blog\Runtime\Cache\Admin\761055de2f430bef08441163fbb8bda7.php 第 214 行.
NOTIC: [8] Undefined index: lev D:\phpStudy\WWW\Blog\Runtime\Cache\Admin\761055de2f430bef08441163fbb8bda7.php 第 214 行.
NOTIC: [8] Undefined index: lev D:\phpStudy\WWW\Blog\Runtime\Cache\Admin\761055de2f430bef08441163fbb8bda7.php 第 214 行.
NOTIC: [8] Undefined index: lev D:\phpStudy\WWW\Blog\Runtime\Cache\Admin\761055de2f430bef08441163fbb8bda7.php 第 214 行.
NOTIC: [8] Undefined index: lev D:\phpStudy\WWW\Blog\Runtime\Cache\Admin\761055de2f430bef08441163fbb8bda7.php 第 214 行.
INFO: Run Behavior\ParseTemplateBehavior [ RunTime:0.074005s ]
INFO: [ view_parse ] --END-- [ RunTime:0.074005s ]
INFO: [ view_filter ] --START--
INFO: Run Behavior\WriteHtmlCacheBehavior [ RunTime:0.001000s ]
INFO: [ view_filter ] --END-- [ RunTime:0.001000s ]
INFO: [ app_end ] --START--
INFO: Run Behavior\ShowPageTraceBehavior [ RunTime:0.002000s ]
INFO: [ app_end ] --END-- [ RunTime:0.002000s ]

[ 2018-05-04T21:35:53+08:00 ] 127.0.0.1 /Admin/Article/edit/id/1.html
INFO: [ app_init ] --START--
INFO: Run Behavior\BuildLiteBehavior [ RunTime:0.000000s ]
INFO: [ app_init ] --END-- [ RunTime:0.001000s ]
INFO: [ app_begin ] --START--
INFO: Run Behavior\ReadHtmlCacheBehavior [ RunTime:0.001000s ]
INFO: [ app_begin ] --END-- [ RunTime:0.001000s ]
SQL: SELECT * FROM `lt_tag`  [ RunTime:0.0010s ]
SQL: SELECT * FROM `lt_article` WHERE ( a_id=1 ) LIMIT 1   [ RunTime:0.0010s ]
INFO: [ view_parse ] --START--
INFO: [ template_filter ] --START--
INFO: Run Behavior\ContentReplaceBehavior [ RunTime:0.000000s ]
INFO: [ template_filter ] --END-- [ RunTime:0.000000s ]
NOTIC: [8] Undefined variable: index D:\phpStudy\WWW\Blog\Runtime\Cache\Admin\761055de2f430bef08441163fbb8bda7.php 第 101 行.
NOTIC: [8] Undefined variable: add D:\phpStudy\WWW\Blog\Runtime\Cache\Admin\761055de2f430bef08441163fbb8bda7.php 第 103 行.
NOTIC: [8] Undefined variable: say D:\phpStudy\WWW\Blog\Runtime\Cache\Admin\761055de2f430bef08441163fbb8bda7.php 第 106 行.
NOTIC: [8] Undefined variable: saylist D:\phpStudy\WWW\Blog\Runtime\Cache\Admin\761055de2f430bef08441163fbb8bda7.php 第 107 行.
NOTIC: [8] Undefined variable: add D:\phpStudy\WWW\Blog\Runtime\Cache\Admin\761055de2f430bef08441163fbb8bda7.php 第 110 行.
NOTIC: [8] Undefined variable: article D:\phpStudy\WWW\Blog\Runtime\Cache\Admin\761055de2f430bef08441163fbb8bda7.php 第 113 行.
NOTIC: [8] Undefined variable: articlelist D:\phpStudy\WWW\Blog\Runtime\Cache\Admin\761055de2f430bef08441163fbb8bda7.php 第 114 行.
NOTIC: [8] Undefined variable: content D:\phpStudy\WWW\Blog\Runtime\Cache\Admin\761055de2f430bef08441163fbb8bda7.php 第 118 行.
NOTIC: [8] Undefined variable: saycontent D:\phpStudy\WWW\Blog\Runtime\Cache\Admin\761055de2f430bef08441163fbb8bda7.php 第 121 行.
NOTIC: [8] Undefined variable: articlecontent D:\phpStudy\WWW\Blog\Runtime\Cache\Admin\761055de2f430bef08441163fbb8bda7.php 第 122 行.
NOTIC: [8] Undefined variable: gustcontent D:\phpStudy\WWW\Blog\Runtime\Cache\Admin\761055de2f430bef08441163fbb8bda7.php 第 123 行.
NOTIC: [8] Undefined variable: albumcontent D:\phpStudy\WWW\Blog\Runtime\Cache\Admin\761055de2f430bef08441163fbb8bda7.php 第 124 行.
NOTIC: [8] Undefined index: class D:\phpStudy\WWW\Blog\Runtime\Cache\Admin\761055de2f430bef08441163fbb8bda7.php 第 127 行.
NOTIC: [8] Undefined variable: tag D:\phpStudy\WWW\Blog\Runtime\Cache\Admin\761055de2f430bef08441163fbb8bda7.php 第 134 行.
NOTIC: [8] Undefined variable: tagadd D:\phpStudy\WWW\Blog\Runtime\Cache\Admin\761055de2f430bef08441163fbb8bda7.php 第 137 行.
NOTIC: [8] Undefined variable: taglist D:\phpStudy\WWW\Blog\Runtime\Cache\Admin\761055de2f430bef08441163fbb8bda7.php 第 138 行.
NOTIC: [8] Undefined variable: link D:\phpStudy\WWW\Blog\Runtime\Cache\Admin\761055de2f430bef08441163fbb8bda7.php 第 141 行.
NOTIC: [8] Undefined variable: linkadd D:\phpStudy\WWW\Blog\Runtime\Cache\Admin\761055de2f430bef08441163fbb8bda7.php 第 144 行.
NOTIC: [8] Undefined variable: linklist D:\phpStudy\WWW\Blog\Runtime\Cache\Admin\761055de2f430bef08441163fbb8bda7.php 第 145 行.
NOTIC: [8] Undefined variable: album D:\phpStudy\WWW\Blog\Runtime\Cache\Admin\761055de2f430bef08441163fbb8bda7.php 第 149 行.
NOTIC: [8] Undefined variable: albumadd D:\phpStudy\WWW\Blog\Runtime\Cache\Admin\761055de2f430bef08441163fbb8bda7.php 第 152 行.
NOTIC: [8] Undefined variable: albumlist D:\phpStudy\WWW\Blog\Runtime\Cache\Admin\761055de2f430bef08441163fbb8bda7.php 第 153 行.
NOTIC: [8] Undefined variable: picture D:\phpStudy\WWW\Blog\Runtime\Cache\Admin\761055de2f430bef08441163fbb8bda7.php 第 157 行.
NOTIC: [8] Undefined variable: pictureadd D:\phpStudy\WWW\Blog\Runtime\Cache\Admin\761055de2f430bef08441163fbb8bda7.php 第 160 行.
NOTIC: [8] Undefined variable: picturelist D:\phpStudy\WWW\Blog\Runtime\Cache\Admin\761055de2f430bef08441163fbb8bda7.php 第 161 行.
NOTIC: [8] Undefined variable: add D:\phpStudy\WWW\Blog\Runtime\Cache\Admin\761055de2f430bef08441163fbb8bda7.php 第 164 行.
NOTIC: [8] Undefined variable: article D:\phpStudy\WWW\Blog\Runtime\Cache\Admin\761055de2f430bef08441163fbb8bda7.php 第 167 行.
NOTIC: [8] Undefined variable: versionlist D:\phpStudy\WWW\Blog\Runtime\Cache\Admin\761055de2f430bef08441163fbb8bda7.php 第 168 行.
NOTIC: [8] Undefined variable: system D:\phpStudy\WWW\Blog\Runtime\Cache\Admin\761055de2f430bef08441163fbb8bda7.php 第 171 行.
NOTIC: [8] Undefined variable: systembasic D:\phpStudy\WWW\Blog\Runtime\Cache\Admin\761055de2f430bef08441163fbb8bda7.php 第 174 行.
NOTIC: [8] Undefined variable: systemone D:\phpStudy\WWW\Blog\Runtime\Cache\Admin\761055de2f430bef08441163fbb8bda7.php 第 175 行.
NOTIC: [8] Undefined variable: systememail D:\phpStudy\WWW\Blog\Runtime\Cache\Admin\761055de2f430bef08441163fbb8bda7.php 第 176 行.
NOTIC: [8] Undefined variable: systemppt D:\phpStudy\WWW\Blog\Runtime\Cache\Admin\761055de2f430bef08441163fbb8bda7.php 第 177 行.
NOTIC: [8] Undefined index: lev D:\phpStudy\WWW\Blog\Runtime\Cache\Admin\761055de2f430bef08441163fbb8bda7.php 第 214 行.
NOTIC: [8] Undefined index: lev D:\phpStudy\WWW\Blog\Runtime\Cache\Admin\761055de2f430bef08441163fbb8bda7.php 第 214 行.
NOTIC: [8] Undefined index: lev D:\phpStudy\WWW\Blog\Runtime\Cache\Admin\761055de2f430bef08441163fbb8bda7.php 第 214 行.
NOTIC: [8] Undefined index: lev D:\phpStudy\WWW\Blog\Runtime\Cache\Admin\761055de2f430bef08441163fbb8bda7.php 第 214 行.
NOTIC: [8] Undefined index: lev D:\phpStudy\WWW\Blog\Runtime\Cache\Admin\761055de2f430bef08441163fbb8bda7.php 第 214 行.
NOTIC: [8] Undefined index: lev D:\phpStudy\WWW\Blog\Runtime\Cache\Admin\761055de2f430bef08441163fbb8bda7.php 第 214 行.
INFO: Run Behavior\ParseTemplateBehavior [ RunTime:0.040002s ]
INFO: [ view_parse ] --END-- [ RunTime:0.040002s ]
INFO: [ view_filter ] --START--
INFO: Run Behavior\WriteHtmlCacheBehavior [ RunTime:0.000000s ]
INFO: [ view_filter ] --END-- [ RunTime:0.000000s ]
INFO: [ app_end ] --START--
INFO: Run Behavior\ShowPageTraceBehavior [ RunTime:0.001000s ]
INFO: [ app_end ] --END-- [ RunTime:0.001000s ]

[ 2018-05-04T21:38:42+08:00 ] 127.0.0.1 /Admin/Article/edit/id/1.html
INFO: [ app_init ] --START--
INFO: Run Behavior\BuildLiteBehavior [ RunTime:0.000000s ]
INFO: [ app_init ] --END-- [ RunTime:0.000000s ]
INFO: [ app_begin ] --START--
INFO: Run Behavior\ReadHtmlCacheBehavior [ RunTime:0.001000s ]
INFO: [ app_begin ] --END-- [ RunTime:0.001000s ]
SQL: SELECT * FROM `lt_tag`  [ RunTime:0.0020s ]
SQL: SELECT * FROM `lt_article` WHERE ( a_id=1 ) LIMIT 1   [ RunTime:0.0010s ]
INFO: [ view_parse ] --START--
INFO: [ template_filter ] --START--
INFO: Run Behavior\ContentReplaceBehavior [ RunTime:0.001000s ]
INFO: [ template_filter ] --END-- [ RunTime:0.001000s ]
NOTIC: [8] Undefined variable: index D:\phpStudy\WWW\Blog\Runtime\Cache\Admin\761055de2f430bef08441163fbb8bda7.php 第 101 行.
NOTIC: [8] Undefined variable: add D:\phpStudy\WWW\Blog\Runtime\Cache\Admin\761055de2f430bef08441163fbb8bda7.php 第 103 行.
NOTIC: [8] Undefined variable: say D:\phpStudy\WWW\Blog\Runtime\Cache\Admin\761055de2f430bef08441163fbb8bda7.php 第 106 行.
NOTIC: [8] Undefined variable: saylist D:\phpStudy\WWW\Blog\Runtime\Cache\Admin\761055de2f430bef08441163fbb8bda7.php 第 107 行.
NOTIC: [8] Undefined variable: add D:\phpStudy\WWW\Blog\Runtime\Cache\Admin\761055de2f430bef08441163fbb8bda7.php 第 110 行.
NOTIC: [8] Undefined variable: article D:\phpStudy\WWW\Blog\Runtime\Cache\Admin\761055de2f430bef08441163fbb8bda7.php 第 113 行.
NOTIC: [8] Undefined variable: articlelist D:\phpStudy\WWW\Blog\Runtime\Cache\Admin\761055de2f430bef08441163fbb8bda7.php 第 114 行.
NOTIC: [8] Undefined variable: content D:\phpStudy\WWW\Blog\Runtime\Cache\Admin\761055de2f430bef08441163fbb8bda7.php 第 118 行.
NOTIC: [8] Undefined variable: saycontent D:\phpStudy\WWW\Blog\Runtime\Cache\Admin\761055de2f430bef08441163fbb8bda7.php 第 121 行.
NOTIC: [8] Undefined variable: articlecontent D:\phpStudy\WWW\Blog\Runtime\Cache\Admin\761055de2f430bef08441163fbb8bda7.php 第 122 行.
NOTIC: [8] Undefined variable: gustcontent D:\phpStudy\WWW\Blog\Runtime\Cache\Admin\761055de2f430bef08441163fbb8bda7.php 第 123 行.
NOTIC: [8] Undefined variable: albumcontent D:\phpStudy\WWW\Blog\Runtime\Cache\Admin\761055de2f430bef08441163fbb8bda7.php 第 124 行.
NOTIC: [8] Undefined index: class D:\phpStudy\WWW\Blog\Runtime\Cache\Admin\761055de2f430bef08441163fbb8bda7.php 第 127 行.
NOTIC: [8] Undefined variable: tag D:\phpStudy\WWW\Blog\Runtime\Cache\Admin\761055de2f430bef08441163fbb8bda7.php 第 134 行.
NOTIC: [8] Undefined variable: tagadd D:\phpStudy\WWW\Blog\Runtime\Cache\Admin\761055de2f430bef08441163fbb8bda7.php 第 137 行.
NOTIC: [8] Undefined variable: taglist D:\phpStudy\WWW\Blog\Runtime\Cache\Admin\761055de2f430bef08441163fbb8bda7.php 第 138 行.
NOTIC: [8] Undefined variable: link D:\phpStudy\WWW\Blog\Runtime\Cache\Admin\761055de2f430bef08441163fbb8bda7.php 第 141 行.
NOTIC: [8] Undefined variable: linkadd D:\phpStudy\WWW\Blog\Runtime\Cache\Admin\761055de2f430bef08441163fbb8bda7.php 第 144 行.
NOTIC: [8] Undefined variable: linklist D:\phpStudy\WWW\Blog\Runtime\Cache\Admin\761055de2f430bef08441163fbb8bda7.php 第 145 行.
NOTIC: [8] Undefined variable: album D:\phpStudy\WWW\Blog\Runtime\Cache\Admin\761055de2f430bef08441163fbb8bda7.php 第 149 行.
NOTIC: [8] Undefined variable: albumadd D:\phpStudy\WWW\Blog\Runtime\Cache\Admin\761055de2f430bef08441163fbb8bda7.php 第 152 行.
NOTIC: [8] Undefined variable: albumlist D:\phpStudy\WWW\Blog\Runtime\Cache\Admin\761055de2f430bef08441163fbb8bda7.php 第 153 行.
NOTIC: [8] Undefined variable: picture D:\phpStudy\WWW\Blog\Runtime\Cache\Admin\761055de2f430bef08441163fbb8bda7.php 第 157 行.
NOTIC: [8] Undefined variable: pictureadd D:\phpStudy\WWW\Blog\Runtime\Cache\Admin\761055de2f430bef08441163fbb8bda7.php 第 160 行.
NOTIC: [8] Undefined variable: picturelist D:\phpStudy\WWW\Blog\Runtime\Cache\Admin\761055de2f430bef08441163fbb8bda7.php 第 161 行.
NOTIC: [8] Undefined variable: add D:\phpStudy\WWW\Blog\Runtime\Cache\Admin\761055de2f430bef08441163fbb8bda7.php 第 164 行.
NOTIC: [8] Undefined variable: article D:\phpStudy\WWW\Blog\Runtime\Cache\Admin\761055de2f430bef08441163fbb8bda7.php 第 167 行.
NOTIC: [8] Undefined variable: versionlist D:\phpStudy\WWW\Blog\Runtime\Cache\Admin\761055de2f430bef08441163fbb8bda7.php 第 168 行.
NOTIC: [8] Undefined variable: system D:\phpStudy\WWW\Blog\Runtime\Cache\Admin\761055de2f430bef08441163fbb8bda7.php 第 171 行.
NOTIC: [8] Undefined variable: systembasic D:\phpStudy\WWW\Blog\Runtime\Cache\Admin\761055de2f430bef08441163fbb8bda7.php 第 174 行.
NOTIC: [8] Undefined variable: systemone D:\phpStudy\WWW\Blog\Runtime\Cache\Admin\761055de2f430bef08441163fbb8bda7.php 第 175 行.
NOTIC: [8] Undefined variable: systememail D:\phpStudy\WWW\Blog\Runtime\Cache\Admin\761055de2f430bef08441163fbb8bda7.php 第 176 行.
NOTIC: [8] Undefined variable: systemppt D:\phpStudy\WWW\Blog\Runtime\Cache\Admin\761055de2f430bef08441163fbb8bda7.php 第 177 行.
NOTIC: [8] Undefined index: lev D:\phpStudy\WWW\Blog\Runtime\Cache\Admin\761055de2f430bef08441163fbb8bda7.php 第 214 行.
NOTIC: [8] Undefined index: lev D:\phpStudy\WWW\Blog\Runtime\Cache\Admin\761055de2f430bef08441163fbb8bda7.php 第 214 行.
NOTIC: [8] Undefined index: lev D:\phpStudy\WWW\Blog\Runtime\Cache\Admin\761055de2f430bef08441163fbb8bda7.php 第 214 行.
NOTIC: [8] Undefined index: lev D:\phpStudy\WWW\Blog\Runtime\Cache\Admin\761055de2f430bef08441163fbb8bda7.php 第 214 行.
NOTIC: [8] Undefined index: lev D:\phpStudy\WWW\Blog\Runtime\Cache\Admin\761055de2f430bef08441163fbb8bda7.php 第 214 行.
NOTIC: [8] Undefined index: lev D:\phpStudy\WWW\Blog\Runtime\Cache\Admin\761055de2f430bef08441163fbb8bda7.php 第 214 行.
INFO: Run Behavior\ParseTemplateBehavior [ RunTime:0.042002s ]
INFO: [ view_parse ] --END-- [ RunTime:0.042002s ]
INFO: [ view_filter ] --START--
INFO: Run Behavior\WriteHtmlCacheBehavior [ RunTime:0.001000s ]
INFO: [ view_filter ] --END-- [ RunTime:0.001000s ]
INFO: [ app_end ] --START--
INFO: Run Behavior\ShowPageTraceBehavior [ RunTime:0.002001s ]
INFO: [ app_end ] --END-- [ RunTime:0.002001s ]

