[ 2018-05-02T00:00:41+08:00 ] 127.0.0.1 /admin/say/add
INFO: [ app_init ] --START--
INFO: Run Behavior\BuildLiteBehavior [ RunTime:0.000000s ]
INFO: [ app_init ] --END-- [ RunTime:0.002000s ]
INFO: [ app_begin ] --START--
INFO: Run Behavior\ReadHtmlCacheBehavior [ RunTime:0.002000s ]
INFO: [ app_begin ] --END-- [ RunTime:0.002000s ]
INFO: [ view_parse ] --START--
INFO: [ template_filter ] --START--
INFO: Run Behavior\ContentReplaceBehavior [ RunTime:0.001000s ]
INFO: [ template_filter ] --END-- [ RunTime:0.001000s ]
NOTIC: [8] Undefined variable: index D:\phpStudy\WWW\Blog\Runtime\Cache\Admin\58ddf908e95b14483c63a62c0d7dbc19.php 第 101 行.
NOTIC: [8] Undefined variable: add D:\phpStudy\WWW\Blog\Runtime\Cache\Admin\58ddf908e95b14483c63a62c0d7dbc19.php 第 103 行.
NOTIC: [8] Undefined variable: say D:\phpStudy\WWW\Blog\Runtime\Cache\Admin\58ddf908e95b14483c63a62c0d7dbc19.php 第 106 行.
NOTIC: [8] Undefined variable: saylist D:\phpStudy\WWW\Blog\Runtime\Cache\Admin\58ddf908e95b14483c63a62c0d7dbc19.php 第 107 行.
NOTIC: [8] Undefined variable: add D:\phpStudy\WWW\Blog\Runtime\Cache\Admin\58ddf908e95b14483c63a62c0d7dbc19.php 第 110 行.
NOTIC: [8] Undefined variable: article D:\phpStudy\WWW\Blog\Runtime\Cache\Admin\58ddf908e95b14483c63a62c0d7dbc19.php 第 113 行.
NOTIC: [8] Undefined variable: articlelist D:\phpStudy\WWW\Blog\Runtime\Cache\Admin\58ddf908e95b14483c63a62c0d7dbc19.php 第 114 行.
NOTIC: [8] Undefined variable: content D:\phpStudy\WWW\Blog\Runtime\Cache\Admin\58ddf908e95b14483c63a62c0d7dbc19.php 第 118 行.
NOTIC: [8] Undefined variable: saycontent D:\phpStudy\WWW\Blog\Runtime\Cache\Admin\58ddf908e95b14483c63a62c0d7dbc19.php 第 121 行.
NOTIC: [8] Undefined variable: articlecontent D:\phpStudy\WWW\Blog\Runtime\Cache\Admin\58ddf908e95b14483c63a62c0d7dbc19.php 第 122 行.
NOTIC: [8] Undefined variable: gustcontent D:\phpStudy\WWW\Blog\Runtime\Cache\Admin\58ddf908e95b14483c63a62c0d7dbc19.php 第 123 行.
NOTIC: [8] Undefined variable: albumcontent D:\phpStudy\WWW\Blog\Runtime\Cache\Admin\58ddf908e95b14483c63a62c0d7dbc19.php 第 124 行.
NOTIC: [8] Undefined index: class D:\phpStudy\WWW\Blog\Runtime\Cache\Admin\58ddf908e95b14483c63a62c0d7dbc19.php 第 127 行.
NOTIC: [8] Undefined variable: tag D:\phpStudy\WWW\Blog\Runtime\Cache\Admin\58ddf908e95b14483c63a62c0d7dbc19.php 第 134 行.
NOTIC: [8] Undefined variable: tagadd D:\phpStudy\WWW\Blog\Runtime\Cache\Admin\58ddf908e95b14483c63a62c0d7dbc19.php 第 137 行.
NOTIC: [8] Undefined variable: taglist D:\phpStudy\WWW\Blog\Runtime\Cache\Admin\58ddf908e95b14483c63a62c0d7dbc19.php 第 138 行.
NOTIC: [8] Undefined variable: link D:\phpStudy\WWW\Blog\Runtime\Cache\Admin\58ddf908e95b14483c63a62c0d7dbc19.php 第 141 行.
NOTIC: [8] Undefined variable: linkadd D:\phpStudy\WWW\Blog\Runtime\Cache\Admin\58ddf908e95b14483c63a62c0d7dbc19.php 第 144 行.
NOTIC: [8] Undefined variable: linklist D:\phpStudy\WWW\Blog\Runtime\Cache\Admin\58ddf908e95b14483c63a62c0d7dbc19.php 第 145 行.
NOTIC: [8] Undefined variable: album D:\phpStudy\WWW\Blog\Runtime\Cache\Admin\58ddf908e95b14483c63a62c0d7dbc19.php 第 149 行.
NOTIC: [8] Undefined variable: albumadd D:\phpStudy\WWW\Blog\Runtime\Cache\Admin\58ddf908e95b14483c63a62c0d7dbc19.php 第 152 行.
NOTIC: [8] Undefined variable: albumlist D:\phpStudy\WWW\Blog\Runtime\Cache\Admin\58ddf908e95b14483c63a62c0d7dbc19.php 第 153 行.
NOTIC: [8] Undefined variable: picture D:\phpStudy\WWW\Blog\Runtime\Cache\Admin\58ddf908e95b14483c63a62c0d7dbc19.php 第 157 行.
NOTIC: [8] Undefined variable: pictureadd D:\phpStudy\WWW\Blog\Runtime\Cache\Admin\58ddf908e95b14483c63a62c0d7dbc19.php 第 160 行.
NOTIC: [8] Undefined variable: picturelist D:\phpStudy\WWW\Blog\Runtime\Cache\Admin\58ddf908e95b14483c63a62c0d7dbc19.php 第 161 行.
NOTIC: [8] Undefined variable: add D:\phpStudy\WWW\Blog\Runtime\Cache\Admin\58ddf908e95b14483c63a62c0d7dbc19.php 第 164 行.
NOTIC: [8] Undefined variable: article D:\phpStudy\WWW\Blog\Runtime\Cache\Admin\58ddf908e95b14483c63a62c0d7dbc19.php 第 167 行.
NOTIC: [8] Undefined variable: versionlist D:\phpStudy\WWW\Blog\Runtime\Cache\Admin\58ddf908e95b14483c63a62c0d7dbc19.php 第 168 行.
NOTIC: [8] Undefined variable: system D:\phpStudy\WWW\Blog\Runtime\Cache\Admin\58ddf908e95b14483c63a62c0d7dbc19.php 第 171 行.
NOTIC: [8] Undefined variable: systembasic D:\phpStudy\WWW\Blog\Runtime\Cache\Admin\58ddf908e95b14483c63a62c0d7dbc19.php 第 174 行.
NOTIC: [8] Undefined variable: systemone D:\phpStudy\WWW\Blog\Runtime\Cache\Admin\58ddf908e95b14483c63a62c0d7dbc19.php 第 175 行.
NOTIC: [8] Undefined variable: systememail D:\phpStudy\WWW\Blog\Runtime\Cache\Admin\58ddf908e95b14483c63a62c0d7dbc19.php 第 176 行.
NOTIC: [8] Undefined variable: systemppt D:\phpStudy\WWW\Blog\Runtime\Cache\Admin\58ddf908e95b14483c63a62c0d7dbc19.php 第 177 行.
INFO: Run Behavior\ParseTemplateBehavior [ RunTime:0.085005s ]
INFO: [ view_parse ] --END-- [ RunTime:0.085005s ]
INFO: [ view_filter ] --START--
INFO: Run Behavior\WriteHtmlCacheBehavior [ RunTime:0.002000s ]
INFO: [ view_filter ] --END-- [ RunTime:0.002000s ]
INFO: [ app_end ] --START--
INFO: Run Behavior\ShowPageTraceBehavior [ RunTime:0.002000s ]
INFO: [ app_end ] --END-- [ RunTime:0.002000s ]

[ 2018-05-02T00:01:38+08:00 ] 127.0.0.1 /Admin/Say/add.html
INFO: [ app_init ] --START--
INFO: Run Behavior\BuildLiteBehavior [ RunTime:0.000000s ]
INFO: [ app_init ] --END-- [ RunTime:0.001000s ]
INFO: [ app_begin ] --START--
INFO: Run Behavior\ReadHtmlCacheBehavior [ RunTime:0.001000s ]
INFO: [ app_begin ] --END-- [ RunTime:0.001000s ]
NOTIC: [8] Undefined index: validate D:\phpStudy\WWW\Blog\ThinkPHP\Library\Think\Model.class.php 第 1201 行.
NOTIC: [8] Undefined index: auto D:\phpStudy\WWW\Blog\ThinkPHP\Library\Think\Model.class.php 第 1142 行.
SQL: INSERT INTO `lt_say` (`s_time`,`s_view`,`s_from`,`s_author`,`s_ip`,`s_hit`,`s_content`) VALUES ('1525190490','1','Win 7','张冲','127.0.0.1','12','&lt;p&gt;回想着我刚来到这里的场景,那时的自己啊&lt;/p&gt;') [ RunTime:0.1290s ]

[ 2018-05-02T00:01:38+08:00 ] 127.0.0.1 /admin/say/
INFO: [ app_init ] --START--
INFO: Run Behavior\BuildLiteBehavior [ RunTime:0.000000s ]
INFO: [ app_init ] --END-- [ RunTime:0.001000s ]
INFO: [ app_begin ] --START--
INFO: Run Behavior\ReadHtmlCacheBehavior [ RunTime:0.001000s ]
INFO: [ app_begin ] --END-- [ RunTime:0.002000s ]
SQL: SELECT COUNT(*) AS tp_count FROM `lt_say` LIMIT 1   [ RunTime:0.0240s ]
SQL: SELECT * FROM `lt_say` ORDER BY s_time desc LIMIT 0,2   [ RunTime:0.0000s ]
INFO: [ view_parse ] --START--
INFO: [ template_filter ] --START--
INFO: Run Behavior\ContentReplaceBehavior [ RunTime:0.000000s ]
INFO: [ template_filter ] --END-- [ RunTime:0.000000s ]
NOTIC: [8] Undefined variable: index D:\phpStudy\WWW\Blog\Runtime\Cache\Admin\500a72cb41f6329b53dee5edd249220f.php 第 101 行.
NOTIC: [8] Undefined variable: add D:\phpStudy\WWW\Blog\Runtime\Cache\Admin\500a72cb41f6329b53dee5edd249220f.php 第 103 行.
NOTIC: [8] Undefined variable: say D:\phpStudy\WWW\Blog\Runtime\Cache\Admin\500a72cb41f6329b53dee5edd249220f.php 第 106 行.
NOTIC: [8] Undefined variable: saylist D:\phpStudy\WWW\Blog\Runtime\Cache\Admin\500a72cb41f6329b53dee5edd249220f.php 第 107 行.
NOTIC: [8] Undefined variable: add D:\phpStudy\WWW\Blog\Runtime\Cache\Admin\500a72cb41f6329b53dee5edd249220f.php 第 110 行.
NOTIC: [8] Undefined variable: article D:\phpStudy\WWW\Blog\Runtime\Cache\Admin\500a72cb41f6329b53dee5edd249220f.php 第 113 行.
NOTIC: [8] Undefined variable: articlelist D:\phpStudy\WWW\Blog\Runtime\Cache\Admin\500a72cb41f6329b53dee5edd249220f.php 第 114 行.
NOTIC: [8] Undefined variable: content D:\phpStudy\WWW\Blog\Runtime\Cache\Admin\500a72cb41f6329b53dee5edd249220f.php 第 118 行.
NOTIC: [8] Undefined variable: saycontent D:\phpStudy\WWW\Blog\Runtime\Cache\Admin\500a72cb41f6329b53dee5edd249220f.php 第 121 行.
NOTIC: [8] Undefined variable: articlecontent D:\phpStudy\WWW\Blog\Runtime\Cache\Admin\500a72cb41f6329b53dee5edd249220f.php 第 122 行.
NOTIC: [8] Undefined variable: gustcontent D:\phpStudy\WWW\Blog\Runtime\Cache\Admin\500a72cb41f6329b53dee5edd249220f.php 第 123 行.
NOTIC: [8] Undefined variable: albumcontent D:\phpStudy\WWW\Blog\Runtime\Cache\Admin\500a72cb41f6329b53dee5edd249220f.php 第 124 行.
NOTIC: [8] Undefined index: class D:\phpStudy\WWW\Blog\Runtime\Cache\Admin\500a72cb41f6329b53dee5edd249220f.php 第 127 行.
NOTIC: [8] Undefined variable: tag D:\phpStudy\WWW\Blog\Runtime\Cache\Admin\500a72cb41f6329b53dee5edd249220f.php 第 134 行.
NOTIC: [8] Undefined variable: tagadd D:\phpStudy\WWW\Blog\Runtime\Cache\Admin\500a72cb41f6329b53dee5edd249220f.php 第 137 行.
NOTIC: [8] Undefined variable: taglist D:\phpStudy\WWW\Blog\Runtime\Cache\Admin\500a72cb41f6329b53dee5edd249220f.php 第 138 行.
NOTIC: [8] Undefined variable: link D:\phpStudy\WWW\Blog\Runtime\Cache\Admin\500a72cb41f6329b53dee5edd249220f.php 第 141 行.
NOTIC: [8] Undefined variable: linkadd D:\phpStudy\WWW\Blog\Runtime\Cache\Admin\500a72cb41f6329b53dee5edd249220f.php 第 144 行.
NOTIC: [8] Undefined variable: linklist D:\phpStudy\WWW\Blog\Runtime\Cache\Admin\500a72cb41f6329b53dee5edd249220f.php 第 145 行.
NOTIC: [8] Undefined variable: album D:\phpStudy\WWW\Blog\Runtime\Cache\Admin\500a72cb41f6329b53dee5edd249220f.php 第 149 行.
NOTIC: [8] Undefined variable: albumadd D:\phpStudy\WWW\Blog\Runtime\Cache\Admin\500a72cb41f6329b53dee5edd249220f.php 第 152 行.
NOTIC: [8] Undefined variable: albumlist D:\phpStudy\WWW\Blog\Runtime\Cache\Admin\500a72cb41f6329b53dee5edd249220f.php 第 153 行.
NOTIC: [8] Undefined variable: picture D:\phpStudy\WWW\Blog\Runtime\Cache\Admin\500a72cb41f6329b53dee5edd249220f.php 第 157 行.
NOTIC: [8] Undefined variable: pictureadd D:\phpStudy\WWW\Blog\Runtime\Cache\Admin\500a72cb41f6329b53dee5edd249220f.php 第 160 行.
NOTIC: [8] Undefined variable: picturelist D:\phpStudy\WWW\Blog\Runtime\Cache\Admin\500a72cb41f6329b53dee5edd249220f.php 第 161 行.
NOTIC: [8] Undefined variable: add D:\phpStudy\WWW\Blog\Runtime\Cache\Admin\500a72cb41f6329b53dee5edd249220f.php 第 164 行.
NOTIC: [8] Undefined variable: article D:\phpStudy\WWW\Blog\Runtime\Cache\Admin\500a72cb41f6329b53dee5edd249220f.php 第 167 行.
NOTIC: [8] Undefined variable: versionlist D:\phpStudy\WWW\Blog\Runtime\Cache\Admin\500a72cb41f6329b53dee5edd249220f.php 第 168 行.
NOTIC: [8] Undefined variable: system D:\phpStudy\WWW\Blog\Runtime\Cache\Admin\500a72cb41f6329b53dee5edd249220f.php 第 171 行.
NOTIC: [8] Undefined variable: systembasic D:\phpStudy\WWW\Blog\Runtime\Cache\Admin\500a72cb41f6329b53dee5edd249220f.php 第 174 行.
NOTIC: [8] Undefined variable: systemone D:\phpStudy\WWW\Blog\Runtime\Cache\Admin\500a72cb41f6329b53dee5edd249220f.php 第 175 行.
NOTIC: [8] Undefined variable: systememail D:\phpStudy\WWW\Blog\Runtime\Cache\Admin\500a72cb41f6329b53dee5edd249220f.php 第 176 行.
NOTIC: [8] Undefined variable: systemppt D:\phpStudy\WWW\Blog\Runtime\Cache\Admin\500a72cb41f6329b53dee5edd249220f.php 第 177 行.
INFO: Run Behavior\ParseTemplateBehavior [ RunTime:0.077005s ]
INFO: [ view_parse ] --END-- [ RunTime:0.077005s ]
INFO: [ view_filter ] --START--
INFO: Run Behavior\WriteHtmlCacheBehavior [ RunTime:0.000000s ]
INFO: [ view_filter ] --END-- [ RunTime:0.000000s ]
INFO: [ app_end ] --START--
INFO: Run Behavior\ShowPageTraceBehavior [ RunTime:0.004000s ]
INFO: [ app_end ] --END-- [ RunTime:0.004000s ]

