[ 2018-05-01T22:47:11+08:00 ] 127.0.0.1 /admin/
INFO: [ app_init ] --START--
INFO: Run Behavior\BuildLiteBehavior [ RunTime:0.000000s ]
INFO: [ app_init ] --END-- [ RunTime:0.001000s ]
INFO: [ app_begin ] --START--
INFO: Run Behavior\ReadHtmlCacheBehavior [ RunTime:0.002000s ]
INFO: [ app_begin ] --END-- [ RunTime:0.002000s ]

[ 2018-05-01T22:47:11+08:00 ] 127.0.0.1 /Admin/Login/login.html
INFO: [ app_init ] --START--
INFO: Run Behavior\BuildLiteBehavior [ RunTime:0.000000s ]
INFO: [ app_init ] --END-- [ RunTime:0.001000s ]
INFO: [ app_begin ] --START--
INFO: Run Behavior\ReadHtmlCacheBehavior [ RunTime:0.001000s ]
INFO: [ app_begin ] --END-- [ RunTime:0.001000s ]
INFO: [ view_parse ] --START--
INFO: [ template_filter ] --START--
INFO: Run Behavior\ContentReplaceBehavior [ RunTime:0.000000s ]
INFO: [ template_filter ] --END-- [ RunTime:0.000000s ]
INFO: Run Behavior\ParseTemplateBehavior [ RunTime:0.049003s ]
INFO: [ view_parse ] --END-- [ RunTime:0.049003s ]
INFO: [ view_filter ] --START--
INFO: Run Behavior\WriteHtmlCacheBehavior [ RunTime:0.001000s ]
INFO: [ view_filter ] --END-- [ RunTime:0.001000s ]
INFO: [ app_end ] --START--
INFO: Run Behavior\ShowPageTraceBehavior [ RunTime:0.001000s ]
INFO: [ app_end ] --END-- [ RunTime:0.001000s ]

[ 2018-05-01T22:47:34+08:00 ] 127.0.0.1 /Admin/Login/login.html
INFO: [ app_init ] --START--
INFO: Run Behavior\BuildLiteBehavior [ RunTime:0.000000s ]
INFO: [ app_init ] --END-- [ RunTime:0.000000s ]
INFO: [ app_begin ] --START--
INFO: Run Behavior\ReadHtmlCacheBehavior [ RunTime:0.001000s ]
INFO: [ app_begin ] --END-- [ RunTime:0.001000s ]
SQL: SHOW COLUMNS FROM `lt_user` [ RunTime:0.0190s ]
SQL: SELECT * FROM `lt_user` WHERE ( u_name='admin' ) LIMIT 1   [ RunTime:0.0000s ]

[ 2018-05-01T22:47:35+08:00 ] 127.0.0.1 /admin/index
INFO: [ app_init ] --START--
INFO: Run Behavior\BuildLiteBehavior [ RunTime:0.000000s ]
INFO: [ app_init ] --END-- [ RunTime:0.001000s ]
INFO: [ app_begin ] --START--
INFO: Run Behavior\ReadHtmlCacheBehavior [ RunTime:0.001000s ]
INFO: [ app_begin ] --END-- [ RunTime:0.001000s ]
SQL: SHOW COLUMNS FROM `lt_article` [ RunTime:0.0060s ]
SQL: SHOW COLUMNS FROM `lt_link` [ RunTime:0.1260s ]
SQL: SHOW COLUMNS FROM `lt_system` [ RunTime:0.1040s ]
SQL: SHOW COLUMNS FROM `lt_album` [ RunTime:0.0940s ]
SQL: SHOW COLUMNS FROM `lt_gust` [ RunTime:0.0060s ]
SQL: SHOW COLUMNS FROM `lt_say` [ RunTime:0.0310s ]
SQL: SHOW COLUMNS FROM `lt_version` [ RunTime:0.0770s ]
SQL: SHOW COLUMNS FROM `lt_picture` [ RunTime:0.0380s ]
SQL: SHOW COLUMNS FROM `lt_album_c` [ RunTime:0.0250s ]
SQL: SHOW COLUMNS FROM `lt_article_c` [ RunTime:0.0440s ]
SQL: SHOW COLUMNS FROM `lt_say_c` [ RunTime:0.0070s ]
SQL: SELECT `v_version` FROM `lt_version` ORDER BY v_id desc LIMIT 1   [ RunTime:0.0010s ]
NOTIC: [2] unlink(./Runtime/Temp/96a32ec0a4fa9a548081313989245c72.php): No such file or directory D:\phpStudy\WWW\Blog\ThinkPHP\Library\Think\Cache\Driver\File.class.php 第 157 行.
SQL: SELECT * FROM `lt_system` LIMIT 1   [ RunTime:0.0010s ]
SQL: SELECT COUNT(*) AS tp_count FROM `lt_say_c` LIMIT 1   [ RunTime:0.0000s ]
SQL: SELECT COUNT(*) AS tp_count FROM `lt_article_c` LIMIT 1   [ RunTime:0.0000s ]
SQL: SELECT COUNT(*) AS tp_count FROM `lt_album_c` LIMIT 1   [ RunTime:0.0000s ]
SQL: SELECT COUNT(*) AS tp_count FROM `lt_say` LIMIT 1   [ RunTime:0.0000s ]
SQL: SELECT COUNT(*) AS tp_count FROM `lt_article` LIMIT 1   [ RunTime:0.0010s ]
SQL: SELECT COUNT(*) AS tp_count FROM `lt_gust` LIMIT 1   [ RunTime:0.0000s ]
SQL: SELECT COUNT(*) AS tp_count FROM `lt_album` LIMIT 1   [ RunTime:0.0010s ]
SQL: SELECT COUNT(*) AS tp_count FROM `lt_picture` LIMIT 1   [ RunTime:0.0000s ]
SQL: SELECT COUNT(*) AS tp_count FROM `lt_link` LIMIT 1   [ RunTime:0.0000s ]
NOTIC: [8] Use of undefined constant ture - assumed 'ture' D:\phpStudy\WWW\Blog\Application\Admin\Controller\IndexController.class.php 第 43 行.
SQL: SHOW COLUMNS FROM `lt_article_c` [ RunTime:0.0060s ]
SQL: SELECT `ac_time` FROM `lt_article_c` UNION ALL SELECT sc_time FROM lt_say_c  UNION ALL SELECT alc_time FROM lt_album_c order by ac_time desc limit 0,5 [ RunTime:0.0010s ]
SQL: SELECT * FROM `lt_article_c` WHERE `ac_time` = 1486283901 LIMIT 1   [ RunTime:0.0010s ]
SQL: SELECT * FROM `lt_album_c` WHERE `alc_time` = 1486283901 LIMIT 1   [ RunTime:0.0000s ]
SQL: SELECT * FROM `lt_say_c` WHERE `sc_time` = 1486283901 LIMIT 1   [ RunTime:0.0010s ]
SQL: SELECT * FROM `lt_article_c` WHERE `ac_time` = 1486283651 LIMIT 1   [ RunTime:0.0000s ]
SQL: SELECT * FROM `lt_album_c` WHERE `alc_time` = 1486283651 LIMIT 1   [ RunTime:0.0010s ]
SQL: SELECT * FROM `lt_say_c` WHERE `sc_time` = 1486283651 LIMIT 1   [ RunTime:0.0000s ]
SQL: SELECT * FROM `lt_article_c` WHERE `ac_time` = 1486283315 LIMIT 1   [ RunTime:0.0000s ]
SQL: SELECT * FROM `lt_album_c` WHERE `alc_time` = 1486283315 LIMIT 1   [ RunTime:0.0000s ]
SQL: SELECT * FROM `lt_say_c` WHERE `sc_time` = 1486283315 LIMIT 1   [ RunTime:0.0000s ]
NOTIC: [8] Undefined offset: 3 D:\phpStudy\WWW\Blog\Application\Admin\Controller\IndexController.class.php 第 46 行.
SQL: SELECT * FROM `lt_article_c` WHERE `ac_time` = null LIMIT 1   [ RunTime:0.0010s ]
NOTIC: [8] Undefined offset: 3 D:\phpStudy\WWW\Blog\Application\Admin\Controller\IndexController.class.php 第 47 行.
SQL: SELECT * FROM `lt_album_c` WHERE `alc_time` = null LIMIT 1   [ RunTime:0.0000s ]
NOTIC: [8] Undefined offset: 3 D:\phpStudy\WWW\Blog\Application\Admin\Controller\IndexController.class.php 第 48 行.
SQL: SELECT * FROM `lt_say_c` WHERE `sc_time` = null LIMIT 1   [ RunTime:0.0000s ]
NOTIC: [8] Undefined offset: 4 D:\phpStudy\WWW\Blog\Application\Admin\Controller\IndexController.class.php 第 46 行.
SQL: SELECT * FROM `lt_article_c` WHERE `ac_time` = null LIMIT 1   [ RunTime:0.0000s ]
NOTIC: [8] Undefined offset: 4 D:\phpStudy\WWW\Blog\Application\Admin\Controller\IndexController.class.php 第 47 行.
SQL: SELECT * FROM `lt_album_c` WHERE `alc_time` = null LIMIT 1   [ RunTime:0.0000s ]
NOTIC: [8] Undefined offset: 4 D:\phpStudy\WWW\Blog\Application\Admin\Controller\IndexController.class.php 第 48 行.
SQL: SELECT * FROM `lt_say_c` WHERE `sc_time` = null LIMIT 1   [ RunTime:0.0010s ]
SQL: SELECT * FROM `lt_gust` WHERE ( g_rtime>0 ) ORDER BY g_time desc LIMIT 5   [ RunTime:0.0010s ]
INFO: [ view_parse ] --START--
INFO: [ template_filter ] --START--
INFO: Run Behavior\ContentReplaceBehavior [ RunTime:0.001000s ]
INFO: [ template_filter ] --END-- [ RunTime:0.001000s ]
NOTIC: [8] Undefined variable: add D:\phpStudy\WWW\Blog\Runtime\Cache\Admin\b595b808c2ebeeeb0478ffc30bb4e87a.php 第 103 行.
NOTIC: [8] Undefined variable: say D:\phpStudy\WWW\Blog\Runtime\Cache\Admin\b595b808c2ebeeeb0478ffc30bb4e87a.php 第 106 行.
NOTIC: [8] Undefined variable: saylist D:\phpStudy\WWW\Blog\Runtime\Cache\Admin\b595b808c2ebeeeb0478ffc30bb4e87a.php 第 107 行.
NOTIC: [8] Undefined variable: add D:\phpStudy\WWW\Blog\Runtime\Cache\Admin\b595b808c2ebeeeb0478ffc30bb4e87a.php 第 110 行.
NOTIC: [8] Undefined variable: article D:\phpStudy\WWW\Blog\Runtime\Cache\Admin\b595b808c2ebeeeb0478ffc30bb4e87a.php 第 113 行.
NOTIC: [8] Undefined variable: articlelist D:\phpStudy\WWW\Blog\Runtime\Cache\Admin\b595b808c2ebeeeb0478ffc30bb4e87a.php 第 114 行.
NOTIC: [8] Undefined variable: content D:\phpStudy\WWW\Blog\Runtime\Cache\Admin\b595b808c2ebeeeb0478ffc30bb4e87a.php 第 118 行.
NOTIC: [8] Undefined variable: saycontent D:\phpStudy\WWW\Blog\Runtime\Cache\Admin\b595b808c2ebeeeb0478ffc30bb4e87a.php 第 121 行.
NOTIC: [8] Undefined variable: articlecontent D:\phpStudy\WWW\Blog\Runtime\Cache\Admin\b595b808c2ebeeeb0478ffc30bb4e87a.php 第 122 行.
NOTIC: [8] Undefined variable: gustcontent D:\phpStudy\WWW\Blog\Runtime\Cache\Admin\b595b808c2ebeeeb0478ffc30bb4e87a.php 第 123 行.
NOTIC: [8] Undefined variable: albumcontent D:\phpStudy\WWW\Blog\Runtime\Cache\Admin\b595b808c2ebeeeb0478ffc30bb4e87a.php 第 124 行.
NOTIC: [8] Undefined index: class D:\phpStudy\WWW\Blog\Runtime\Cache\Admin\b595b808c2ebeeeb0478ffc30bb4e87a.php 第 127 行.
NOTIC: [8] Undefined variable: tag D:\phpStudy\WWW\Blog\Runtime\Cache\Admin\b595b808c2ebeeeb0478ffc30bb4e87a.php 第 134 行.
NOTIC: [8] Undefined variable: tagadd D:\phpStudy\WWW\Blog\Runtime\Cache\Admin\b595b808c2ebeeeb0478ffc30bb4e87a.php 第 137 行.
NOTIC: [8] Undefined variable: taglist D:\phpStudy\WWW\Blog\Runtime\Cache\Admin\b595b808c2ebeeeb0478ffc30bb4e87a.php 第 138 行.
NOTIC: [8] Undefined variable: link D:\phpStudy\WWW\Blog\Runtime\Cache\Admin\b595b808c2ebeeeb0478ffc30bb4e87a.php 第 141 行.
NOTIC: [8] Undefined variable: linkadd D:\phpStudy\WWW\Blog\Runtime\Cache\Admin\b595b808c2ebeeeb0478ffc30bb4e87a.php 第 144 行.
NOTIC: [8] Undefined variable: linklist D:\phpStudy\WWW\Blog\Runtime\Cache\Admin\b595b808c2ebeeeb0478ffc30bb4e87a.php 第 145 行.
NOTIC: [8] Undefined variable: album D:\phpStudy\WWW\Blog\Runtime\Cache\Admin\b595b808c2ebeeeb0478ffc30bb4e87a.php 第 149 行.
NOTIC: [8] Undefined variable: albumadd D:\phpStudy\WWW\Blog\Runtime\Cache\Admin\b595b808c2ebeeeb0478ffc30bb4e87a.php 第 152 行.
NOTIC: [8] Undefined variable: albumlist D:\phpStudy\WWW\Blog\Runtime\Cache\Admin\b595b808c2ebeeeb0478ffc30bb4e87a.php 第 153 行.
NOTIC: [8] Undefined variable: picture D:\phpStudy\WWW\Blog\Runtime\Cache\Admin\b595b808c2ebeeeb0478ffc30bb4e87a.php 第 157 行.
NOTIC: [8] Undefined variable: pictureadd D:\phpStudy\WWW\Blog\Runtime\Cache\Admin\b595b808c2ebeeeb0478ffc30bb4e87a.php 第 160 行.
NOTIC: [8] Undefined variable: picturelist D:\phpStudy\WWW\Blog\Runtime\Cache\Admin\b595b808c2ebeeeb0478ffc30bb4e87a.php 第 161 行.
NOTIC: [8] Undefined variable: add D:\phpStudy\WWW\Blog\Runtime\Cache\Admin\b595b808c2ebeeeb0478ffc30bb4e87a.php 第 164 行.
NOTIC: [8] Undefined variable: article D:\phpStudy\WWW\Blog\Runtime\Cache\Admin\b595b808c2ebeeeb0478ffc30bb4e87a.php 第 167 行.
NOTIC: [8] Undefined variable: versionlist D:\phpStudy\WWW\Blog\Runtime\Cache\Admin\b595b808c2ebeeeb0478ffc30bb4e87a.php 第 168 行.
NOTIC: [8] Array to string conversion D:\phpStudy\WWW\Blog\Runtime\Cache\Admin\b595b808c2ebeeeb0478ffc30bb4e87a.php 第 171 行.
NOTIC: [8] Undefined variable: systembasic D:\phpStudy\WWW\Blog\Runtime\Cache\Admin\b595b808c2ebeeeb0478ffc30bb4e87a.php 第 174 行.
NOTIC: [8] Undefined variable: systemone D:\phpStudy\WWW\Blog\Runtime\Cache\Admin\b595b808c2ebeeeb0478ffc30bb4e87a.php 第 175 行.
NOTIC: [8] Undefined variable: systememail D:\phpStudy\WWW\Blog\Runtime\Cache\Admin\b595b808c2ebeeeb0478ffc30bb4e87a.php 第 176 行.
NOTIC: [8] Undefined variable: systemppt D:\phpStudy\WWW\Blog\Runtime\Cache\Admin\b595b808c2ebeeeb0478ffc30bb4e87a.php 第 177 行.
NOTIC: [8] Use of undefined constant ture - assumed 'ture' D:\phpStudy\WWW\Blog\Runtime\Cache\Admin\b595b808c2ebeeeb0478ffc30bb4e87a.php 第 274 行.
NOTIC: [8] Use of undefined constant ture - assumed 'ture' D:\phpStudy\WWW\Blog\Runtime\Cache\Admin\b595b808c2ebeeeb0478ffc30bb4e87a.php 第 263 行.
NOTIC: [8] Use of undefined constant ture - assumed 'ture' D:\phpStudy\WWW\Blog\Runtime\Cache\Admin\b595b808c2ebeeeb0478ffc30bb4e87a.php 第 285 行.
NOTIC: [8] Use of undefined constant ture - assumed 'ture' D:\phpStudy\WWW\Blog\Runtime\Cache\Admin\b595b808c2ebeeeb0478ffc30bb4e87a.php 第 307 行.
NOTIC: [8] Use of undefined constant ture - assumed 'ture' D:\phpStudy\WWW\Blog\Runtime\Cache\Admin\b595b808c2ebeeeb0478ffc30bb4e87a.php 第 307 行.
NOTIC: [8] Use of undefined constant ture - assumed 'ture' D:\phpStudy\WWW\Blog\Runtime\Cache\Admin\b595b808c2ebeeeb0478ffc30bb4e87a.php 第 307 行.
NOTIC: [8] Use of undefined constant ture - assumed 'ture' D:\phpStudy\WWW\Blog\Runtime\Cache\Admin\b595b808c2ebeeeb0478ffc30bb4e87a.php 第 307 行.
NOTIC: [8] Use of undefined constant ture - assumed 'ture' D:\phpStudy\WWW\Blog\Runtime\Cache\Admin\b595b808c2ebeeeb0478ffc30bb4e87a.php 第 307 行.
INFO: Run Behavior\ParseTemplateBehavior [ RunTime:0.185011s ]
INFO: [ view_parse ] --END-- [ RunTime:0.185011s ]
INFO: [ view_filter ] --START--
INFO: Run Behavior\WriteHtmlCacheBehavior [ RunTime:0.001000s ]
INFO: [ view_filter ] --END-- [ RunTime:0.001000s ]
INFO: [ app_end ] --START--
INFO: Run Behavior\ShowPageTraceBehavior [ RunTime:0.001000s ]
INFO: [ app_end ] --END-- [ RunTime:0.002000s ]

[ 2018-05-01T22:48:05+08:00 ] 127.0.0.1 /Admin/Say/sayContentList.html
INFO: [ app_init ] --START--
INFO: Run Behavior\BuildLiteBehavior [ RunTime:0.000000s ]
INFO: [ app_init ] --END-- [ RunTime:0.001000s ]
INFO: [ app_begin ] --START--
INFO: Run Behavior\ReadHtmlCacheBehavior [ RunTime:0.001000s ]
INFO: [ app_begin ] --END-- [ RunTime:0.002000s ]
INFO: [ view_parse ] --START--
INFO: [ template_filter ] --START--
INFO: Run Behavior\ContentReplaceBehavior [ RunTime:0.000000s ]
INFO: [ template_filter ] --END-- [ RunTime:0.000000s ]
NOTIC: [8] Undefined variable: index D:\phpStudy\WWW\Blog\Runtime\Cache\Admin\121265e082581918ca5694de11677131.php 第 101 行.
NOTIC: [8] Undefined variable: add D:\phpStudy\WWW\Blog\Runtime\Cache\Admin\121265e082581918ca5694de11677131.php 第 103 行.
NOTIC: [8] Undefined variable: say D:\phpStudy\WWW\Blog\Runtime\Cache\Admin\121265e082581918ca5694de11677131.php 第 106 行.
NOTIC: [8] Undefined variable: saylist D:\phpStudy\WWW\Blog\Runtime\Cache\Admin\121265e082581918ca5694de11677131.php 第 107 行.
NOTIC: [8] Undefined variable: add D:\phpStudy\WWW\Blog\Runtime\Cache\Admin\121265e082581918ca5694de11677131.php 第 110 行.
NOTIC: [8] Undefined variable: article D:\phpStudy\WWW\Blog\Runtime\Cache\Admin\121265e082581918ca5694de11677131.php 第 113 行.
NOTIC: [8] Undefined variable: articlelist D:\phpStudy\WWW\Blog\Runtime\Cache\Admin\121265e082581918ca5694de11677131.php 第 114 行.
NOTIC: [8] Undefined variable: content D:\phpStudy\WWW\Blog\Runtime\Cache\Admin\121265e082581918ca5694de11677131.php 第 118 行.
NOTIC: [8] Undefined variable: saycontent D:\phpStudy\WWW\Blog\Runtime\Cache\Admin\121265e082581918ca5694de11677131.php 第 121 行.
NOTIC: [8] Undefined variable: articlecontent D:\phpStudy\WWW\Blog\Runtime\Cache\Admin\121265e082581918ca5694de11677131.php 第 122 行.
NOTIC: [8] Undefined variable: gustcontent D:\phpStudy\WWW\Blog\Runtime\Cache\Admin\121265e082581918ca5694de11677131.php 第 123 行.
NOTIC: [8] Undefined variable: albumcontent D:\phpStudy\WWW\Blog\Runtime\Cache\Admin\121265e082581918ca5694de11677131.php 第 124 行.
NOTIC: [8] Undefined index: class D:\phpStudy\WWW\Blog\Runtime\Cache\Admin\121265e082581918ca5694de11677131.php 第 127 行.
NOTIC: [8] Undefined variable: tag D:\phpStudy\WWW\Blog\Runtime\Cache\Admin\121265e082581918ca5694de11677131.php 第 134 行.
NOTIC: [8] Undefined variable: tagadd D:\phpStudy\WWW\Blog\Runtime\Cache\Admin\121265e082581918ca5694de11677131.php 第 137 行.
NOTIC: [8] Undefined variable: taglist D:\phpStudy\WWW\Blog\Runtime\Cache\Admin\121265e082581918ca5694de11677131.php 第 138 行.
NOTIC: [8] Undefined variable: link D:\phpStudy\WWW\Blog\Runtime\Cache\Admin\121265e082581918ca5694de11677131.php 第 141 行.
NOTIC: [8] Undefined variable: linkadd D:\phpStudy\WWW\Blog\Runtime\Cache\Admin\121265e082581918ca5694de11677131.php 第 144 行.
NOTIC: [8] Undefined variable: linklist D:\phpStudy\WWW\Blog\Runtime\Cache\Admin\121265e082581918ca5694de11677131.php 第 145 行.
NOTIC: [8] Undefined variable: album D:\phpStudy\WWW\Blog\Runtime\Cache\Admin\121265e082581918ca5694de11677131.php 第 149 行.
NOTIC: [8] Undefined variable: albumadd D:\phpStudy\WWW\Blog\Runtime\Cache\Admin\121265e082581918ca5694de11677131.php 第 152 行.
NOTIC: [8] Undefined variable: albumlist D:\phpStudy\WWW\Blog\Runtime\Cache\Admin\121265e082581918ca5694de11677131.php 第 153 行.
NOTIC: [8] Undefined variable: picture D:\phpStudy\WWW\Blog\Runtime\Cache\Admin\121265e082581918ca5694de11677131.php 第 157 行.
NOTIC: [8] Undefined variable: pictureadd D:\phpStudy\WWW\Blog\Runtime\Cache\Admin\121265e082581918ca5694de11677131.php 第 160 行.
NOTIC: [8] Undefined variable: picturelist D:\phpStudy\WWW\Blog\Runtime\Cache\Admin\121265e082581918ca5694de11677131.php 第 161 行.
NOTIC: [8] Undefined variable: add D:\phpStudy\WWW\Blog\Runtime\Cache\Admin\121265e082581918ca5694de11677131.php 第 164 行.
NOTIC: [8] Undefined variable: article D:\phpStudy\WWW\Blog\Runtime\Cache\Admin\121265e082581918ca5694de11677131.php 第 167 行.
NOTIC: [8] Undefined variable: versionlist D:\phpStudy\WWW\Blog\Runtime\Cache\Admin\121265e082581918ca5694de11677131.php 第 168 行.
NOTIC: [8] Undefined variable: system D:\phpStudy\WWW\Blog\Runtime\Cache\Admin\121265e082581918ca5694de11677131.php 第 171 行.
NOTIC: [8] Undefined variable: systembasic D:\phpStudy\WWW\Blog\Runtime\Cache\Admin\121265e082581918ca5694de11677131.php 第 174 行.
NOTIC: [8] Undefined variable: systemone D:\phpStudy\WWW\Blog\Runtime\Cache\Admin\121265e082581918ca5694de11677131.php 第 175 行.
NOTIC: [8] Undefined variable: systememail D:\phpStudy\WWW\Blog\Runtime\Cache\Admin\121265e082581918ca5694de11677131.php 第 176 行.
NOTIC: [8] Undefined variable: systemppt D:\phpStudy\WWW\Blog\Runtime\Cache\Admin\121265e082581918ca5694de11677131.php 第 177 行.
NOTIC: [8] Undefined variable: num D:\phpStudy\WWW\Blog\Runtime\Cache\Admin\121265e082581918ca5694de11677131.php 第 205 行.
NOTIC: [8] Undefined variable: List D:\phpStudy\WWW\Blog\Runtime\Cache\Admin\121265e082581918ca5694de11677131.php 第 220 行.
NOTIC: [8] Undefined variable: page D:\phpStudy\WWW\Blog\Runtime\Cache\Admin\121265e082581918ca5694de11677131.php 第 237 行.
INFO: Run Behavior\ParseTemplateBehavior [ RunTime:0.069004s ]
INFO: [ view_parse ] --END-- [ RunTime:0.069004s ]
INFO: [ view_filter ] --START--
INFO: Run Behavior\WriteHtmlCacheBehavior [ RunTime:0.000000s ]
INFO: [ view_filter ] --END-- [ RunTime:0.000000s ]
INFO: [ app_end ] --START--
INFO: Run Behavior\ShowPageTraceBehavior [ RunTime:0.001000s ]
INFO: [ app_end ] --END-- [ RunTime:0.001000s ]

[ 2018-05-01T22:48:20+08:00 ] 127.0.0.1 /Admin/Say/index.html
INFO: [ app_init ] --START--
INFO: Run Behavior\BuildLiteBehavior [ RunTime:0.000000s ]
INFO: [ app_init ] --END-- [ RunTime:0.001000s ]
INFO: [ app_begin ] --START--
INFO: Run Behavior\ReadHtmlCacheBehavior [ RunTime:0.001000s ]
INFO: [ app_begin ] --END-- [ RunTime:0.001000s ]
SQL: SELECT COUNT(*) AS tp_count FROM `lt_say` LIMIT 1   [ RunTime:0.0000s ]
SQL: SELECT * FROM `lt_say` ORDER BY s_time desc LIMIT 0,2   [ RunTime:0.0010s ]
INFO: [ view_parse ] --START--
INFO: [ template_filter ] --START--
INFO: Run Behavior\ContentReplaceBehavior [ RunTime:0.001000s ]
INFO: [ template_filter ] --END-- [ RunTime:0.001000s ]
NOTIC: [8] Undefined variable: index D:\phpStudy\WWW\Blog\Runtime\Cache\Admin\500a72cb41f6329b53dee5edd249220f.php 第 101 行.
NOTIC: [8] Undefined variable: add D:\phpStudy\WWW\Blog\Runtime\Cache\Admin\500a72cb41f6329b53dee5edd249220f.php 第 103 行.
NOTIC: [8] Undefined variable: say D:\phpStudy\WWW\Blog\Runtime\Cache\Admin\500a72cb41f6329b53dee5edd249220f.php 第 106 行.
NOTIC: [8] Undefined variable: saylist D:\phpStudy\WWW\Blog\Runtime\Cache\Admin\500a72cb41f6329b53dee5edd249220f.php 第 107 行.
NOTIC: [8] Undefined variable: add D:\phpStudy\WWW\Blog\Runtime\Cache\Admin\500a72cb41f6329b53dee5edd249220f.php 第 110 行.
NOTIC: [8] Undefined variable: article D:\phpStudy\WWW\Blog\Runtime\Cache\Admin\500a72cb41f6329b53dee5edd249220f.php 第 113 行.
NOTIC: [8] Undefined variable: articlelist D:\phpStudy\WWW\Blog\Runtime\Cache\Admin\500a72cb41f6329b53dee5edd249220f.php 第 114 行.
NOTIC: [8] Undefined variable: content D:\phpStudy\WWW\Blog\Runtime\Cache\Admin\500a72cb41f6329b53dee5edd249220f.php 第 118 行.
NOTIC: [8] Undefined variable: saycontent D:\phpStudy\WWW\Blog\Runtime\Cache\Admin\500a72cb41f6329b53dee5edd249220f.php 第 121 行.
NOTIC: [8] Undefined variable: articlecontent D:\phpStudy\WWW\Blog\Runtime\Cache\Admin\500a72cb41f6329b53dee5edd249220f.php 第 122 行.
NOTIC: [8] Undefined variable: gustcontent D:\phpStudy\WWW\Blog\Runtime\Cache\Admin\500a72cb41f6329b53dee5edd249220f.php 第 123 行.
NOTIC: [8] Undefined variable: albumcontent D:\phpStudy\WWW\Blog\Runtime\Cache\Admin\500a72cb41f6329b53dee5edd249220f.php 第 124 行.
NOTIC: [8] Undefined index: class D:\phpStudy\WWW\Blog\Runtime\Cache\Admin\500a72cb41f6329b53dee5edd249220f.php 第 127 行.
NOTIC: [8] Undefined variable: tag D:\phpStudy\WWW\Blog\Runtime\Cache\Admin\500a72cb41f6329b53dee5edd249220f.php 第 134 行.
NOTIC: [8] Undefined variable: tagadd D:\phpStudy\WWW\Blog\Runtime\Cache\Admin\500a72cb41f6329b53dee5edd249220f.php 第 137 行.
NOTIC: [8] Undefined variable: taglist D:\phpStudy\WWW\Blog\Runtime\Cache\Admin\500a72cb41f6329b53dee5edd249220f.php 第 138 行.
NOTIC: [8] Undefined variable: link D:\phpStudy\WWW\Blog\Runtime\Cache\Admin\500a72cb41f6329b53dee5edd249220f.php 第 141 行.
NOTIC: [8] Undefined variable: linkadd D:\phpStudy\WWW\Blog\Runtime\Cache\Admin\500a72cb41f6329b53dee5edd249220f.php 第 144 行.
NOTIC: [8] Undefined variable: linklist D:\phpStudy\WWW\Blog\Runtime\Cache\Admin\500a72cb41f6329b53dee5edd249220f.php 第 145 行.
NOTIC: [8] Undefined variable: album D:\phpStudy\WWW\Blog\Runtime\Cache\Admin\500a72cb41f6329b53dee5edd249220f.php 第 149 行.
NOTIC: [8] Undefined variable: albumadd D:\phpStudy\WWW\Blog\Runtime\Cache\Admin\500a72cb41f6329b53dee5edd249220f.php 第 152 行.
NOTIC: [8] Undefined variable: albumlist D:\phpStudy\WWW\Blog\Runtime\Cache\Admin\500a72cb41f6329b53dee5edd249220f.php 第 153 行.
NOTIC: [8] Undefined variable: picture D:\phpStudy\WWW\Blog\Runtime\Cache\Admin\500a72cb41f6329b53dee5edd249220f.php 第 157 行.
NOTIC: [8] Undefined variable: pictureadd D:\phpStudy\WWW\Blog\Runtime\Cache\Admin\500a72cb41f6329b53dee5edd249220f.php 第 160 行.
NOTIC: [8] Undefined variable: picturelist D:\phpStudy\WWW\Blog\Runtime\Cache\Admin\500a72cb41f6329b53dee5edd249220f.php 第 161 行.
NOTIC: [8] Undefined variable: add D:\phpStudy\WWW\Blog\Runtime\Cache\Admin\500a72cb41f6329b53dee5edd249220f.php 第 164 行.
NOTIC: [8] Undefined variable: article D:\phpStudy\WWW\Blog\Runtime\Cache\Admin\500a72cb41f6329b53dee5edd249220f.php 第 167 行.
NOTIC: [8] Undefined variable: versionlist D:\phpStudy\WWW\Blog\Runtime\Cache\Admin\500a72cb41f6329b53dee5edd249220f.php 第 168 行.
NOTIC: [8] Undefined variable: system D:\phpStudy\WWW\Blog\Runtime\Cache\Admin\500a72cb41f6329b53dee5edd249220f.php 第 171 行.
NOTIC: [8] Undefined variable: systembasic D:\phpStudy\WWW\Blog\Runtime\Cache\Admin\500a72cb41f6329b53dee5edd249220f.php 第 174 行.
NOTIC: [8] Undefined variable: systemone D:\phpStudy\WWW\Blog\Runtime\Cache\Admin\500a72cb41f6329b53dee5edd249220f.php 第 175 行.
NOTIC: [8] Undefined variable: systememail D:\phpStudy\WWW\Blog\Runtime\Cache\Admin\500a72cb41f6329b53dee5edd249220f.php 第 176 行.
NOTIC: [8] Undefined variable: systemppt D:\phpStudy\WWW\Blog\Runtime\Cache\Admin\500a72cb41f6329b53dee5edd249220f.php 第 177 行.
INFO: Run Behavior\ParseTemplateBehavior [ RunTime:0.068004s ]
INFO: [ view_parse ] --END-- [ RunTime:0.068004s ]
INFO: [ view_filter ] --START--
INFO: Run Behavior\WriteHtmlCacheBehavior [ RunTime:0.001000s ]
INFO: [ view_filter ] --END-- [ RunTime:0.001000s ]
INFO: [ app_end ] --START--
INFO: Run Behavior\ShowPageTraceBehavior [ RunTime:0.001000s ]
INFO: [ app_end ] --END-- [ RunTime:0.001000s ]

[ 2018-05-01T22:48:28+08:00 ] 127.0.0.1 /Admin/Say/add.html
INFO: [ app_init ] --START--
INFO: Run Behavior\BuildLiteBehavior [ RunTime:0.000000s ]
INFO: [ app_init ] --END-- [ RunTime:0.001000s ]
INFO: [ app_begin ] --START--
INFO: Run Behavior\ReadHtmlCacheBehavior [ RunTime:0.001000s ]
INFO: [ app_begin ] --END-- [ RunTime:0.001000s ]
INFO: [ view_parse ] --START--
INFO: [ template_filter ] --START--
INFO: Run Behavior\ContentReplaceBehavior [ RunTime:0.000000s ]
INFO: [ template_filter ] --END-- [ RunTime:0.000000s ]
NOTIC: [8] Undefined variable: index D:\phpStudy\WWW\Blog\Runtime\Cache\Admin\58ddf908e95b14483c63a62c0d7dbc19.php 第 101 行.
NOTIC: [8] Undefined variable: add D:\phpStudy\WWW\Blog\Runtime\Cache\Admin\58ddf908e95b14483c63a62c0d7dbc19.php 第 103 行.
NOTIC: [8] Undefined variable: say D:\phpStudy\WWW\Blog\Runtime\Cache\Admin\58ddf908e95b14483c63a62c0d7dbc19.php 第 106 行.
NOTIC: [8] Undefined variable: saylist D:\phpStudy\WWW\Blog\Runtime\Cache\Admin\58ddf908e95b14483c63a62c0d7dbc19.php 第 107 行.
NOTIC: [8] Undefined variable: add D:\phpStudy\WWW\Blog\Runtime\Cache\Admin\58ddf908e95b14483c63a62c0d7dbc19.php 第 110 行.
NOTIC: [8] Undefined variable: article D:\phpStudy\WWW\Blog\Runtime\Cache\Admin\58ddf908e95b14483c63a62c0d7dbc19.php 第 113 行.
NOTIC: [8] Undefined variable: articlelist D:\phpStudy\WWW\Blog\Runtime\Cache\Admin\58ddf908e95b14483c63a62c0d7dbc19.php 第 114 行.
NOTIC: [8] Undefined variable: content D:\phpStudy\WWW\Blog\Runtime\Cache\Admin\58ddf908e95b14483c63a62c0d7dbc19.php 第 118 行.
NOTIC: [8] Undefined variable: saycontent D:\phpStudy\WWW\Blog\Runtime\Cache\Admin\58ddf908e95b14483c63a62c0d7dbc19.php 第 121 行.
NOTIC: [8] Undefined variable: articlecontent D:\phpStudy\WWW\Blog\Runtime\Cache\Admin\58ddf908e95b14483c63a62c0d7dbc19.php 第 122 行.
NOTIC: [8] Undefined variable: gustcontent D:\phpStudy\WWW\Blog\Runtime\Cache\Admin\58ddf908e95b14483c63a62c0d7dbc19.php 第 123 行.
NOTIC: [8] Undefined variable: albumcontent D:\phpStudy\WWW\Blog\Runtime\Cache\Admin\58ddf908e95b14483c63a62c0d7dbc19.php 第 124 行.
NOTIC: [8] Undefined index: class D:\phpStudy\WWW\Blog\Runtime\Cache\Admin\58ddf908e95b14483c63a62c0d7dbc19.php 第 127 行.
NOTIC: [8] Undefined variable: tag D:\phpStudy\WWW\Blog\Runtime\Cache\Admin\58ddf908e95b14483c63a62c0d7dbc19.php 第 134 行.
NOTIC: [8] Undefined variable: tagadd D:\phpStudy\WWW\Blog\Runtime\Cache\Admin\58ddf908e95b14483c63a62c0d7dbc19.php 第 137 行.
NOTIC: [8] Undefined variable: taglist D:\phpStudy\WWW\Blog\Runtime\Cache\Admin\58ddf908e95b14483c63a62c0d7dbc19.php 第 138 行.
NOTIC: [8] Undefined variable: link D:\phpStudy\WWW\Blog\Runtime\Cache\Admin\58ddf908e95b14483c63a62c0d7dbc19.php 第 141 行.
NOTIC: [8] Undefined variable: linkadd D:\phpStudy\WWW\Blog\Runtime\Cache\Admin\58ddf908e95b14483c63a62c0d7dbc19.php 第 144 行.
NOTIC: [8] Undefined variable: linklist D:\phpStudy\WWW\Blog\Runtime\Cache\Admin\58ddf908e95b14483c63a62c0d7dbc19.php 第 145 行.
NOTIC: [8] Undefined variable: album D:\phpStudy\WWW\Blog\Runtime\Cache\Admin\58ddf908e95b14483c63a62c0d7dbc19.php 第 149 行.
NOTIC: [8] Undefined variable: albumadd D:\phpStudy\WWW\Blog\Runtime\Cache\Admin\58ddf908e95b14483c63a62c0d7dbc19.php 第 152 行.
NOTIC: [8] Undefined variable: albumlist D:\phpStudy\WWW\Blog\Runtime\Cache\Admin\58ddf908e95b14483c63a62c0d7dbc19.php 第 153 行.
NOTIC: [8] Undefined variable: picture D:\phpStudy\WWW\Blog\Runtime\Cache\Admin\58ddf908e95b14483c63a62c0d7dbc19.php 第 157 行.
NOTIC: [8] Undefined variable: pictureadd D:\phpStudy\WWW\Blog\Runtime\Cache\Admin\58ddf908e95b14483c63a62c0d7dbc19.php 第 160 行.
NOTIC: [8] Undefined variable: picturelist D:\phpStudy\WWW\Blog\Runtime\Cache\Admin\58ddf908e95b14483c63a62c0d7dbc19.php 第 161 行.
NOTIC: [8] Undefined variable: add D:\phpStudy\WWW\Blog\Runtime\Cache\Admin\58ddf908e95b14483c63a62c0d7dbc19.php 第 164 行.
NOTIC: [8] Undefined variable: article D:\phpStudy\WWW\Blog\Runtime\Cache\Admin\58ddf908e95b14483c63a62c0d7dbc19.php 第 167 行.
NOTIC: [8] Undefined variable: versionlist D:\phpStudy\WWW\Blog\Runtime\Cache\Admin\58ddf908e95b14483c63a62c0d7dbc19.php 第 168 行.
NOTIC: [8] Undefined variable: system D:\phpStudy\WWW\Blog\Runtime\Cache\Admin\58ddf908e95b14483c63a62c0d7dbc19.php 第 171 行.
NOTIC: [8] Undefined variable: systembasic D:\phpStudy\WWW\Blog\Runtime\Cache\Admin\58ddf908e95b14483c63a62c0d7dbc19.php 第 174 行.
NOTIC: [8] Undefined variable: systemone D:\phpStudy\WWW\Blog\Runtime\Cache\Admin\58ddf908e95b14483c63a62c0d7dbc19.php 第 175 行.
NOTIC: [8] Undefined variable: systememail D:\phpStudy\WWW\Blog\Runtime\Cache\Admin\58ddf908e95b14483c63a62c0d7dbc19.php 第 176 行.
NOTIC: [8] Undefined variable: systemppt D:\phpStudy\WWW\Blog\Runtime\Cache\Admin\58ddf908e95b14483c63a62c0d7dbc19.php 第 177 行.
INFO: Run Behavior\ParseTemplateBehavior [ RunTime:0.061004s ]
INFO: [ view_parse ] --END-- [ RunTime:0.061004s ]
INFO: [ view_filter ] --START--
INFO: Run Behavior\WriteHtmlCacheBehavior [ RunTime:0.001000s ]
INFO: [ view_filter ] --END-- [ RunTime:0.001000s ]
INFO: [ app_end ] --START--
INFO: Run Behavior\ShowPageTraceBehavior [ RunTime:0.001000s ]
INFO: [ app_end ] --END-- [ RunTime:0.001000s ]

[ 2018-05-01T23:49:03+08:00 ] 127.0.0.1 /admin/say/add
INFO: [ app_init ] --START--
INFO: Run Behavior\BuildLiteBehavior [ RunTime:0.000000s ]
INFO: [ app_init ] --END-- [ RunTime:0.001000s ]
INFO: [ app_begin ] --START--
INFO: Run Behavior\ReadHtmlCacheBehavior [ RunTime:0.001001s ]
INFO: [ app_begin ] --END-- [ RunTime:0.002001s ]
INFO: [ view_parse ] --START--
INFO: [ template_filter ] --START--
INFO: Run Behavior\ContentReplaceBehavior [ RunTime:0.001000s ]
INFO: [ template_filter ] --END-- [ RunTime:0.001000s ]
NOTIC: [8] Undefined variable: index D:\phpStudy\WWW\Blog\Runtime\Cache\Admin\58ddf908e95b14483c63a62c0d7dbc19.php 第 101 行.
NOTIC: [8] Undefined variable: add D:\phpStudy\WWW\Blog\Runtime\Cache\Admin\58ddf908e95b14483c63a62c0d7dbc19.php 第 103 行.
NOTIC: [8] Undefined variable: say D:\phpStudy\WWW\Blog\Runtime\Cache\Admin\58ddf908e95b14483c63a62c0d7dbc19.php 第 106 行.
NOTIC: [8] Undefined variable: saylist D:\phpStudy\WWW\Blog\Runtime\Cache\Admin\58ddf908e95b14483c63a62c0d7dbc19.php 第 107 行.
NOTIC: [8] Undefined variable: add D:\phpStudy\WWW\Blog\Runtime\Cache\Admin\58ddf908e95b14483c63a62c0d7dbc19.php 第 110 行.
NOTIC: [8] Undefined variable: article D:\phpStudy\WWW\Blog\Runtime\Cache\Admin\58ddf908e95b14483c63a62c0d7dbc19.php 第 113 行.
NOTIC: [8] Undefined variable: articlelist D:\phpStudy\WWW\Blog\Runtime\Cache\Admin\58ddf908e95b14483c63a62c0d7dbc19.php 第 114 行.
NOTIC: [8] Undefined variable: content D:\phpStudy\WWW\Blog\Runtime\Cache\Admin\58ddf908e95b14483c63a62c0d7dbc19.php 第 118 行.
NOTIC: [8] Undefined variable: saycontent D:\phpStudy\WWW\Blog\Runtime\Cache\Admin\58ddf908e95b14483c63a62c0d7dbc19.php 第 121 行.
NOTIC: [8] Undefined variable: articlecontent D:\phpStudy\WWW\Blog\Runtime\Cache\Admin\58ddf908e95b14483c63a62c0d7dbc19.php 第 122 行.
NOTIC: [8] Undefined variable: gustcontent D:\phpStudy\WWW\Blog\Runtime\Cache\Admin\58ddf908e95b14483c63a62c0d7dbc19.php 第 123 行.
NOTIC: [8] Undefined variable: albumcontent D:\phpStudy\WWW\Blog\Runtime\Cache\Admin\58ddf908e95b14483c63a62c0d7dbc19.php 第 124 行.
NOTIC: [8] Undefined index: class D:\phpStudy\WWW\Blog\Runtime\Cache\Admin\58ddf908e95b14483c63a62c0d7dbc19.php 第 127 行.
NOTIC: [8] Undefined variable: tag D:\phpStudy\WWW\Blog\Runtime\Cache\Admin\58ddf908e95b14483c63a62c0d7dbc19.php 第 134 行.
NOTIC: [8] Undefined variable: tagadd D:\phpStudy\WWW\Blog\Runtime\Cache\Admin\58ddf908e95b14483c63a62c0d7dbc19.php 第 137 行.
NOTIC: [8] Undefined variable: taglist D:\phpStudy\WWW\Blog\Runtime\Cache\Admin\58ddf908e95b14483c63a62c0d7dbc19.php 第 138 行.
NOTIC: [8] Undefined variable: link D:\phpStudy\WWW\Blog\Runtime\Cache\Admin\58ddf908e95b14483c63a62c0d7dbc19.php 第 141 行.
NOTIC: [8] Undefined variable: linkadd D:\phpStudy\WWW\Blog\Runtime\Cache\Admin\58ddf908e95b14483c63a62c0d7dbc19.php 第 144 行.
NOTIC: [8] Undefined variable: linklist D:\phpStudy\WWW\Blog\Runtime\Cache\Admin\58ddf908e95b14483c63a62c0d7dbc19.php 第 145 行.
NOTIC: [8] Undefined variable: album D:\phpStudy\WWW\Blog\Runtime\Cache\Admin\58ddf908e95b14483c63a62c0d7dbc19.php 第 149 行.
NOTIC: [8] Undefined variable: albumadd D:\phpStudy\WWW\Blog\Runtime\Cache\Admin\58ddf908e95b14483c63a62c0d7dbc19.php 第 152 行.
NOTIC: [8] Undefined variable: albumlist D:\phpStudy\WWW\Blog\Runtime\Cache\Admin\58ddf908e95b14483c63a62c0d7dbc19.php 第 153 行.
NOTIC: [8] Undefined variable: picture D:\phpStudy\WWW\Blog\Runtime\Cache\Admin\58ddf908e95b14483c63a62c0d7dbc19.php 第 157 行.
NOTIC: [8] Undefined variable: pictureadd D:\phpStudy\WWW\Blog\Runtime\Cache\Admin\58ddf908e95b14483c63a62c0d7dbc19.php 第 160 行.
NOTIC: [8] Undefined variable: picturelist D:\phpStudy\WWW\Blog\Runtime\Cache\Admin\58ddf908e95b14483c63a62c0d7dbc19.php 第 161 行.
NOTIC: [8] Undefined variable: add D:\phpStudy\WWW\Blog\Runtime\Cache\Admin\58ddf908e95b14483c63a62c0d7dbc19.php 第 164 行.
NOTIC: [8] Undefined variable: article D:\phpStudy\WWW\Blog\Runtime\Cache\Admin\58ddf908e95b14483c63a62c0d7dbc19.php 第 167 行.
NOTIC: [8] Undefined variable: versionlist D:\phpStudy\WWW\Blog\Runtime\Cache\Admin\58ddf908e95b14483c63a62c0d7dbc19.php 第 168 行.
NOTIC: [8] Undefined variable: system D:\phpStudy\WWW\Blog\Runtime\Cache\Admin\58ddf908e95b14483c63a62c0d7dbc19.php 第 171 行.
NOTIC: [8] Undefined variable: systembasic D:\phpStudy\WWW\Blog\Runtime\Cache\Admin\58ddf908e95b14483c63a62c0d7dbc19.php 第 174 行.
NOTIC: [8] Undefined variable: systemone D:\phpStudy\WWW\Blog\Runtime\Cache\Admin\58ddf908e95b14483c63a62c0d7dbc19.php 第 175 行.
NOTIC: [8] Undefined variable: systememail D:\phpStudy\WWW\Blog\Runtime\Cache\Admin\58ddf908e95b14483c63a62c0d7dbc19.php 第 176 行.
NOTIC: [8] Undefined variable: systemppt D:\phpStudy\WWW\Blog\Runtime\Cache\Admin\58ddf908e95b14483c63a62c0d7dbc19.php 第 177 行.
INFO: Run Behavior\ParseTemplateBehavior [ RunTime:0.155009s ]
INFO: [ view_parse ] --END-- [ RunTime:0.155009s ]
INFO: [ view_filter ] --START--
INFO: Run Behavior\WriteHtmlCacheBehavior [ RunTime:0.001000s ]
INFO: [ view_filter ] --END-- [ RunTime:0.001000s ]
INFO: [ app_end ] --START--
INFO: Run Behavior\ShowPageTraceBehavior [ RunTime:0.001000s ]
INFO: [ app_end ] --END-- [ RunTime:0.001000s ]

[ 2018-05-01T23:59:56+08:00 ] 127.0.0.1 /Admin/Say/add.html
INFO: [ app_init ] --START--
INFO: Run Behavior\BuildLiteBehavior [ RunTime:0.000000s ]
INFO: [ app_init ] --END-- [ RunTime:0.001000s ]
INFO: [ app_begin ] --START--
INFO: Run Behavior\ReadHtmlCacheBehavior [ RunTime:0.001000s ]
INFO: [ app_begin ] --END-- [ RunTime:0.001000s ]
NOTIC: [8] Undefined index: validate D:\phpStudy\WWW\Blog\ThinkPHP\Library\Think\Model.class.php 第 1201 行.
NOTIC: [8] Undefined index: auto D:\phpStudy\WWW\Blog\ThinkPHP\Library\Think\Model.class.php 第 1142 行.

