[ 2018-04-07T00:46:05+08:00 ] 127.0.0.1 /admin/tag/add
INFO: [ app_init ] --START--
INFO: Run Behavior\BuildLiteBehavior [ RunTime:0.001000s ]
INFO: [ app_init ] --END-- [ RunTime:0.002000s ]
INFO: [ app_begin ] --START--
INFO: Run Behavior\ReadHtmlCacheBehavior [ RunTime:0.001000s ]
INFO: [ app_begin ] --END-- [ RunTime:0.002000s ]

[ 2018-04-07T00:46:05+08:00 ] 127.0.0.1 /Admin/Login/login.html
INFO: [ app_init ] --START--
INFO: Run Behavior\BuildLiteBehavior [ RunTime:0.000000s ]
INFO: [ app_init ] --END-- [ RunTime:0.001000s ]
INFO: [ app_begin ] --START--
INFO: Run Behavior\ReadHtmlCacheBehavior [ RunTime:0.001000s ]
INFO: [ app_begin ] --END-- [ RunTime:0.001000s ]
INFO: [ view_parse ] --START--
INFO: [ template_filter ] --START--
INFO: Run Behavior\ContentReplaceBehavior [ RunTime:0.000000s ]
INFO: [ template_filter ] --END-- [ RunTime:0.000000s ]
INFO: Run Behavior\ParseTemplateBehavior [ RunTime:0.022001s ]
INFO: [ view_parse ] --END-- [ RunTime:0.023001s ]
INFO: [ view_filter ] --START--
INFO: Run Behavior\WriteHtmlCacheBehavior [ RunTime:0.000000s ]
INFO: [ view_filter ] --END-- [ RunTime:0.000000s ]
INFO: [ app_end ] --START--
INFO: Run Behavior\ShowPageTraceBehavior [ RunTime:0.001000s ]
INFO: [ app_end ] --END-- [ RunTime:0.001000s ]

[ 2018-04-07T03:00:56+08:00 ] 127.0.0.1 /admin/tag/add
INFO: [ app_init ] --START--
INFO: Run Behavior\BuildLiteBehavior [ RunTime:0.000000s ]
INFO: [ app_init ] --END-- [ RunTime:0.001000s ]
INFO: [ app_begin ] --START--
INFO: Run Behavior\ReadHtmlCacheBehavior [ RunTime:0.002001s ]
INFO: [ app_begin ] --END-- [ RunTime:0.002001s ]

[ 2018-04-07T03:00:56+08:00 ] 127.0.0.1 /Admin/Login/login.html
INFO: [ app_init ] --START--
INFO: Run Behavior\BuildLiteBehavior [ RunTime:0.000000s ]
INFO: [ app_init ] --END-- [ RunTime:0.000000s ]
INFO: [ app_begin ] --START--
INFO: Run Behavior\ReadHtmlCacheBehavior [ RunTime:0.002001s ]
INFO: [ app_begin ] --END-- [ RunTime:0.002001s ]
INFO: [ view_parse ] --START--
INFO: [ template_filter ] --START--
INFO: Run Behavior\ContentReplaceBehavior [ RunTime:0.000000s ]
INFO: [ template_filter ] --END-- [ RunTime:0.000000s ]
INFO: Run Behavior\ParseTemplateBehavior [ RunTime:0.018001s ]
INFO: [ view_parse ] --END-- [ RunTime:0.018001s ]
INFO: [ view_filter ] --START--
INFO: Run Behavior\WriteHtmlCacheBehavior [ RunTime:0.001000s ]
INFO: [ view_filter ] --END-- [ RunTime:0.001000s ]
INFO: [ app_end ] --START--
INFO: Run Behavior\ShowPageTraceBehavior [ RunTime:0.002000s ]
INFO: [ app_end ] --END-- [ RunTime:0.002000s ]

[ 2018-04-07T03:00:57+08:00 ] 127.0.0.1 /admin/tag/add
INFO: [ app_init ] --START--
INFO: Run Behavior\BuildLiteBehavior [ RunTime:0.000000s ]
INFO: [ app_init ] --END-- [ RunTime:0.001000s ]
INFO: [ app_begin ] --START--
INFO: Run Behavior\ReadHtmlCacheBehavior [ RunTime:0.002000s ]
INFO: [ app_begin ] --END-- [ RunTime:0.002000s ]

[ 2018-04-07T03:01:05+08:00 ] 127.0.0.1 /Admin/Login/login.html
INFO: [ app_init ] --START--
INFO: Run Behavior\BuildLiteBehavior [ RunTime:0.000000s ]
INFO: [ app_init ] --END-- [ RunTime:0.001000s ]
INFO: [ app_begin ] --START--
INFO: Run Behavior\ReadHtmlCacheBehavior [ RunTime:0.003000s ]
INFO: [ app_begin ] --END-- [ RunTime:0.003000s ]
SQL: SHOW COLUMNS FROM `lt_user` [ RunTime:0.0570s ]
SQL: SELECT * FROM `lt_user` WHERE ( u_name='admin' ) LIMIT 1   [ RunTime:0.0100s ]

[ 2018-04-07T03:01:06+08:00 ] 127.0.0.1 /admin/index
INFO: [ app_init ] --START--
INFO: Run Behavior\BuildLiteBehavior [ RunTime:0.000000s ]
INFO: [ app_init ] --END-- [ RunTime:0.001000s ]
INFO: [ app_begin ] --START--
INFO: Run Behavior\ReadHtmlCacheBehavior [ RunTime:0.002000s ]
INFO: [ app_begin ] --END-- [ RunTime:0.003000s ]
SQL: SHOW COLUMNS FROM `lt_article` [ RunTime:0.0720s ]
SQL: SHOW COLUMNS FROM `lt_link` [ RunTime:0.0750s ]
SQL: SHOW COLUMNS FROM `lt_system` [ RunTime:0.0340s ]
SQL: SHOW COLUMNS FROM `lt_album` [ RunTime:0.0290s ]
SQL: SHOW COLUMNS FROM `lt_gust` [ RunTime:0.0470s ]
SQL: SHOW COLUMNS FROM `lt_say` [ RunTime:0.0140s ]
SQL: SHOW COLUMNS FROM `lt_version` [ RunTime:0.0170s ]
SQL: SHOW COLUMNS FROM `lt_picture` [ RunTime:0.0110s ]
SQL: SHOW COLUMNS FROM `lt_album_c` [ RunTime:0.0330s ]
SQL: SHOW COLUMNS FROM `lt_article_c` [ RunTime:0.0310s ]
SQL: SHOW COLUMNS FROM `lt_say_c` [ RunTime:0.0070s ]
SQL: SELECT `v_version` FROM `lt_version` ORDER BY v_id desc LIMIT 1   [ RunTime:0.0000s ]
NOTIC: [2] unlink(./Runtime/Temp/96a32ec0a4fa9a548081313989245c72.php): No such file or directory D:\phpStudy\WWW\Blog\ThinkPHP\Library\Think\Cache\Driver\File.class.php 第 157 行.
SQL: SELECT * FROM `lt_system` LIMIT 1   [ RunTime:0.0010s ]
SQL: SELECT COUNT(*) AS tp_count FROM `lt_say_c` LIMIT 1   [ RunTime:0.0010s ]
SQL: SELECT COUNT(*) AS tp_count FROM `lt_article_c` LIMIT 1   [ RunTime:0.0000s ]
SQL: SELECT COUNT(*) AS tp_count FROM `lt_album_c` LIMIT 1   [ RunTime:0.0010s ]
SQL: SELECT COUNT(*) AS tp_count FROM `lt_say` LIMIT 1   [ RunTime:0.0000s ]
SQL: SELECT COUNT(*) AS tp_count FROM `lt_article` LIMIT 1   [ RunTime:0.0010s ]
SQL: SELECT COUNT(*) AS tp_count FROM `lt_gust` LIMIT 1   [ RunTime:0.0000s ]
SQL: SELECT COUNT(*) AS tp_count FROM `lt_album` LIMIT 1   [ RunTime:0.0010s ]
SQL: SELECT COUNT(*) AS tp_count FROM `lt_picture` LIMIT 1   [ RunTime:0.0000s ]
SQL: SELECT COUNT(*) AS tp_count FROM `lt_link` LIMIT 1   [ RunTime:0.0000s ]
NOTIC: [8] Use of undefined constant ture - assumed 'ture' D:\phpStudy\WWW\Blog\Application\Admin\Controller\IndexController.class.php 第 43 行.
SQL: SHOW COLUMNS FROM `lt_article_c` [ RunTime:0.0070s ]
SQL: SELECT `ac_time` FROM `lt_article_c` UNION ALL SELECT sc_time FROM lt_say_c  UNION ALL SELECT alc_time FROM lt_album_c order by ac_time desc limit 0,5 [ RunTime:0.0010s ]
SQL: SELECT * FROM `lt_article_c` WHERE `ac_time` = 1486283901 LIMIT 1   [ RunTime:0.0000s ]
SQL: SELECT * FROM `lt_album_c` WHERE `alc_time` = 1486283901 LIMIT 1   [ RunTime:0.0000s ]
SQL: SELECT * FROM `lt_say_c` WHERE `sc_time` = 1486283901 LIMIT 1   [ RunTime:0.0000s ]
SQL: SELECT * FROM `lt_article_c` WHERE `ac_time` = 1486283651 LIMIT 1   [ RunTime:0.0010s ]
SQL: SELECT * FROM `lt_album_c` WHERE `alc_time` = 1486283651 LIMIT 1   [ RunTime:0.0000s ]
SQL: SELECT * FROM `lt_say_c` WHERE `sc_time` = 1486283651 LIMIT 1   [ RunTime:0.0000s ]
SQL: SELECT * FROM `lt_article_c` WHERE `ac_time` = 1486283315 LIMIT 1   [ RunTime:0.0010s ]
SQL: SELECT * FROM `lt_album_c` WHERE `alc_time` = 1486283315 LIMIT 1   [ RunTime:0.0010s ]
SQL: SELECT * FROM `lt_say_c` WHERE `sc_time` = 1486283315 LIMIT 1   [ RunTime:0.0000s ]
NOTIC: [8] Undefined offset: 3 D:\phpStudy\WWW\Blog\Application\Admin\Controller\IndexController.class.php 第 46 行.
SQL: SELECT * FROM `lt_article_c` WHERE `ac_time` = null LIMIT 1   [ RunTime:0.0010s ]
NOTIC: [8] Undefined offset: 3 D:\phpStudy\WWW\Blog\Application\Admin\Controller\IndexController.class.php 第 47 行.
SQL: SELECT * FROM `lt_album_c` WHERE `alc_time` = null LIMIT 1   [ RunTime:0.0000s ]
NOTIC: [8] Undefined offset: 3 D:\phpStudy\WWW\Blog\Application\Admin\Controller\IndexController.class.php 第 48 行.
SQL: SELECT * FROM `lt_say_c` WHERE `sc_time` = null LIMIT 1   [ RunTime:0.0010s ]
NOTIC: [8] Undefined offset: 4 D:\phpStudy\WWW\Blog\Application\Admin\Controller\IndexController.class.php 第 46 行.
SQL: SELECT * FROM `lt_article_c` WHERE `ac_time` = null LIMIT 1   [ RunTime:0.0000s ]
NOTIC: [8] Undefined offset: 4 D:\phpStudy\WWW\Blog\Application\Admin\Controller\IndexController.class.php 第 47 行.
SQL: SELECT * FROM `lt_album_c` WHERE `alc_time` = null LIMIT 1   [ RunTime:0.0000s ]
NOTIC: [8] Undefined offset: 4 D:\phpStudy\WWW\Blog\Application\Admin\Controller\IndexController.class.php 第 48 行.
SQL: SELECT * FROM `lt_say_c` WHERE `sc_time` = null LIMIT 1   [ RunTime:0.0000s ]
SQL: SELECT * FROM `lt_gust` WHERE ( g_rtime>0 ) ORDER BY g_time desc LIMIT 5   [ RunTime:0.0000s ]
INFO: [ view_parse ] --START--
INFO: [ template_filter ] --START--
INFO: Run Behavior\ContentReplaceBehavior [ RunTime:0.000000s ]
INFO: [ template_filter ] --END-- [ RunTime:0.001000s ]
NOTIC: [8] Undefined variable: add D:\phpStudy\WWW\Blog\Runtime\Cache\Admin\b595b808c2ebeeeb0478ffc30bb4e87a.php 第 103 行.
NOTIC: [8] Undefined variable: say D:\phpStudy\WWW\Blog\Runtime\Cache\Admin\b595b808c2ebeeeb0478ffc30bb4e87a.php 第 106 行.
NOTIC: [8] Undefined variable: saylist D:\phpStudy\WWW\Blog\Runtime\Cache\Admin\b595b808c2ebeeeb0478ffc30bb4e87a.php 第 107 行.
NOTIC: [8] Undefined variable: add D:\phpStudy\WWW\Blog\Runtime\Cache\Admin\b595b808c2ebeeeb0478ffc30bb4e87a.php 第 110 行.
NOTIC: [8] Undefined variable: article D:\phpStudy\WWW\Blog\Runtime\Cache\Admin\b595b808c2ebeeeb0478ffc30bb4e87a.php 第 113 行.
NOTIC: [8] Undefined variable: articlelist D:\phpStudy\WWW\Blog\Runtime\Cache\Admin\b595b808c2ebeeeb0478ffc30bb4e87a.php 第 114 行.
NOTIC: [8] Undefined variable: content D:\phpStudy\WWW\Blog\Runtime\Cache\Admin\b595b808c2ebeeeb0478ffc30bb4e87a.php 第 118 行.
NOTIC: [8] Undefined variable: saycontent D:\phpStudy\WWW\Blog\Runtime\Cache\Admin\b595b808c2ebeeeb0478ffc30bb4e87a.php 第 121 行.
NOTIC: [8] Undefined variable: articlecontent D:\phpStudy\WWW\Blog\Runtime\Cache\Admin\b595b808c2ebeeeb0478ffc30bb4e87a.php 第 122 行.
NOTIC: [8] Undefined variable: gustcontent D:\phpStudy\WWW\Blog\Runtime\Cache\Admin\b595b808c2ebeeeb0478ffc30bb4e87a.php 第 123 行.
NOTIC: [8] Undefined variable: albumcontent D:\phpStudy\WWW\Blog\Runtime\Cache\Admin\b595b808c2ebeeeb0478ffc30bb4e87a.php 第 124 行.
NOTIC: [8] Undefined index: class D:\phpStudy\WWW\Blog\Runtime\Cache\Admin\b595b808c2ebeeeb0478ffc30bb4e87a.php 第 127 行.
NOTIC: [8] Undefined variable: tag D:\phpStudy\WWW\Blog\Runtime\Cache\Admin\b595b808c2ebeeeb0478ffc30bb4e87a.php 第 134 行.
NOTIC: [8] Undefined variable: tagadd D:\phpStudy\WWW\Blog\Runtime\Cache\Admin\b595b808c2ebeeeb0478ffc30bb4e87a.php 第 137 行.
NOTIC: [8] Undefined variable: taglist D:\phpStudy\WWW\Blog\Runtime\Cache\Admin\b595b808c2ebeeeb0478ffc30bb4e87a.php 第 138 行.
NOTIC: [8] Undefined variable: link D:\phpStudy\WWW\Blog\Runtime\Cache\Admin\b595b808c2ebeeeb0478ffc30bb4e87a.php 第 141 行.
NOTIC: [8] Undefined variable: linkadd D:\phpStudy\WWW\Blog\Runtime\Cache\Admin\b595b808c2ebeeeb0478ffc30bb4e87a.php 第 144 行.
NOTIC: [8] Undefined variable: linklist D:\phpStudy\WWW\Blog\Runtime\Cache\Admin\b595b808c2ebeeeb0478ffc30bb4e87a.php 第 145 行.
NOTIC: [8] Undefined variable: album D:\phpStudy\WWW\Blog\Runtime\Cache\Admin\b595b808c2ebeeeb0478ffc30bb4e87a.php 第 149 行.
NOTIC: [8] Undefined variable: albumadd D:\phpStudy\WWW\Blog\Runtime\Cache\Admin\b595b808c2ebeeeb0478ffc30bb4e87a.php 第 152 行.
NOTIC: [8] Undefined variable: albumlist D:\phpStudy\WWW\Blog\Runtime\Cache\Admin\b595b808c2ebeeeb0478ffc30bb4e87a.php 第 153 行.
NOTIC: [8] Undefined variable: picture D:\phpStudy\WWW\Blog\Runtime\Cache\Admin\b595b808c2ebeeeb0478ffc30bb4e87a.php 第 157 行.
NOTIC: [8] Undefined variable: pictureadd D:\phpStudy\WWW\Blog\Runtime\Cache\Admin\b595b808c2ebeeeb0478ffc30bb4e87a.php 第 160 行.
NOTIC: [8] Undefined variable: picturelist D:\phpStudy\WWW\Blog\Runtime\Cache\Admin\b595b808c2ebeeeb0478ffc30bb4e87a.php 第 161 行.
NOTIC: [8] Undefined variable: add D:\phpStudy\WWW\Blog\Runtime\Cache\Admin\b595b808c2ebeeeb0478ffc30bb4e87a.php 第 164 行.
NOTIC: [8] Undefined variable: article D:\phpStudy\WWW\Blog\Runtime\Cache\Admin\b595b808c2ebeeeb0478ffc30bb4e87a.php 第 167 行.
NOTIC: [8] Undefined variable: versionlist D:\phpStudy\WWW\Blog\Runtime\Cache\Admin\b595b808c2ebeeeb0478ffc30bb4e87a.php 第 168 行.
NOTIC: [8] Array to string conversion D:\phpStudy\WWW\Blog\Runtime\Cache\Admin\b595b808c2ebeeeb0478ffc30bb4e87a.php 第 171 行.
NOTIC: [8] Undefined variable: systembasic D:\phpStudy\WWW\Blog\Runtime\Cache\Admin\b595b808c2ebeeeb0478ffc30bb4e87a.php 第 174 行.
NOTIC: [8] Undefined variable: systemone D:\phpStudy\WWW\Blog\Runtime\Cache\Admin\b595b808c2ebeeeb0478ffc30bb4e87a.php 第 175 行.
NOTIC: [8] Undefined variable: systememail D:\phpStudy\WWW\Blog\Runtime\Cache\Admin\b595b808c2ebeeeb0478ffc30bb4e87a.php 第 176 行.
NOTIC: [8] Undefined variable: systemppt D:\phpStudy\WWW\Blog\Runtime\Cache\Admin\b595b808c2ebeeeb0478ffc30bb4e87a.php 第 177 行.
NOTIC: [8] Use of undefined constant ture - assumed 'ture' D:\phpStudy\WWW\Blog\Runtime\Cache\Admin\b595b808c2ebeeeb0478ffc30bb4e87a.php 第 274 行.
NOTIC: [8] Use of undefined constant ture - assumed 'ture' D:\phpStudy\WWW\Blog\Runtime\Cache\Admin\b595b808c2ebeeeb0478ffc30bb4e87a.php 第 263 行.
NOTIC: [8] Use of undefined constant ture - assumed 'ture' D:\phpStudy\WWW\Blog\Runtime\Cache\Admin\b595b808c2ebeeeb0478ffc30bb4e87a.php 第 285 行.
NOTIC: [8] Use of undefined constant ture - assumed 'ture' D:\phpStudy\WWW\Blog\Runtime\Cache\Admin\b595b808c2ebeeeb0478ffc30bb4e87a.php 第 307 行.
INFO: Run Behavior\ParseTemplateBehavior [ RunTime:0.095006s ]
INFO: [ view_parse ] --END-- [ RunTime:0.095006s ]
INFO: [ view_filter ] --START--
INFO: Run Behavior\WriteHtmlCacheBehavior [ RunTime:0.001000s ]
INFO: [ view_filter ] --END-- [ RunTime:0.001000s ]
INFO: [ app_end ] --START--
INFO: Run Behavior\ShowPageTraceBehavior [ RunTime:0.002000s ]
INFO: [ app_end ] --END-- [ RunTime:0.002000s ]

[ 2018-04-07T03:11:58+08:00 ] 127.0.0.1 /admin/index
INFO: [ app_init ] --START--
INFO: Run Behavior\BuildLiteBehavior [ RunTime:0.000000s ]
INFO: [ app_init ] --END-- [ RunTime:0.001000s ]
INFO: [ app_begin ] --START--
INFO: Run Behavior\ReadHtmlCacheBehavior [ RunTime:0.003000s ]
INFO: [ app_begin ] --END-- [ RunTime:0.003000s ]
SQL: SHOW COLUMNS FROM `lt_article` [ RunTime:0.0070s ]
SQL: SHOW COLUMNS FROM `lt_link` [ RunTime:0.0090s ]
SQL: SHOW COLUMNS FROM `lt_system` [ RunTime:0.0060s ]
SQL: SHOW COLUMNS FROM `lt_album` [ RunTime:0.0070s ]
SQL: SHOW COLUMNS FROM `lt_gust` [ RunTime:0.0070s ]
SQL: SHOW COLUMNS FROM `lt_say` [ RunTime:0.0090s ]
SQL: SHOW COLUMNS FROM `lt_version` [ RunTime:0.0060s ]
SQL: SHOW COLUMNS FROM `lt_picture` [ RunTime:0.0070s ]
SQL: SHOW COLUMNS FROM `lt_album_c` [ RunTime:0.0100s ]
SQL: SHOW COLUMNS FROM `lt_article_c` [ RunTime:0.0070s ]
SQL: SHOW COLUMNS FROM `lt_say_c` [ RunTime:0.0060s ]
SQL: SELECT `v_version` FROM `lt_version` ORDER BY v_id desc LIMIT 1   [ RunTime:0.0000s ]
NOTIC: [2] unlink(./Runtime/Temp/96a32ec0a4fa9a548081313989245c72.php): No such file or directory D:\phpStudy\WWW\Blog\ThinkPHP\Library\Think\Cache\Driver\File.class.php 第 157 行.
SQL: SELECT * FROM `lt_system` LIMIT 1   [ RunTime:0.0010s ]
SQL: SELECT COUNT(*) AS tp_count FROM `lt_say_c` LIMIT 1   [ RunTime:0.0010s ]
SQL: SELECT COUNT(*) AS tp_count FROM `lt_article_c` LIMIT 1   [ RunTime:0.0000s ]
SQL: SELECT COUNT(*) AS tp_count FROM `lt_album_c` LIMIT 1   [ RunTime:0.0000s ]
SQL: SELECT COUNT(*) AS tp_count FROM `lt_say` LIMIT 1   [ RunTime:0.0000s ]
SQL: SELECT COUNT(*) AS tp_count FROM `lt_article` LIMIT 1   [ RunTime:0.0000s ]
SQL: SELECT COUNT(*) AS tp_count FROM `lt_gust` LIMIT 1   [ RunTime:0.0010s ]
SQL: SELECT COUNT(*) AS tp_count FROM `lt_album` LIMIT 1   [ RunTime:0.0000s ]
SQL: SELECT COUNT(*) AS tp_count FROM `lt_picture` LIMIT 1   [ RunTime:0.0000s ]
SQL: SELECT COUNT(*) AS tp_count FROM `lt_link` LIMIT 1   [ RunTime:0.0000s ]
NOTIC: [8] Use of undefined constant ture - assumed 'ture' D:\phpStudy\WWW\Blog\Application\Admin\Controller\IndexController.class.php 第 43 行.
SQL: SHOW COLUMNS FROM `lt_article_c` [ RunTime:0.0070s ]
SQL: SELECT `ac_time` FROM `lt_article_c` UNION ALL SELECT sc_time FROM lt_say_c  UNION ALL SELECT alc_time FROM lt_album_c order by ac_time desc limit 0,5 [ RunTime:0.0010s ]
SQL: SELECT * FROM `lt_article_c` WHERE `ac_time` = 1486283901 LIMIT 1   [ RunTime:0.0010s ]
SQL: SELECT * FROM `lt_album_c` WHERE `alc_time` = 1486283901 LIMIT 1   [ RunTime:0.0000s ]
SQL: SELECT * FROM `lt_say_c` WHERE `sc_time` = 1486283901 LIMIT 1   [ RunTime:0.0000s ]
SQL: SELECT * FROM `lt_article_c` WHERE `ac_time` = 1486283651 LIMIT 1   [ RunTime:0.0010s ]
SQL: SELECT * FROM `lt_album_c` WHERE `alc_time` = 1486283651 LIMIT 1   [ RunTime:0.0010s ]
SQL: SELECT * FROM `lt_say_c` WHERE `sc_time` = 1486283651 LIMIT 1   [ RunTime:0.0000s ]
SQL: SELECT * FROM `lt_article_c` WHERE `ac_time` = 1486283315 LIMIT 1   [ RunTime:0.0000s ]
SQL: SELECT * FROM `lt_album_c` WHERE `alc_time` = 1486283315 LIMIT 1   [ RunTime:0.0010s ]
SQL: SELECT * FROM `lt_say_c` WHERE `sc_time` = 1486283315 LIMIT 1   [ RunTime:0.0000s ]
NOTIC: [8] Undefined offset: 3 D:\phpStudy\WWW\Blog\Application\Admin\Controller\IndexController.class.php 第 46 行.
SQL: SELECT * FROM `lt_article_c` WHERE `ac_time` = null LIMIT 1   [ RunTime:0.0000s ]
NOTIC: [8] Undefined offset: 3 D:\phpStudy\WWW\Blog\Application\Admin\Controller\IndexController.class.php 第 47 行.
SQL: SELECT * FROM `lt_album_c` WHERE `alc_time` = null LIMIT 1   [ RunTime:0.0010s ]
NOTIC: [8] Undefined offset: 3 D:\phpStudy\WWW\Blog\Application\Admin\Controller\IndexController.class.php 第 48 行.
SQL: SELECT * FROM `lt_say_c` WHERE `sc_time` = null LIMIT 1   [ RunTime:0.0000s ]
NOTIC: [8] Undefined offset: 4 D:\phpStudy\WWW\Blog\Application\Admin\Controller\IndexController.class.php 第 46 行.
SQL: SELECT * FROM `lt_article_c` WHERE `ac_time` = null LIMIT 1   [ RunTime:0.0000s ]
NOTIC: [8] Undefined offset: 4 D:\phpStudy\WWW\Blog\Application\Admin\Controller\IndexController.class.php 第 47 行.
SQL: SELECT * FROM `lt_album_c` WHERE `alc_time` = null LIMIT 1   [ RunTime:0.0010s ]
NOTIC: [8] Undefined offset: 4 D:\phpStudy\WWW\Blog\Application\Admin\Controller\IndexController.class.php 第 48 行.
SQL: SELECT * FROM `lt_say_c` WHERE `sc_time` = null LIMIT 1   [ RunTime:0.0000s ]
SQL: SELECT * FROM `lt_gust` WHERE ( g_rtime>0 ) ORDER BY g_time desc LIMIT 5   [ RunTime:0.0000s ]
INFO: [ view_parse ] --START--
INFO: [ template_filter ] --START--
INFO: Run Behavior\ContentReplaceBehavior [ RunTime:0.001000s ]
INFO: [ template_filter ] --END-- [ RunTime:0.001000s ]
NOTIC: [8] Undefined variable: add D:\phpStudy\WWW\Blog\Runtime\Cache\Admin\b595b808c2ebeeeb0478ffc30bb4e87a.php 第 103 行.
NOTIC: [8] Undefined variable: say D:\phpStudy\WWW\Blog\Runtime\Cache\Admin\b595b808c2ebeeeb0478ffc30bb4e87a.php 第 106 行.
NOTIC: [8] Undefined variable: saylist D:\phpStudy\WWW\Blog\Runtime\Cache\Admin\b595b808c2ebeeeb0478ffc30bb4e87a.php 第 107 行.
NOTIC: [8] Undefined variable: add D:\phpStudy\WWW\Blog\Runtime\Cache\Admin\b595b808c2ebeeeb0478ffc30bb4e87a.php 第 110 行.
NOTIC: [8] Undefined variable: article D:\phpStudy\WWW\Blog\Runtime\Cache\Admin\b595b808c2ebeeeb0478ffc30bb4e87a.php 第 113 行.
NOTIC: [8] Undefined variable: articlelist D:\phpStudy\WWW\Blog\Runtime\Cache\Admin\b595b808c2ebeeeb0478ffc30bb4e87a.php 第 114 行.
NOTIC: [8] Undefined variable: content D:\phpStudy\WWW\Blog\Runtime\Cache\Admin\b595b808c2ebeeeb0478ffc30bb4e87a.php 第 118 行.
NOTIC: [8] Undefined variable: saycontent D:\phpStudy\WWW\Blog\Runtime\Cache\Admin\b595b808c2ebeeeb0478ffc30bb4e87a.php 第 121 行.
NOTIC: [8] Undefined variable: articlecontent D:\phpStudy\WWW\Blog\Runtime\Cache\Admin\b595b808c2ebeeeb0478ffc30bb4e87a.php 第 122 行.
NOTIC: [8] Undefined variable: gustcontent D:\phpStudy\WWW\Blog\Runtime\Cache\Admin\b595b808c2ebeeeb0478ffc30bb4e87a.php 第 123 行.
NOTIC: [8] Undefined variable: albumcontent D:\phpStudy\WWW\Blog\Runtime\Cache\Admin\b595b808c2ebeeeb0478ffc30bb4e87a.php 第 124 行.
NOTIC: [8] Undefined index: class D:\phpStudy\WWW\Blog\Runtime\Cache\Admin\b595b808c2ebeeeb0478ffc30bb4e87a.php 第 127 行.
NOTIC: [8] Undefined variable: tag D:\phpStudy\WWW\Blog\Runtime\Cache\Admin\b595b808c2ebeeeb0478ffc30bb4e87a.php 第 134 行.
NOTIC: [8] Undefined variable: tagadd D:\phpStudy\WWW\Blog\Runtime\Cache\Admin\b595b808c2ebeeeb0478ffc30bb4e87a.php 第 137 行.
NOTIC: [8] Undefined variable: taglist D:\phpStudy\WWW\Blog\Runtime\Cache\Admin\b595b808c2ebeeeb0478ffc30bb4e87a.php 第 138 行.
NOTIC: [8] Undefined variable: link D:\phpStudy\WWW\Blog\Runtime\Cache\Admin\b595b808c2ebeeeb0478ffc30bb4e87a.php 第 141 行.
NOTIC: [8] Undefined variable: linkadd D:\phpStudy\WWW\Blog\Runtime\Cache\Admin\b595b808c2ebeeeb0478ffc30bb4e87a.php 第 144 行.
NOTIC: [8] Undefined variable: linklist D:\phpStudy\WWW\Blog\Runtime\Cache\Admin\b595b808c2ebeeeb0478ffc30bb4e87a.php 第 145 行.
NOTIC: [8] Undefined variable: album D:\phpStudy\WWW\Blog\Runtime\Cache\Admin\b595b808c2ebeeeb0478ffc30bb4e87a.php 第 149 行.
NOTIC: [8] Undefined variable: albumadd D:\phpStudy\WWW\Blog\Runtime\Cache\Admin\b595b808c2ebeeeb0478ffc30bb4e87a.php 第 152 行.
NOTIC: [8] Undefined variable: albumlist D:\phpStudy\WWW\Blog\Runtime\Cache\Admin\b595b808c2ebeeeb0478ffc30bb4e87a.php 第 153 行.
NOTIC: [8] Undefined variable: picture D:\phpStudy\WWW\Blog\Runtime\Cache\Admin\b595b808c2ebeeeb0478ffc30bb4e87a.php 第 157 行.
NOTIC: [8] Undefined variable: pictureadd D:\phpStudy\WWW\Blog\Runtime\Cache\Admin\b595b808c2ebeeeb0478ffc30bb4e87a.php 第 160 行.
NOTIC: [8] Undefined variable: picturelist D:\phpStudy\WWW\Blog\Runtime\Cache\Admin\b595b808c2ebeeeb0478ffc30bb4e87a.php 第 161 行.
NOTIC: [8] Undefined variable: add D:\phpStudy\WWW\Blog\Runtime\Cache\Admin\b595b808c2ebeeeb0478ffc30bb4e87a.php 第 164 行.
NOTIC: [8] Undefined variable: article D:\phpStudy\WWW\Blog\Runtime\Cache\Admin\b595b808c2ebeeeb0478ffc30bb4e87a.php 第 167 行.
NOTIC: [8] Undefined variable: versionlist D:\phpStudy\WWW\Blog\Runtime\Cache\Admin\b595b808c2ebeeeb0478ffc30bb4e87a.php 第 168 行.
NOTIC: [8] Array to string conversion D:\phpStudy\WWW\Blog\Runtime\Cache\Admin\b595b808c2ebeeeb0478ffc30bb4e87a.php 第 171 行.
NOTIC: [8] Undefined variable: systembasic D:\phpStudy\WWW\Blog\Runtime\Cache\Admin\b595b808c2ebeeeb0478ffc30bb4e87a.php 第 174 行.
NOTIC: [8] Undefined variable: systemone D:\phpStudy\WWW\Blog\Runtime\Cache\Admin\b595b808c2ebeeeb0478ffc30bb4e87a.php 第 175 行.
NOTIC: [8] Undefined variable: systememail D:\phpStudy\WWW\Blog\Runtime\Cache\Admin\b595b808c2ebeeeb0478ffc30bb4e87a.php 第 176 行.
NOTIC: [8] Undefined variable: systemppt D:\phpStudy\WWW\Blog\Runtime\Cache\Admin\b595b808c2ebeeeb0478ffc30bb4e87a.php 第 177 行.
NOTIC: [8] Use of undefined constant ture - assumed 'ture' D:\phpStudy\WWW\Blog\Runtime\Cache\Admin\b595b808c2ebeeeb0478ffc30bb4e87a.php 第 274 行.
NOTIC: [8] Use of undefined constant ture - assumed 'ture' D:\phpStudy\WWW\Blog\Runtime\Cache\Admin\b595b808c2ebeeeb0478ffc30bb4e87a.php 第 263 行.
NOTIC: [8] Use of undefined constant ture - assumed 'ture' D:\phpStudy\WWW\Blog\Runtime\Cache\Admin\b595b808c2ebeeeb0478ffc30bb4e87a.php 第 285 行.
NOTIC: [8] Use of undefined constant ture - assumed 'ture' D:\phpStudy\WWW\Blog\Runtime\Cache\Admin\b595b808c2ebeeeb0478ffc30bb4e87a.php 第 307 行.
INFO: Run Behavior\ParseTemplateBehavior [ RunTime:0.050002s ]
INFO: [ view_parse ] --END-- [ RunTime:0.050002s ]
INFO: [ view_filter ] --START--
INFO: Run Behavior\WriteHtmlCacheBehavior [ RunTime:0.002001s ]
INFO: [ view_filter ] --END-- [ RunTime:0.002001s ]
INFO: [ app_end ] --START--
INFO: Run Behavior\ShowPageTraceBehavior [ RunTime:0.001000s ]
INFO: [ app_end ] --END-- [ RunTime:0.001000s ]

[ 2018-04-07T03:12:01+08:00 ] 127.0.0.1 /Admin/Picture/add.html
INFO: [ app_init ] --START--
INFO: Run Behavior\BuildLiteBehavior [ RunTime:0.000000s ]
INFO: [ app_init ] --END-- [ RunTime:0.001000s ]
INFO: [ app_begin ] --START--
INFO: Run Behavior\ReadHtmlCacheBehavior [ RunTime:0.002000s ]
INFO: [ app_begin ] --END-- [ RunTime:0.002000s ]
SQL: SELECT * FROM `lt_album`  [ RunTime:0.0000s ]
INFO: [ view_parse ] --START--
INFO: [ template_filter ] --START--
INFO: Run Behavior\ContentReplaceBehavior [ RunTime:0.001000s ]
INFO: [ template_filter ] --END-- [ RunTime:0.001000s ]
NOTIC: [8] Undefined variable: index D:\phpStudy\WWW\Blog\Runtime\Cache\Admin\ce08fc67e5d01d678730bcb4d0fa52cb.php 第 101 行.
NOTIC: [8] Undefined variable: add D:\phpStudy\WWW\Blog\Runtime\Cache\Admin\ce08fc67e5d01d678730bcb4d0fa52cb.php 第 103 行.
NOTIC: [8] Undefined variable: say D:\phpStudy\WWW\Blog\Runtime\Cache\Admin\ce08fc67e5d01d678730bcb4d0fa52cb.php 第 106 行.
NOTIC: [8] Undefined variable: saylist D:\phpStudy\WWW\Blog\Runtime\Cache\Admin\ce08fc67e5d01d678730bcb4d0fa52cb.php 第 107 行.
NOTIC: [8] Undefined variable: add D:\phpStudy\WWW\Blog\Runtime\Cache\Admin\ce08fc67e5d01d678730bcb4d0fa52cb.php 第 110 行.
NOTIC: [8] Undefined variable: article D:\phpStudy\WWW\Blog\Runtime\Cache\Admin\ce08fc67e5d01d678730bcb4d0fa52cb.php 第 113 行.
NOTIC: [8] Undefined variable: articlelist D:\phpStudy\WWW\Blog\Runtime\Cache\Admin\ce08fc67e5d01d678730bcb4d0fa52cb.php 第 114 行.
NOTIC: [8] Undefined variable: content D:\phpStudy\WWW\Blog\Runtime\Cache\Admin\ce08fc67e5d01d678730bcb4d0fa52cb.php 第 118 行.
NOTIC: [8] Undefined variable: saycontent D:\phpStudy\WWW\Blog\Runtime\Cache\Admin\ce08fc67e5d01d678730bcb4d0fa52cb.php 第 121 行.
NOTIC: [8] Undefined variable: articlecontent D:\phpStudy\WWW\Blog\Runtime\Cache\Admin\ce08fc67e5d01d678730bcb4d0fa52cb.php 第 122 行.
NOTIC: [8] Undefined variable: gustcontent D:\phpStudy\WWW\Blog\Runtime\Cache\Admin\ce08fc67e5d01d678730bcb4d0fa52cb.php 第 123 行.
NOTIC: [8] Undefined variable: albumcontent D:\phpStudy\WWW\Blog\Runtime\Cache\Admin\ce08fc67e5d01d678730bcb4d0fa52cb.php 第 124 行.
NOTIC: [8] Undefined index: class D:\phpStudy\WWW\Blog\Runtime\Cache\Admin\ce08fc67e5d01d678730bcb4d0fa52cb.php 第 127 行.
NOTIC: [8] Undefined variable: tag D:\phpStudy\WWW\Blog\Runtime\Cache\Admin\ce08fc67e5d01d678730bcb4d0fa52cb.php 第 134 行.
NOTIC: [8] Undefined variable: tagadd D:\phpStudy\WWW\Blog\Runtime\Cache\Admin\ce08fc67e5d01d678730bcb4d0fa52cb.php 第 137 行.
NOTIC: [8] Undefined variable: taglist D:\phpStudy\WWW\Blog\Runtime\Cache\Admin\ce08fc67e5d01d678730bcb4d0fa52cb.php 第 138 行.
NOTIC: [8] Undefined variable: link D:\phpStudy\WWW\Blog\Runtime\Cache\Admin\ce08fc67e5d01d678730bcb4d0fa52cb.php 第 141 行.
NOTIC: [8] Undefined variable: linkadd D:\phpStudy\WWW\Blog\Runtime\Cache\Admin\ce08fc67e5d01d678730bcb4d0fa52cb.php 第 144 行.
NOTIC: [8] Undefined variable: linklist D:\phpStudy\WWW\Blog\Runtime\Cache\Admin\ce08fc67e5d01d678730bcb4d0fa52cb.php 第 145 行.
NOTIC: [8] Undefined variable: album D:\phpStudy\WWW\Blog\Runtime\Cache\Admin\ce08fc67e5d01d678730bcb4d0fa52cb.php 第 149 行.
NOTIC: [8] Undefined variable: albumadd D:\phpStudy\WWW\Blog\Runtime\Cache\Admin\ce08fc67e5d01d678730bcb4d0fa52cb.php 第 152 行.
NOTIC: [8] Undefined variable: albumlist D:\phpStudy\WWW\Blog\Runtime\Cache\Admin\ce08fc67e5d01d678730bcb4d0fa52cb.php 第 153 行.
NOTIC: [8] Undefined variable: picture D:\phpStudy\WWW\Blog\Runtime\Cache\Admin\ce08fc67e5d01d678730bcb4d0fa52cb.php 第 157 行.
NOTIC: [8] Undefined variable: pictureadd D:\phpStudy\WWW\Blog\Runtime\Cache\Admin\ce08fc67e5d01d678730bcb4d0fa52cb.php 第 160 行.
NOTIC: [8] Undefined variable: picturelist D:\phpStudy\WWW\Blog\Runtime\Cache\Admin\ce08fc67e5d01d678730bcb4d0fa52cb.php 第 161 行.
NOTIC: [8] Undefined variable: add D:\phpStudy\WWW\Blog\Runtime\Cache\Admin\ce08fc67e5d01d678730bcb4d0fa52cb.php 第 164 行.
NOTIC: [8] Undefined variable: article D:\phpStudy\WWW\Blog\Runtime\Cache\Admin\ce08fc67e5d01d678730bcb4d0fa52cb.php 第 167 行.
NOTIC: [8] Undefined variable: versionlist D:\phpStudy\WWW\Blog\Runtime\Cache\Admin\ce08fc67e5d01d678730bcb4d0fa52cb.php 第 168 行.
NOTIC: [8] Undefined variable: system D:\phpStudy\WWW\Blog\Runtime\Cache\Admin\ce08fc67e5d01d678730bcb4d0fa52cb.php 第 171 行.
NOTIC: [8] Undefined variable: systembasic D:\phpStudy\WWW\Blog\Runtime\Cache\Admin\ce08fc67e5d01d678730bcb4d0fa52cb.php 第 174 行.
NOTIC: [8] Undefined variable: systemone D:\phpStudy\WWW\Blog\Runtime\Cache\Admin\ce08fc67e5d01d678730bcb4d0fa52cb.php 第 175 行.
NOTIC: [8] Undefined variable: systememail D:\phpStudy\WWW\Blog\Runtime\Cache\Admin\ce08fc67e5d01d678730bcb4d0fa52cb.php 第 176 行.
NOTIC: [8] Undefined variable: systemppt D:\phpStudy\WWW\Blog\Runtime\Cache\Admin\ce08fc67e5d01d678730bcb4d0fa52cb.php 第 177 行.
NOTIC: [8] Undefined variable: info D:\phpStudy\WWW\Blog\Runtime\Cache\Admin\ce08fc67e5d01d678730bcb4d0fa52cb.php 第 248 行.
INFO: Run Behavior\ParseTemplateBehavior [ RunTime:0.037002s ]
INFO: [ view_parse ] --END-- [ RunTime:0.037002s ]
INFO: [ view_filter ] --START--
INFO: Run Behavior\WriteHtmlCacheBehavior [ RunTime:0.001000s ]
INFO: [ view_filter ] --END-- [ RunTime:0.001000s ]
INFO: [ app_end ] --START--
INFO: Run Behavior\ShowPageTraceBehavior [ RunTime:0.001000s ]
INFO: [ app_end ] --END-- [ RunTime:0.001000s ]

[ 2018-04-07T03:12:44+08:00 ] 127.0.0.1 /Admin/Picture/add.html
INFO: [ app_init ] --START--
INFO: Run Behavior\BuildLiteBehavior [ RunTime:0.000000s ]
INFO: [ app_init ] --END-- [ RunTime:0.001000s ]
INFO: [ app_begin ] --START--
INFO: Run Behavior\ReadHtmlCacheBehavior [ RunTime:0.001000s ]
INFO: [ app_begin ] --END-- [ RunTime:0.001000s ]
NOTIC: [8] Undefined index: validate D:\phpStudy\WWW\Blog\ThinkPHP\Library\Think\Model.class.php 第 1201 行.
NOTIC: [8] Undefined index: auto D:\phpStudy\WWW\Blog\ThinkPHP\Library\Think\Model.class.php 第 1142 行.
NOTIC: [2] call_user_func() expects parameter 1 to be a valid callback, no array or string given D:\phpStudy\WWW\Blog\ThinkPHP\Library\Think\Upload.class.php 第 170 行.
SQL: INSERT INTO `lt_picture` (`p_pid`,`p_time`,`p_view`,`p_remark`,`p_root`,`p_ip`,`p_from`,`p_img`,`p_thumb`) VALUES ('1','1523041957','1','guyfu','zd','127.0.0.1','Win 7','Uploads/Album/5ac7c6aca784f.jpg','Uploads/Thumb/thumb_5ac7c6aca784f.jpg') [ RunTime:0.0180s ]

[ 2018-04-07T03:12:53+08:00 ] 127.0.0.1 /Admin/Picture/add.html
INFO: [ app_init ] --START--
INFO: Run Behavior\BuildLiteBehavior [ RunTime:0.000000s ]
INFO: [ app_init ] --END-- [ RunTime:0.001000s ]
INFO: [ app_begin ] --START--
INFO: Run Behavior\ReadHtmlCacheBehavior [ RunTime:0.001000s ]
INFO: [ app_begin ] --END-- [ RunTime:0.002000s ]
NOTIC: [8] Undefined index: validate D:\phpStudy\WWW\Blog\ThinkPHP\Library\Think\Model.class.php 第 1201 行.
NOTIC: [8] Undefined index: auto D:\phpStudy\WWW\Blog\ThinkPHP\Library\Think\Model.class.php 第 1142 行.
NOTIC: [2] call_user_func() expects parameter 1 to be a valid callback, no array or string given D:\phpStudy\WWW\Blog\ThinkPHP\Library\Think\Upload.class.php 第 170 行.
SQL: INSERT INTO `lt_picture` (`p_pid`,`p_time`,`p_view`,`p_remark`,`p_root`,`p_ip`,`p_from`,`p_img`,`p_thumb`) VALUES ('1','1523041957','1','guyfu','zd','127.0.0.1','Win 7','Uploads/Album/5ac7c6b4e98d8.jpg','Uploads/Thumb/thumb_5ac7c6b4e98d8.jpg') [ RunTime:0.0020s ]

[ 2018-04-07T03:14:17+08:00 ] 127.0.0.1 /Admin/Picture/add.html
INFO: [ app_init ] --START--
INFO: Run Behavior\BuildLiteBehavior [ RunTime:0.000000s ]
INFO: [ app_init ] --END-- [ RunTime:0.000000s ]
INFO: [ app_begin ] --START--
INFO: Run Behavior\ReadHtmlCacheBehavior [ RunTime:0.002000s ]
INFO: [ app_begin ] --END-- [ RunTime:0.002000s ]
NOTIC: [8] Undefined index: validate D:\phpStudy\WWW\Blog\ThinkPHP\Library\Think\Model.class.php 第 1201 行.
NOTIC: [8] Undefined index: auto D:\phpStudy\WWW\Blog\ThinkPHP\Library\Think\Model.class.php 第 1142 行.
NOTIC: [2] call_user_func() expects parameter 1 to be a valid callback, no array or string given D:\phpStudy\WWW\Blog\ThinkPHP\Library\Think\Upload.class.php 第 170 行.
SQL: INSERT INTO `lt_picture` (`p_pid`,`p_time`,`p_view`,`p_remark`,`p_root`,`p_ip`,`p_from`,`p_img`,`p_thumb`) VALUES ('1','1523041957','1','guyfu','zd','127.0.0.1','Win 7','Uploads/Album/5ac7c70981825.jpg','Uploads/Thumb/thumb_5ac7c70981825.jpg') [ RunTime:0.0010s ]

[ 2018-04-07T03:15:51+08:00 ] 127.0.0.1 /Admin/Picture/add.html
INFO: [ app_init ] --START--
INFO: Run Behavior\BuildLiteBehavior [ RunTime:0.000000s ]
INFO: [ app_init ] --END-- [ RunTime:0.003001s ]
INFO: [ app_begin ] --START--
INFO: Run Behavior\ReadHtmlCacheBehavior [ RunTime:0.001000s ]
INFO: [ app_begin ] --END-- [ RunTime:0.002000s ]
SQL: SELECT * FROM `lt_album`  [ RunTime:0.0010s ]
INFO: [ view_parse ] --START--
INFO: [ template_filter ] --START--
INFO: Run Behavior\ContentReplaceBehavior [ RunTime:0.001000s ]
INFO: [ template_filter ] --END-- [ RunTime:0.001000s ]
NOTIC: [8] Undefined variable: index D:\phpStudy\WWW\Blog\Runtime\Cache\Admin\ce08fc67e5d01d678730bcb4d0fa52cb.php 第 101 行.
NOTIC: [8] Undefined variable: add D:\phpStudy\WWW\Blog\Runtime\Cache\Admin\ce08fc67e5d01d678730bcb4d0fa52cb.php 第 103 行.
NOTIC: [8] Undefined variable: say D:\phpStudy\WWW\Blog\Runtime\Cache\Admin\ce08fc67e5d01d678730bcb4d0fa52cb.php 第 106 行.
NOTIC: [8] Undefined variable: saylist D:\phpStudy\WWW\Blog\Runtime\Cache\Admin\ce08fc67e5d01d678730bcb4d0fa52cb.php 第 107 行.
NOTIC: [8] Undefined variable: add D:\phpStudy\WWW\Blog\Runtime\Cache\Admin\ce08fc67e5d01d678730bcb4d0fa52cb.php 第 110 行.
NOTIC: [8] Undefined variable: article D:\phpStudy\WWW\Blog\Runtime\Cache\Admin\ce08fc67e5d01d678730bcb4d0fa52cb.php 第 113 行.
NOTIC: [8] Undefined variable: articlelist D:\phpStudy\WWW\Blog\Runtime\Cache\Admin\ce08fc67e5d01d678730bcb4d0fa52cb.php 第 114 行.
NOTIC: [8] Undefined variable: content D:\phpStudy\WWW\Blog\Runtime\Cache\Admin\ce08fc67e5d01d678730bcb4d0fa52cb.php 第 118 行.
NOTIC: [8] Undefined variable: saycontent D:\phpStudy\WWW\Blog\Runtime\Cache\Admin\ce08fc67e5d01d678730bcb4d0fa52cb.php 第 121 行.
NOTIC: [8] Undefined variable: articlecontent D:\phpStudy\WWW\Blog\Runtime\Cache\Admin\ce08fc67e5d01d678730bcb4d0fa52cb.php 第 122 行.
NOTIC: [8] Undefined variable: gustcontent D:\phpStudy\WWW\Blog\Runtime\Cache\Admin\ce08fc67e5d01d678730bcb4d0fa52cb.php 第 123 行.
NOTIC: [8] Undefined variable: albumcontent D:\phpStudy\WWW\Blog\Runtime\Cache\Admin\ce08fc67e5d01d678730bcb4d0fa52cb.php 第 124 行.
NOTIC: [8] Undefined index: class D:\phpStudy\WWW\Blog\Runtime\Cache\Admin\ce08fc67e5d01d678730bcb4d0fa52cb.php 第 127 行.
NOTIC: [8] Undefined variable: tag D:\phpStudy\WWW\Blog\Runtime\Cache\Admin\ce08fc67e5d01d678730bcb4d0fa52cb.php 第 134 行.
NOTIC: [8] Undefined variable: tagadd D:\phpStudy\WWW\Blog\Runtime\Cache\Admin\ce08fc67e5d01d678730bcb4d0fa52cb.php 第 137 行.
NOTIC: [8] Undefined variable: taglist D:\phpStudy\WWW\Blog\Runtime\Cache\Admin\ce08fc67e5d01d678730bcb4d0fa52cb.php 第 138 行.
NOTIC: [8] Undefined variable: link D:\phpStudy\WWW\Blog\Runtime\Cache\Admin\ce08fc67e5d01d678730bcb4d0fa52cb.php 第 141 行.
NOTIC: [8] Undefined variable: linkadd D:\phpStudy\WWW\Blog\Runtime\Cache\Admin\ce08fc67e5d01d678730bcb4d0fa52cb.php 第 144 行.
NOTIC: [8] Undefined variable: linklist D:\phpStudy\WWW\Blog\Runtime\Cache\Admin\ce08fc67e5d01d678730bcb4d0fa52cb.php 第 145 行.
NOTIC: [8] Undefined variable: album D:\phpStudy\WWW\Blog\Runtime\Cache\Admin\ce08fc67e5d01d678730bcb4d0fa52cb.php 第 149 行.
NOTIC: [8] Undefined variable: albumadd D:\phpStudy\WWW\Blog\Runtime\Cache\Admin\ce08fc67e5d01d678730bcb4d0fa52cb.php 第 152 行.
NOTIC: [8] Undefined variable: albumlist D:\phpStudy\WWW\Blog\Runtime\Cache\Admin\ce08fc67e5d01d678730bcb4d0fa52cb.php 第 153 行.
NOTIC: [8] Undefined variable: picture D:\phpStudy\WWW\Blog\Runtime\Cache\Admin\ce08fc67e5d01d678730bcb4d0fa52cb.php 第 157 行.
NOTIC: [8] Undefined variable: pictureadd D:\phpStudy\WWW\Blog\Runtime\Cache\Admin\ce08fc67e5d01d678730bcb4d0fa52cb.php 第 160 行.
NOTIC: [8] Undefined variable: picturelist D:\phpStudy\WWW\Blog\Runtime\Cache\Admin\ce08fc67e5d01d678730bcb4d0fa52cb.php 第 161 行.
NOTIC: [8] Undefined variable: add D:\phpStudy\WWW\Blog\Runtime\Cache\Admin\ce08fc67e5d01d678730bcb4d0fa52cb.php 第 164 行.
NOTIC: [8] Undefined variable: article D:\phpStudy\WWW\Blog\Runtime\Cache\Admin\ce08fc67e5d01d678730bcb4d0fa52cb.php 第 167 行.
NOTIC: [8] Undefined variable: versionlist D:\phpStudy\WWW\Blog\Runtime\Cache\Admin\ce08fc67e5d01d678730bcb4d0fa52cb.php 第 168 行.
NOTIC: [8] Undefined variable: system D:\phpStudy\WWW\Blog\Runtime\Cache\Admin\ce08fc67e5d01d678730bcb4d0fa52cb.php 第 171 行.
NOTIC: [8] Undefined variable: systembasic D:\phpStudy\WWW\Blog\Runtime\Cache\Admin\ce08fc67e5d01d678730bcb4d0fa52cb.php 第 174 行.
NOTIC: [8] Undefined variable: systemone D:\phpStudy\WWW\Blog\Runtime\Cache\Admin\ce08fc67e5d01d678730bcb4d0fa52cb.php 第 175 行.
NOTIC: [8] Undefined variable: systememail D:\phpStudy\WWW\Blog\Runtime\Cache\Admin\ce08fc67e5d01d678730bcb4d0fa52cb.php 第 176 行.
NOTIC: [8] Undefined variable: systemppt D:\phpStudy\WWW\Blog\Runtime\Cache\Admin\ce08fc67e5d01d678730bcb4d0fa52cb.php 第 177 行.
NOTIC: [8] Undefined variable: info D:\phpStudy\WWW\Blog\Runtime\Cache\Admin\ce08fc67e5d01d678730bcb4d0fa52cb.php 第 248 行.
INFO: Run Behavior\ParseTemplateBehavior [ RunTime:0.033002s ]
INFO: [ view_parse ] --END-- [ RunTime:0.033002s ]
INFO: [ view_filter ] --START--
INFO: Run Behavior\WriteHtmlCacheBehavior [ RunTime:0.002000s ]
INFO: [ view_filter ] --END-- [ RunTime:0.002000s ]
INFO: [ app_end ] --START--
INFO: Run Behavior\ShowPageTraceBehavior [ RunTime:0.002000s ]
INFO: [ app_end ] --END-- [ RunTime:0.002000s ]

[ 2018-04-07T03:15:54+08:00 ] 127.0.0.1 /Admin/Picture/add.html
INFO: [ app_init ] --START--
INFO: Run Behavior\BuildLiteBehavior [ RunTime:0.000000s ]
INFO: [ app_init ] --END-- [ RunTime:0.000000s ]
INFO: [ app_begin ] --START--
INFO: Run Behavior\ReadHtmlCacheBehavior [ RunTime:0.001000s ]
INFO: [ app_begin ] --END-- [ RunTime:0.001000s ]
NOTIC: [8] Undefined index: validate D:\phpStudy\WWW\Blog\ThinkPHP\Library\Think\Model.class.php 第 1201 行.

[ 2018-04-07T03:16:01+08:00 ] 127.0.0.1 /Admin/Picture/add.html
INFO: [ app_init ] --START--
INFO: Run Behavior\BuildLiteBehavior [ RunTime:0.000000s ]
INFO: [ app_init ] --END-- [ RunTime:0.001000s ]
INFO: [ app_begin ] --START--
INFO: Run Behavior\ReadHtmlCacheBehavior [ RunTime:0.002000s ]
INFO: [ app_begin ] --END-- [ RunTime:0.002000s ]
NOTIC: [8] Undefined index: validate D:\phpStudy\WWW\Blog\ThinkPHP\Library\Think\Model.class.php 第 1201 行.

[ 2018-04-07T03:16:02+08:00 ] 127.0.0.1 /Admin/Picture/add.html
INFO: [ app_init ] --START--
INFO: Run Behavior\BuildLiteBehavior [ RunTime:0.000000s ]
INFO: [ app_init ] --END-- [ RunTime:0.001000s ]
INFO: [ app_begin ] --START--
INFO: Run Behavior\ReadHtmlCacheBehavior [ RunTime:0.001000s ]
INFO: [ app_begin ] --END-- [ RunTime:0.001000s ]
NOTIC: [8] Undefined index: validate D:\phpStudy\WWW\Blog\ThinkPHP\Library\Think\Model.class.php 第 1201 行.

[ 2018-04-07T03:16:49+08:00 ] 127.0.0.1 /Admin/Picture/add.html
INFO: [ app_init ] --START--
INFO: Run Behavior\BuildLiteBehavior [ RunTime:0.000000s ]
INFO: [ app_init ] --END-- [ RunTime:0.001000s ]
INFO: [ app_begin ] --START--
INFO: Run Behavior\ReadHtmlCacheBehavior [ RunTime:0.002000s ]
INFO: [ app_begin ] --END-- [ RunTime:0.002000s ]
SQL: SELECT * FROM `lt_album`  [ RunTime:0.0010s ]
INFO: [ view_parse ] --START--
INFO: [ template_filter ] --START--
INFO: Run Behavior\ContentReplaceBehavior [ RunTime:0.001000s ]
INFO: [ template_filter ] --END-- [ RunTime:0.001000s ]
NOTIC: [8] Undefined variable: index D:\phpStudy\WWW\Blog\Runtime\Cache\Admin\ce08fc67e5d01d678730bcb4d0fa52cb.php 第 101 行.
NOTIC: [8] Undefined variable: add D:\phpStudy\WWW\Blog\Runtime\Cache\Admin\ce08fc67e5d01d678730bcb4d0fa52cb.php 第 103 行.
NOTIC: [8] Undefined variable: say D:\phpStudy\WWW\Blog\Runtime\Cache\Admin\ce08fc67e5d01d678730bcb4d0fa52cb.php 第 106 行.
NOTIC: [8] Undefined variable: saylist D:\phpStudy\WWW\Blog\Runtime\Cache\Admin\ce08fc67e5d01d678730bcb4d0fa52cb.php 第 107 行.
NOTIC: [8] Undefined variable: add D:\phpStudy\WWW\Blog\Runtime\Cache\Admin\ce08fc67e5d01d678730bcb4d0fa52cb.php 第 110 行.
NOTIC: [8] Undefined variable: article D:\phpStudy\WWW\Blog\Runtime\Cache\Admin\ce08fc67e5d01d678730bcb4d0fa52cb.php 第 113 行.
NOTIC: [8] Undefined variable: articlelist D:\phpStudy\WWW\Blog\Runtime\Cache\Admin\ce08fc67e5d01d678730bcb4d0fa52cb.php 第 114 行.
NOTIC: [8] Undefined variable: content D:\phpStudy\WWW\Blog\Runtime\Cache\Admin\ce08fc67e5d01d678730bcb4d0fa52cb.php 第 118 行.
NOTIC: [8] Undefined variable: saycontent D:\phpStudy\WWW\Blog\Runtime\Cache\Admin\ce08fc67e5d01d678730bcb4d0fa52cb.php 第 121 行.
NOTIC: [8] Undefined variable: articlecontent D:\phpStudy\WWW\Blog\Runtime\Cache\Admin\ce08fc67e5d01d678730bcb4d0fa52cb.php 第 122 行.
NOTIC: [8] Undefined variable: gustcontent D:\phpStudy\WWW\Blog\Runtime\Cache\Admin\ce08fc67e5d01d678730bcb4d0fa52cb.php 第 123 行.
NOTIC: [8] Undefined variable: albumcontent D:\phpStudy\WWW\Blog\Runtime\Cache\Admin\ce08fc67e5d01d678730bcb4d0fa52cb.php 第 124 行.
NOTIC: [8] Undefined index: class D:\phpStudy\WWW\Blog\Runtime\Cache\Admin\ce08fc67e5d01d678730bcb4d0fa52cb.php 第 127 行.
NOTIC: [8] Undefined variable: tag D:\phpStudy\WWW\Blog\Runtime\Cache\Admin\ce08fc67e5d01d678730bcb4d0fa52cb.php 第 134 行.
NOTIC: [8] Undefined variable: tagadd D:\phpStudy\WWW\Blog\Runtime\Cache\Admin\ce08fc67e5d01d678730bcb4d0fa52cb.php 第 137 行.
NOTIC: [8] Undefined variable: taglist D:\phpStudy\WWW\Blog\Runtime\Cache\Admin\ce08fc67e5d01d678730bcb4d0fa52cb.php 第 138 行.
NOTIC: [8] Undefined variable: link D:\phpStudy\WWW\Blog\Runtime\Cache\Admin\ce08fc67e5d01d678730bcb4d0fa52cb.php 第 141 行.
NOTIC: [8] Undefined variable: linkadd D:\phpStudy\WWW\Blog\Runtime\Cache\Admin\ce08fc67e5d01d678730bcb4d0fa52cb.php 第 144 行.
NOTIC: [8] Undefined variable: linklist D:\phpStudy\WWW\Blog\Runtime\Cache\Admin\ce08fc67e5d01d678730bcb4d0fa52cb.php 第 145 行.
NOTIC: [8] Undefined variable: album D:\phpStudy\WWW\Blog\Runtime\Cache\Admin\ce08fc67e5d01d678730bcb4d0fa52cb.php 第 149 行.
NOTIC: [8] Undefined variable: albumadd D:\phpStudy\WWW\Blog\Runtime\Cache\Admin\ce08fc67e5d01d678730bcb4d0fa52cb.php 第 152 行.
NOTIC: [8] Undefined variable: albumlist D:\phpStudy\WWW\Blog\Runtime\Cache\Admin\ce08fc67e5d01d678730bcb4d0fa52cb.php 第 153 行.
NOTIC: [8] Undefined variable: picture D:\phpStudy\WWW\Blog\Runtime\Cache\Admin\ce08fc67e5d01d678730bcb4d0fa52cb.php 第 157 行.
NOTIC: [8] Undefined variable: pictureadd D:\phpStudy\WWW\Blog\Runtime\Cache\Admin\ce08fc67e5d01d678730bcb4d0fa52cb.php 第 160 行.
NOTIC: [8] Undefined variable: picturelist D:\phpStudy\WWW\Blog\Runtime\Cache\Admin\ce08fc67e5d01d678730bcb4d0fa52cb.php 第 161 行.
NOTIC: [8] Undefined variable: add D:\phpStudy\WWW\Blog\Runtime\Cache\Admin\ce08fc67e5d01d678730bcb4d0fa52cb.php 第 164 行.
NOTIC: [8] Undefined variable: article D:\phpStudy\WWW\Blog\Runtime\Cache\Admin\ce08fc67e5d01d678730bcb4d0fa52cb.php 第 167 行.
NOTIC: [8] Undefined variable: versionlist D:\phpStudy\WWW\Blog\Runtime\Cache\Admin\ce08fc67e5d01d678730bcb4d0fa52cb.php 第 168 行.
NOTIC: [8] Undefined variable: system D:\phpStudy\WWW\Blog\Runtime\Cache\Admin\ce08fc67e5d01d678730bcb4d0fa52cb.php 第 171 行.
NOTIC: [8] Undefined variable: systembasic D:\phpStudy\WWW\Blog\Runtime\Cache\Admin\ce08fc67e5d01d678730bcb4d0fa52cb.php 第 174 行.
NOTIC: [8] Undefined variable: systemone D:\phpStudy\WWW\Blog\Runtime\Cache\Admin\ce08fc67e5d01d678730bcb4d0fa52cb.php 第 175 行.
NOTIC: [8] Undefined variable: systememail D:\phpStudy\WWW\Blog\Runtime\Cache\Admin\ce08fc67e5d01d678730bcb4d0fa52cb.php 第 176 行.
NOTIC: [8] Undefined variable: systemppt D:\phpStudy\WWW\Blog\Runtime\Cache\Admin\ce08fc67e5d01d678730bcb4d0fa52cb.php 第 177 行.
NOTIC: [8] Undefined variable: info D:\phpStudy\WWW\Blog\Runtime\Cache\Admin\ce08fc67e5d01d678730bcb4d0fa52cb.php 第 248 行.
INFO: Run Behavior\ParseTemplateBehavior [ RunTime:0.030001s ]
INFO: [ view_parse ] --END-- [ RunTime:0.030001s ]
INFO: [ view_filter ] --START--
INFO: Run Behavior\WriteHtmlCacheBehavior [ RunTime:0.001000s ]
INFO: [ view_filter ] --END-- [ RunTime:0.001000s ]
INFO: [ app_end ] --START--
INFO: Run Behavior\ShowPageTraceBehavior [ RunTime:0.002000s ]
INFO: [ app_end ] --END-- [ RunTime:0.002000s ]

[ 2018-04-07T03:16:53+08:00 ] 127.0.0.1 /Admin/Picture/add.html
INFO: [ app_init ] --START--
INFO: Run Behavior\BuildLiteBehavior [ RunTime:0.000000s ]
INFO: [ app_init ] --END-- [ RunTime:0.001000s ]
INFO: [ app_begin ] --START--
INFO: Run Behavior\ReadHtmlCacheBehavior [ RunTime:0.001000s ]
INFO: [ app_begin ] --END-- [ RunTime:0.001000s ]
NOTIC: [8] Undefined index: validate D:\phpStudy\WWW\Blog\ThinkPHP\Library\Think\Model.class.php 第 1201 行.

[ 2018-04-07T03:18:31+08:00 ] 127.0.0.1 /Admin/Picture/add.html
INFO: [ app_init ] --START--
INFO: Run Behavior\BuildLiteBehavior [ RunTime:0.000000s ]
INFO: [ app_init ] --END-- [ RunTime:0.001000s ]
INFO: [ app_begin ] --START--
INFO: Run Behavior\ReadHtmlCacheBehavior [ RunTime:0.002000s ]
INFO: [ app_begin ] --END-- [ RunTime:0.002000s ]
NOTIC: [8] Undefined index: validate D:\phpStudy\WWW\Blog\ThinkPHP\Library\Think\Model.class.php 第 1201 行.

[ 2018-04-07T03:18:43+08:00 ] 127.0.0.1 /Admin/Picture/add.html
INFO: [ app_init ] --START--
INFO: Run Behavior\BuildLiteBehavior [ RunTime:0.000000s ]
INFO: [ app_init ] --END-- [ RunTime:0.001000s ]
INFO: [ app_begin ] --START--
INFO: Run Behavior\ReadHtmlCacheBehavior [ RunTime:0.001000s ]
INFO: [ app_begin ] --END-- [ RunTime:0.001000s ]

[ 2018-04-07T03:18:52+08:00 ] 127.0.0.1 /Admin/Picture/add.html
INFO: [ app_init ] --START--
INFO: Run Behavior\BuildLiteBehavior [ RunTime:0.000000s ]
INFO: [ app_init ] --END-- [ RunTime:0.002000s ]
INFO: [ app_begin ] --START--
INFO: Run Behavior\ReadHtmlCacheBehavior [ RunTime:0.002000s ]
INFO: [ app_begin ] --END-- [ RunTime:0.002000s ]
NOTIC: [8] Undefined index: validate D:\phpStudy\WWW\Blog\ThinkPHP\Library\Think\Model.class.php 第 1201 行.

[ 2018-04-07T03:19:52+08:00 ] 127.0.0.1 /Admin/Picture/add.html
INFO: [ app_init ] --START--
INFO: Run Behavior\BuildLiteBehavior [ RunTime:0.000000s ]
INFO: [ app_init ] --END-- [ RunTime:0.010000s ]
INFO: [ app_begin ] --START--
INFO: Run Behavior\ReadHtmlCacheBehavior [ RunTime:0.002000s ]
INFO: [ app_begin ] --END-- [ RunTime:0.002000s ]
NOTIC: [8] Undefined index: validate D:\phpStudy\WWW\Blog\ThinkPHP\Library\Think\Model.class.php 第 1201 行.

[ 2018-04-07T03:20:04+08:00 ] 127.0.0.1 /Admin/Picture/add.html
INFO: [ app_init ] --START--
INFO: Run Behavior\BuildLiteBehavior [ RunTime:0.000000s ]
INFO: [ app_init ] --END-- [ RunTime:0.001001s ]
INFO: [ app_begin ] --START--
INFO: Run Behavior\ReadHtmlCacheBehavior [ RunTime:0.002000s ]
INFO: [ app_begin ] --END-- [ RunTime:0.002000s ]
SQL: SELECT * FROM `lt_album`  [ RunTime:0.0010s ]
INFO: [ view_parse ] --START--
INFO: [ template_filter ] --START--
INFO: Run Behavior\ContentReplaceBehavior [ RunTime:0.000000s ]
INFO: [ template_filter ] --END-- [ RunTime:0.000000s ]
NOTIC: [8] Undefined variable: index D:\phpStudy\WWW\Blog\Runtime\Cache\Admin\ce08fc67e5d01d678730bcb4d0fa52cb.php 第 101 行.
NOTIC: [8] Undefined variable: add D:\phpStudy\WWW\Blog\Runtime\Cache\Admin\ce08fc67e5d01d678730bcb4d0fa52cb.php 第 103 行.
NOTIC: [8] Undefined variable: say D:\phpStudy\WWW\Blog\Runtime\Cache\Admin\ce08fc67e5d01d678730bcb4d0fa52cb.php 第 106 行.
NOTIC: [8] Undefined variable: saylist D:\phpStudy\WWW\Blog\Runtime\Cache\Admin\ce08fc67e5d01d678730bcb4d0fa52cb.php 第 107 行.
NOTIC: [8] Undefined variable: add D:\phpStudy\WWW\Blog\Runtime\Cache\Admin\ce08fc67e5d01d678730bcb4d0fa52cb.php 第 110 行.
NOTIC: [8] Undefined variable: article D:\phpStudy\WWW\Blog\Runtime\Cache\Admin\ce08fc67e5d01d678730bcb4d0fa52cb.php 第 113 行.
NOTIC: [8] Undefined variable: articlelist D:\phpStudy\WWW\Blog\Runtime\Cache\Admin\ce08fc67e5d01d678730bcb4d0fa52cb.php 第 114 行.
NOTIC: [8] Undefined variable: content D:\phpStudy\WWW\Blog\Runtime\Cache\Admin\ce08fc67e5d01d678730bcb4d0fa52cb.php 第 118 行.
NOTIC: [8] Undefined variable: saycontent D:\phpStudy\WWW\Blog\Runtime\Cache\Admin\ce08fc67e5d01d678730bcb4d0fa52cb.php 第 121 行.
NOTIC: [8] Undefined variable: articlecontent D:\phpStudy\WWW\Blog\Runtime\Cache\Admin\ce08fc67e5d01d678730bcb4d0fa52cb.php 第 122 行.
NOTIC: [8] Undefined variable: gustcontent D:\phpStudy\WWW\Blog\Runtime\Cache\Admin\ce08fc67e5d01d678730bcb4d0fa52cb.php 第 123 行.
NOTIC: [8] Undefined variable: albumcontent D:\phpStudy\WWW\Blog\Runtime\Cache\Admin\ce08fc67e5d01d678730bcb4d0fa52cb.php 第 124 行.
NOTIC: [8] Undefined index: class D:\phpStudy\WWW\Blog\Runtime\Cache\Admin\ce08fc67e5d01d678730bcb4d0fa52cb.php 第 127 行.
NOTIC: [8] Undefined variable: tag D:\phpStudy\WWW\Blog\Runtime\Cache\Admin\ce08fc67e5d01d678730bcb4d0fa52cb.php 第 134 行.
NOTIC: [8] Undefined variable: tagadd D:\phpStudy\WWW\Blog\Runtime\Cache\Admin\ce08fc67e5d01d678730bcb4d0fa52cb.php 第 137 行.
NOTIC: [8] Undefined variable: taglist D:\phpStudy\WWW\Blog\Runtime\Cache\Admin\ce08fc67e5d01d678730bcb4d0fa52cb.php 第 138 行.
NOTIC: [8] Undefined variable: link D:\phpStudy\WWW\Blog\Runtime\Cache\Admin\ce08fc67e5d01d678730bcb4d0fa52cb.php 第 141 行.
NOTIC: [8] Undefined variable: linkadd D:\phpStudy\WWW\Blog\Runtime\Cache\Admin\ce08fc67e5d01d678730bcb4d0fa52cb.php 第 144 行.
NOTIC: [8] Undefined variable: linklist D:\phpStudy\WWW\Blog\Runtime\Cache\Admin\ce08fc67e5d01d678730bcb4d0fa52cb.php 第 145 行.
NOTIC: [8] Undefined variable: album D:\phpStudy\WWW\Blog\Runtime\Cache\Admin\ce08fc67e5d01d678730bcb4d0fa52cb.php 第 149 行.
NOTIC: [8] Undefined variable: albumadd D:\phpStudy\WWW\Blog\Runtime\Cache\Admin\ce08fc67e5d01d678730bcb4d0fa52cb.php 第 152 行.
NOTIC: [8] Undefined variable: albumlist D:\phpStudy\WWW\Blog\Runtime\Cache\Admin\ce08fc67e5d01d678730bcb4d0fa52cb.php 第 153 行.
NOTIC: [8] Undefined variable: picture D:\phpStudy\WWW\Blog\Runtime\Cache\Admin\ce08fc67e5d01d678730bcb4d0fa52cb.php 第 157 行.
NOTIC: [8] Undefined variable: pictureadd D:\phpStudy\WWW\Blog\Runtime\Cache\Admin\ce08fc67e5d01d678730bcb4d0fa52cb.php 第 160 行.
NOTIC: [8] Undefined variable: picturelist D:\phpStudy\WWW\Blog\Runtime\Cache\Admin\ce08fc67e5d01d678730bcb4d0fa52cb.php 第 161 行.
NOTIC: [8] Undefined variable: add D:\phpStudy\WWW\Blog\Runtime\Cache\Admin\ce08fc67e5d01d678730bcb4d0fa52cb.php 第 164 行.
NOTIC: [8] Undefined variable: article D:\phpStudy\WWW\Blog\Runtime\Cache\Admin\ce08fc67e5d01d678730bcb4d0fa52cb.php 第 167 行.
NOTIC: [8] Undefined variable: versionlist D:\phpStudy\WWW\Blog\Runtime\Cache\Admin\ce08fc67e5d01d678730bcb4d0fa52cb.php 第 168 行.
NOTIC: [8] Undefined variable: system D:\phpStudy\WWW\Blog\Runtime\Cache\Admin\ce08fc67e5d01d678730bcb4d0fa52cb.php 第 171 行.
NOTIC: [8] Undefined variable: systembasic D:\phpStudy\WWW\Blog\Runtime\Cache\Admin\ce08fc67e5d01d678730bcb4d0fa52cb.php 第 174 行.
NOTIC: [8] Undefined variable: systemone D:\phpStudy\WWW\Blog\Runtime\Cache\Admin\ce08fc67e5d01d678730bcb4d0fa52cb.php 第 175 行.
NOTIC: [8] Undefined variable: systememail D:\phpStudy\WWW\Blog\Runtime\Cache\Admin\ce08fc67e5d01d678730bcb4d0fa52cb.php 第 176 行.
NOTIC: [8] Undefined variable: systemppt D:\phpStudy\WWW\Blog\Runtime\Cache\Admin\ce08fc67e5d01d678730bcb4d0fa52cb.php 第 177 行.
NOTIC: [8] Undefined variable: info D:\phpStudy\WWW\Blog\Runtime\Cache\Admin\ce08fc67e5d01d678730bcb4d0fa52cb.php 第 248 行.
INFO: Run Behavior\ParseTemplateBehavior [ RunTime:0.036002s ]
INFO: [ view_parse ] --END-- [ RunTime:0.036002s ]
INFO: [ view_filter ] --START--
INFO: Run Behavior\WriteHtmlCacheBehavior [ RunTime:0.001000s ]
INFO: [ view_filter ] --END-- [ RunTime:0.001000s ]
INFO: [ app_end ] --START--
INFO: Run Behavior\ShowPageTraceBehavior [ RunTime:0.001000s ]
INFO: [ app_end ] --END-- [ RunTime:0.001000s ]

[ 2018-04-07T03:20:08+08:00 ] 127.0.0.1 /Admin/Picture/add.html
INFO: [ app_init ] --START--
INFO: Run Behavior\BuildLiteBehavior [ RunTime:0.000000s ]
INFO: [ app_init ] --END-- [ RunTime:0.001000s ]
INFO: [ app_begin ] --START--
INFO: Run Behavior\ReadHtmlCacheBehavior [ RunTime:0.001000s ]
INFO: [ app_begin ] --END-- [ RunTime:0.002000s ]
NOTIC: [8] Undefined index: validate D:\phpStudy\WWW\Blog\ThinkPHP\Library\Think\Model.class.php 第 1201 行.

[ 2018-04-07T03:20:09+08:00 ] 127.0.0.1 /Admin/Picture/add.html
INFO: [ app_init ] --START--
INFO: Run Behavior\BuildLiteBehavior [ RunTime:0.000000s ]
INFO: [ app_init ] --END-- [ RunTime:0.001000s ]
INFO: [ app_begin ] --START--
INFO: Run Behavior\ReadHtmlCacheBehavior [ RunTime:0.001000s ]
INFO: [ app_begin ] --END-- [ RunTime:0.001000s ]
SQL: SELECT * FROM `lt_album`  [ RunTime:0.0000s ]
INFO: [ view_parse ] --START--
INFO: [ template_filter ] --START--
INFO: Run Behavior\ContentReplaceBehavior [ RunTime:0.000000s ]
INFO: [ template_filter ] --END-- [ RunTime:0.001000s ]
NOTIC: [8] Undefined variable: index D:\phpStudy\WWW\Blog\Runtime\Cache\Admin\ce08fc67e5d01d678730bcb4d0fa52cb.php 第 101 行.
NOTIC: [8] Undefined variable: add D:\phpStudy\WWW\Blog\Runtime\Cache\Admin\ce08fc67e5d01d678730bcb4d0fa52cb.php 第 103 行.
NOTIC: [8] Undefined variable: say D:\phpStudy\WWW\Blog\Runtime\Cache\Admin\ce08fc67e5d01d678730bcb4d0fa52cb.php 第 106 行.
NOTIC: [8] Undefined variable: saylist D:\phpStudy\WWW\Blog\Runtime\Cache\Admin\ce08fc67e5d01d678730bcb4d0fa52cb.php 第 107 行.
NOTIC: [8] Undefined variable: add D:\phpStudy\WWW\Blog\Runtime\Cache\Admin\ce08fc67e5d01d678730bcb4d0fa52cb.php 第 110 行.
NOTIC: [8] Undefined variable: article D:\phpStudy\WWW\Blog\Runtime\Cache\Admin\ce08fc67e5d01d678730bcb4d0fa52cb.php 第 113 行.
NOTIC: [8] Undefined variable: articlelist D:\phpStudy\WWW\Blog\Runtime\Cache\Admin\ce08fc67e5d01d678730bcb4d0fa52cb.php 第 114 行.
NOTIC: [8] Undefined variable: content D:\phpStudy\WWW\Blog\Runtime\Cache\Admin\ce08fc67e5d01d678730bcb4d0fa52cb.php 第 118 行.
NOTIC: [8] Undefined variable: saycontent D:\phpStudy\WWW\Blog\Runtime\Cache\Admin\ce08fc67e5d01d678730bcb4d0fa52cb.php 第 121 行.
NOTIC: [8] Undefined variable: articlecontent D:\phpStudy\WWW\Blog\Runtime\Cache\Admin\ce08fc67e5d01d678730bcb4d0fa52cb.php 第 122 行.
NOTIC: [8] Undefined variable: gustcontent D:\phpStudy\WWW\Blog\Runtime\Cache\Admin\ce08fc67e5d01d678730bcb4d0fa52cb.php 第 123 行.
NOTIC: [8] Undefined variable: albumcontent D:\phpStudy\WWW\Blog\Runtime\Cache\Admin\ce08fc67e5d01d678730bcb4d0fa52cb.php 第 124 行.
NOTIC: [8] Undefined index: class D:\phpStudy\WWW\Blog\Runtime\Cache\Admin\ce08fc67e5d01d678730bcb4d0fa52cb.php 第 127 行.
NOTIC: [8] Undefined variable: tag D:\phpStudy\WWW\Blog\Runtime\Cache\Admin\ce08fc67e5d01d678730bcb4d0fa52cb.php 第 134 行.
NOTIC: [8] Undefined variable: tagadd D:\phpStudy\WWW\Blog\Runtime\Cache\Admin\ce08fc67e5d01d678730bcb4d0fa52cb.php 第 137 行.
NOTIC: [8] Undefined variable: taglist D:\phpStudy\WWW\Blog\Runtime\Cache\Admin\ce08fc67e5d01d678730bcb4d0fa52cb.php 第 138 行.
NOTIC: [8] Undefined variable: link D:\phpStudy\WWW\Blog\Runtime\Cache\Admin\ce08fc67e5d01d678730bcb4d0fa52cb.php 第 141 行.
NOTIC: [8] Undefined variable: linkadd D:\phpStudy\WWW\Blog\Runtime\Cache\Admin\ce08fc67e5d01d678730bcb4d0fa52cb.php 第 144 行.
NOTIC: [8] Undefined variable: linklist D:\phpStudy\WWW\Blog\Runtime\Cache\Admin\ce08fc67e5d01d678730bcb4d0fa52cb.php 第 145 行.
NOTIC: [8] Undefined variable: album D:\phpStudy\WWW\Blog\Runtime\Cache\Admin\ce08fc67e5d01d678730bcb4d0fa52cb.php 第 149 行.
NOTIC: [8] Undefined variable: albumadd D:\phpStudy\WWW\Blog\Runtime\Cache\Admin\ce08fc67e5d01d678730bcb4d0fa52cb.php 第 152 行.
NOTIC: [8] Undefined variable: albumlist D:\phpStudy\WWW\Blog\Runtime\Cache\Admin\ce08fc67e5d01d678730bcb4d0fa52cb.php 第 153 行.
NOTIC: [8] Undefined variable: picture D:\phpStudy\WWW\Blog\Runtime\Cache\Admin\ce08fc67e5d01d678730bcb4d0fa52cb.php 第 157 行.
NOTIC: [8] Undefined variable: pictureadd D:\phpStudy\WWW\Blog\Runtime\Cache\Admin\ce08fc67e5d01d678730bcb4d0fa52cb.php 第 160 行.
NOTIC: [8] Undefined variable: picturelist D:\phpStudy\WWW\Blog\Runtime\Cache\Admin\ce08fc67e5d01d678730bcb4d0fa52cb.php 第 161 行.
NOTIC: [8] Undefined variable: add D:\phpStudy\WWW\Blog\Runtime\Cache\Admin\ce08fc67e5d01d678730bcb4d0fa52cb.php 第 164 行.
NOTIC: [8] Undefined variable: article D:\phpStudy\WWW\Blog\Runtime\Cache\Admin\ce08fc67e5d01d678730bcb4d0fa52cb.php 第 167 行.
NOTIC: [8] Undefined variable: versionlist D:\phpStudy\WWW\Blog\Runtime\Cache\Admin\ce08fc67e5d01d678730bcb4d0fa52cb.php 第 168 行.
NOTIC: [8] Undefined variable: system D:\phpStudy\WWW\Blog\Runtime\Cache\Admin\ce08fc67e5d01d678730bcb4d0fa52cb.php 第 171 行.
NOTIC: [8] Undefined variable: systembasic D:\phpStudy\WWW\Blog\Runtime\Cache\Admin\ce08fc67e5d01d678730bcb4d0fa52cb.php 第 174 行.
NOTIC: [8] Undefined variable: systemone D:\phpStudy\WWW\Blog\Runtime\Cache\Admin\ce08fc67e5d01d678730bcb4d0fa52cb.php 第 175 行.
NOTIC: [8] Undefined variable: systememail D:\phpStudy\WWW\Blog\Runtime\Cache\Admin\ce08fc67e5d01d678730bcb4d0fa52cb.php 第 176 行.
NOTIC: [8] Undefined variable: systemppt D:\phpStudy\WWW\Blog\Runtime\Cache\Admin\ce08fc67e5d01d678730bcb4d0fa52cb.php 第 177 行.
NOTIC: [8] Undefined variable: info D:\phpStudy\WWW\Blog\Runtime\Cache\Admin\ce08fc67e5d01d678730bcb4d0fa52cb.php 第 248 行.
INFO: Run Behavior\ParseTemplateBehavior [ RunTime:0.033002s ]
INFO: [ view_parse ] --END-- [ RunTime:0.033002s ]
INFO: [ view_filter ] --START--
INFO: Run Behavior\WriteHtmlCacheBehavior [ RunTime:0.000000s ]
INFO: [ view_filter ] --END-- [ RunTime:0.001000s ]
INFO: [ app_end ] --START--
INFO: Run Behavior\ShowPageTraceBehavior [ RunTime:0.001000s ]
INFO: [ app_end ] --END-- [ RunTime:0.001000s ]

[ 2018-04-07T03:20:27+08:00 ] 127.0.0.1 /Admin/Picture/add.html
INFO: [ app_init ] --START--
INFO: Run Behavior\BuildLiteBehavior [ RunTime:0.000000s ]
INFO: [ app_init ] --END-- [ RunTime:0.001000s ]
INFO: [ app_begin ] --START--
INFO: Run Behavior\ReadHtmlCacheBehavior [ RunTime:0.001001s ]
INFO: [ app_begin ] --END-- [ RunTime:0.001001s ]
NOTIC: [8] Undefined index: validate D:\phpStudy\WWW\Blog\ThinkPHP\Library\Think\Model.class.php 第 1201 行.
NOTIC: [8] Undefined index: auto D:\phpStudy\WWW\Blog\ThinkPHP\Library\Think\Model.class.php 第 1142 行.
NOTIC: [2] call_user_func() expects parameter 1 to be a valid callback, no array or string given D:\phpStudy\WWW\Blog\ThinkPHP\Library\Think\Upload.class.php 第 170 行.
SQL: INSERT INTO `lt_picture` (`p_pid`,`p_time`,`p_view`,`p_remark`,`p_root`,`p_ip`,`p_from`,`p_img`,`p_thumb`) VALUES ('1','1523042421','1','sfwe','sdfw','127.0.0.1','Win 7','Uploads/Album/5ac7c87b20219.jpg','Uploads/Thumb/thumb_5ac7c87b20219.jpg') [ RunTime:0.0030s ]

[ 2018-04-07T03:20:49+08:00 ] 127.0.0.1 /Admin/Picture/add.html
INFO: [ app_init ] --START--
INFO: Run Behavior\BuildLiteBehavior [ RunTime:0.000000s ]
INFO: [ app_init ] --END-- [ RunTime:0.001000s ]
INFO: [ app_begin ] --START--
INFO: Run Behavior\ReadHtmlCacheBehavior [ RunTime:0.001001s ]
INFO: [ app_begin ] --END-- [ RunTime:0.001001s ]
NOTIC: [8] Undefined index: validate D:\phpStudy\WWW\Blog\ThinkPHP\Library\Think\Model.class.php 第 1201 行.
NOTIC: [8] Undefined index: auto D:\phpStudy\WWW\Blog\ThinkPHP\Library\Think\Model.class.php 第 1142 行.
NOTIC: [2] call_user_func() expects parameter 1 to be a valid callback, no array or string given D:\phpStudy\WWW\Blog\ThinkPHP\Library\Think\Upload.class.php 第 170 行.
SQL: INSERT INTO `lt_picture` (`p_pid`,`p_time`,`p_view`,`p_remark`,`p_root`,`p_ip`,`p_from`,`p_img`,`p_thumb`) VALUES ('1','1523042421','1','sfwe','sdfw','127.0.0.1','Win 7','Uploads/Album/5ac7c89189ab4.jpg','Uploads/Thumb/thumb_5ac7c89189ab4.jpg') [ RunTime:0.0010s ]

[ 2018-04-07T03:20:57+08:00 ] 127.0.0.1 /Admin/Picture/add.html
INFO: [ app_init ] --START--
INFO: Run Behavior\BuildLiteBehavior [ RunTime:0.000000s ]
INFO: [ app_init ] --END-- [ RunTime:0.001001s ]
INFO: [ app_begin ] --START--
INFO: Run Behavior\ReadHtmlCacheBehavior [ RunTime:0.001000s ]
INFO: [ app_begin ] --END-- [ RunTime:0.002000s ]
SQL: SELECT * FROM `lt_album`  [ RunTime:0.0000s ]
INFO: [ view_parse ] --START--
INFO: [ template_filter ] --START--
INFO: Run Behavior\ContentReplaceBehavior [ RunTime:0.001000s ]
INFO: [ template_filter ] --END-- [ RunTime:0.001000s ]
NOTIC: [8] Undefined variable: index D:\phpStudy\WWW\Blog\Runtime\Cache\Admin\ce08fc67e5d01d678730bcb4d0fa52cb.php 第 101 行.
NOTIC: [8] Undefined variable: add D:\phpStudy\WWW\Blog\Runtime\Cache\Admin\ce08fc67e5d01d678730bcb4d0fa52cb.php 第 103 行.
NOTIC: [8] Undefined variable: say D:\phpStudy\WWW\Blog\Runtime\Cache\Admin\ce08fc67e5d01d678730bcb4d0fa52cb.php 第 106 行.
NOTIC: [8] Undefined variable: saylist D:\phpStudy\WWW\Blog\Runtime\Cache\Admin\ce08fc67e5d01d678730bcb4d0fa52cb.php 第 107 行.
NOTIC: [8] Undefined variable: add D:\phpStudy\WWW\Blog\Runtime\Cache\Admin\ce08fc67e5d01d678730bcb4d0fa52cb.php 第 110 行.
NOTIC: [8] Undefined variable: article D:\phpStudy\WWW\Blog\Runtime\Cache\Admin\ce08fc67e5d01d678730bcb4d0fa52cb.php 第 113 行.
NOTIC: [8] Undefined variable: articlelist D:\phpStudy\WWW\Blog\Runtime\Cache\Admin\ce08fc67e5d01d678730bcb4d0fa52cb.php 第 114 行.
NOTIC: [8] Undefined variable: content D:\phpStudy\WWW\Blog\Runtime\Cache\Admin\ce08fc67e5d01d678730bcb4d0fa52cb.php 第 118 行.
NOTIC: [8] Undefined variable: saycontent D:\phpStudy\WWW\Blog\Runtime\Cache\Admin\ce08fc67e5d01d678730bcb4d0fa52cb.php 第 121 行.
NOTIC: [8] Undefined variable: articlecontent D:\phpStudy\WWW\Blog\Runtime\Cache\Admin\ce08fc67e5d01d678730bcb4d0fa52cb.php 第 122 行.
NOTIC: [8] Undefined variable: gustcontent D:\phpStudy\WWW\Blog\Runtime\Cache\Admin\ce08fc67e5d01d678730bcb4d0fa52cb.php 第 123 行.
NOTIC: [8] Undefined variable: albumcontent D:\phpStudy\WWW\Blog\Runtime\Cache\Admin\ce08fc67e5d01d678730bcb4d0fa52cb.php 第 124 行.
NOTIC: [8] Undefined index: class D:\phpStudy\WWW\Blog\Runtime\Cache\Admin\ce08fc67e5d01d678730bcb4d0fa52cb.php 第 127 行.
NOTIC: [8] Undefined variable: tag D:\phpStudy\WWW\Blog\Runtime\Cache\Admin\ce08fc67e5d01d678730bcb4d0fa52cb.php 第 134 行.
NOTIC: [8] Undefined variable: tagadd D:\phpStudy\WWW\Blog\Runtime\Cache\Admin\ce08fc67e5d01d678730bcb4d0fa52cb.php 第 137 行.
NOTIC: [8] Undefined variable: taglist D:\phpStudy\WWW\Blog\Runtime\Cache\Admin\ce08fc67e5d01d678730bcb4d0fa52cb.php 第 138 行.
NOTIC: [8] Undefined variable: link D:\phpStudy\WWW\Blog\Runtime\Cache\Admin\ce08fc67e5d01d678730bcb4d0fa52cb.php 第 141 行.
NOTIC: [8] Undefined variable: linkadd D:\phpStudy\WWW\Blog\Runtime\Cache\Admin\ce08fc67e5d01d678730bcb4d0fa52cb.php 第 144 行.
NOTIC: [8] Undefined variable: linklist D:\phpStudy\WWW\Blog\Runtime\Cache\Admin\ce08fc67e5d01d678730bcb4d0fa52cb.php 第 145 行.
NOTIC: [8] Undefined variable: album D:\phpStudy\WWW\Blog\Runtime\Cache\Admin\ce08fc67e5d01d678730bcb4d0fa52cb.php 第 149 行.
NOTIC: [8] Undefined variable: albumadd D:\phpStudy\WWW\Blog\Runtime\Cache\Admin\ce08fc67e5d01d678730bcb4d0fa52cb.php 第 152 行.
NOTIC: [8] Undefined variable: albumlist D:\phpStudy\WWW\Blog\Runtime\Cache\Admin\ce08fc67e5d01d678730bcb4d0fa52cb.php 第 153 行.
NOTIC: [8] Undefined variable: picture D:\phpStudy\WWW\Blog\Runtime\Cache\Admin\ce08fc67e5d01d678730bcb4d0fa52cb.php 第 157 行.
NOTIC: [8] Undefined variable: pictureadd D:\phpStudy\WWW\Blog\Runtime\Cache\Admin\ce08fc67e5d01d678730bcb4d0fa52cb.php 第 160 行.
NOTIC: [8] Undefined variable: picturelist D:\phpStudy\WWW\Blog\Runtime\Cache\Admin\ce08fc67e5d01d678730bcb4d0fa52cb.php 第 161 行.
NOTIC: [8] Undefined variable: add D:\phpStudy\WWW\Blog\Runtime\Cache\Admin\ce08fc67e5d01d678730bcb4d0fa52cb.php 第 164 行.
NOTIC: [8] Undefined variable: article D:\phpStudy\WWW\Blog\Runtime\Cache\Admin\ce08fc67e5d01d678730bcb4d0fa52cb.php 第 167 行.
NOTIC: [8] Undefined variable: versionlist D:\phpStudy\WWW\Blog\Runtime\Cache\Admin\ce08fc67e5d01d678730bcb4d0fa52cb.php 第 168 行.
NOTIC: [8] Undefined variable: system D:\phpStudy\WWW\Blog\Runtime\Cache\Admin\ce08fc67e5d01d678730bcb4d0fa52cb.php 第 171 行.
NOTIC: [8] Undefined variable: systembasic D:\phpStudy\WWW\Blog\Runtime\Cache\Admin\ce08fc67e5d01d678730bcb4d0fa52cb.php 第 174 行.
NOTIC: [8] Undefined variable: systemone D:\phpStudy\WWW\Blog\Runtime\Cache\Admin\ce08fc67e5d01d678730bcb4d0fa52cb.php 第 175 行.
NOTIC: [8] Undefined variable: systememail D:\phpStudy\WWW\Blog\Runtime\Cache\Admin\ce08fc67e5d01d678730bcb4d0fa52cb.php 第 176 行.
NOTIC: [8] Undefined variable: systemppt D:\phpStudy\WWW\Blog\Runtime\Cache\Admin\ce08fc67e5d01d678730bcb4d0fa52cb.php 第 177 行.
NOTIC: [8] Undefined variable: info D:\phpStudy\WWW\Blog\Runtime\Cache\Admin\ce08fc67e5d01d678730bcb4d0fa52cb.php 第 248 行.
INFO: Run Behavior\ParseTemplateBehavior [ RunTime:0.029002s ]
INFO: [ view_parse ] --END-- [ RunTime:0.029002s ]
INFO: [ view_filter ] --START--
INFO: Run Behavior\WriteHtmlCacheBehavior [ RunTime:0.000000s ]
INFO: [ view_filter ] --END-- [ RunTime:0.000000s ]
INFO: [ app_end ] --START--
INFO: Run Behavior\ShowPageTraceBehavior [ RunTime:0.001000s ]
INFO: [ app_end ] --END-- [ RunTime:0.001000s ]

[ 2018-04-07T03:21:00+08:00 ] 127.0.0.1 /Admin/Picture/add.html
INFO: [ app_init ] --START--
INFO: Run Behavior\BuildLiteBehavior [ RunTime:0.000000s ]
INFO: [ app_init ] --END-- [ RunTime:0.001000s ]
INFO: [ app_begin ] --START--
INFO: Run Behavior\ReadHtmlCacheBehavior [ RunTime:0.001001s ]
INFO: [ app_begin ] --END-- [ RunTime:0.001001s ]
SQL: SELECT * FROM `lt_album`  [ RunTime:0.0000s ]
INFO: [ view_parse ] --START--
INFO: [ template_filter ] --START--
INFO: Run Behavior\ContentReplaceBehavior [ RunTime:0.000000s ]
INFO: [ template_filter ] --END-- [ RunTime:0.000000s ]
NOTIC: [8] Undefined variable: index D:\phpStudy\WWW\Blog\Runtime\Cache\Admin\ce08fc67e5d01d678730bcb4d0fa52cb.php 第 101 行.
NOTIC: [8] Undefined variable: add D:\phpStudy\WWW\Blog\Runtime\Cache\Admin\ce08fc67e5d01d678730bcb4d0fa52cb.php 第 103 行.
NOTIC: [8] Undefined variable: say D:\phpStudy\WWW\Blog\Runtime\Cache\Admin\ce08fc67e5d01d678730bcb4d0fa52cb.php 第 106 行.
NOTIC: [8] Undefined variable: saylist D:\phpStudy\WWW\Blog\Runtime\Cache\Admin\ce08fc67e5d01d678730bcb4d0fa52cb.php 第 107 行.
NOTIC: [8] Undefined variable: add D:\phpStudy\WWW\Blog\Runtime\Cache\Admin\ce08fc67e5d01d678730bcb4d0fa52cb.php 第 110 行.
NOTIC: [8] Undefined variable: article D:\phpStudy\WWW\Blog\Runtime\Cache\Admin\ce08fc67e5d01d678730bcb4d0fa52cb.php 第 113 行.
NOTIC: [8] Undefined variable: articlelist D:\phpStudy\WWW\Blog\Runtime\Cache\Admin\ce08fc67e5d01d678730bcb4d0fa52cb.php 第 114 行.
NOTIC: [8] Undefined variable: content D:\phpStudy\WWW\Blog\Runtime\Cache\Admin\ce08fc67e5d01d678730bcb4d0fa52cb.php 第 118 行.
NOTIC: [8] Undefined variable: saycontent D:\phpStudy\WWW\Blog\Runtime\Cache\Admin\ce08fc67e5d01d678730bcb4d0fa52cb.php 第 121 行.
NOTIC: [8] Undefined variable: articlecontent D:\phpStudy\WWW\Blog\Runtime\Cache\Admin\ce08fc67e5d01d678730bcb4d0fa52cb.php 第 122 行.
NOTIC: [8] Undefined variable: gustcontent D:\phpStudy\WWW\Blog\Runtime\Cache\Admin\ce08fc67e5d01d678730bcb4d0fa52cb.php 第 123 行.
NOTIC: [8] Undefined variable: albumcontent D:\phpStudy\WWW\Blog\Runtime\Cache\Admin\ce08fc67e5d01d678730bcb4d0fa52cb.php 第 124 行.
NOTIC: [8] Undefined index: class D:\phpStudy\WWW\Blog\Runtime\Cache\Admin\ce08fc67e5d01d678730bcb4d0fa52cb.php 第 127 行.
NOTIC: [8] Undefined variable: tag D:\phpStudy\WWW\Blog\Runtime\Cache\Admin\ce08fc67e5d01d678730bcb4d0fa52cb.php 第 134 行.
NOTIC: [8] Undefined variable: tagadd D:\phpStudy\WWW\Blog\Runtime\Cache\Admin\ce08fc67e5d01d678730bcb4d0fa52cb.php 第 137 行.
NOTIC: [8] Undefined variable: taglist D:\phpStudy\WWW\Blog\Runtime\Cache\Admin\ce08fc67e5d01d678730bcb4d0fa52cb.php 第 138 行.
NOTIC: [8] Undefined variable: link D:\phpStudy\WWW\Blog\Runtime\Cache\Admin\ce08fc67e5d01d678730bcb4d0fa52cb.php 第 141 行.
NOTIC: [8] Undefined variable: linkadd D:\phpStudy\WWW\Blog\Runtime\Cache\Admin\ce08fc67e5d01d678730bcb4d0fa52cb.php 第 144 行.
NOTIC: [8] Undefined variable: linklist D:\phpStudy\WWW\Blog\Runtime\Cache\Admin\ce08fc67e5d01d678730bcb4d0fa52cb.php 第 145 行.
NOTIC: [8] Undefined variable: album D:\phpStudy\WWW\Blog\Runtime\Cache\Admin\ce08fc67e5d01d678730bcb4d0fa52cb.php 第 149 行.
NOTIC: [8] Undefined variable: albumadd D:\phpStudy\WWW\Blog\Runtime\Cache\Admin\ce08fc67e5d01d678730bcb4d0fa52cb.php 第 152 行.
NOTIC: [8] Undefined variable: albumlist D:\phpStudy\WWW\Blog\Runtime\Cache\Admin\ce08fc67e5d01d678730bcb4d0fa52cb.php 第 153 行.
NOTIC: [8] Undefined variable: picture D:\phpStudy\WWW\Blog\Runtime\Cache\Admin\ce08fc67e5d01d678730bcb4d0fa52cb.php 第 157 行.
NOTIC: [8] Undefined variable: pictureadd D:\phpStudy\WWW\Blog\Runtime\Cache\Admin\ce08fc67e5d01d678730bcb4d0fa52cb.php 第 160 行.
NOTIC: [8] Undefined variable: picturelist D:\phpStudy\WWW\Blog\Runtime\Cache\Admin\ce08fc67e5d01d678730bcb4d0fa52cb.php 第 161 行.
NOTIC: [8] Undefined variable: add D:\phpStudy\WWW\Blog\Runtime\Cache\Admin\ce08fc67e5d01d678730bcb4d0fa52cb.php 第 164 行.
NOTIC: [8] Undefined variable: article D:\phpStudy\WWW\Blog\Runtime\Cache\Admin\ce08fc67e5d01d678730bcb4d0fa52cb.php 第 167 行.
NOTIC: [8] Undefined variable: versionlist D:\phpStudy\WWW\Blog\Runtime\Cache\Admin\ce08fc67e5d01d678730bcb4d0fa52cb.php 第 168 行.
NOTIC: [8] Undefined variable: system D:\phpStudy\WWW\Blog\Runtime\Cache\Admin\ce08fc67e5d01d678730bcb4d0fa52cb.php 第 171 行.
NOTIC: [8] Undefined variable: systembasic D:\phpStudy\WWW\Blog\Runtime\Cache\Admin\ce08fc67e5d01d678730bcb4d0fa52cb.php 第 174 行.
NOTIC: [8] Undefined variable: systemone D:\phpStudy\WWW\Blog\Runtime\Cache\Admin\ce08fc67e5d01d678730bcb4d0fa52cb.php 第 175 行.
NOTIC: [8] Undefined variable: systememail D:\phpStudy\WWW\Blog\Runtime\Cache\Admin\ce08fc67e5d01d678730bcb4d0fa52cb.php 第 176 行.
NOTIC: [8] Undefined variable: systemppt D:\phpStudy\WWW\Blog\Runtime\Cache\Admin\ce08fc67e5d01d678730bcb4d0fa52cb.php 第 177 行.
NOTIC: [8] Undefined variable: info D:\phpStudy\WWW\Blog\Runtime\Cache\Admin\ce08fc67e5d01d678730bcb4d0fa52cb.php 第 248 行.
INFO: Run Behavior\ParseTemplateBehavior [ RunTime:0.032002s ]
INFO: [ view_parse ] --END-- [ RunTime:0.032002s ]
INFO: [ view_filter ] --START--
INFO: Run Behavior\WriteHtmlCacheBehavior [ RunTime:0.000000s ]
INFO: [ view_filter ] --END-- [ RunTime:0.000000s ]
INFO: [ app_end ] --START--
INFO: Run Behavior\ShowPageTraceBehavior [ RunTime:0.001000s ]
INFO: [ app_end ] --END-- [ RunTime:0.002000s ]

[ 2018-04-07T03:21:01+08:00 ] 127.0.0.1 /Admin/Picture/add.html
INFO: [ app_init ] --START--
INFO: Run Behavior\BuildLiteBehavior [ RunTime:0.000000s ]
INFO: [ app_init ] --END-- [ RunTime:0.001000s ]
INFO: [ app_begin ] --START--
INFO: Run Behavior\ReadHtmlCacheBehavior [ RunTime:0.001000s ]
INFO: [ app_begin ] --END-- [ RunTime:0.001000s ]
NOTIC: [8] Undefined index: validate D:\phpStudy\WWW\Blog\ThinkPHP\Library\Think\Model.class.php 第 1201 行.

[ 2018-04-07T08:40:47+08:00 ] 127.0.0.1 /admin/tag/add
INFO: [ app_init ] --START--
INFO: Run Behavior\BuildLiteBehavior [ RunTime:0.000000s ]
INFO: [ app_init ] --END-- [ RunTime:0.003000s ]
INFO: [ app_begin ] --START--
INFO: Run Behavior\ReadHtmlCacheBehavior [ RunTime:0.003000s ]
INFO: [ app_begin ] --END-- [ RunTime:0.003000s ]

[ 2018-04-07T08:40:48+08:00 ] 127.0.0.1 /Admin/Login/login.html
INFO: [ app_init ] --START--
INFO: Run Behavior\BuildLiteBehavior [ RunTime:0.000000s ]
INFO: [ app_init ] --END-- [ RunTime:0.001000s ]
INFO: [ app_begin ] --START--
INFO: Run Behavior\ReadHtmlCacheBehavior [ RunTime:0.002000s ]
INFO: [ app_begin ] --END-- [ RunTime:0.002000s ]
INFO: [ view_parse ] --START--
INFO: [ template_filter ] --START--
INFO: Run Behavior\ContentReplaceBehavior [ RunTime:0.000000s ]
INFO: [ template_filter ] --END-- [ RunTime:0.000000s ]
INFO: Run Behavior\ParseTemplateBehavior [ RunTime:0.351020s ]
INFO: [ view_parse ] --END-- [ RunTime:0.351020s ]
INFO: [ view_filter ] --START--
INFO: Run Behavior\WriteHtmlCacheBehavior [ RunTime:0.191011s ]
INFO: [ view_filter ] --END-- [ RunTime:0.191011s ]
INFO: [ app_end ] --START--
INFO: Run Behavior\ShowPageTraceBehavior [ RunTime:0.122007s ]
INFO: [ app_end ] --END-- [ RunTime:0.122007s ]

[ 2018-04-07T08:47:59+08:00 ] 127.0.0.1 /admin/tag/add
INFO: [ app_init ] --START--
INFO: Run Behavior\BuildLiteBehavior [ RunTime:0.000000s ]
INFO: [ app_init ] --END-- [ RunTime:0.001000s ]
INFO: [ app_begin ] --START--
INFO: Run Behavior\ReadHtmlCacheBehavior [ RunTime:0.002000s ]
INFO: [ app_begin ] --END-- [ RunTime:0.002000s ]

[ 2018-04-07T08:47:59+08:00 ] 127.0.0.1 /Admin/Login/login.html
INFO: [ app_init ] --START--
INFO: Run Behavior\BuildLiteBehavior [ RunTime:0.000000s ]
INFO: [ app_init ] --END-- [ RunTime:0.001001s ]
INFO: [ app_begin ] --START--
INFO: Run Behavior\ReadHtmlCacheBehavior [ RunTime:0.001000s ]
INFO: [ app_begin ] --END-- [ RunTime:0.001000s ]
INFO: [ view_parse ] --START--
INFO: [ template_filter ] --START--
INFO: Run Behavior\ContentReplaceBehavior [ RunTime:0.000000s ]
INFO: [ template_filter ] --END-- [ RunTime:0.000000s ]
INFO: Run Behavior\ParseTemplateBehavior [ RunTime:0.018001s ]
INFO: [ view_parse ] --END-- [ RunTime:0.018001s ]
INFO: [ view_filter ] --START--
INFO: Run Behavior\WriteHtmlCacheBehavior [ RunTime:0.001000s ]
INFO: [ view_filter ] --END-- [ RunTime:0.001000s ]
INFO: [ app_end ] --START--
INFO: Run Behavior\ShowPageTraceBehavior [ RunTime:0.001000s ]
INFO: [ app_end ] --END-- [ RunTime:0.001000s ]

[ 2018-04-07T08:58:51+08:00 ] 127.0.0.1 /admin/tag/add
INFO: [ app_init ] --START--
INFO: Run Behavior\BuildLiteBehavior [ RunTime:0.000000s ]
INFO: [ app_init ] --END-- [ RunTime:0.002000s ]
INFO: [ app_begin ] --START--
INFO: Run Behavior\ReadHtmlCacheBehavior [ RunTime:0.001000s ]
INFO: [ app_begin ] --END-- [ RunTime:0.001000s ]

[ 2018-04-07T08:58:51+08:00 ] 127.0.0.1 /Admin/Login/login.html
INFO: [ app_init ] --START--
INFO: Run Behavior\BuildLiteBehavior [ RunTime:0.000000s ]
INFO: [ app_init ] --END-- [ RunTime:0.001000s ]
INFO: [ app_begin ] --START--
INFO: Run Behavior\ReadHtmlCacheBehavior [ RunTime:0.001000s ]
INFO: [ app_begin ] --END-- [ RunTime:0.002000s ]
INFO: [ view_parse ] --START--
INFO: [ template_filter ] --START--
INFO: Run Behavior\ContentReplaceBehavior [ RunTime:0.001000s ]
INFO: [ template_filter ] --END-- [ RunTime:0.002000s ]
INFO: Run Behavior\ParseTemplateBehavior [ RunTime:0.022001s ]
INFO: [ view_parse ] --END-- [ RunTime:0.022001s ]
INFO: [ view_filter ] --START--
INFO: Run Behavior\WriteHtmlCacheBehavior [ RunTime:0.001000s ]
INFO: [ view_filter ] --END-- [ RunTime:0.002000s ]
INFO: [ app_end ] --START--
INFO: Run Behavior\ShowPageTraceBehavior [ RunTime:0.002001s ]
INFO: [ app_end ] --END-- [ RunTime:0.003001s ]

[ 2018-04-07T10:13:29+08:00 ] 127.0.0.1 /admin/tag/add
INFO: [ app_init ] --START--
INFO: Run Behavior\BuildLiteBehavior [ RunTime:0.000000s ]
INFO: [ app_init ] --END-- [ RunTime:0.002000s ]
INFO: [ app_begin ] --START--
INFO: Run Behavior\ReadHtmlCacheBehavior [ RunTime:0.002000s ]
INFO: [ app_begin ] --END-- [ RunTime:0.002000s ]

[ 2018-04-07T10:13:29+08:00 ] 127.0.0.1 /Admin/Login/login.html
INFO: [ app_init ] --START--
INFO: Run Behavior\BuildLiteBehavior [ RunTime:0.001000s ]
INFO: [ app_init ] --END-- [ RunTime:0.001000s ]
INFO: [ app_begin ] --START--
INFO: Run Behavior\ReadHtmlCacheBehavior [ RunTime:0.002000s ]
INFO: [ app_begin ] --END-- [ RunTime:0.002000s ]
INFO: [ view_parse ] --START--
INFO: [ template_filter ] --START--
INFO: Run Behavior\ContentReplaceBehavior [ RunTime:0.000000s ]
INFO: [ template_filter ] --END-- [ RunTime:0.001000s ]
INFO: Run Behavior\ParseTemplateBehavior [ RunTime:0.025002s ]
INFO: [ view_parse ] --END-- [ RunTime:0.025002s ]
INFO: [ view_filter ] --START--
INFO: Run Behavior\WriteHtmlCacheBehavior [ RunTime:0.002000s ]
INFO: [ view_filter ] --END-- [ RunTime:0.002000s ]
INFO: [ app_end ] --START--
INFO: Run Behavior\ShowPageTraceBehavior [ RunTime:0.002000s ]
INFO: [ app_end ] --END-- [ RunTime:0.002000s ]

[ 2018-04-07T18:18:24+08:00 ] 127.0.0.1 /admin/tag/add
INFO: [ app_init ] --START--
INFO: Run Behavior\BuildLiteBehavior [ RunTime:0.000000s ]
INFO: [ app_init ] --END-- [ RunTime:0.050003s ]
INFO: [ app_begin ] --START--
INFO: Run Behavior\ReadHtmlCacheBehavior [ RunTime:0.009001s ]
INFO: [ app_begin ] --END-- [ RunTime:0.009001s ]

[ 2018-04-07T18:18:24+08:00 ] 127.0.0.1 /Admin/Login/login.html
INFO: [ app_init ] --START--
INFO: Run Behavior\BuildLiteBehavior [ RunTime:0.000000s ]
INFO: [ app_init ] --END-- [ RunTime:0.001000s ]
INFO: [ app_begin ] --START--
INFO: Run Behavior\ReadHtmlCacheBehavior [ RunTime:0.001000s ]
INFO: [ app_begin ] --END-- [ RunTime:0.001000s ]
INFO: [ view_parse ] --START--
INFO: [ template_filter ] --START--
INFO: Run Behavior\ContentReplaceBehavior [ RunTime:0.033002s ]
INFO: [ template_filter ] --END-- [ RunTime:0.033002s ]
INFO: Run Behavior\ParseTemplateBehavior [ RunTime:0.281016s ]
INFO: [ view_parse ] --END-- [ RunTime:0.281016s ]
INFO: [ view_filter ] --START--
INFO: Run Behavior\WriteHtmlCacheBehavior [ RunTime:0.024001s ]
INFO: [ view_filter ] --END-- [ RunTime:0.024001s ]
INFO: [ app_end ] --START--
INFO: Run Behavior\ShowPageTraceBehavior [ RunTime:0.002001s ]
INFO: [ app_end ] --END-- [ RunTime:0.002001s ]

[ 2018-04-07T19:39:08+08:00 ] 127.0.0.1 /admin/tag/add
INFO: [ app_init ] --START--
INFO: Run Behavior\BuildLiteBehavior [ RunTime:0.000000s ]
INFO: [ app_init ] --END-- [ RunTime:0.011001s ]
INFO: [ app_begin ] --START--
INFO: Run Behavior\ReadHtmlCacheBehavior [ RunTime:0.017001s ]
INFO: [ app_begin ] --END-- [ RunTime:0.017001s ]

[ 2018-04-07T19:39:08+08:00 ] 127.0.0.1 /Admin/Login/login.html
INFO: [ app_init ] --START--
INFO: Run Behavior\BuildLiteBehavior [ RunTime:0.000000s ]
INFO: [ app_init ] --END-- [ RunTime:0.001000s ]
INFO: [ app_begin ] --START--
INFO: Run Behavior\ReadHtmlCacheBehavior [ RunTime:0.000000s ]
INFO: [ app_begin ] --END-- [ RunTime:0.001000s ]
INFO: [ view_parse ] --START--
INFO: [ template_filter ] --START--
INFO: Run Behavior\ContentReplaceBehavior [ RunTime:0.001000s ]
INFO: [ template_filter ] --END-- [ RunTime:0.001000s ]
INFO: Run Behavior\ParseTemplateBehavior [ RunTime:0.148008s ]
INFO: [ view_parse ] --END-- [ RunTime:0.149008s ]
INFO: [ view_filter ] --START--
INFO: Run Behavior\WriteHtmlCacheBehavior [ RunTime:0.013001s ]
INFO: [ view_filter ] --END-- [ RunTime:0.013001s ]
INFO: [ app_end ] --START--
INFO: Run Behavior\ShowPageTraceBehavior [ RunTime:0.002000s ]
INFO: [ app_end ] --END-- [ RunTime:0.002000s ]

[ 2018-04-07T19:53:55+08:00 ] 127.0.0.1 /admin/tag/add
INFO: [ app_init ] --START--
INFO: Run Behavior\BuildLiteBehavior [ RunTime:0.000000s ]
INFO: [ app_init ] --END-- [ RunTime:0.001000s ]
INFO: [ app_begin ] --START--
INFO: Run Behavior\ReadHtmlCacheBehavior [ RunTime:0.001000s ]
INFO: [ app_begin ] --END-- [ RunTime:0.001000s ]

[ 2018-04-07T19:53:55+08:00 ] 127.0.0.1 /Admin/Login/login.html
INFO: [ app_init ] --START--
INFO: Run Behavior\BuildLiteBehavior [ RunTime:0.000000s ]
INFO: [ app_init ] --END-- [ RunTime:0.000000s ]
INFO: [ app_begin ] --START--
INFO: Run Behavior\ReadHtmlCacheBehavior [ RunTime:0.001000s ]
INFO: [ app_begin ] --END-- [ RunTime:0.001000s ]
INFO: [ view_parse ] --START--
INFO: [ template_filter ] --START--
INFO: Run Behavior\ContentReplaceBehavior [ RunTime:0.000000s ]
INFO: [ template_filter ] --END-- [ RunTime:0.000000s ]
INFO: Run Behavior\ParseTemplateBehavior [ RunTime:0.011001s ]
INFO: [ view_parse ] --END-- [ RunTime:0.011001s ]
INFO: [ view_filter ] --START--
INFO: Run Behavior\WriteHtmlCacheBehavior [ RunTime:0.001000s ]
INFO: [ view_filter ] --END-- [ RunTime:0.001000s ]
INFO: [ app_end ] --START--
INFO: Run Behavior\ShowPageTraceBehavior [ RunTime:0.001000s ]
INFO: [ app_end ] --END-- [ RunTime:0.002000s ]

[ 2018-04-07T20:07:36+08:00 ] 127.0.0.1 /admin/tag/add
INFO: [ app_init ] --START--
INFO: Run Behavior\BuildLiteBehavior [ RunTime:0.000000s ]
INFO: [ app_init ] --END-- [ RunTime:0.001000s ]
INFO: [ app_begin ] --START--
INFO: Run Behavior\ReadHtmlCacheBehavior [ RunTime:0.001000s ]
INFO: [ app_begin ] --END-- [ RunTime:0.001000s ]

[ 2018-04-07T20:07:36+08:00 ] 127.0.0.1 /Admin/Login/login.html
INFO: [ app_init ] --START--
INFO: Run Behavior\BuildLiteBehavior [ RunTime:0.000000s ]
INFO: [ app_init ] --END-- [ RunTime:0.001000s ]
INFO: [ app_begin ] --START--
INFO: Run Behavior\ReadHtmlCacheBehavior [ RunTime:0.000000s ]
INFO: [ app_begin ] --END-- [ RunTime:0.000000s ]
INFO: [ view_parse ] --START--
INFO: [ template_filter ] --START--
INFO: Run Behavior\ContentReplaceBehavior [ RunTime:0.000000s ]
INFO: [ template_filter ] --END-- [ RunTime:0.000000s ]
INFO: Run Behavior\ParseTemplateBehavior [ RunTime:0.012000s ]
INFO: [ view_parse ] --END-- [ RunTime:0.012000s ]
INFO: [ view_filter ] --START--
INFO: Run Behavior\WriteHtmlCacheBehavior [ RunTime:0.000000s ]
INFO: [ view_filter ] --END-- [ RunTime:0.000000s ]
INFO: [ app_end ] --START--
INFO: Run Behavior\ShowPageTraceBehavior [ RunTime:0.001000s ]
INFO: [ app_end ] --END-- [ RunTime:0.001000s ]

[ 2018-04-07T20:36:55+08:00 ] 127.0.0.1 /admin/tag/add
INFO: [ app_init ] --START--
INFO: Run Behavior\BuildLiteBehavior [ RunTime:0.000000s ]
INFO: [ app_init ] --END-- [ RunTime:0.183011s ]
INFO: [ app_begin ] --START--
INFO: Run Behavior\ReadHtmlCacheBehavior [ RunTime:0.031002s ]
INFO: [ app_begin ] --END-- [ RunTime:0.032002s ]

[ 2018-04-07T20:36:55+08:00 ] 127.0.0.1 /Admin/Login/login.html
INFO: [ app_init ] --START--
INFO: Run Behavior\BuildLiteBehavior [ RunTime:0.000000s ]
INFO: [ app_init ] --END-- [ RunTime:0.001000s ]
INFO: [ app_begin ] --START--
INFO: Run Behavior\ReadHtmlCacheBehavior [ RunTime:0.001000s ]
INFO: [ app_begin ] --END-- [ RunTime:0.001000s ]
INFO: [ view_parse ] --START--
INFO: [ template_filter ] --START--
INFO: Run Behavior\ContentReplaceBehavior [ RunTime:0.000000s ]
INFO: [ template_filter ] --END-- [ RunTime:0.000000s ]
INFO: Run Behavior\ParseTemplateBehavior [ RunTime:0.105006s ]
INFO: [ view_parse ] --END-- [ RunTime:0.105006s ]
INFO: [ view_filter ] --START--
INFO: Run Behavior\WriteHtmlCacheBehavior [ RunTime:0.012001s ]
INFO: [ view_filter ] --END-- [ RunTime:0.012001s ]
INFO: [ app_end ] --START--
INFO: Run Behavior\ShowPageTraceBehavior [ RunTime:0.002000s ]
INFO: [ app_end ] --END-- [ RunTime:0.003000s ]

