[ 2018-04-11T11:46:21+08:00 ] 127.0.0.1 /index.php
INFO: [ app_init ] --START--
INFO: Run Behavior\BuildLiteBehavior [ RunTime:0.000000s ]
INFO: [ app_init ] --END-- [ RunTime:0.001000s ]
INFO: [ app_begin ] --START--
INFO: Run Behavior\ReadHtmlCacheBehavior [ RunTime:0.001000s ]
INFO: [ app_begin ] --END-- [ RunTime:0.001000s ]
ERR: SQLSTATE[HY000] [1045] Access denied for user 'root'@'localhost' (using password: YES)
NOTIC: [2] include(): Filename cannot be empty D:\phpStudy\WWW\Blog\ThinkPHP\Library\Think\Think.class.php 第 314 行.
NOTIC: [2] include(): Failed opening '' for inclusion (include_path='.;C:\php\pear') D:\phpStudy\WWW\Blog\ThinkPHP\Library\Think\Think.class.php 第 314 行.

[ 2018-04-11T19:47:46+08:00 ] 127.0.0.1 /favicon.ico
INFO: [ app_init ] --START--
INFO: Run Behavior\BuildLiteBehavior [ RunTime:0.000000s ]
INFO: [ app_init ] --END-- [ RunTime:0.000000s ]
NOTIC: [2] preg_match(): No ending delimiter '/' found D:\phpStudy\WWW\Blog\ThinkPHP\Library\Think\Route.class.php 第 58 行.

[ 2018-04-11T19:48:14+08:00 ] 127.0.0.1 /
INFO: [ app_init ] --START--
INFO: Run Behavior\BuildLiteBehavior [ RunTime:0.000000s ]
INFO: [ app_init ] --END-- [ RunTime:0.000000s ]
INFO: [ app_begin ] --START--
INFO: Run Behavior\ReadHtmlCacheBehavior [ RunTime:0.001000s ]
INFO: [ app_begin ] --END-- [ RunTime:0.001000s ]
ERR: SQLSTATE[HY000] [1045] Access denied for user 'root'@'localhost' (using password: YES)
NOTIC: [2] include(): Filename cannot be empty D:\phpStudy\WWW\Blog\ThinkPHP\Library\Think\Think.class.php 第 314 行.
NOTIC: [2] include(): Failed opening '' for inclusion (include_path='.;C:\php\pear') D:\phpStudy\WWW\Blog\ThinkPHP\Library\Think\Think.class.php 第 314 行.

[ 2018-04-11T19:48:23+08:00 ] 127.0.0.1 /home
INFO: [ app_init ] --START--
INFO: Run Behavior\BuildLiteBehavior [ RunTime:0.000000s ]
INFO: [ app_init ] --END-- [ RunTime:0.001000s ]
INFO: [ app_begin ] --START--
INFO: Run Behavior\ReadHtmlCacheBehavior [ RunTime:0.001000s ]
INFO: [ app_begin ] --END-- [ RunTime:0.002000s ]
ERR: SQLSTATE[HY000] [1045] Access denied for user 'root'@'localhost' (using password: YES)
NOTIC: [2] include(): Filename cannot be empty D:\phpStudy\WWW\Blog\ThinkPHP\Library\Think\Think.class.php 第 314 行.
NOTIC: [2] include(): Failed opening '' for inclusion (include_path='.;C:\php\pear') D:\phpStudy\WWW\Blog\ThinkPHP\Library\Think\Think.class.php 第 314 行.

[ 2018-04-11T19:48:24+08:00 ] 127.0.0.1 /home
INFO: [ app_init ] --START--
INFO: Run Behavior\BuildLiteBehavior [ RunTime:0.000000s ]
INFO: [ app_init ] --END-- [ RunTime:0.001001s ]
INFO: [ app_begin ] --START--
INFO: Run Behavior\ReadHtmlCacheBehavior [ RunTime:0.002000s ]
INFO: [ app_begin ] --END-- [ RunTime:0.002000s ]
ERR: SQLSTATE[HY000] [1045] Access denied for user 'root'@'localhost' (using password: YES)
NOTIC: [2] include(): Filename cannot be empty D:\phpStudy\WWW\Blog\ThinkPHP\Library\Think\Think.class.php 第 314 行.
NOTIC: [2] include(): Failed opening '' for inclusion (include_path='.;C:\php\pear') D:\phpStudy\WWW\Blog\ThinkPHP\Library\Think\Think.class.php 第 314 行.

[ 2018-04-11T19:49:41+08:00 ] 127.0.0.1 /
INFO: [ app_init ] --START--
INFO: Run Behavior\BuildLiteBehavior [ RunTime:0.000000s ]
INFO: [ app_init ] --END-- [ RunTime:0.029002s ]
INFO: [ app_begin ] --START--
INFO: Run Behavior\ReadHtmlCacheBehavior [ RunTime:0.003000s ]
INFO: [ app_begin ] --END-- [ RunTime:0.004000s ]
SQL: SHOW COLUMNS FROM `lt_article` [ RunTime:0.6100s ]
SQL: SHOW COLUMNS FROM `lt_link` [ RunTime:0.1080s ]
SQL: SHOW COLUMNS FROM `lt_system` [ RunTime:0.0730s ]
SQL: SHOW COLUMNS FROM `lt_album` [ RunTime:0.0790s ]
SQL: SHOW COLUMNS FROM `lt_gust` [ RunTime:0.0480s ]
SQL: SHOW COLUMNS FROM `lt_say` [ RunTime:0.0260s ]
SQL: SHOW COLUMNS FROM `lt_tag` [ RunTime:0.0610s ]
SQL: SHOW COLUMNS FROM `lt_version` [ RunTime:0.0160s ]
SQL: SHOW COLUMNS FROM `lt_picture` [ RunTime:0.0420s ]
SQL: SHOW COLUMNS FROM `lt_album_c` [ RunTime:0.0210s ]
SQL: SHOW COLUMNS FROM `lt_article_c` [ RunTime:0.0550s ]
SQL: SHOW COLUMNS FROM `lt_say_c` [ RunTime:0.0150s ]
SQL: SELECT * FROM `lt_tag` WHERE `t_view` = 1  [ RunTime:0.0510s ]
SQL: SELECT * FROM `lt_system` LIMIT 1   [ RunTime:0.0010s ]
SQL: SELECT `v_version` FROM `lt_version` ORDER BY v_id desc LIMIT 1   [ RunTime:0.0010s ]
NOTIC: [2] unlink(./Runtime/Temp/2af72f100c356273d46284f6fd1dfc08.php): No such file or directory D:\phpStudy\WWW\Blog\ThinkPHP\Library\Think\Cache\Driver\File.class.php 第 157 行.
SQL: SELECT `a_id` FROM `lt_article` WHERE `a_view` = 2  [ RunTime:0.0000s ]
NOTIC: [2] array_rand(): Second argument has to be between 1 and the number of elements in the array D:\phpStudy\WWW\Blog\Application\Home\Controller\CommonController.class.php 第 39 行.
NOTIC: [8] Undefined index:  D:\phpStudy\WWW\Blog\Application\Home\Controller\CommonController.class.php 第 41 行.
SQL: SELECT * FROM `lt_article` WHERE `a_id` = null LIMIT 1   [ RunTime:0.0360s ]
NOTIC: [8] Undefined index:  D:\phpStudy\WWW\Blog\Application\Home\Controller\CommonController.class.php 第 41 行.
SQL: SELECT * FROM `lt_article` WHERE `a_id` = null LIMIT 1   [ RunTime:0.0010s ]
NOTIC: [8] Undefined index:  D:\phpStudy\WWW\Blog\Application\Home\Controller\CommonController.class.php 第 41 行.
SQL: SELECT * FROM `lt_article` WHERE `a_id` = null LIMIT 1   [ RunTime:0.0000s ]
NOTIC: [8] Undefined index:  D:\phpStudy\WWW\Blog\Application\Home\Controller\CommonController.class.php 第 41 行.
SQL: SELECT * FROM `lt_article` WHERE `a_id` = null LIMIT 1   [ RunTime:0.0010s ]
NOTIC: [8] Undefined index:  D:\phpStudy\WWW\Blog\Application\Home\Controller\CommonController.class.php 第 41 行.
SQL: SELECT * FROM `lt_article` WHERE `a_id` = null LIMIT 1   [ RunTime:0.0000s ]
SQL: SELECT COUNT(*) AS tp_count FROM `lt_say_c` WHERE ( sc_rtime != 0 ) LIMIT 1   [ RunTime:0.0470s ]
SQL: SELECT COUNT(*) AS tp_count FROM `lt_article_c` WHERE ( ac_rtime != 0 ) LIMIT 1   [ RunTime:0.0000s ]
SQL: SELECT COUNT(*) AS tp_count FROM `lt_album_c` WHERE ( alc_rtime != 0 ) LIMIT 1   [ RunTime:0.0000s ]
SQL: SELECT COUNT(*) AS tp_count FROM `lt_say` LIMIT 1   [ RunTime:0.0010s ]
SQL: SELECT COUNT(*) AS tp_count FROM `lt_article` LIMIT 1   [ RunTime:0.0000s ]
SQL: SELECT COUNT(*) AS tp_count FROM `lt_gust` WHERE ( g_rtime != 0 ) LIMIT 1   [ RunTime:0.0000s ]
SQL: SELECT COUNT(*) AS tp_count FROM `lt_album` WHERE `al_view` = 1 LIMIT 1   [ RunTime:0.0000s ]
SQL: SELECT COUNT(*) AS tp_count FROM `lt_picture` WHERE `p_view` = 1 LIMIT 1   [ RunTime:0.0010s ]
SQL: SELECT COUNT(*) AS tp_count FROM `lt_link` WHERE ( l_view != 0 ) LIMIT 1   [ RunTime:0.0000s ]
SQL: UPDATE `lt_system` SET `hit`=hit+1 WHERE ( id=1 ) [ RunTime:0.0950s ]
SQL: SELECT * FROM `lt_album` WHERE `al_view` = 1 LIMIT 9   [ RunTime:0.0000s ]
SQL: SELECT `a_keyword`,`a_id`,`a_time` FROM `lt_article` WHERE ( a_keyword != '' and a_view > 0 ) ORDER BY a_time desc  [ RunTime:0.0400s ]
SQL: SELECT `a_id` FROM `lt_article` WHERE ( a_view != 0 )  [ RunTime:0.0300s ]
SQL: SELECT * FROM `lt_article` WHERE `a_id` = 1 LIMIT 1   [ RunTime:0.0010s ]
SQL: SELECT * FROM `lt_article` WHERE `a_id` = 3 LIMIT 1   [ RunTime:0.0000s ]
SQL: SELECT * FROM `lt_article` WHERE `a_id` = 6 LIMIT 1   [ RunTime:0.0010s ]
SQL: SELECT * FROM `lt_link` WHERE `l_view` = 2 ORDER BY l_sort  [ RunTime:0.0010s ]
NOTIC: [8] Use of undefined constant ture - assumed 'ture' D:\phpStudy\WWW\Blog\Application\Home\Controller\CommonController.class.php 第 85 行.
SQL: SHOW COLUMNS FROM `lt_article_c` [ RunTime:0.0060s ]
SQL: SELECT `ac_time` FROM `lt_article_c` WHERE ( ac_rtime>0 ) UNION ALL SELECT sc_time FROM lt_say_c WHERE sc_rtime != 0 UNION ALL SELECT alc_time FROM lt_album_c WHERE alc_rtime >0 order by ac_time desc limit 0,5 [ RunTime:0.0200s ]
SQL: SELECT * FROM `lt_article_c` WHERE `ac_time` = 1486283901 LIMIT 1   [ RunTime:0.0010s ]
SQL: SELECT * FROM `lt_album_c` WHERE `alc_time` = 1486283901 LIMIT 1   [ RunTime:0.0000s ]
SQL: SELECT * FROM `lt_say_c` WHERE `sc_time` = 1486283901 LIMIT 1   [ RunTime:0.0010s ]
SQL: SELECT * FROM `lt_article_c` WHERE `ac_time` = 1486283651 LIMIT 1   [ RunTime:0.0000s ]
SQL: SELECT * FROM `lt_album_c` WHERE `alc_time` = 1486283651 LIMIT 1   [ RunTime:0.0010s ]
SQL: SELECT * FROM `lt_say_c` WHERE `sc_time` = 1486283651 LIMIT 1   [ RunTime:0.0000s ]
SQL: SELECT * FROM `lt_article_c` WHERE `ac_time` = 1486283315 LIMIT 1   [ RunTime:0.0000s ]
SQL: SELECT * FROM `lt_album_c` WHERE `alc_time` = 1486283315 LIMIT 1   [ RunTime:0.0010s ]
SQL: SELECT * FROM `lt_say_c` WHERE `sc_time` = 1486283315 LIMIT 1   [ RunTime:0.0000s ]
NOTIC: [8] Undefined offset: 3 D:\phpStudy\WWW\Blog\Application\Home\Controller\CommonController.class.php 第 88 行.
SQL: SELECT * FROM `lt_article_c` WHERE `ac_time` = null LIMIT 1   [ RunTime:0.0010s ]
NOTIC: [8] Undefined offset: 3 D:\phpStudy\WWW\Blog\Application\Home\Controller\CommonController.class.php 第 89 行.
SQL: SELECT * FROM `lt_album_c` WHERE `alc_time` = null LIMIT 1   [ RunTime:0.0000s ]
NOTIC: [8] Undefined offset: 3 D:\phpStudy\WWW\Blog\Application\Home\Controller\CommonController.class.php 第 90 行.
SQL: SELECT * FROM `lt_say_c` WHERE `sc_time` = null LIMIT 1   [ RunTime:0.0000s ]
NOTIC: [8] Undefined offset: 4 D:\phpStudy\WWW\Blog\Application\Home\Controller\CommonController.class.php 第 88 行.
SQL: SELECT * FROM `lt_article_c` WHERE `ac_time` = null LIMIT 1   [ RunTime:0.0000s ]
NOTIC: [8] Undefined offset: 4 D:\phpStudy\WWW\Blog\Application\Home\Controller\CommonController.class.php 第 89 行.
SQL: SELECT * FROM `lt_album_c` WHERE `alc_time` = null LIMIT 1   [ RunTime:0.0010s ]
NOTIC: [8] Undefined offset: 4 D:\phpStudy\WWW\Blog\Application\Home\Controller\CommonController.class.php 第 90 行.
SQL: SELECT * FROM `lt_say_c` WHERE `sc_time` = null LIMIT 1   [ RunTime:0.0000s ]
SQL: SELECT * FROM `lt_gust` WHERE ( g_rtime>0 ) ORDER BY g_time desc LIMIT 5   [ RunTime:0.0000s ]
SQL: SELECT * FROM `lt_article` WHERE ( a_view != 0 ) ORDER BY a_hit desc LIMIT 7   [ RunTime:0.0000s ]
SQL: SELECT `a_time` FROM `lt_article` ORDER BY a_time desc LIMIT 1   [ RunTime:0.0000s ]
SQL: SELECT `s_time` FROM `lt_say` ORDER BY s_time desc LIMIT 1   [ RunTime:0.0010s ]
SQL: SELECT `al_time` FROM `lt_album` ORDER BY al_time desc LIMIT 1   [ RunTime:0.0000s ]
SQL: SELECT * FROM `lt_article`  [ RunTime:0.0010s ]
SQL: SHOW COLUMNS FROM `lt_ppt` [ RunTime:0.0600s ]
SQL: SELECT * FROM `lt_ppt` WHERE `pp_view` = 1 ORDER BY pp_time desc LIMIT 3   [ RunTime:0.0000s ]
INFO: [ view_parse ] --START--
INFO: [ template_filter ] --START--
INFO: Run Behavior\ContentReplaceBehavior [ RunTime:0.000000s ]
INFO: [ template_filter ] --END-- [ RunTime:0.001001s ]
NOTIC: [8] Undefined variable: index D:\phpStudy\WWW\Blog\Runtime\Cache\Home\2a94b8bda04ff446dcedd42276fc99ee.php 第 42 行.
NOTIC: [8] Undefined variable: about D:\phpStudy\WWW\Blog\Runtime\Cache\Home\2a94b8bda04ff446dcedd42276fc99ee.php 第 43 行.
NOTIC: [8] Undefined variable: class D:\phpStudy\WWW\Blog\Runtime\Cache\Home\2a94b8bda04ff446dcedd42276fc99ee.php 第 44 行.
NOTIC: [8] Undefined variable: feel D:\phpStudy\WWW\Blog\Runtime\Cache\Home\2a94b8bda04ff446dcedd42276fc99ee.php 第 51 行.
NOTIC: [8] Undefined variable: album D:\phpStudy\WWW\Blog\Runtime\Cache\Home\2a94b8bda04ff446dcedd42276fc99ee.php 第 52 行.
NOTIC: [8] Undefined variable: friends D:\phpStudy\WWW\Blog\Runtime\Cache\Home\2a94b8bda04ff446dcedd42276fc99ee.php 第 53 行.
NOTIC: [8] Undefined variable: gust D:\phpStudy\WWW\Blog\Runtime\Cache\Home\2a94b8bda04ff446dcedd42276fc99ee.php 第 54 行.
NOTIC: [8] Undefined variable: download D:\phpStudy\WWW\Blog\Runtime\Cache\Home\2a94b8bda04ff446dcedd42276fc99ee.php 第 55 行.
NOTIC: [8] Undefined variable: tmp D:\phpStudy\WWW\Blog\Application\Common\Common\function.php 第 307 行.
NOTIC: [8] Undefined index: ac_num D:\phpStudy\WWW\Blog\Runtime\Cache\Home\2a94b8bda04ff446dcedd42276fc99ee.php 第 97 行.
NOTIC: [8] Undefined variable: tmp D:\phpStudy\WWW\Blog\Application\Common\Common\function.php 第 307 行.
NOTIC: [8] Undefined index: ac_num D:\phpStudy\WWW\Blog\Runtime\Cache\Home\2a94b8bda04ff446dcedd42276fc99ee.php 第 97 行.
NOTIC: [8] Undefined variable: tmp D:\phpStudy\WWW\Blog\Application\Common\Common\function.php 第 307 行.
NOTIC: [8] Undefined index: ac_num D:\phpStudy\WWW\Blog\Runtime\Cache\Home\2a94b8bda04ff446dcedd42276fc99ee.php 第 97 行.
NOTIC: [8] Undefined variable: tmp D:\phpStudy\WWW\Blog\Application\Common\Common\function.php 第 307 行.
NOTIC: [8] Undefined index: ac_num D:\phpStudy\WWW\Blog\Runtime\Cache\Home\2a94b8bda04ff446dcedd42276fc99ee.php 第 97 行.
NOTIC: [8] Undefined variable: tmp D:\phpStudy\WWW\Blog\Application\Common\Common\function.php 第 307 行.
NOTIC: [8] Undefined index: ac_num D:\phpStudy\WWW\Blog\Runtime\Cache\Home\2a94b8bda04ff446dcedd42276fc99ee.php 第 97 行.
NOTIC: [8] Undefined variable: tmp D:\phpStudy\WWW\Blog\Application\Common\Common\function.php 第 307 行.
NOTIC: [8] Undefined index: ac_num D:\phpStudy\WWW\Blog\Runtime\Cache\Home\2a94b8bda04ff446dcedd42276fc99ee.php 第 97 行.
NOTIC: [8] Use of undefined constant ture - assumed 'ture' D:\phpStudy\WWW\Blog\Runtime\Cache\Home\2a94b8bda04ff446dcedd42276fc99ee.php 第 174 行.
NOTIC: [8] Use of undefined constant ture - assumed 'ture' D:\phpStudy\WWW\Blog\Runtime\Cache\Home\2a94b8bda04ff446dcedd42276fc99ee.php 第 164 行.
NOTIC: [8] Use of undefined constant ture - assumed 'ture' D:\phpStudy\WWW\Blog\Runtime\Cache\Home\2a94b8bda04ff446dcedd42276fc99ee.php 第 184 行.
NOTIC: [8] Use of undefined constant ture - assumed 'ture' D:\phpStudy\WWW\Blog\Runtime\Cache\Home\2a94b8bda04ff446dcedd42276fc99ee.php 第 198 行.
INFO: Run Behavior\ParseTemplateBehavior [ RunTime:0.290017s ]
INFO: [ view_parse ] --END-- [ RunTime:0.290017s ]
INFO: [ view_filter ] --START--
INFO: Run Behavior\WriteHtmlCacheBehavior [ RunTime:0.001000s ]
INFO: [ view_filter ] --END-- [ RunTime:0.001000s ]
INFO: [ app_end ] --START--
INFO: Run Behavior\ShowPageTraceBehavior [ RunTime:0.001000s ]
INFO: [ app_end ] --END-- [ RunTime:0.002000s ]

[ 2018-04-11T19:49:41+08:00 ] 127.0.0.1 /Uploads/Thumb/thumb_5ac48cd6b43f3.jpg
INFO: [ app_init ] --START--
INFO: Run Behavior\BuildLiteBehavior [ RunTime:0.000000s ]
INFO: [ app_init ] --END-- [ RunTime:0.001000s ]
NOTIC: [2] preg_match(): No ending delimiter '/' found D:\phpStudy\WWW\Blog\ThinkPHP\Library\Think\Route.class.php 第 58 行.

[ 2018-04-11T19:49:41+08:00 ] 127.0.0.1 /Upload/Thumb/1522900842.jpg
INFO: [ app_init ] --START--
INFO: Run Behavior\BuildLiteBehavior [ RunTime:0.000000s ]
INFO: [ app_init ] --END-- [ RunTime:0.003000s ]
NOTIC: [2] preg_match(): No ending delimiter '/' found D:\phpStudy\WWW\Blog\ThinkPHP\Library\Think\Route.class.php 第 58 行.

[ 2018-04-11T19:49:42+08:00 ] 127.0.0.1 /Upload/Thumb/1522900979.jpg
INFO: [ app_init ] --START--
INFO: Run Behavior\BuildLiteBehavior [ RunTime:0.000000s ]
INFO: [ app_init ] --END-- [ RunTime:0.001000s ]
NOTIC: [2] preg_match(): No ending delimiter '/' found D:\phpStudy\WWW\Blog\ThinkPHP\Library\Think\Route.class.php 第 58 行.

[ 2018-04-11T19:49:42+08:00 ] 127.0.0.1 /Upload/Thumb/1522899945.jpg
INFO: [ app_init ] --START--
INFO: Run Behavior\BuildLiteBehavior [ RunTime:0.000000s ]
INFO: [ app_init ] --END-- [ RunTime:0.001000s ]
NOTIC: [2] preg_match(): No ending delimiter '/' found D:\phpStudy\WWW\Blog\ThinkPHP\Library\Think\Route.class.php 第 58 行.

[ 2018-04-11T19:49:42+08:00 ] 127.0.0.1 /Uploads/Thumb/thumb_5ac48d775a72f.jpg
INFO: [ app_init ] --START--
INFO: Run Behavior\BuildLiteBehavior [ RunTime:0.000000s ]
INFO: [ app_init ] --END-- [ RunTime:0.002000s ]
NOTIC: [2] preg_match(): No ending delimiter '/' found D:\phpStudy\WWW\Blog\ThinkPHP\Library\Think\Route.class.php 第 58 行.

[ 2018-04-11T19:49:42+08:00 ] 127.0.0.1 /Uploads/Thumb/thumb_5ac48cd6b43f3.jpg
INFO: [ app_init ] --START--
INFO: Run Behavior\BuildLiteBehavior [ RunTime:0.000000s ]
INFO: [ app_init ] --END-- [ RunTime:0.001000s ]
NOTIC: [2] preg_match(): No ending delimiter '/' found D:\phpStudy\WWW\Blog\ThinkPHP\Library\Think\Route.class.php 第 58 行.

[ 2018-04-11T19:49:42+08:00 ] 127.0.0.1 /Upload/Thumb/1522900842.jpg
INFO: [ app_init ] --START--
INFO: Run Behavior\BuildLiteBehavior [ RunTime:0.000000s ]
INFO: [ app_init ] --END-- [ RunTime:0.001001s ]
NOTIC: [2] preg_match(): No ending delimiter '/' found D:\phpStudy\WWW\Blog\ThinkPHP\Library\Think\Route.class.php 第 58 行.

[ 2018-04-11T19:49:42+08:00 ] 127.0.0.1 /Upload/Thumb/1522900979.jpg
INFO: [ app_init ] --START--
INFO: Run Behavior\BuildLiteBehavior [ RunTime:0.000000s ]
INFO: [ app_init ] --END-- [ RunTime:0.001000s ]
NOTIC: [2] preg_match(): No ending delimiter '/' found D:\phpStudy\WWW\Blog\ThinkPHP\Library\Think\Route.class.php 第 58 行.

[ 2018-04-11T19:49:42+08:00 ] 127.0.0.1 /Uploads/Thumb/thumb_5ac48d775a72f.jpg
INFO: [ app_init ] --START--
INFO: Run Behavior\BuildLiteBehavior [ RunTime:0.000000s ]
INFO: [ app_init ] --END-- [ RunTime:0.002000s ]
NOTIC: [2] preg_match(): No ending delimiter '/' found D:\phpStudy\WWW\Blog\ThinkPHP\Library\Think\Route.class.php 第 58 行.

[ 2018-04-11T19:49:42+08:00 ] 127.0.0.1 /Upload/Thumb/1522899945.jpg
INFO: [ app_init ] --START--
INFO: Run Behavior\BuildLiteBehavior [ RunTime:0.000000s ]
INFO: [ app_init ] --END-- [ RunTime:0.002000s ]
NOTIC: [2] preg_match(): No ending delimiter '/' found D:\phpStudy\WWW\Blog\ThinkPHP\Library\Think\Route.class.php 第 58 行.

[ 2018-04-11T23:24:46+08:00 ] 127.0.0.1 /favicon.ico
INFO: [ app_init ] --START--
INFO: Run Behavior\BuildLiteBehavior [ RunTime:0.000000s ]
INFO: [ app_init ] --END-- [ RunTime:0.001000s ]
NOTIC: [2] preg_match(): No ending delimiter '/' found D:\phpStudy\WWW\Blog\ThinkPHP\Library\Think\Route.class.php 第 58 行.

[ 2018-04-11T23:25:01+08:00 ] 127.0.0.1 /favicon.ico
INFO: [ app_init ] --START--
INFO: Run Behavior\BuildLiteBehavior [ RunTime:0.000000s ]
INFO: [ app_init ] --END-- [ RunTime:0.001000s ]
NOTIC: [2] preg_match(): No ending delimiter '/' found D:\phpStudy\WWW\Blog\ThinkPHP\Library\Think\Route.class.php 第 58 行.

[ 2018-04-11T23:27:30+08:00 ] 127.0.0.1 /home
INFO: [ app_init ] --START--
INFO: Run Behavior\BuildLiteBehavior [ RunTime:0.000000s ]
INFO: [ app_init ] --END-- [ RunTime:0.000000s ]
INFO: [ app_begin ] --START--
INFO: Run Behavior\ReadHtmlCacheBehavior [ RunTime:0.001000s ]
INFO: [ app_begin ] --END-- [ RunTime:0.001000s ]
SQL: SHOW COLUMNS FROM `lt_article` [ RunTime:0.0220s ]
SQL: SHOW COLUMNS FROM `lt_link` [ RunTime:0.2620s ]
SQL: SHOW COLUMNS FROM `lt_system` [ RunTime:0.1270s ]
SQL: SHOW COLUMNS FROM `lt_album` [ RunTime:0.0350s ]
SQL: SHOW COLUMNS FROM `lt_gust` [ RunTime:0.0150s ]
SQL: SHOW COLUMNS FROM `lt_say` [ RunTime:0.0070s ]
SQL: SHOW COLUMNS FROM `lt_tag` [ RunTime:0.0090s ]
SQL: SHOW COLUMNS FROM `lt_version` [ RunTime:0.0090s ]
SQL: SHOW COLUMNS FROM `lt_picture` [ RunTime:0.0330s ]
SQL: SHOW COLUMNS FROM `lt_album_c` [ RunTime:0.0080s ]
SQL: SHOW COLUMNS FROM `lt_article_c` [ RunTime:0.0070s ]
SQL: SHOW COLUMNS FROM `lt_say_c` [ RunTime:0.0080s ]
SQL: SELECT * FROM `lt_tag` WHERE `t_view` = 1  [ RunTime:0.0000s ]
SQL: SELECT * FROM `lt_system` LIMIT 1   [ RunTime:0.0010s ]
SQL: SELECT `v_version` FROM `lt_version` ORDER BY v_id desc LIMIT 1   [ RunTime:0.0040s ]
NOTIC: [2] unlink(./Runtime/Temp/2af72f100c356273d46284f6fd1dfc08.php): No such file or directory D:\phpStudy\WWW\Blog\ThinkPHP\Library\Think\Cache\Driver\File.class.php 第 157 行.
SQL: SELECT `a_id` FROM `lt_article` WHERE `a_view` = 2  [ RunTime:0.0000s ]
NOTIC: [2] array_rand(): Second argument has to be between 1 and the number of elements in the array D:\phpStudy\WWW\Blog\Application\Home\Controller\CommonController.class.php 第 39 行.
NOTIC: [8] Undefined index:  D:\phpStudy\WWW\Blog\Application\Home\Controller\CommonController.class.php 第 41 行.
SQL: SELECT * FROM `lt_article` WHERE `a_id` = null LIMIT 1   [ RunTime:0.0000s ]
NOTIC: [8] Undefined index:  D:\phpStudy\WWW\Blog\Application\Home\Controller\CommonController.class.php 第 41 行.
SQL: SELECT * FROM `lt_article` WHERE `a_id` = null LIMIT 1   [ RunTime:0.0000s ]
NOTIC: [8] Undefined index:  D:\phpStudy\WWW\Blog\Application\Home\Controller\CommonController.class.php 第 41 行.
SQL: SELECT * FROM `lt_article` WHERE `a_id` = null LIMIT 1   [ RunTime:0.0010s ]
NOTIC: [8] Undefined index:  D:\phpStudy\WWW\Blog\Application\Home\Controller\CommonController.class.php 第 41 行.
SQL: SELECT * FROM `lt_article` WHERE `a_id` = null LIMIT 1   [ RunTime:0.0000s ]
NOTIC: [8] Undefined index:  D:\phpStudy\WWW\Blog\Application\Home\Controller\CommonController.class.php 第 41 行.
SQL: SELECT * FROM `lt_article` WHERE `a_id` = null LIMIT 1   [ RunTime:0.0010s ]
SQL: SELECT COUNT(*) AS tp_count FROM `lt_say_c` WHERE ( sc_rtime != 0 ) LIMIT 1   [ RunTime:0.0000s ]
SQL: SELECT COUNT(*) AS tp_count FROM `lt_article_c` WHERE ( ac_rtime != 0 ) LIMIT 1   [ RunTime:0.0000s ]
SQL: SELECT COUNT(*) AS tp_count FROM `lt_album_c` WHERE ( alc_rtime != 0 ) LIMIT 1   [ RunTime:0.0000s ]
SQL: SELECT COUNT(*) AS tp_count FROM `lt_say` LIMIT 1   [ RunTime:0.0000s ]
SQL: SELECT COUNT(*) AS tp_count FROM `lt_article` LIMIT 1   [ RunTime:0.0000s ]
SQL: SELECT COUNT(*) AS tp_count FROM `lt_gust` WHERE ( g_rtime != 0 ) LIMIT 1   [ RunTime:0.0010s ]
SQL: SELECT COUNT(*) AS tp_count FROM `lt_album` WHERE `al_view` = 1 LIMIT 1   [ RunTime:0.0000s ]
SQL: SELECT COUNT(*) AS tp_count FROM `lt_picture` WHERE `p_view` = 1 LIMIT 1   [ RunTime:0.0000s ]
SQL: SELECT COUNT(*) AS tp_count FROM `lt_link` WHERE ( l_view != 0 ) LIMIT 1   [ RunTime:0.0000s ]
SQL: UPDATE `lt_system` SET `hit`=hit+1 WHERE ( id=1 ) [ RunTime:0.0010s ]
SQL: SELECT * FROM `lt_album` WHERE `al_view` = 1 LIMIT 9   [ RunTime:0.0010s ]
SQL: SELECT `a_keyword`,`a_id`,`a_time` FROM `lt_article` WHERE ( a_keyword != '' and a_view > 0 ) ORDER BY a_time desc  [ RunTime:0.0000s ]
SQL: SELECT `a_id` FROM `lt_article` WHERE ( a_view != 0 )  [ RunTime:0.0000s ]
SQL: SELECT * FROM `lt_article` WHERE `a_id` = 1 LIMIT 1   [ RunTime:0.0010s ]
SQL: SELECT * FROM `lt_article` WHERE `a_id` = 3 LIMIT 1   [ RunTime:0.0000s ]
SQL: SELECT * FROM `lt_article` WHERE `a_id` = 6 LIMIT 1   [ RunTime:0.0000s ]
SQL: SELECT * FROM `lt_link` WHERE `l_view` = 2 ORDER BY l_sort  [ RunTime:0.0000s ]
NOTIC: [8] Use of undefined constant ture - assumed 'ture' D:\phpStudy\WWW\Blog\Application\Home\Controller\CommonController.class.php 第 85 行.
SQL: SHOW COLUMNS FROM `lt_article_c` [ RunTime:0.0080s ]
SQL: SELECT `ac_time` FROM `lt_article_c` WHERE ( ac_rtime>0 ) UNION ALL SELECT sc_time FROM lt_say_c WHERE sc_rtime != 0 UNION ALL SELECT alc_time FROM lt_album_c WHERE alc_rtime >0 order by ac_time desc limit 0,5 [ RunTime:0.0020s ]
SQL: SELECT * FROM `lt_article_c` WHERE `ac_time` = 1486283901 LIMIT 1   [ RunTime:0.0000s ]
SQL: SELECT * FROM `lt_album_c` WHERE `alc_time` = 1486283901 LIMIT 1   [ RunTime:0.0010s ]
SQL: SELECT * FROM `lt_say_c` WHERE `sc_time` = 1486283901 LIMIT 1   [ RunTime:0.0000s ]
SQL: SELECT * FROM `lt_article_c` WHERE `ac_time` = 1486283651 LIMIT 1   [ RunTime:0.0010s ]
SQL: SELECT * FROM `lt_album_c` WHERE `alc_time` = 1486283651 LIMIT 1   [ RunTime:0.0000s ]
SQL: SELECT * FROM `lt_say_c` WHERE `sc_time` = 1486283651 LIMIT 1   [ RunTime:0.0000s ]
SQL: SELECT * FROM `lt_article_c` WHERE `ac_time` = 1486283315 LIMIT 1   [ RunTime:0.0000s ]
SQL: SELECT * FROM `lt_album_c` WHERE `alc_time` = 1486283315 LIMIT 1   [ RunTime:0.0000s ]
SQL: SELECT * FROM `lt_say_c` WHERE `sc_time` = 1486283315 LIMIT 1   [ RunTime:0.0000s ]
NOTIC: [8] Undefined offset: 3 D:\phpStudy\WWW\Blog\Application\Home\Controller\CommonController.class.php 第 88 行.
SQL: SELECT * FROM `lt_article_c` WHERE `ac_time` = null LIMIT 1   [ RunTime:0.0000s ]
NOTIC: [8] Undefined offset: 3 D:\phpStudy\WWW\Blog\Application\Home\Controller\CommonController.class.php 第 89 行.
SQL: SELECT * FROM `lt_album_c` WHERE `alc_time` = null LIMIT 1   [ RunTime:0.0000s ]
NOTIC: [8] Undefined offset: 3 D:\phpStudy\WWW\Blog\Application\Home\Controller\CommonController.class.php 第 90 行.
SQL: SELECT * FROM `lt_say_c` WHERE `sc_time` = null LIMIT 1   [ RunTime:0.0000s ]
NOTIC: [8] Undefined offset: 4 D:\phpStudy\WWW\Blog\Application\Home\Controller\CommonController.class.php 第 88 行.
SQL: SELECT * FROM `lt_article_c` WHERE `ac_time` = null LIMIT 1   [ RunTime:0.0010s ]
NOTIC: [8] Undefined offset: 4 D:\phpStudy\WWW\Blog\Application\Home\Controller\CommonController.class.php 第 89 行.
SQL: SELECT * FROM `lt_album_c` WHERE `alc_time` = null LIMIT 1   [ RunTime:0.0000s ]
NOTIC: [8] Undefined offset: 4 D:\phpStudy\WWW\Blog\Application\Home\Controller\CommonController.class.php 第 90 行.
SQL: SELECT * FROM `lt_say_c` WHERE `sc_time` = null LIMIT 1   [ RunTime:0.0000s ]
SQL: SELECT * FROM `lt_gust` WHERE ( g_rtime>0 ) ORDER BY g_time desc LIMIT 5   [ RunTime:0.0010s ]
SQL: SELECT * FROM `lt_article` WHERE ( a_view != 0 ) ORDER BY a_hit desc LIMIT 7   [ RunTime:0.0030s ]
SQL: SELECT `a_time` FROM `lt_article` ORDER BY a_time desc LIMIT 1   [ RunTime:0.0010s ]
SQL: SELECT `s_time` FROM `lt_say` ORDER BY s_time desc LIMIT 1   [ RunTime:0.0000s ]
SQL: SELECT `al_time` FROM `lt_album` ORDER BY al_time desc LIMIT 1   [ RunTime:0.0000s ]
SQL: SELECT * FROM `lt_article`  [ RunTime:0.0000s ]
SQL: SHOW COLUMNS FROM `lt_ppt` [ RunTime:0.0450s ]
SQL: SELECT * FROM `lt_ppt` WHERE `pp_view` = 1 ORDER BY pp_time desc LIMIT 3   [ RunTime:0.0010s ]
INFO: [ view_parse ] --START--
INFO: [ template_filter ] --START--
INFO: Run Behavior\ContentReplaceBehavior [ RunTime:0.000000s ]
INFO: [ template_filter ] --END-- [ RunTime:0.000000s ]
NOTIC: [8] Undefined variable: index D:\phpStudy\WWW\Blog\Runtime\Cache\Home\2a94b8bda04ff446dcedd42276fc99ee.php 第 42 行.
NOTIC: [8] Undefined variable: about D:\phpStudy\WWW\Blog\Runtime\Cache\Home\2a94b8bda04ff446dcedd42276fc99ee.php 第 43 行.
NOTIC: [8] Undefined variable: class D:\phpStudy\WWW\Blog\Runtime\Cache\Home\2a94b8bda04ff446dcedd42276fc99ee.php 第 44 行.
NOTIC: [8] Undefined variable: feel D:\phpStudy\WWW\Blog\Runtime\Cache\Home\2a94b8bda04ff446dcedd42276fc99ee.php 第 51 行.
NOTIC: [8] Undefined variable: album D:\phpStudy\WWW\Blog\Runtime\Cache\Home\2a94b8bda04ff446dcedd42276fc99ee.php 第 52 行.
NOTIC: [8] Undefined variable: friends D:\phpStudy\WWW\Blog\Runtime\Cache\Home\2a94b8bda04ff446dcedd42276fc99ee.php 第 53 行.
NOTIC: [8] Undefined variable: gust D:\phpStudy\WWW\Blog\Runtime\Cache\Home\2a94b8bda04ff446dcedd42276fc99ee.php 第 54 行.
NOTIC: [8] Undefined variable: download D:\phpStudy\WWW\Blog\Runtime\Cache\Home\2a94b8bda04ff446dcedd42276fc99ee.php 第 55 行.
NOTIC: [8] Undefined variable: tmp D:\phpStudy\WWW\Blog\Application\Common\Common\function.php 第 307 行.
NOTIC: [8] Undefined index: ac_num D:\phpStudy\WWW\Blog\Runtime\Cache\Home\2a94b8bda04ff446dcedd42276fc99ee.php 第 97 行.
NOTIC: [8] Undefined variable: tmp D:\phpStudy\WWW\Blog\Application\Common\Common\function.php 第 307 行.
NOTIC: [8] Undefined index: ac_num D:\phpStudy\WWW\Blog\Runtime\Cache\Home\2a94b8bda04ff446dcedd42276fc99ee.php 第 97 行.
NOTIC: [8] Undefined variable: tmp D:\phpStudy\WWW\Blog\Application\Common\Common\function.php 第 307 行.
NOTIC: [8] Undefined index: ac_num D:\phpStudy\WWW\Blog\Runtime\Cache\Home\2a94b8bda04ff446dcedd42276fc99ee.php 第 97 行.
NOTIC: [8] Undefined variable: tmp D:\phpStudy\WWW\Blog\Application\Common\Common\function.php 第 307 行.
NOTIC: [8] Undefined index: ac_num D:\phpStudy\WWW\Blog\Runtime\Cache\Home\2a94b8bda04ff446dcedd42276fc99ee.php 第 97 行.
NOTIC: [8] Undefined variable: tmp D:\phpStudy\WWW\Blog\Application\Common\Common\function.php 第 307 行.
NOTIC: [8] Undefined index: ac_num D:\phpStudy\WWW\Blog\Runtime\Cache\Home\2a94b8bda04ff446dcedd42276fc99ee.php 第 97 行.
NOTIC: [8] Undefined variable: tmp D:\phpStudy\WWW\Blog\Application\Common\Common\function.php 第 307 行.
NOTIC: [8] Undefined index: ac_num D:\phpStudy\WWW\Blog\Runtime\Cache\Home\2a94b8bda04ff446dcedd42276fc99ee.php 第 97 行.
NOTIC: [8] Use of undefined constant ture - assumed 'ture' D:\phpStudy\WWW\Blog\Runtime\Cache\Home\2a94b8bda04ff446dcedd42276fc99ee.php 第 174 行.
NOTIC: [8] Use of undefined constant ture - assumed 'ture' D:\phpStudy\WWW\Blog\Runtime\Cache\Home\2a94b8bda04ff446dcedd42276fc99ee.php 第 164 行.
NOTIC: [8] Use of undefined constant ture - assumed 'ture' D:\phpStudy\WWW\Blog\Runtime\Cache\Home\2a94b8bda04ff446dcedd42276fc99ee.php 第 184 行.
NOTIC: [8] Use of undefined constant ture - assumed 'ture' D:\phpStudy\WWW\Blog\Runtime\Cache\Home\2a94b8bda04ff446dcedd42276fc99ee.php 第 198 行.
INFO: Run Behavior\ParseTemplateBehavior [ RunTime:0.211012s ]
INFO: [ view_parse ] --END-- [ RunTime:0.211012s ]
INFO: [ view_filter ] --START--
INFO: Run Behavior\WriteHtmlCacheBehavior [ RunTime:0.001000s ]
INFO: [ view_filter ] --END-- [ RunTime:0.001000s ]
INFO: [ app_end ] --START--
INFO: Run Behavior\ShowPageTraceBehavior [ RunTime:0.005001s ]
INFO: [ app_end ] --END-- [ RunTime:0.006001s ]

[ 2018-04-11T23:27:30+08:00 ] 127.0.0.1 /Uploads/Thumb/thumb_5ac48cd6b43f3.jpg
INFO: [ app_init ] --START--
INFO: Run Behavior\BuildLiteBehavior [ RunTime:0.000000s ]
INFO: [ app_init ] --END-- [ RunTime:0.001000s ]
NOTIC: [2] preg_match(): No ending delimiter '/' found D:\phpStudy\WWW\Blog\ThinkPHP\Library\Think\Route.class.php 第 58 行.

[ 2018-04-11T23:27:30+08:00 ] 127.0.0.1 /Uploads/Thumb/thumb_5ac48d775a72f.jpg
INFO: [ app_init ] --START--
INFO: Run Behavior\BuildLiteBehavior [ RunTime:0.000000s ]
INFO: [ app_init ] --END-- [ RunTime:0.001000s ]
NOTIC: [2] preg_match(): No ending delimiter '/' found D:\phpStudy\WWW\Blog\ThinkPHP\Library\Think\Route.class.php 第 58 行.

[ 2018-04-11T23:27:30+08:00 ] 127.0.0.1 /Upload/Thumb/1522899945.jpg
INFO: [ app_init ] --START--
INFO: Run Behavior\BuildLiteBehavior [ RunTime:0.001000s ]
INFO: [ app_init ] --END-- [ RunTime:0.001000s ]
NOTIC: [2] preg_match(): No ending delimiter '/' found D:\phpStudy\WWW\Blog\ThinkPHP\Library\Think\Route.class.php 第 58 行.

[ 2018-04-11T23:27:30+08:00 ] 127.0.0.1 /Upload/Thumb/1522900842.jpg
INFO: [ app_init ] --START--
INFO: Run Behavior\BuildLiteBehavior [ RunTime:0.001000s ]
INFO: [ app_init ] --END-- [ RunTime:0.001000s ]
NOTIC: [2] preg_match(): No ending delimiter '/' found D:\phpStudy\WWW\Blog\ThinkPHP\Library\Think\Route.class.php 第 58 行.

[ 2018-04-11T23:27:30+08:00 ] 127.0.0.1 /Upload/Thumb/1522900979.jpg
INFO: [ app_init ] --START--
INFO: Run Behavior\BuildLiteBehavior [ RunTime:0.000000s ]
INFO: [ app_init ] --END-- [ RunTime:0.001000s ]
NOTIC: [2] preg_match(): No ending delimiter '/' found D:\phpStudy\WWW\Blog\ThinkPHP\Library\Think\Route.class.php 第 58 行.

[ 2018-04-11T23:27:44+08:00 ] 127.0.0.1 /favicon.ico
INFO: [ app_init ] --START--
INFO: Run Behavior\BuildLiteBehavior [ RunTime:0.000000s ]
INFO: [ app_init ] --END-- [ RunTime:0.001000s ]
NOTIC: [2] preg_match(): No ending delimiter '/' found D:\phpStudy\WWW\Blog\ThinkPHP\Library\Think\Route.class.php 第 58 行.

[ 2018-04-11T23:28:07+08:00 ] 127.0.0.1 /
INFO: [ app_init ] --START--
INFO: Run Behavior\BuildLiteBehavior [ RunTime:0.000000s ]
INFO: [ app_init ] --END-- [ RunTime:0.001000s ]
INFO: [ app_begin ] --START--
INFO: Run Behavior\ReadHtmlCacheBehavior [ RunTime:0.001000s ]
INFO: [ app_begin ] --END-- [ RunTime:0.002000s ]
SQL: SHOW COLUMNS FROM `lt_article` [ RunTime:0.0070s ]
SQL: SHOW COLUMNS FROM `lt_link` [ RunTime:0.0060s ]
SQL: SHOW COLUMNS FROM `lt_system` [ RunTime:0.0060s ]
SQL: SHOW COLUMNS FROM `lt_album` [ RunTime:0.0080s ]
SQL: SHOW COLUMNS FROM `lt_gust` [ RunTime:0.0070s ]
SQL: SHOW COLUMNS FROM `lt_say` [ RunTime:0.0070s ]
SQL: SHOW COLUMNS FROM `lt_tag` [ RunTime:0.0060s ]
SQL: SHOW COLUMNS FROM `lt_version` [ RunTime:0.0080s ]
SQL: SHOW COLUMNS FROM `lt_picture` [ RunTime:0.0070s ]
SQL: SHOW COLUMNS FROM `lt_album_c` [ RunTime:0.0070s ]
SQL: SHOW COLUMNS FROM `lt_article_c` [ RunTime:0.0070s ]
SQL: SHOW COLUMNS FROM `lt_say_c` [ RunTime:0.0060s ]
SQL: SELECT * FROM `lt_tag` WHERE `t_view` = 1  [ RunTime:0.0010s ]
SQL: SELECT * FROM `lt_system` LIMIT 1   [ RunTime:0.0050s ]
SQL: SELECT `v_version` FROM `lt_version` ORDER BY v_id desc LIMIT 1   [ RunTime:0.0010s ]
NOTIC: [2] unlink(./Runtime/Temp/2af72f100c356273d46284f6fd1dfc08.php): No such file or directory D:\phpStudy\WWW\Blog\ThinkPHP\Library\Think\Cache\Driver\File.class.php 第 157 行.
SQL: SELECT `a_id` FROM `lt_article` WHERE `a_view` = 2  [ RunTime:0.0010s ]
NOTIC: [2] array_rand(): Second argument has to be between 1 and the number of elements in the array D:\phpStudy\WWW\Blog\Application\Home\Controller\CommonController.class.php 第 39 行.
NOTIC: [8] Undefined index:  D:\phpStudy\WWW\Blog\Application\Home\Controller\CommonController.class.php 第 41 行.
SQL: SELECT * FROM `lt_article` WHERE `a_id` = null LIMIT 1   [ RunTime:0.0000s ]
NOTIC: [8] Undefined index:  D:\phpStudy\WWW\Blog\Application\Home\Controller\CommonController.class.php 第 41 行.
SQL: SELECT * FROM `lt_article` WHERE `a_id` = null LIMIT 1   [ RunTime:0.0000s ]
NOTIC: [8] Undefined index:  D:\phpStudy\WWW\Blog\Application\Home\Controller\CommonController.class.php 第 41 行.
SQL: SELECT * FROM `lt_article` WHERE `a_id` = null LIMIT 1   [ RunTime:0.0000s ]
NOTIC: [8] Undefined index:  D:\phpStudy\WWW\Blog\Application\Home\Controller\CommonController.class.php 第 41 行.
SQL: SELECT * FROM `lt_article` WHERE `a_id` = null LIMIT 1   [ RunTime:0.0000s ]
NOTIC: [8] Undefined index:  D:\phpStudy\WWW\Blog\Application\Home\Controller\CommonController.class.php 第 41 行.
SQL: SELECT * FROM `lt_article` WHERE `a_id` = null LIMIT 1   [ RunTime:0.0010s ]
SQL: SELECT COUNT(*) AS tp_count FROM `lt_say_c` WHERE ( sc_rtime != 0 ) LIMIT 1   [ RunTime:0.0010s ]
SQL: SELECT COUNT(*) AS tp_count FROM `lt_article_c` WHERE ( ac_rtime != 0 ) LIMIT 1   [ RunTime:0.0000s ]
SQL: SELECT COUNT(*) AS tp_count FROM `lt_album_c` WHERE ( alc_rtime != 0 ) LIMIT 1   [ RunTime:0.0010s ]
SQL: SELECT COUNT(*) AS tp_count FROM `lt_say` LIMIT 1   [ RunTime:0.0000s ]
SQL: SELECT COUNT(*) AS tp_count FROM `lt_article` LIMIT 1   [ RunTime:0.0000s ]
SQL: SELECT COUNT(*) AS tp_count FROM `lt_gust` WHERE ( g_rtime != 0 ) LIMIT 1   [ RunTime:0.0010s ]
SQL: SELECT COUNT(*) AS tp_count FROM `lt_album` WHERE `al_view` = 1 LIMIT 1   [ RunTime:0.0000s ]
SQL: SELECT COUNT(*) AS tp_count FROM `lt_picture` WHERE `p_view` = 1 LIMIT 1   [ RunTime:0.0010s ]
SQL: SELECT COUNT(*) AS tp_count FROM `lt_link` WHERE ( l_view != 0 ) LIMIT 1   [ RunTime:0.0010s ]
SQL: UPDATE `lt_system` SET `hit`=hit+1 WHERE ( id=1 ) [ RunTime:0.0020s ]
SQL: SELECT * FROM `lt_album` WHERE `al_view` = 1 LIMIT 9   [ RunTime:0.0010s ]
SQL: SELECT `a_keyword`,`a_id`,`a_time` FROM `lt_article` WHERE ( a_keyword != '' and a_view > 0 ) ORDER BY a_time desc  [ RunTime:0.0010s ]
SQL: SELECT `a_id` FROM `lt_article` WHERE ( a_view != 0 )  [ RunTime:0.0000s ]
SQL: SELECT * FROM `lt_article` WHERE `a_id` = 1 LIMIT 1   [ RunTime:0.0010s ]
SQL: SELECT * FROM `lt_article` WHERE `a_id` = 3 LIMIT 1   [ RunTime:0.0000s ]
SQL: SELECT * FROM `lt_article` WHERE `a_id` = 6 LIMIT 1   [ RunTime:0.0000s ]
SQL: SELECT * FROM `lt_link` WHERE `l_view` = 2 ORDER BY l_sort  [ RunTime:0.0010s ]
NOTIC: [8] Use of undefined constant ture - assumed 'ture' D:\phpStudy\WWW\Blog\Application\Home\Controller\CommonController.class.php 第 85 行.
SQL: SHOW COLUMNS FROM `lt_article_c` [ RunTime:0.0070s ]
SQL: SELECT `ac_time` FROM `lt_article_c` WHERE ( ac_rtime>0 ) UNION ALL SELECT sc_time FROM lt_say_c WHERE sc_rtime != 0 UNION ALL SELECT alc_time FROM lt_album_c WHERE alc_rtime >0 order by ac_time desc limit 0,5 [ RunTime:0.0010s ]
SQL: SELECT * FROM `lt_article_c` WHERE `ac_time` = 1486283901 LIMIT 1   [ RunTime:0.0010s ]
SQL: SELECT * FROM `lt_album_c` WHERE `alc_time` = 1486283901 LIMIT 1   [ RunTime:0.0000s ]
SQL: SELECT * FROM `lt_say_c` WHERE `sc_time` = 1486283901 LIMIT 1   [ RunTime:0.0010s ]
SQL: SELECT * FROM `lt_article_c` WHERE `ac_time` = 1486283651 LIMIT 1   [ RunTime:0.0000s ]
SQL: SELECT * FROM `lt_album_c` WHERE `alc_time` = 1486283651 LIMIT 1   [ RunTime:0.0000s ]
SQL: SELECT * FROM `lt_say_c` WHERE `sc_time` = 1486283651 LIMIT 1   [ RunTime:0.0000s ]
SQL: SELECT * FROM `lt_article_c` WHERE `ac_time` = 1486283315 LIMIT 1   [ RunTime:0.0000s ]
SQL: SELECT * FROM `lt_album_c` WHERE `alc_time` = 1486283315 LIMIT 1   [ RunTime:0.0000s ]
SQL: SELECT * FROM `lt_say_c` WHERE `sc_time` = 1486283315 LIMIT 1   [ RunTime:0.0000s ]
NOTIC: [8] Undefined offset: 3 D:\phpStudy\WWW\Blog\Application\Home\Controller\CommonController.class.php 第 88 行.
SQL: SELECT * FROM `lt_article_c` WHERE `ac_time` = null LIMIT 1   [ RunTime:0.0000s ]
NOTIC: [8] Undefined offset: 3 D:\phpStudy\WWW\Blog\Application\Home\Controller\CommonController.class.php 第 89 行.
SQL: SELECT * FROM `lt_album_c` WHERE `alc_time` = null LIMIT 1   [ RunTime:0.0010s ]
NOTIC: [8] Undefined offset: 3 D:\phpStudy\WWW\Blog\Application\Home\Controller\CommonController.class.php 第 90 行.
SQL: SELECT * FROM `lt_say_c` WHERE `sc_time` = null LIMIT 1   [ RunTime:0.0000s ]
NOTIC: [8] Undefined offset: 4 D:\phpStudy\WWW\Blog\Application\Home\Controller\CommonController.class.php 第 88 行.
SQL: SELECT * FROM `lt_article_c` WHERE `ac_time` = null LIMIT 1   [ RunTime:0.0000s ]
NOTIC: [8] Undefined offset: 4 D:\phpStudy\WWW\Blog\Application\Home\Controller\CommonController.class.php 第 89 行.
SQL: SELECT * FROM `lt_album_c` WHERE `alc_time` = null LIMIT 1   [ RunTime:0.0000s ]
NOTIC: [8] Undefined offset: 4 D:\phpStudy\WWW\Blog\Application\Home\Controller\CommonController.class.php 第 90 行.
SQL: SELECT * FROM `lt_say_c` WHERE `sc_time` = null LIMIT 1   [ RunTime:0.0010s ]
SQL: SELECT * FROM `lt_gust` WHERE ( g_rtime>0 ) ORDER BY g_time desc LIMIT 5   [ RunTime:0.0010s ]
SQL: SELECT * FROM `lt_article` WHERE ( a_view != 0 ) ORDER BY a_hit desc LIMIT 7   [ RunTime:0.0000s ]
SQL: SELECT `a_time` FROM `lt_article` ORDER BY a_time desc LIMIT 1   [ RunTime:0.0000s ]
SQL: SELECT `s_time` FROM `lt_say` ORDER BY s_time desc LIMIT 1   [ RunTime:0.0000s ]
SQL: SELECT `al_time` FROM `lt_album` ORDER BY al_time desc LIMIT 1   [ RunTime:0.0010s ]
SQL: SELECT * FROM `lt_article`  [ RunTime:0.0010s ]
SQL: SHOW COLUMNS FROM `lt_ppt` [ RunTime:0.0060s ]
SQL: SELECT * FROM `lt_ppt` WHERE `pp_view` = 1 ORDER BY pp_time desc LIMIT 3   [ RunTime:0.0000s ]
INFO: [ view_parse ] --START--
INFO: [ template_filter ] --START--
INFO: Run Behavior\ContentReplaceBehavior [ RunTime:0.001000s ]
INFO: [ template_filter ] --END-- [ RunTime:0.001000s ]
NOTIC: [8] Undefined variable: index D:\phpStudy\WWW\Blog\Runtime\Cache\Home\2a94b8bda04ff446dcedd42276fc99ee.php 第 42 行.
NOTIC: [8] Undefined variable: about D:\phpStudy\WWW\Blog\Runtime\Cache\Home\2a94b8bda04ff446dcedd42276fc99ee.php 第 43 行.
NOTIC: [8] Undefined variable: class D:\phpStudy\WWW\Blog\Runtime\Cache\Home\2a94b8bda04ff446dcedd42276fc99ee.php 第 44 行.
NOTIC: [8] Undefined variable: feel D:\phpStudy\WWW\Blog\Runtime\Cache\Home\2a94b8bda04ff446dcedd42276fc99ee.php 第 51 行.
NOTIC: [8] Undefined variable: album D:\phpStudy\WWW\Blog\Runtime\Cache\Home\2a94b8bda04ff446dcedd42276fc99ee.php 第 52 行.
NOTIC: [8] Undefined variable: friends D:\phpStudy\WWW\Blog\Runtime\Cache\Home\2a94b8bda04ff446dcedd42276fc99ee.php 第 53 行.
NOTIC: [8] Undefined variable: gust D:\phpStudy\WWW\Blog\Runtime\Cache\Home\2a94b8bda04ff446dcedd42276fc99ee.php 第 54 行.
NOTIC: [8] Undefined variable: download D:\phpStudy\WWW\Blog\Runtime\Cache\Home\2a94b8bda04ff446dcedd42276fc99ee.php 第 55 行.
NOTIC: [8] Undefined variable: tmp D:\phpStudy\WWW\Blog\Application\Common\Common\function.php 第 307 行.
NOTIC: [8] Undefined index: ac_num D:\phpStudy\WWW\Blog\Runtime\Cache\Home\2a94b8bda04ff446dcedd42276fc99ee.php 第 97 行.
NOTIC: [8] Undefined variable: tmp D:\phpStudy\WWW\Blog\Application\Common\Common\function.php 第 307 行.
NOTIC: [8] Undefined index: ac_num D:\phpStudy\WWW\Blog\Runtime\Cache\Home\2a94b8bda04ff446dcedd42276fc99ee.php 第 97 行.
NOTIC: [8] Undefined variable: tmp D:\phpStudy\WWW\Blog\Application\Common\Common\function.php 第 307 行.
NOTIC: [8] Undefined index: ac_num D:\phpStudy\WWW\Blog\Runtime\Cache\Home\2a94b8bda04ff446dcedd42276fc99ee.php 第 97 行.
NOTIC: [8] Undefined variable: tmp D:\phpStudy\WWW\Blog\Application\Common\Common\function.php 第 307 行.
NOTIC: [8] Undefined index: ac_num D:\phpStudy\WWW\Blog\Runtime\Cache\Home\2a94b8bda04ff446dcedd42276fc99ee.php 第 97 行.
NOTIC: [8] Undefined variable: tmp D:\phpStudy\WWW\Blog\Application\Common\Common\function.php 第 307 行.
NOTIC: [8] Undefined index: ac_num D:\phpStudy\WWW\Blog\Runtime\Cache\Home\2a94b8bda04ff446dcedd42276fc99ee.php 第 97 行.
NOTIC: [8] Undefined variable: tmp D:\phpStudy\WWW\Blog\Application\Common\Common\function.php 第 307 行.
NOTIC: [8] Undefined index: ac_num D:\phpStudy\WWW\Blog\Runtime\Cache\Home\2a94b8bda04ff446dcedd42276fc99ee.php 第 97 行.
NOTIC: [8] Use of undefined constant ture - assumed 'ture' D:\phpStudy\WWW\Blog\Runtime\Cache\Home\2a94b8bda04ff446dcedd42276fc99ee.php 第 174 行.
NOTIC: [8] Use of undefined constant ture - assumed 'ture' D:\phpStudy\WWW\Blog\Runtime\Cache\Home\2a94b8bda04ff446dcedd42276fc99ee.php 第 164 行.
NOTIC: [8] Use of undefined constant ture - assumed 'ture' D:\phpStudy\WWW\Blog\Runtime\Cache\Home\2a94b8bda04ff446dcedd42276fc99ee.php 第 184 行.
NOTIC: [8] Use of undefined constant ture - assumed 'ture' D:\phpStudy\WWW\Blog\Runtime\Cache\Home\2a94b8bda04ff446dcedd42276fc99ee.php 第 198 行.
INFO: Run Behavior\ParseTemplateBehavior [ RunTime:0.072004s ]
INFO: [ view_parse ] --END-- [ RunTime:0.073004s ]
INFO: [ view_filter ] --START--
INFO: Run Behavior\WriteHtmlCacheBehavior [ RunTime:0.001001s ]
INFO: [ view_filter ] --END-- [ RunTime:0.001001s ]
INFO: [ app_end ] --START--
INFO: Run Behavior\ShowPageTraceBehavior [ RunTime:0.002000s ]
INFO: [ app_end ] --END-- [ RunTime:0.002000s ]

[ 2018-04-11T23:28:07+08:00 ] 127.0.0.1 /Upload/Thumb/1522899945.jpg
INFO: [ app_init ] --START--
INFO: Run Behavior\BuildLiteBehavior [ RunTime:0.000000s ]
INFO: [ app_init ] --END-- [ RunTime:0.001000s ]
NOTIC: [2] preg_match(): No ending delimiter '/' found D:\phpStudy\WWW\Blog\ThinkPHP\Library\Think\Route.class.php 第 58 行.

[ 2018-04-11T23:28:07+08:00 ] 127.0.0.1 /Uploads/Thumb/thumb_5ac48cd6b43f3.jpg
INFO: [ app_init ] --START--
INFO: Run Behavior\BuildLiteBehavior [ RunTime:0.000000s ]
INFO: [ app_init ] --END-- [ RunTime:0.001000s ]
NOTIC: [2] preg_match(): No ending delimiter '/' found D:\phpStudy\WWW\Blog\ThinkPHP\Library\Think\Route.class.php 第 58 行.

[ 2018-04-11T23:28:07+08:00 ] 127.0.0.1 /Uploads/Thumb/thumb_5ac48d775a72f.jpg
INFO: [ app_init ] --START--
INFO: Run Behavior\BuildLiteBehavior [ RunTime:0.000000s ]
INFO: [ app_init ] --END-- [ RunTime:0.001000s ]
NOTIC: [2] preg_match(): No ending delimiter '/' found D:\phpStudy\WWW\Blog\ThinkPHP\Library\Think\Route.class.php 第 58 行.

[ 2018-04-11T23:28:07+08:00 ] 127.0.0.1 /Upload/Thumb/1522900842.jpg
INFO: [ app_init ] --START--
INFO: Run Behavior\BuildLiteBehavior [ RunTime:0.000000s ]
INFO: [ app_init ] --END-- [ RunTime:0.000000s ]
NOTIC: [2] preg_match(): No ending delimiter '/' found D:\phpStudy\WWW\Blog\ThinkPHP\Library\Think\Route.class.php 第 58 行.

[ 2018-04-11T23:28:07+08:00 ] 127.0.0.1 /Upload/Thumb/1522900979.jpg
INFO: [ app_init ] --START--
INFO: Run Behavior\BuildLiteBehavior [ RunTime:0.000000s ]
INFO: [ app_init ] --END-- [ RunTime:0.001000s ]
NOTIC: [2] preg_match(): No ending delimiter '/' found D:\phpStudy\WWW\Blog\ThinkPHP\Library\Think\Route.class.php 第 58 行.

[ 2018-04-11T23:33:09+08:00 ] 127.0.0.1 /
INFO: [ app_init ] --START--
INFO: Run Behavior\BuildLiteBehavior [ RunTime:0.001000s ]
INFO: [ app_init ] --END-- [ RunTime:0.002000s ]
INFO: [ app_begin ] --START--
INFO: Run Behavior\ReadHtmlCacheBehavior [ RunTime:0.001000s ]
INFO: [ app_begin ] --END-- [ RunTime:0.002000s ]
SQL: SHOW COLUMNS FROM `lt_article` [ RunTime:0.0340s ]
SQL: SHOW COLUMNS FROM `lt_link` [ RunTime:0.0300s ]
SQL: SHOW COLUMNS FROM `lt_system` [ RunTime:0.0130s ]
SQL: SHOW COLUMNS FROM `lt_album` [ RunTime:0.0160s ]
SQL: SHOW COLUMNS FROM `lt_gust` [ RunTime:0.0080s ]
SQL: SHOW COLUMNS FROM `lt_say` [ RunTime:0.0090s ]
SQL: SHOW COLUMNS FROM `lt_tag` [ RunTime:0.0100s ]
SQL: SHOW COLUMNS FROM `lt_version` [ RunTime:0.0080s ]
SQL: SHOW COLUMNS FROM `lt_picture` [ RunTime:0.0090s ]
SQL: SHOW COLUMNS FROM `lt_album_c` [ RunTime:0.0110s ]
SQL: SHOW COLUMNS FROM `lt_article_c` [ RunTime:0.0080s ]
SQL: SHOW COLUMNS FROM `lt_say_c` [ RunTime:0.0110s ]
SQL: SELECT * FROM `lt_tag` WHERE `t_view` = 1  [ RunTime:0.0030s ]
SQL: SELECT * FROM `lt_system` LIMIT 1   [ RunTime:0.0000s ]
SQL: SELECT `v_version` FROM `lt_version` ORDER BY v_id desc LIMIT 1   [ RunTime:0.0000s ]
NOTIC: [2] unlink(./Runtime/Temp/2af72f100c356273d46284f6fd1dfc08.php): No such file or directory D:\phpStudy\WWW\Blog\ThinkPHP\Library\Think\Cache\Driver\File.class.php 第 157 行.
SQL: SELECT `a_id` FROM `lt_article` WHERE `a_view` = 2  [ RunTime:0.0000s ]
NOTIC: [2] array_rand(): Second argument has to be between 1 and the number of elements in the array D:\phpStudy\WWW\Blog\Application\Home\Controller\CommonController.class.php 第 39 行.
NOTIC: [8] Undefined index:  D:\phpStudy\WWW\Blog\Application\Home\Controller\CommonController.class.php 第 41 行.
SQL: SELECT * FROM `lt_article` WHERE `a_id` = null LIMIT 1   [ RunTime:0.0010s ]
NOTIC: [8] Undefined index:  D:\phpStudy\WWW\Blog\Application\Home\Controller\CommonController.class.php 第 41 行.
SQL: SELECT * FROM `lt_article` WHERE `a_id` = null LIMIT 1   [ RunTime:0.0000s ]
NOTIC: [8] Undefined index:  D:\phpStudy\WWW\Blog\Application\Home\Controller\CommonController.class.php 第 41 行.
SQL: SELECT * FROM `lt_article` WHERE `a_id` = null LIMIT 1   [ RunTime:0.0010s ]
NOTIC: [8] Undefined index:  D:\phpStudy\WWW\Blog\Application\Home\Controller\CommonController.class.php 第 41 行.
SQL: SELECT * FROM `lt_article` WHERE `a_id` = null LIMIT 1   [ RunTime:0.0000s ]
NOTIC: [8] Undefined index:  D:\phpStudy\WWW\Blog\Application\Home\Controller\CommonController.class.php 第 41 行.
SQL: SELECT * FROM `lt_article` WHERE `a_id` = null LIMIT 1   [ RunTime:0.0010s ]
SQL: SELECT COUNT(*) AS tp_count FROM `lt_say_c` WHERE ( sc_rtime != 0 ) LIMIT 1   [ RunTime:0.0000s ]
SQL: SELECT COUNT(*) AS tp_count FROM `lt_article_c` WHERE ( ac_rtime != 0 ) LIMIT 1   [ RunTime:0.0010s ]
SQL: SELECT COUNT(*) AS tp_count FROM `lt_album_c` WHERE ( alc_rtime != 0 ) LIMIT 1   [ RunTime:0.0000s ]
SQL: SELECT COUNT(*) AS tp_count FROM `lt_say` LIMIT 1   [ RunTime:0.0000s ]
SQL: SELECT COUNT(*) AS tp_count FROM `lt_article` LIMIT 1   [ RunTime:0.0000s ]
SQL: SELECT COUNT(*) AS tp_count FROM `lt_gust` WHERE ( g_rtime != 0 ) LIMIT 1   [ RunTime:0.0010s ]
SQL: SELECT COUNT(*) AS tp_count FROM `lt_album` WHERE `al_view` = 1 LIMIT 1   [ RunTime:0.0010s ]
SQL: SELECT COUNT(*) AS tp_count FROM `lt_picture` WHERE `p_view` = 1 LIMIT 1   [ RunTime:0.0000s ]
SQL: SELECT COUNT(*) AS tp_count FROM `lt_link` WHERE ( l_view != 0 ) LIMIT 1   [ RunTime:0.0000s ]
SQL: UPDATE `lt_system` SET `hit`=hit+1 WHERE ( id=1 ) [ RunTime:0.0010s ]
SQL: SELECT * FROM `lt_album` WHERE `al_view` = 1 LIMIT 9   [ RunTime:0.0000s ]
SQL: SELECT `a_keyword`,`a_id`,`a_time` FROM `lt_article` WHERE ( a_keyword != '' and a_view > 0 ) ORDER BY a_time desc  [ RunTime:0.0010s ]
SQL: SELECT `a_id` FROM `lt_article` WHERE ( a_view != 0 )  [ RunTime:0.0000s ]
SQL: SELECT * FROM `lt_article` WHERE `a_id` = 1 LIMIT 1   [ RunTime:0.0010s ]
SQL: SELECT * FROM `lt_article` WHERE `a_id` = 3 LIMIT 1   [ RunTime:0.0000s ]
SQL: SELECT * FROM `lt_article` WHERE `a_id` = 6 LIMIT 1   [ RunTime:0.0010s ]
SQL: SELECT * FROM `lt_link` WHERE `l_view` = 2 ORDER BY l_sort  [ RunTime:0.0000s ]
NOTIC: [8] Use of undefined constant ture - assumed 'ture' D:\phpStudy\WWW\Blog\Application\Home\Controller\CommonController.class.php 第 85 行.
SQL: SHOW COLUMNS FROM `lt_article_c` [ RunTime:0.0080s ]
SQL: SELECT `ac_time` FROM `lt_article_c` WHERE ( ac_rtime>0 ) UNION ALL SELECT sc_time FROM lt_say_c WHERE sc_rtime != 0 UNION ALL SELECT alc_time FROM lt_album_c WHERE alc_rtime >0 order by ac_time desc limit 0,5 [ RunTime:0.0010s ]
SQL: SELECT * FROM `lt_article_c` WHERE `ac_time` = 1486283901 LIMIT 1   [ RunTime:0.0000s ]
SQL: SELECT * FROM `lt_album_c` WHERE `alc_time` = 1486283901 LIMIT 1   [ RunTime:0.0010s ]
SQL: SELECT * FROM `lt_say_c` WHERE `sc_time` = 1486283901 LIMIT 1   [ RunTime:0.0000s ]
SQL: SELECT * FROM `lt_article_c` WHERE `ac_time` = 1486283651 LIMIT 1   [ RunTime:0.0000s ]
SQL: SELECT * FROM `lt_album_c` WHERE `alc_time` = 1486283651 LIMIT 1   [ RunTime:0.0010s ]
SQL: SELECT * FROM `lt_say_c` WHERE `sc_time` = 1486283651 LIMIT 1   [ RunTime:0.0000s ]
SQL: SELECT * FROM `lt_article_c` WHERE `ac_time` = 1486283315 LIMIT 1   [ RunTime:0.0010s ]
SQL: SELECT * FROM `lt_album_c` WHERE `alc_time` = 1486283315 LIMIT 1   [ RunTime:0.0000s ]
SQL: SELECT * FROM `lt_say_c` WHERE `sc_time` = 1486283315 LIMIT 1   [ RunTime:0.0010s ]
NOTIC: [8] Undefined offset: 3 D:\phpStudy\WWW\Blog\Application\Home\Controller\CommonController.class.php 第 88 行.
SQL: SELECT * FROM `lt_article_c` WHERE `ac_time` = null LIMIT 1   [ RunTime:0.0000s ]
NOTIC: [8] Undefined offset: 3 D:\phpStudy\WWW\Blog\Application\Home\Controller\CommonController.class.php 第 89 行.
SQL: SELECT * FROM `lt_album_c` WHERE `alc_time` = null LIMIT 1   [ RunTime:0.0000s ]
NOTIC: [8] Undefined offset: 3 D:\phpStudy\WWW\Blog\Application\Home\Controller\CommonController.class.php 第 90 行.
SQL: SELECT * FROM `lt_say_c` WHERE `sc_time` = null LIMIT 1   [ RunTime:0.0000s ]
NOTIC: [8] Undefined offset: 4 D:\phpStudy\WWW\Blog\Application\Home\Controller\CommonController.class.php 第 88 行.
SQL: SELECT * FROM `lt_article_c` WHERE `ac_time` = null LIMIT 1   [ RunTime:0.0010s ]
NOTIC: [8] Undefined offset: 4 D:\phpStudy\WWW\Blog\Application\Home\Controller\CommonController.class.php 第 89 行.
SQL: SELECT * FROM `lt_album_c` WHERE `alc_time` = null LIMIT 1   [ RunTime:0.0000s ]
NOTIC: [8] Undefined offset: 4 D:\phpStudy\WWW\Blog\Application\Home\Controller\CommonController.class.php 第 90 行.
SQL: SELECT * FROM `lt_say_c` WHERE `sc_time` = null LIMIT 1   [ RunTime:0.0000s ]
SQL: SELECT * FROM `lt_gust` WHERE ( g_rtime>0 ) ORDER BY g_time desc LIMIT 5   [ RunTime:0.0010s ]
SQL: SELECT * FROM `lt_article` WHERE ( a_view != 0 ) ORDER BY a_hit desc LIMIT 7   [ RunTime:0.0010s ]
SQL: SELECT `a_time` FROM `lt_article` ORDER BY a_time desc LIMIT 1   [ RunTime:0.0000s ]
SQL: SELECT `s_time` FROM `lt_say` ORDER BY s_time desc LIMIT 1   [ RunTime:0.0000s ]
SQL: SELECT `al_time` FROM `lt_album` ORDER BY al_time desc LIMIT 1   [ RunTime:0.0010s ]
SQL: SELECT * FROM `lt_article`  [ RunTime:0.0010s ]
SQL: SHOW COLUMNS FROM `lt_ppt` [ RunTime:0.0180s ]
SQL: SELECT * FROM `lt_ppt` WHERE `pp_view` = 1 ORDER BY pp_time desc LIMIT 3   [ RunTime:0.0010s ]
INFO: [ view_parse ] --START--
INFO: [ template_filter ] --START--
INFO: Run Behavior\ContentReplaceBehavior [ RunTime:0.001000s ]
INFO: [ template_filter ] --END-- [ RunTime:0.001000s ]
NOTIC: [8] Undefined variable: index D:\phpStudy\WWW\Blog\Runtime\Cache\Home\2a94b8bda04ff446dcedd42276fc99ee.php 第 42 行.
NOTIC: [8] Undefined variable: about D:\phpStudy\WWW\Blog\Runtime\Cache\Home\2a94b8bda04ff446dcedd42276fc99ee.php 第 43 行.
NOTIC: [8] Undefined variable: class D:\phpStudy\WWW\Blog\Runtime\Cache\Home\2a94b8bda04ff446dcedd42276fc99ee.php 第 44 行.
NOTIC: [8] Undefined variable: feel D:\phpStudy\WWW\Blog\Runtime\Cache\Home\2a94b8bda04ff446dcedd42276fc99ee.php 第 51 行.
NOTIC: [8] Undefined variable: album D:\phpStudy\WWW\Blog\Runtime\Cache\Home\2a94b8bda04ff446dcedd42276fc99ee.php 第 52 行.
NOTIC: [8] Undefined variable: friends D:\phpStudy\WWW\Blog\Runtime\Cache\Home\2a94b8bda04ff446dcedd42276fc99ee.php 第 53 行.
NOTIC: [8] Undefined variable: gust D:\phpStudy\WWW\Blog\Runtime\Cache\Home\2a94b8bda04ff446dcedd42276fc99ee.php 第 54 行.
NOTIC: [8] Undefined variable: download D:\phpStudy\WWW\Blog\Runtime\Cache\Home\2a94b8bda04ff446dcedd42276fc99ee.php 第 55 行.
NOTIC: [8] Undefined variable: tmp D:\phpStudy\WWW\Blog\Application\Common\Common\function.php 第 307 行.
NOTIC: [8] Undefined index: ac_num D:\phpStudy\WWW\Blog\Runtime\Cache\Home\2a94b8bda04ff446dcedd42276fc99ee.php 第 97 行.
NOTIC: [8] Undefined variable: tmp D:\phpStudy\WWW\Blog\Application\Common\Common\function.php 第 307 行.
NOTIC: [8] Undefined index: ac_num D:\phpStudy\WWW\Blog\Runtime\Cache\Home\2a94b8bda04ff446dcedd42276fc99ee.php 第 97 行.
NOTIC: [8] Undefined variable: tmp D:\phpStudy\WWW\Blog\Application\Common\Common\function.php 第 307 行.
NOTIC: [8] Undefined index: ac_num D:\phpStudy\WWW\Blog\Runtime\Cache\Home\2a94b8bda04ff446dcedd42276fc99ee.php 第 97 行.
NOTIC: [8] Undefined variable: tmp D:\phpStudy\WWW\Blog\Application\Common\Common\function.php 第 307 行.
NOTIC: [8] Undefined index: ac_num D:\phpStudy\WWW\Blog\Runtime\Cache\Home\2a94b8bda04ff446dcedd42276fc99ee.php 第 97 行.
NOTIC: [8] Undefined variable: tmp D:\phpStudy\WWW\Blog\Application\Common\Common\function.php 第 307 行.
NOTIC: [8] Undefined index: ac_num D:\phpStudy\WWW\Blog\Runtime\Cache\Home\2a94b8bda04ff446dcedd42276fc99ee.php 第 97 行.
NOTIC: [8] Undefined variable: tmp D:\phpStudy\WWW\Blog\Application\Common\Common\function.php 第 307 行.
NOTIC: [8] Undefined index: ac_num D:\phpStudy\WWW\Blog\Runtime\Cache\Home\2a94b8bda04ff446dcedd42276fc99ee.php 第 97 行.
NOTIC: [8] Use of undefined constant ture - assumed 'ture' D:\phpStudy\WWW\Blog\Runtime\Cache\Home\2a94b8bda04ff446dcedd42276fc99ee.php 第 174 行.
NOTIC: [8] Use of undefined constant ture - assumed 'ture' D:\phpStudy\WWW\Blog\Runtime\Cache\Home\2a94b8bda04ff446dcedd42276fc99ee.php 第 164 行.
NOTIC: [8] Use of undefined constant ture - assumed 'ture' D:\phpStudy\WWW\Blog\Runtime\Cache\Home\2a94b8bda04ff446dcedd42276fc99ee.php 第 184 行.
NOTIC: [8] Use of undefined constant ture - assumed 'ture' D:\phpStudy\WWW\Blog\Runtime\Cache\Home\2a94b8bda04ff446dcedd42276fc99ee.php 第 198 行.
INFO: Run Behavior\ParseTemplateBehavior [ RunTime:0.085005s ]
INFO: [ view_parse ] --END-- [ RunTime:0.085005s ]
INFO: [ view_filter ] --START--
INFO: Run Behavior\WriteHtmlCacheBehavior [ RunTime:0.001000s ]
INFO: [ view_filter ] --END-- [ RunTime:0.002000s ]
INFO: [ app_end ] --START--
INFO: Run Behavior\ShowPageTraceBehavior [ RunTime:0.003001s ]
INFO: [ app_end ] --END-- [ RunTime:0.003001s ]

[ 2018-04-11T23:33:09+08:00 ] 127.0.0.1 /Upload/Thumb/1522900842.jpg
INFO: [ app_init ] --START--
INFO: Run Behavior\BuildLiteBehavior [ RunTime:0.000000s ]
INFO: [ app_init ] --END-- [ RunTime:0.000000s ]
NOTIC: [2] preg_match(): No ending delimiter '/' found D:\phpStudy\WWW\Blog\ThinkPHP\Library\Think\Route.class.php 第 58 行.

[ 2018-04-11T23:33:09+08:00 ] 127.0.0.1 /Upload/Thumb/1522899945.jpg
INFO: [ app_init ] --START--
INFO: Run Behavior\BuildLiteBehavior [ RunTime:0.000000s ]
INFO: [ app_init ] --END-- [ RunTime:0.001000s ]
NOTIC: [2] preg_match(): No ending delimiter '/' found D:\phpStudy\WWW\Blog\ThinkPHP\Library\Think\Route.class.php 第 58 行.

[ 2018-04-11T23:33:09+08:00 ] 127.0.0.1 /Upload/Thumb/1522900979.jpg
INFO: [ app_init ] --START--
INFO: Run Behavior\BuildLiteBehavior [ RunTime:0.000000s ]
INFO: [ app_init ] --END-- [ RunTime:0.001000s ]
NOTIC: [2] preg_match(): No ending delimiter '/' found D:\phpStudy\WWW\Blog\ThinkPHP\Library\Think\Route.class.php 第 58 行.

[ 2018-04-11T23:33:09+08:00 ] 127.0.0.1 /Uploads/Thumb/thumb_5ac48cd6b43f3.jpg
INFO: [ app_init ] --START--
INFO: Run Behavior\BuildLiteBehavior [ RunTime:0.000000s ]
INFO: [ app_init ] --END-- [ RunTime:0.001000s ]
NOTIC: [2] preg_match(): No ending delimiter '/' found D:\phpStudy\WWW\Blog\ThinkPHP\Library\Think\Route.class.php 第 58 行.

[ 2018-04-11T23:33:09+08:00 ] 127.0.0.1 /Uploads/Thumb/thumb_5ac48d775a72f.jpg
INFO: [ app_init ] --START--
INFO: Run Behavior\BuildLiteBehavior [ RunTime:0.000000s ]
INFO: [ app_init ] --END-- [ RunTime:0.001000s ]
NOTIC: [2] preg_match(): No ending delimiter '/' found D:\phpStudy\WWW\Blog\ThinkPHP\Library\Think\Route.class.php 第 58 行.

