[ 2018-04-22T11:29:52+08:00 ] 127.0.0.1 /
INFO: [ app_init ] --START--
INFO: Run Behavior\BuildLiteBehavior [ RunTime:0.000000s ]
INFO: [ app_init ] --END-- [ RunTime:0.008000s ]
INFO: [ app_begin ] --START--
INFO: Run Behavior\ReadHtmlCacheBehavior [ RunTime:0.018001s ]
INFO: [ app_begin ] --END-- [ RunTime:0.018001s ]
SQL: SHOW COLUMNS FROM `lt_ppt` [ RunTime:0.0730s ]
SQL: SELECT * FROM `lt_ppt` WHERE `pp_view` = 1 ORDER BY pp_time desc LIMIT 3   [ RunTime:0.0010s ]
SQL: SHOW COLUMNS FROM `lt_article` [ RunTime:0.0720s ]
SQL: SELECT * FROM lt_article a left join lt_tag t on a.tag_id=t.t_id  WHERE ( a_view>0 ) ORDER BY a_time desc  [ RunTime:0.0270s ]
SQL: SHOW COLUMNS FROM `lt_tag` [ RunTime:0.0180s ]
SQL: SELECT * FROM `lt_tag`  [ RunTime:0.0010s ]
INFO: [ view_parse ] --START--
INFO: [ template_filter ] --START--
INFO: Run Behavior\ContentReplaceBehavior [ RunTime:0.001000s ]
INFO: [ template_filter ] --END-- [ RunTime:0.001000s ]
NOTIC: [8] Undefined index: HTTP_USER_AGENT D:\phpStudy\WWW\Blog\Application\Common\Common\function.php 第 106 行.
NOTIC: [8] Undefined variable: index D:\phpStudy\WWW\Blog\Runtime\Cache\Home\2a94b8bda04ff446dcedd42276fc99ee.php 第 42 行.
NOTIC: [8] Undefined variable: about D:\phpStudy\WWW\Blog\Runtime\Cache\Home\2a94b8bda04ff446dcedd42276fc99ee.php 第 43 行.
NOTIC: [8] Undefined variable: class D:\phpStudy\WWW\Blog\Runtime\Cache\Home\2a94b8bda04ff446dcedd42276fc99ee.php 第 44 行.
NOTIC: [8] Undefined variable: feel D:\phpStudy\WWW\Blog\Runtime\Cache\Home\2a94b8bda04ff446dcedd42276fc99ee.php 第 52 行.
NOTIC: [8] Undefined variable: album D:\phpStudy\WWW\Blog\Runtime\Cache\Home\2a94b8bda04ff446dcedd42276fc99ee.php 第 53 行.
NOTIC: [8] Undefined variable: friends D:\phpStudy\WWW\Blog\Runtime\Cache\Home\2a94b8bda04ff446dcedd42276fc99ee.php 第 54 行.
NOTIC: [8] Undefined variable: gust D:\phpStudy\WWW\Blog\Runtime\Cache\Home\2a94b8bda04ff446dcedd42276fc99ee.php 第 55 行.
NOTIC: [8] Undefined variable: download D:\phpStudy\WWW\Blog\Runtime\Cache\Home\2a94b8bda04ff446dcedd42276fc99ee.php 第 56 行.
NOTIC: [8] Undefined variable: v D:\phpStudy\WWW\Blog\Runtime\Cache\Home\2a94b8bda04ff446dcedd42276fc99ee.php 第 81 行.
NOTIC: [8] Undefined variable: v D:\phpStudy\WWW\Blog\Runtime\Cache\Home\2a94b8bda04ff446dcedd42276fc99ee.php 第 88 行.
NOTIC: [8] Undefined variable: tmp D:\phpStudy\WWW\Blog\Application\Common\Common\function.php 第 356 行.
NOTIC: [8] Undefined variable: v D:\phpStudy\WWW\Blog\Runtime\Cache\Home\2a94b8bda04ff446dcedd42276fc99ee.php 第 81 行.
NOTIC: [8] Undefined variable: v D:\phpStudy\WWW\Blog\Runtime\Cache\Home\2a94b8bda04ff446dcedd42276fc99ee.php 第 88 行.
NOTIC: [8] Undefined variable: tmp D:\phpStudy\WWW\Blog\Application\Common\Common\function.php 第 356 行.
NOTIC: [8] Undefined variable: v D:\phpStudy\WWW\Blog\Runtime\Cache\Home\2a94b8bda04ff446dcedd42276fc99ee.php 第 81 行.
NOTIC: [8] Undefined variable: v D:\phpStudy\WWW\Blog\Runtime\Cache\Home\2a94b8bda04ff446dcedd42276fc99ee.php 第 88 行.
NOTIC: [8] Undefined variable: tmp D:\phpStudy\WWW\Blog\Application\Common\Common\function.php 第 356 行.
NOTIC: [8] Undefined variable: version D:\phpStudy\WWW\Blog\Runtime\Cache\Home\2a94b8bda04ff446dcedd42276fc99ee.php 第 114 行.
NOTIC: [8] Undefined index: key D:\phpStudy\WWW\Blog\Runtime\Cache\Home\2a94b8bda04ff446dcedd42276fc99ee.php 第 124 行.
NOTIC: [8] Undefined index: key D:\phpStudy\WWW\Blog\Runtime\Cache\Home\2a94b8bda04ff446dcedd42276fc99ee.php 第 125 行.
NOTIC: [8] Undefined index: key D:\phpStudy\WWW\Blog\Runtime\Cache\Home\2a94b8bda04ff446dcedd42276fc99ee.php 第 126 行.
NOTIC: [8] Undefined index: key D:\phpStudy\WWW\Blog\Runtime\Cache\Home\2a94b8bda04ff446dcedd42276fc99ee.php 第 127 行.
NOTIC: [8] Undefined index: key D:\phpStudy\WWW\Blog\Runtime\Cache\Home\2a94b8bda04ff446dcedd42276fc99ee.php 第 128 行.
NOTIC: [8] Undefined index: key D:\phpStudy\WWW\Blog\Runtime\Cache\Home\2a94b8bda04ff446dcedd42276fc99ee.php 第 129 行.
NOTIC: [8] Undefined index: a_id D:\phpStudy\WWW\Blog\Runtime\Cache\Home\2a94b8bda04ff446dcedd42276fc99ee.php 第 129 行.
NOTIC: [8] Undefined index: a_keyword D:\phpStudy\WWW\Blog\Runtime\Cache\Home\2a94b8bda04ff446dcedd42276fc99ee.php 第 129 行.
NOTIC: [8] Undefined index: key D:\phpStudy\WWW\Blog\Runtime\Cache\Home\2a94b8bda04ff446dcedd42276fc99ee.php 第 124 行.
NOTIC: [8] Undefined index: key D:\phpStudy\WWW\Blog\Runtime\Cache\Home\2a94b8bda04ff446dcedd42276fc99ee.php 第 125 行.
NOTIC: [8] Undefined index: key D:\phpStudy\WWW\Blog\Runtime\Cache\Home\2a94b8bda04ff446dcedd42276fc99ee.php 第 126 行.
NOTIC: [8] Undefined index: key D:\phpStudy\WWW\Blog\Runtime\Cache\Home\2a94b8bda04ff446dcedd42276fc99ee.php 第 127 行.
NOTIC: [8] Undefined index: key D:\phpStudy\WWW\Blog\Runtime\Cache\Home\2a94b8bda04ff446dcedd42276fc99ee.php 第 128 行.
NOTIC: [8] Undefined index: key D:\phpStudy\WWW\Blog\Runtime\Cache\Home\2a94b8bda04ff446dcedd42276fc99ee.php 第 129 行.
NOTIC: [8] Undefined index: a_id D:\phpStudy\WWW\Blog\Runtime\Cache\Home\2a94b8bda04ff446dcedd42276fc99ee.php 第 129 行.
NOTIC: [8] Undefined index: a_keyword D:\phpStudy\WWW\Blog\Runtime\Cache\Home\2a94b8bda04ff446dcedd42276fc99ee.php 第 129 行.
NOTIC: [8] Undefined index: key D:\phpStudy\WWW\Blog\Runtime\Cache\Home\2a94b8bda04ff446dcedd42276fc99ee.php 第 124 行.
NOTIC: [8] Undefined index: key D:\phpStudy\WWW\Blog\Runtime\Cache\Home\2a94b8bda04ff446dcedd42276fc99ee.php 第 125 行.
NOTIC: [8] Undefined index: key D:\phpStudy\WWW\Blog\Runtime\Cache\Home\2a94b8bda04ff446dcedd42276fc99ee.php 第 126 行.
NOTIC: [8] Undefined index: key D:\phpStudy\WWW\Blog\Runtime\Cache\Home\2a94b8bda04ff446dcedd42276fc99ee.php 第 127 行.
NOTIC: [8] Undefined index: key D:\phpStudy\WWW\Blog\Runtime\Cache\Home\2a94b8bda04ff446dcedd42276fc99ee.php 第 128 行.
NOTIC: [8] Undefined index: key D:\phpStudy\WWW\Blog\Runtime\Cache\Home\2a94b8bda04ff446dcedd42276fc99ee.php 第 129 行.
NOTIC: [8] Undefined index: a_id D:\phpStudy\WWW\Blog\Runtime\Cache\Home\2a94b8bda04ff446dcedd42276fc99ee.php 第 129 行.
NOTIC: [8] Undefined index: a_keyword D:\phpStudy\WWW\Blog\Runtime\Cache\Home\2a94b8bda04ff446dcedd42276fc99ee.php 第 129 行.
NOTIC: [8] Undefined index: key D:\phpStudy\WWW\Blog\Runtime\Cache\Home\2a94b8bda04ff446dcedd42276fc99ee.php 第 124 行.
NOTIC: [8] Undefined index: key D:\phpStudy\WWW\Blog\Runtime\Cache\Home\2a94b8bda04ff446dcedd42276fc99ee.php 第 125 行.
NOTIC: [8] Undefined index: key D:\phpStudy\WWW\Blog\Runtime\Cache\Home\2a94b8bda04ff446dcedd42276fc99ee.php 第 126 行.
NOTIC: [8] Undefined index: key D:\phpStudy\WWW\Blog\Runtime\Cache\Home\2a94b8bda04ff446dcedd42276fc99ee.php 第 127 行.
NOTIC: [8] Undefined index: key D:\phpStudy\WWW\Blog\Runtime\Cache\Home\2a94b8bda04ff446dcedd42276fc99ee.php 第 128 行.
NOTIC: [8] Undefined index: key D:\phpStudy\WWW\Blog\Runtime\Cache\Home\2a94b8bda04ff446dcedd42276fc99ee.php 第 129 行.
NOTIC: [8] Undefined index: a_id D:\phpStudy\WWW\Blog\Runtime\Cache\Home\2a94b8bda04ff446dcedd42276fc99ee.php 第 129 行.
NOTIC: [8] Undefined index: a_keyword D:\phpStudy\WWW\Blog\Runtime\Cache\Home\2a94b8bda04ff446dcedd42276fc99ee.php 第 129 行.
NOTIC: [8] Undefined index: key D:\phpStudy\WWW\Blog\Runtime\Cache\Home\2a94b8bda04ff446dcedd42276fc99ee.php 第 124 行.
NOTIC: [8] Undefined index: key D:\phpStudy\WWW\Blog\Runtime\Cache\Home\2a94b8bda04ff446dcedd42276fc99ee.php 第 125 行.
NOTIC: [8] Undefined index: key D:\phpStudy\WWW\Blog\Runtime\Cache\Home\2a94b8bda04ff446dcedd42276fc99ee.php 第 126 行.
NOTIC: [8] Undefined index: key D:\phpStudy\WWW\Blog\Runtime\Cache\Home\2a94b8bda04ff446dcedd42276fc99ee.php 第 127 行.
NOTIC: [8] Undefined index: key D:\phpStudy\WWW\Blog\Runtime\Cache\Home\2a94b8bda04ff446dcedd42276fc99ee.php 第 128 行.
NOTIC: [8] Undefined index: key D:\phpStudy\WWW\Blog\Runtime\Cache\Home\2a94b8bda04ff446dcedd42276fc99ee.php 第 129 行.
NOTIC: [8] Undefined index: a_id D:\phpStudy\WWW\Blog\Runtime\Cache\Home\2a94b8bda04ff446dcedd42276fc99ee.php 第 129 行.
NOTIC: [8] Undefined index: a_keyword D:\phpStudy\WWW\Blog\Runtime\Cache\Home\2a94b8bda04ff446dcedd42276fc99ee.php 第 129 行.
NOTIC: [8] Undefined index: key D:\phpStudy\WWW\Blog\Runtime\Cache\Home\2a94b8bda04ff446dcedd42276fc99ee.php 第 124 行.
NOTIC: [8] Undefined index: key D:\phpStudy\WWW\Blog\Runtime\Cache\Home\2a94b8bda04ff446dcedd42276fc99ee.php 第 125 行.
NOTIC: [8] Undefined index: key D:\phpStudy\WWW\Blog\Runtime\Cache\Home\2a94b8bda04ff446dcedd42276fc99ee.php 第 126 行.
NOTIC: [8] Undefined index: key D:\phpStudy\WWW\Blog\Runtime\Cache\Home\2a94b8bda04ff446dcedd42276fc99ee.php 第 127 行.
NOTIC: [8] Undefined index: key D:\phpStudy\WWW\Blog\Runtime\Cache\Home\2a94b8bda04ff446dcedd42276fc99ee.php 第 128 行.
NOTIC: [8] Undefined index: key D:\phpStudy\WWW\Blog\Runtime\Cache\Home\2a94b8bda04ff446dcedd42276fc99ee.php 第 129 行.
NOTIC: [8] Undefined index: a_id D:\phpStudy\WWW\Blog\Runtime\Cache\Home\2a94b8bda04ff446dcedd42276fc99ee.php 第 129 行.
NOTIC: [8] Undefined index: a_keyword D:\phpStudy\WWW\Blog\Runtime\Cache\Home\2a94b8bda04ff446dcedd42276fc99ee.php 第 129 行.
NOTIC: [8] Undefined variable: s_article D:\phpStudy\WWW\Blog\Runtime\Cache\Home\2a94b8bda04ff446dcedd42276fc99ee.php 第 135 行.
NOTIC: [8] Undefined variable: s_content D:\phpStudy\WWW\Blog\Runtime\Cache\Home\2a94b8bda04ff446dcedd42276fc99ee.php 第 154 行.
NOTIC: [8] Undefined variable: gusts D:\phpStudy\WWW\Blog\Runtime\Cache\Home\2a94b8bda04ff446dcedd42276fc99ee.php 第 188 行.
NOTIC: [8] Undefined variable: hits D:\phpStudy\WWW\Blog\Runtime\Cache\Home\2a94b8bda04ff446dcedd42276fc99ee.php 第 202 行.
NOTIC: [8] Undefined variable: link D:\phpStudy\WWW\Blog\Runtime\Cache\Home\2a94b8bda04ff446dcedd42276fc99ee.php 第 210 行.
NOTIC: [8] Undefined variable: num D:\phpStudy\WWW\Blog\Runtime\Cache\Home\2a94b8bda04ff446dcedd42276fc99ee.php 第 223 行.
NOTIC: [8] Undefined variable: num D:\phpStudy\WWW\Blog\Runtime\Cache\Home\2a94b8bda04ff446dcedd42276fc99ee.php 第 225 行.
NOTIC: [8] Undefined variable: num D:\phpStudy\WWW\Blog\Runtime\Cache\Home\2a94b8bda04ff446dcedd42276fc99ee.php 第 229 行.
NOTIC: [8] Undefined variable: num D:\phpStudy\WWW\Blog\Runtime\Cache\Home\2a94b8bda04ff446dcedd42276fc99ee.php 第 231 行.
NOTIC: [8] Undefined variable: system D:\phpStudy\WWW\Blog\Runtime\Cache\Home\2a94b8bda04ff446dcedd42276fc99ee.php 第 235 行.
NOTIC: [8] Undefined variable: num D:\phpStudy\WWW\Blog\Runtime\Cache\Home\2a94b8bda04ff446dcedd42276fc99ee.php 第 237 行.
NOTIC: [8] Undefined variable: num D:\phpStudy\WWW\Blog\Runtime\Cache\Home\2a94b8bda04ff446dcedd42276fc99ee.php 第 241 行.
NOTIC: [8] Undefined variable: num D:\phpStudy\WWW\Blog\Runtime\Cache\Home\2a94b8bda04ff446dcedd42276fc99ee.php 第 243 行.
NOTIC: [8] Undefined variable: system D:\phpStudy\WWW\Blog\Runtime\Cache\Home\2a94b8bda04ff446dcedd42276fc99ee.php 第 247 行.
NOTIC: [8] Undefined variable: version D:\phpStudy\WWW\Blog\Runtime\Cache\Home\2a94b8bda04ff446dcedd42276fc99ee.php 第 262 行.
NOTIC: [8] Undefined variable: f_article D:\phpStudy\WWW\Blog\Runtime\Cache\Home\2a94b8bda04ff446dcedd42276fc99ee.php 第 283 行.
NOTIC: [8] Undefined variable: foot_album D:\phpStudy\WWW\Blog\Runtime\Cache\Home\2a94b8bda04ff446dcedd42276fc99ee.php 第 288 行.
NOTIC: [8] Undefined variable: system D:\phpStudy\WWW\Blog\Runtime\Cache\Home\2a94b8bda04ff446dcedd42276fc99ee.php 第 296 行.
NOTIC: [8] Undefined variable: system D:\phpStudy\WWW\Blog\Runtime\Cache\Home\2a94b8bda04ff446dcedd42276fc99ee.php 第 299 行.
NOTIC: [8] Undefined variable: system D:\phpStudy\WWW\Blog\Runtime\Cache\Home\2a94b8bda04ff446dcedd42276fc99ee.php 第 299 行.
INFO: Run Behavior\ParseTemplateBehavior [ RunTime:0.162009s ]
INFO: [ view_parse ] --END-- [ RunTime:0.162009s ]
INFO: [ view_filter ] --START--
INFO: Run Behavior\WriteHtmlCacheBehavior [ RunTime:0.003001s ]
INFO: [ view_filter ] --END-- [ RunTime:0.003001s ]
INFO: [ app_end ] --START--
INFO: Run Behavior\ShowPageTraceBehavior [ RunTime:0.015000s ]
INFO: [ app_end ] --END-- [ RunTime:0.015000s ]

[ 2018-04-22T11:30:29+08:00 ] 127.0.0.1 HTTP://www.blog.com/
INFO: [ app_init ] --START--
INFO: Run Behavior\BuildLiteBehavior [ RunTime:0.000000s ]
INFO: [ app_init ] --END-- [ RunTime:0.001000s ]
INFO: [ app_begin ] --START--
INFO: Run Behavior\ReadHtmlCacheBehavior [ RunTime:0.001001s ]
INFO: [ app_begin ] --END-- [ RunTime:0.001001s ]
SQL: SHOW COLUMNS FROM `lt_ppt` [ RunTime:0.0230s ]
SQL: SELECT * FROM `lt_ppt` WHERE `pp_view` = 1 ORDER BY pp_time desc LIMIT 3   [ RunTime:0.0010s ]
SQL: SHOW COLUMNS FROM `lt_article` [ RunTime:0.0230s ]
SQL: SELECT * FROM lt_article a left join lt_tag t on a.tag_id=t.t_id  WHERE ( a_view>0 ) ORDER BY a_time desc  [ RunTime:0.0010s ]
SQL: SHOW COLUMNS FROM `lt_tag` [ RunTime:0.0250s ]
SQL: SELECT * FROM `lt_tag`  [ RunTime:0.0010s ]
INFO: [ view_parse ] --START--
INFO: [ template_filter ] --START--
INFO: Run Behavior\ContentReplaceBehavior [ RunTime:0.000000s ]
INFO: [ template_filter ] --END-- [ RunTime:0.000000s ]
NOTIC: [8] Undefined index: HTTP_USER_AGENT D:\phpStudy\WWW\Blog\Application\Common\Common\function.php 第 106 行.
NOTIC: [8] Undefined variable: index D:\phpStudy\WWW\Blog\Runtime\Cache\Home\2a94b8bda04ff446dcedd42276fc99ee.php 第 42 行.
NOTIC: [8] Undefined variable: about D:\phpStudy\WWW\Blog\Runtime\Cache\Home\2a94b8bda04ff446dcedd42276fc99ee.php 第 43 行.
NOTIC: [8] Undefined variable: class D:\phpStudy\WWW\Blog\Runtime\Cache\Home\2a94b8bda04ff446dcedd42276fc99ee.php 第 44 行.
NOTIC: [8] Undefined variable: feel D:\phpStudy\WWW\Blog\Runtime\Cache\Home\2a94b8bda04ff446dcedd42276fc99ee.php 第 52 行.
NOTIC: [8] Undefined variable: album D:\phpStudy\WWW\Blog\Runtime\Cache\Home\2a94b8bda04ff446dcedd42276fc99ee.php 第 53 行.
NOTIC: [8] Undefined variable: friends D:\phpStudy\WWW\Blog\Runtime\Cache\Home\2a94b8bda04ff446dcedd42276fc99ee.php 第 54 行.
NOTIC: [8] Undefined variable: gust D:\phpStudy\WWW\Blog\Runtime\Cache\Home\2a94b8bda04ff446dcedd42276fc99ee.php 第 55 行.
NOTIC: [8] Undefined variable: download D:\phpStudy\WWW\Blog\Runtime\Cache\Home\2a94b8bda04ff446dcedd42276fc99ee.php 第 56 行.
NOTIC: [8] Undefined variable: v D:\phpStudy\WWW\Blog\Runtime\Cache\Home\2a94b8bda04ff446dcedd42276fc99ee.php 第 81 行.
NOTIC: [8] Undefined variable: v D:\phpStudy\WWW\Blog\Runtime\Cache\Home\2a94b8bda04ff446dcedd42276fc99ee.php 第 88 行.
NOTIC: [8] Undefined variable: tmp D:\phpStudy\WWW\Blog\Application\Common\Common\function.php 第 356 行.
NOTIC: [8] Undefined variable: v D:\phpStudy\WWW\Blog\Runtime\Cache\Home\2a94b8bda04ff446dcedd42276fc99ee.php 第 81 行.
NOTIC: [8] Undefined variable: v D:\phpStudy\WWW\Blog\Runtime\Cache\Home\2a94b8bda04ff446dcedd42276fc99ee.php 第 88 行.
NOTIC: [8] Undefined variable: tmp D:\phpStudy\WWW\Blog\Application\Common\Common\function.php 第 356 行.
NOTIC: [8] Undefined variable: v D:\phpStudy\WWW\Blog\Runtime\Cache\Home\2a94b8bda04ff446dcedd42276fc99ee.php 第 81 行.
NOTIC: [8] Undefined variable: v D:\phpStudy\WWW\Blog\Runtime\Cache\Home\2a94b8bda04ff446dcedd42276fc99ee.php 第 88 行.
NOTIC: [8] Undefined variable: tmp D:\phpStudy\WWW\Blog\Application\Common\Common\function.php 第 356 行.
NOTIC: [8] Undefined variable: version D:\phpStudy\WWW\Blog\Runtime\Cache\Home\2a94b8bda04ff446dcedd42276fc99ee.php 第 114 行.
NOTIC: [8] Undefined index: key D:\phpStudy\WWW\Blog\Runtime\Cache\Home\2a94b8bda04ff446dcedd42276fc99ee.php 第 124 行.
NOTIC: [8] Undefined index: key D:\phpStudy\WWW\Blog\Runtime\Cache\Home\2a94b8bda04ff446dcedd42276fc99ee.php 第 125 行.
NOTIC: [8] Undefined index: key D:\phpStudy\WWW\Blog\Runtime\Cache\Home\2a94b8bda04ff446dcedd42276fc99ee.php 第 126 行.
NOTIC: [8] Undefined index: key D:\phpStudy\WWW\Blog\Runtime\Cache\Home\2a94b8bda04ff446dcedd42276fc99ee.php 第 127 行.
NOTIC: [8] Undefined index: key D:\phpStudy\WWW\Blog\Runtime\Cache\Home\2a94b8bda04ff446dcedd42276fc99ee.php 第 128 行.
NOTIC: [8] Undefined index: key D:\phpStudy\WWW\Blog\Runtime\Cache\Home\2a94b8bda04ff446dcedd42276fc99ee.php 第 129 行.
NOTIC: [8] Undefined index: a_id D:\phpStudy\WWW\Blog\Runtime\Cache\Home\2a94b8bda04ff446dcedd42276fc99ee.php 第 129 行.
NOTIC: [8] Undefined index: a_keyword D:\phpStudy\WWW\Blog\Runtime\Cache\Home\2a94b8bda04ff446dcedd42276fc99ee.php 第 129 行.
NOTIC: [8] Undefined index: key D:\phpStudy\WWW\Blog\Runtime\Cache\Home\2a94b8bda04ff446dcedd42276fc99ee.php 第 124 行.
NOTIC: [8] Undefined index: key D:\phpStudy\WWW\Blog\Runtime\Cache\Home\2a94b8bda04ff446dcedd42276fc99ee.php 第 125 行.
NOTIC: [8] Undefined index: key D:\phpStudy\WWW\Blog\Runtime\Cache\Home\2a94b8bda04ff446dcedd42276fc99ee.php 第 126 行.
NOTIC: [8] Undefined index: key D:\phpStudy\WWW\Blog\Runtime\Cache\Home\2a94b8bda04ff446dcedd42276fc99ee.php 第 127 行.
NOTIC: [8] Undefined index: key D:\phpStudy\WWW\Blog\Runtime\Cache\Home\2a94b8bda04ff446dcedd42276fc99ee.php 第 128 行.
NOTIC: [8] Undefined index: key D:\phpStudy\WWW\Blog\Runtime\Cache\Home\2a94b8bda04ff446dcedd42276fc99ee.php 第 129 行.
NOTIC: [8] Undefined index: a_id D:\phpStudy\WWW\Blog\Runtime\Cache\Home\2a94b8bda04ff446dcedd42276fc99ee.php 第 129 行.
NOTIC: [8] Undefined index: a_keyword D:\phpStudy\WWW\Blog\Runtime\Cache\Home\2a94b8bda04ff446dcedd42276fc99ee.php 第 129 行.
NOTIC: [8] Undefined index: key D:\phpStudy\WWW\Blog\Runtime\Cache\Home\2a94b8bda04ff446dcedd42276fc99ee.php 第 124 行.
NOTIC: [8] Undefined index: key D:\phpStudy\WWW\Blog\Runtime\Cache\Home\2a94b8bda04ff446dcedd42276fc99ee.php 第 125 行.
NOTIC: [8] Undefined index: key D:\phpStudy\WWW\Blog\Runtime\Cache\Home\2a94b8bda04ff446dcedd42276fc99ee.php 第 126 行.
NOTIC: [8] Undefined index: key D:\phpStudy\WWW\Blog\Runtime\Cache\Home\2a94b8bda04ff446dcedd42276fc99ee.php 第 127 行.
NOTIC: [8] Undefined index: key D:\phpStudy\WWW\Blog\Runtime\Cache\Home\2a94b8bda04ff446dcedd42276fc99ee.php 第 128 行.
NOTIC: [8] Undefined index: key D:\phpStudy\WWW\Blog\Runtime\Cache\Home\2a94b8bda04ff446dcedd42276fc99ee.php 第 129 行.
NOTIC: [8] Undefined index: a_id D:\phpStudy\WWW\Blog\Runtime\Cache\Home\2a94b8bda04ff446dcedd42276fc99ee.php 第 129 行.
NOTIC: [8] Undefined index: a_keyword D:\phpStudy\WWW\Blog\Runtime\Cache\Home\2a94b8bda04ff446dcedd42276fc99ee.php 第 129 行.
NOTIC: [8] Undefined index: key D:\phpStudy\WWW\Blog\Runtime\Cache\Home\2a94b8bda04ff446dcedd42276fc99ee.php 第 124 行.
NOTIC: [8] Undefined index: key D:\phpStudy\WWW\Blog\Runtime\Cache\Home\2a94b8bda04ff446dcedd42276fc99ee.php 第 125 行.
NOTIC: [8] Undefined index: key D:\phpStudy\WWW\Blog\Runtime\Cache\Home\2a94b8bda04ff446dcedd42276fc99ee.php 第 126 行.
NOTIC: [8] Undefined index: key D:\phpStudy\WWW\Blog\Runtime\Cache\Home\2a94b8bda04ff446dcedd42276fc99ee.php 第 127 行.
NOTIC: [8] Undefined index: key D:\phpStudy\WWW\Blog\Runtime\Cache\Home\2a94b8bda04ff446dcedd42276fc99ee.php 第 128 行.
NOTIC: [8] Undefined index: key D:\phpStudy\WWW\Blog\Runtime\Cache\Home\2a94b8bda04ff446dcedd42276fc99ee.php 第 129 行.
NOTIC: [8] Undefined index: a_id D:\phpStudy\WWW\Blog\Runtime\Cache\Home\2a94b8bda04ff446dcedd42276fc99ee.php 第 129 行.
NOTIC: [8] Undefined index: a_keyword D:\phpStudy\WWW\Blog\Runtime\Cache\Home\2a94b8bda04ff446dcedd42276fc99ee.php 第 129 行.
NOTIC: [8] Undefined index: key D:\phpStudy\WWW\Blog\Runtime\Cache\Home\2a94b8bda04ff446dcedd42276fc99ee.php 第 124 行.
NOTIC: [8] Undefined index: key D:\phpStudy\WWW\Blog\Runtime\Cache\Home\2a94b8bda04ff446dcedd42276fc99ee.php 第 125 行.
NOTIC: [8] Undefined index: key D:\phpStudy\WWW\Blog\Runtime\Cache\Home\2a94b8bda04ff446dcedd42276fc99ee.php 第 126 行.
NOTIC: [8] Undefined index: key D:\phpStudy\WWW\Blog\Runtime\Cache\Home\2a94b8bda04ff446dcedd42276fc99ee.php 第 127 行.
NOTIC: [8] Undefined index: key D:\phpStudy\WWW\Blog\Runtime\Cache\Home\2a94b8bda04ff446dcedd42276fc99ee.php 第 128 行.
NOTIC: [8] Undefined index: key D:\phpStudy\WWW\Blog\Runtime\Cache\Home\2a94b8bda04ff446dcedd42276fc99ee.php 第 129 行.
NOTIC: [8] Undefined index: a_id D:\phpStudy\WWW\Blog\Runtime\Cache\Home\2a94b8bda04ff446dcedd42276fc99ee.php 第 129 行.
NOTIC: [8] Undefined index: a_keyword D:\phpStudy\WWW\Blog\Runtime\Cache\Home\2a94b8bda04ff446dcedd42276fc99ee.php 第 129 行.
NOTIC: [8] Undefined index: key D:\phpStudy\WWW\Blog\Runtime\Cache\Home\2a94b8bda04ff446dcedd42276fc99ee.php 第 124 行.
NOTIC: [8] Undefined index: key D:\phpStudy\WWW\Blog\Runtime\Cache\Home\2a94b8bda04ff446dcedd42276fc99ee.php 第 125 行.
NOTIC: [8] Undefined index: key D:\phpStudy\WWW\Blog\Runtime\Cache\Home\2a94b8bda04ff446dcedd42276fc99ee.php 第 126 行.
NOTIC: [8] Undefined index: key D:\phpStudy\WWW\Blog\Runtime\Cache\Home\2a94b8bda04ff446dcedd42276fc99ee.php 第 127 行.
NOTIC: [8] Undefined index: key D:\phpStudy\WWW\Blog\Runtime\Cache\Home\2a94b8bda04ff446dcedd42276fc99ee.php 第 128 行.
NOTIC: [8] Undefined index: key D:\phpStudy\WWW\Blog\Runtime\Cache\Home\2a94b8bda04ff446dcedd42276fc99ee.php 第 129 行.
NOTIC: [8] Undefined index: a_id D:\phpStudy\WWW\Blog\Runtime\Cache\Home\2a94b8bda04ff446dcedd42276fc99ee.php 第 129 行.
NOTIC: [8] Undefined index: a_keyword D:\phpStudy\WWW\Blog\Runtime\Cache\Home\2a94b8bda04ff446dcedd42276fc99ee.php 第 129 行.
NOTIC: [8] Undefined variable: s_article D:\phpStudy\WWW\Blog\Runtime\Cache\Home\2a94b8bda04ff446dcedd42276fc99ee.php 第 135 行.
NOTIC: [8] Undefined variable: s_content D:\phpStudy\WWW\Blog\Runtime\Cache\Home\2a94b8bda04ff446dcedd42276fc99ee.php 第 154 行.
NOTIC: [8] Undefined variable: gusts D:\phpStudy\WWW\Blog\Runtime\Cache\Home\2a94b8bda04ff446dcedd42276fc99ee.php 第 188 行.
NOTIC: [8] Undefined variable: hits D:\phpStudy\WWW\Blog\Runtime\Cache\Home\2a94b8bda04ff446dcedd42276fc99ee.php 第 202 行.
NOTIC: [8] Undefined variable: link D:\phpStudy\WWW\Blog\Runtime\Cache\Home\2a94b8bda04ff446dcedd42276fc99ee.php 第 210 行.
NOTIC: [8] Undefined variable: num D:\phpStudy\WWW\Blog\Runtime\Cache\Home\2a94b8bda04ff446dcedd42276fc99ee.php 第 223 行.
NOTIC: [8] Undefined variable: num D:\phpStudy\WWW\Blog\Runtime\Cache\Home\2a94b8bda04ff446dcedd42276fc99ee.php 第 225 行.
NOTIC: [8] Undefined variable: num D:\phpStudy\WWW\Blog\Runtime\Cache\Home\2a94b8bda04ff446dcedd42276fc99ee.php 第 229 行.
NOTIC: [8] Undefined variable: num D:\phpStudy\WWW\Blog\Runtime\Cache\Home\2a94b8bda04ff446dcedd42276fc99ee.php 第 231 行.
NOTIC: [8] Undefined variable: system D:\phpStudy\WWW\Blog\Runtime\Cache\Home\2a94b8bda04ff446dcedd42276fc99ee.php 第 235 行.
NOTIC: [8] Undefined variable: num D:\phpStudy\WWW\Blog\Runtime\Cache\Home\2a94b8bda04ff446dcedd42276fc99ee.php 第 237 行.
NOTIC: [8] Undefined variable: num D:\phpStudy\WWW\Blog\Runtime\Cache\Home\2a94b8bda04ff446dcedd42276fc99ee.php 第 241 行.
NOTIC: [8] Undefined variable: num D:\phpStudy\WWW\Blog\Runtime\Cache\Home\2a94b8bda04ff446dcedd42276fc99ee.php 第 243 行.
NOTIC: [8] Undefined variable: system D:\phpStudy\WWW\Blog\Runtime\Cache\Home\2a94b8bda04ff446dcedd42276fc99ee.php 第 247 行.
NOTIC: [8] Undefined variable: version D:\phpStudy\WWW\Blog\Runtime\Cache\Home\2a94b8bda04ff446dcedd42276fc99ee.php 第 262 行.
NOTIC: [8] Undefined variable: f_article D:\phpStudy\WWW\Blog\Runtime\Cache\Home\2a94b8bda04ff446dcedd42276fc99ee.php 第 283 行.
NOTIC: [8] Undefined variable: foot_album D:\phpStudy\WWW\Blog\Runtime\Cache\Home\2a94b8bda04ff446dcedd42276fc99ee.php 第 288 行.
NOTIC: [8] Undefined variable: system D:\phpStudy\WWW\Blog\Runtime\Cache\Home\2a94b8bda04ff446dcedd42276fc99ee.php 第 296 行.
NOTIC: [8] Undefined variable: system D:\phpStudy\WWW\Blog\Runtime\Cache\Home\2a94b8bda04ff446dcedd42276fc99ee.php 第 299 行.
NOTIC: [8] Undefined variable: system D:\phpStudy\WWW\Blog\Runtime\Cache\Home\2a94b8bda04ff446dcedd42276fc99ee.php 第 299 行.
INFO: Run Behavior\ParseTemplateBehavior [ RunTime:0.059003s ]
INFO: [ view_parse ] --END-- [ RunTime:0.059003s ]
INFO: [ view_filter ] --START--
INFO: Run Behavior\WriteHtmlCacheBehavior [ RunTime:0.001000s ]
INFO: [ view_filter ] --END-- [ RunTime:0.001000s ]
INFO: [ app_end ] --START--
INFO: Run Behavior\ShowPageTraceBehavior [ RunTime:0.001000s ]
INFO: [ app_end ] --END-- [ RunTime:0.001000s ]

[ 2018-04-22T11:30:29+08:00 ] 127.0.0.1 HTTP://www.Blog.com/
INFO: [ app_init ] --START--
INFO: Run Behavior\BuildLiteBehavior [ RunTime:0.000000s ]
INFO: [ app_init ] --END-- [ RunTime:0.001000s ]
INFO: [ app_begin ] --START--
INFO: Run Behavior\ReadHtmlCacheBehavior [ RunTime:0.001000s ]
INFO: [ app_begin ] --END-- [ RunTime:0.001000s ]
SQL: SHOW COLUMNS FROM `lt_ppt` [ RunTime:0.0230s ]
SQL: SELECT * FROM `lt_ppt` WHERE `pp_view` = 1 ORDER BY pp_time desc LIMIT 3   [ RunTime:0.0020s ]
SQL: SHOW COLUMNS FROM `lt_article` [ RunTime:0.0270s ]
SQL: SELECT * FROM lt_article a left join lt_tag t on a.tag_id=t.t_id  WHERE ( a_view>0 ) ORDER BY a_time desc  [ RunTime:0.0010s ]
SQL: SHOW COLUMNS FROM `lt_tag` [ RunTime:0.0230s ]
SQL: SELECT * FROM `lt_tag`  [ RunTime:0.0010s ]
INFO: [ view_parse ] --START--
INFO: [ template_filter ] --START--
INFO: Run Behavior\ContentReplaceBehavior [ RunTime:0.001000s ]
INFO: [ template_filter ] --END-- [ RunTime:0.001000s ]
NOTIC: [8] Undefined index: HTTP_USER_AGENT D:\phpStudy\WWW\Blog\Application\Common\Common\function.php 第 106 行.
NOTIC: [8] Undefined variable: index D:\phpStudy\WWW\Blog\Runtime\Cache\Home\2a94b8bda04ff446dcedd42276fc99ee.php 第 42 行.
NOTIC: [8] Undefined variable: about D:\phpStudy\WWW\Blog\Runtime\Cache\Home\2a94b8bda04ff446dcedd42276fc99ee.php 第 43 行.
NOTIC: [8] Undefined variable: class D:\phpStudy\WWW\Blog\Runtime\Cache\Home\2a94b8bda04ff446dcedd42276fc99ee.php 第 44 行.
NOTIC: [8] Undefined variable: feel D:\phpStudy\WWW\Blog\Runtime\Cache\Home\2a94b8bda04ff446dcedd42276fc99ee.php 第 52 行.
NOTIC: [8] Undefined variable: album D:\phpStudy\WWW\Blog\Runtime\Cache\Home\2a94b8bda04ff446dcedd42276fc99ee.php 第 53 行.
NOTIC: [8] Undefined variable: friends D:\phpStudy\WWW\Blog\Runtime\Cache\Home\2a94b8bda04ff446dcedd42276fc99ee.php 第 54 行.
NOTIC: [8] Undefined variable: gust D:\phpStudy\WWW\Blog\Runtime\Cache\Home\2a94b8bda04ff446dcedd42276fc99ee.php 第 55 行.
NOTIC: [8] Undefined variable: download D:\phpStudy\WWW\Blog\Runtime\Cache\Home\2a94b8bda04ff446dcedd42276fc99ee.php 第 56 行.
NOTIC: [8] Undefined variable: v D:\phpStudy\WWW\Blog\Runtime\Cache\Home\2a94b8bda04ff446dcedd42276fc99ee.php 第 81 行.
NOTIC: [8] Undefined variable: v D:\phpStudy\WWW\Blog\Runtime\Cache\Home\2a94b8bda04ff446dcedd42276fc99ee.php 第 88 行.
NOTIC: [8] Undefined variable: tmp D:\phpStudy\WWW\Blog\Application\Common\Common\function.php 第 356 行.
NOTIC: [8] Undefined variable: v D:\phpStudy\WWW\Blog\Runtime\Cache\Home\2a94b8bda04ff446dcedd42276fc99ee.php 第 81 行.
NOTIC: [8] Undefined variable: v D:\phpStudy\WWW\Blog\Runtime\Cache\Home\2a94b8bda04ff446dcedd42276fc99ee.php 第 88 行.
NOTIC: [8] Undefined variable: tmp D:\phpStudy\WWW\Blog\Application\Common\Common\function.php 第 356 行.
NOTIC: [8] Undefined variable: v D:\phpStudy\WWW\Blog\Runtime\Cache\Home\2a94b8bda04ff446dcedd42276fc99ee.php 第 81 行.
NOTIC: [8] Undefined variable: v D:\phpStudy\WWW\Blog\Runtime\Cache\Home\2a94b8bda04ff446dcedd42276fc99ee.php 第 88 行.
NOTIC: [8] Undefined variable: tmp D:\phpStudy\WWW\Blog\Application\Common\Common\function.php 第 356 行.
NOTIC: [8] Undefined variable: version D:\phpStudy\WWW\Blog\Runtime\Cache\Home\2a94b8bda04ff446dcedd42276fc99ee.php 第 114 行.
NOTIC: [8] Undefined index: key D:\phpStudy\WWW\Blog\Runtime\Cache\Home\2a94b8bda04ff446dcedd42276fc99ee.php 第 124 行.
NOTIC: [8] Undefined index: key D:\phpStudy\WWW\Blog\Runtime\Cache\Home\2a94b8bda04ff446dcedd42276fc99ee.php 第 125 行.
NOTIC: [8] Undefined index: key D:\phpStudy\WWW\Blog\Runtime\Cache\Home\2a94b8bda04ff446dcedd42276fc99ee.php 第 126 行.
NOTIC: [8] Undefined index: key D:\phpStudy\WWW\Blog\Runtime\Cache\Home\2a94b8bda04ff446dcedd42276fc99ee.php 第 127 行.
NOTIC: [8] Undefined index: key D:\phpStudy\WWW\Blog\Runtime\Cache\Home\2a94b8bda04ff446dcedd42276fc99ee.php 第 128 行.
NOTIC: [8] Undefined index: key D:\phpStudy\WWW\Blog\Runtime\Cache\Home\2a94b8bda04ff446dcedd42276fc99ee.php 第 129 行.
NOTIC: [8] Undefined index: a_id D:\phpStudy\WWW\Blog\Runtime\Cache\Home\2a94b8bda04ff446dcedd42276fc99ee.php 第 129 行.
NOTIC: [8] Undefined index: a_keyword D:\phpStudy\WWW\Blog\Runtime\Cache\Home\2a94b8bda04ff446dcedd42276fc99ee.php 第 129 行.
NOTIC: [8] Undefined index: key D:\phpStudy\WWW\Blog\Runtime\Cache\Home\2a94b8bda04ff446dcedd42276fc99ee.php 第 124 行.
NOTIC: [8] Undefined index: key D:\phpStudy\WWW\Blog\Runtime\Cache\Home\2a94b8bda04ff446dcedd42276fc99ee.php 第 125 行.
NOTIC: [8] Undefined index: key D:\phpStudy\WWW\Blog\Runtime\Cache\Home\2a94b8bda04ff446dcedd42276fc99ee.php 第 126 行.
NOTIC: [8] Undefined index: key D:\phpStudy\WWW\Blog\Runtime\Cache\Home\2a94b8bda04ff446dcedd42276fc99ee.php 第 127 行.
NOTIC: [8] Undefined index: key D:\phpStudy\WWW\Blog\Runtime\Cache\Home\2a94b8bda04ff446dcedd42276fc99ee.php 第 128 行.
NOTIC: [8] Undefined index: key D:\phpStudy\WWW\Blog\Runtime\Cache\Home\2a94b8bda04ff446dcedd42276fc99ee.php 第 129 行.
NOTIC: [8] Undefined index: a_id D:\phpStudy\WWW\Blog\Runtime\Cache\Home\2a94b8bda04ff446dcedd42276fc99ee.php 第 129 行.
NOTIC: [8] Undefined index: a_keyword D:\phpStudy\WWW\Blog\Runtime\Cache\Home\2a94b8bda04ff446dcedd42276fc99ee.php 第 129 行.
NOTIC: [8] Undefined index: key D:\phpStudy\WWW\Blog\Runtime\Cache\Home\2a94b8bda04ff446dcedd42276fc99ee.php 第 124 行.
NOTIC: [8] Undefined index: key D:\phpStudy\WWW\Blog\Runtime\Cache\Home\2a94b8bda04ff446dcedd42276fc99ee.php 第 125 行.
NOTIC: [8] Undefined index: key D:\phpStudy\WWW\Blog\Runtime\Cache\Home\2a94b8bda04ff446dcedd42276fc99ee.php 第 126 行.
NOTIC: [8] Undefined index: key D:\phpStudy\WWW\Blog\Runtime\Cache\Home\2a94b8bda04ff446dcedd42276fc99ee.php 第 127 行.
NOTIC: [8] Undefined index: key D:\phpStudy\WWW\Blog\Runtime\Cache\Home\2a94b8bda04ff446dcedd42276fc99ee.php 第 128 行.
NOTIC: [8] Undefined index: key D:\phpStudy\WWW\Blog\Runtime\Cache\Home\2a94b8bda04ff446dcedd42276fc99ee.php 第 129 行.
NOTIC: [8] Undefined index: a_id D:\phpStudy\WWW\Blog\Runtime\Cache\Home\2a94b8bda04ff446dcedd42276fc99ee.php 第 129 行.
NOTIC: [8] Undefined index: a_keyword D:\phpStudy\WWW\Blog\Runtime\Cache\Home\2a94b8bda04ff446dcedd42276fc99ee.php 第 129 行.
NOTIC: [8] Undefined index: key D:\phpStudy\WWW\Blog\Runtime\Cache\Home\2a94b8bda04ff446dcedd42276fc99ee.php 第 124 行.
NOTIC: [8] Undefined index: key D:\phpStudy\WWW\Blog\Runtime\Cache\Home\2a94b8bda04ff446dcedd42276fc99ee.php 第 125 行.
NOTIC: [8] Undefined index: key D:\phpStudy\WWW\Blog\Runtime\Cache\Home\2a94b8bda04ff446dcedd42276fc99ee.php 第 126 行.
NOTIC: [8] Undefined index: key D:\phpStudy\WWW\Blog\Runtime\Cache\Home\2a94b8bda04ff446dcedd42276fc99ee.php 第 127 行.
NOTIC: [8] Undefined index: key D:\phpStudy\WWW\Blog\Runtime\Cache\Home\2a94b8bda04ff446dcedd42276fc99ee.php 第 128 行.
NOTIC: [8] Undefined index: key D:\phpStudy\WWW\Blog\Runtime\Cache\Home\2a94b8bda04ff446dcedd42276fc99ee.php 第 129 行.
NOTIC: [8] Undefined index: a_id D:\phpStudy\WWW\Blog\Runtime\Cache\Home\2a94b8bda04ff446dcedd42276fc99ee.php 第 129 行.
NOTIC: [8] Undefined index: a_keyword D:\phpStudy\WWW\Blog\Runtime\Cache\Home\2a94b8bda04ff446dcedd42276fc99ee.php 第 129 行.
NOTIC: [8] Undefined index: key D:\phpStudy\WWW\Blog\Runtime\Cache\Home\2a94b8bda04ff446dcedd42276fc99ee.php 第 124 行.
NOTIC: [8] Undefined index: key D:\phpStudy\WWW\Blog\Runtime\Cache\Home\2a94b8bda04ff446dcedd42276fc99ee.php 第 125 行.
NOTIC: [8] Undefined index: key D:\phpStudy\WWW\Blog\Runtime\Cache\Home\2a94b8bda04ff446dcedd42276fc99ee.php 第 126 行.
NOTIC: [8] Undefined index: key D:\phpStudy\WWW\Blog\Runtime\Cache\Home\2a94b8bda04ff446dcedd42276fc99ee.php 第 127 行.
NOTIC: [8] Undefined index: key D:\phpStudy\WWW\Blog\Runtime\Cache\Home\2a94b8bda04ff446dcedd42276fc99ee.php 第 128 行.
NOTIC: [8] Undefined index: key D:\phpStudy\WWW\Blog\Runtime\Cache\Home\2a94b8bda04ff446dcedd42276fc99ee.php 第 129 行.
NOTIC: [8] Undefined index: a_id D:\phpStudy\WWW\Blog\Runtime\Cache\Home\2a94b8bda04ff446dcedd42276fc99ee.php 第 129 行.
NOTIC: [8] Undefined index: a_keyword D:\phpStudy\WWW\Blog\Runtime\Cache\Home\2a94b8bda04ff446dcedd42276fc99ee.php 第 129 行.
NOTIC: [8] Undefined index: key D:\phpStudy\WWW\Blog\Runtime\Cache\Home\2a94b8bda04ff446dcedd42276fc99ee.php 第 124 行.
NOTIC: [8] Undefined index: key D:\phpStudy\WWW\Blog\Runtime\Cache\Home\2a94b8bda04ff446dcedd42276fc99ee.php 第 125 行.
NOTIC: [8] Undefined index: key D:\phpStudy\WWW\Blog\Runtime\Cache\Home\2a94b8bda04ff446dcedd42276fc99ee.php 第 126 行.
NOTIC: [8] Undefined index: key D:\phpStudy\WWW\Blog\Runtime\Cache\Home\2a94b8bda04ff446dcedd42276fc99ee.php 第 127 行.
NOTIC: [8] Undefined index: key D:\phpStudy\WWW\Blog\Runtime\Cache\Home\2a94b8bda04ff446dcedd42276fc99ee.php 第 128 行.
NOTIC: [8] Undefined index: key D:\phpStudy\WWW\Blog\Runtime\Cache\Home\2a94b8bda04ff446dcedd42276fc99ee.php 第 129 行.
NOTIC: [8] Undefined index: a_id D:\phpStudy\WWW\Blog\Runtime\Cache\Home\2a94b8bda04ff446dcedd42276fc99ee.php 第 129 行.
NOTIC: [8] Undefined index: a_keyword D:\phpStudy\WWW\Blog\Runtime\Cache\Home\2a94b8bda04ff446dcedd42276fc99ee.php 第 129 行.
NOTIC: [8] Undefined variable: s_article D:\phpStudy\WWW\Blog\Runtime\Cache\Home\2a94b8bda04ff446dcedd42276fc99ee.php 第 135 行.
NOTIC: [8] Undefined variable: s_content D:\phpStudy\WWW\Blog\Runtime\Cache\Home\2a94b8bda04ff446dcedd42276fc99ee.php 第 154 行.
NOTIC: [8] Undefined variable: gusts D:\phpStudy\WWW\Blog\Runtime\Cache\Home\2a94b8bda04ff446dcedd42276fc99ee.php 第 188 行.
NOTIC: [8] Undefined variable: hits D:\phpStudy\WWW\Blog\Runtime\Cache\Home\2a94b8bda04ff446dcedd42276fc99ee.php 第 202 行.
NOTIC: [8] Undefined variable: link D:\phpStudy\WWW\Blog\Runtime\Cache\Home\2a94b8bda04ff446dcedd42276fc99ee.php 第 210 行.
NOTIC: [8] Undefined variable: num D:\phpStudy\WWW\Blog\Runtime\Cache\Home\2a94b8bda04ff446dcedd42276fc99ee.php 第 223 行.
NOTIC: [8] Undefined variable: num D:\phpStudy\WWW\Blog\Runtime\Cache\Home\2a94b8bda04ff446dcedd42276fc99ee.php 第 225 行.
NOTIC: [8] Undefined variable: num D:\phpStudy\WWW\Blog\Runtime\Cache\Home\2a94b8bda04ff446dcedd42276fc99ee.php 第 229 行.
NOTIC: [8] Undefined variable: num D:\phpStudy\WWW\Blog\Runtime\Cache\Home\2a94b8bda04ff446dcedd42276fc99ee.php 第 231 行.
NOTIC: [8] Undefined variable: system D:\phpStudy\WWW\Blog\Runtime\Cache\Home\2a94b8bda04ff446dcedd42276fc99ee.php 第 235 行.
NOTIC: [8] Undefined variable: num D:\phpStudy\WWW\Blog\Runtime\Cache\Home\2a94b8bda04ff446dcedd42276fc99ee.php 第 237 行.
NOTIC: [8] Undefined variable: num D:\phpStudy\WWW\Blog\Runtime\Cache\Home\2a94b8bda04ff446dcedd42276fc99ee.php 第 241 行.
NOTIC: [8] Undefined variable: num D:\phpStudy\WWW\Blog\Runtime\Cache\Home\2a94b8bda04ff446dcedd42276fc99ee.php 第 243 行.
NOTIC: [8] Undefined variable: system D:\phpStudy\WWW\Blog\Runtime\Cache\Home\2a94b8bda04ff446dcedd42276fc99ee.php 第 247 行.
NOTIC: [8] Undefined variable: version D:\phpStudy\WWW\Blog\Runtime\Cache\Home\2a94b8bda04ff446dcedd42276fc99ee.php 第 262 行.
NOTIC: [8] Undefined variable: f_article D:\phpStudy\WWW\Blog\Runtime\Cache\Home\2a94b8bda04ff446dcedd42276fc99ee.php 第 283 行.
NOTIC: [8] Undefined variable: foot_album D:\phpStudy\WWW\Blog\Runtime\Cache\Home\2a94b8bda04ff446dcedd42276fc99ee.php 第 288 行.
NOTIC: [8] Undefined variable: system D:\phpStudy\WWW\Blog\Runtime\Cache\Home\2a94b8bda04ff446dcedd42276fc99ee.php 第 296 行.
NOTIC: [8] Undefined variable: system D:\phpStudy\WWW\Blog\Runtime\Cache\Home\2a94b8bda04ff446dcedd42276fc99ee.php 第 299 行.
NOTIC: [8] Undefined variable: system D:\phpStudy\WWW\Blog\Runtime\Cache\Home\2a94b8bda04ff446dcedd42276fc99ee.php 第 299 行.
INFO: Run Behavior\ParseTemplateBehavior [ RunTime:0.057004s ]
INFO: [ view_parse ] --END-- [ RunTime:0.057004s ]
INFO: [ view_filter ] --START--
INFO: Run Behavior\WriteHtmlCacheBehavior [ RunTime:0.000000s ]
INFO: [ view_filter ] --END-- [ RunTime:0.000000s ]
INFO: [ app_end ] --START--
INFO: Run Behavior\ShowPageTraceBehavior [ RunTime:0.001000s ]
INFO: [ app_end ] --END-- [ RunTime:0.001000s ]

