[ 2018-05-07T12:26:00+08:00 ] 127.0.0.1 /
INFO: [ app_init ] --START--
INFO: Run Behavior\BuildLiteBehavior [ RunTime:0.000000s ]
INFO: [ app_init ] --END-- [ RunTime:0.487028s ]
INFO: [ app_begin ] --START--
INFO: Run Behavior\ReadHtmlCacheBehavior [ RunTime:0.026002s ]
INFO: [ app_begin ] --END-- [ RunTime:0.026002s ]
SQL: SHOW COLUMNS FROM `lt_tag` [ RunTime:0.1480s ]
SQL: SELECT * FROM `lt_tag`  [ RunTime:0.0030s ]
SQL: SHOW COLUMNS FROM `lt_ppt` [ RunTime:0.1560s ]
SQL: SELECT * FROM `lt_ppt` WHERE `pp_view` = 1 ORDER BY pp_time desc LIMIT 3   [ RunTime:0.0010s ]
SQL: SHOW COLUMNS FROM `lt_article` [ RunTime:0.1650s ]
SQL: SELECT * FROM lt_article a left join lt_tag t on a.tag_id=t.t_id  WHERE ( a_view>0 ) ORDER BY a_time desc  [ RunTime:0.0030s ]
INFO: [ view_parse ] --START--
INFO: [ template_filter ] --START--
INFO: Run Behavior\ContentReplaceBehavior [ RunTime:0.017001s ]
INFO: [ template_filter ] --END-- [ RunTime:0.017001s ]
NOTIC: [2] file_put_contents(./Runtime/Cache/Home/2a94b8bda04ff446dcedd42276fc99ee.php): failed to open stream: Invalid argument D:\phpStudy\WWW\Blog\ThinkPHP\Library\Think\Storage\Driver\File.class.php 第 47 行.
ERR: _STORAGE_WRITE_ERROR_:./Runtime/Cache/Home/2a94b8bda04ff446dcedd42276fc99ee.php
NOTIC: [2] include(): Filename cannot be empty D:\phpStudy\WWW\Blog\ThinkPHP\Library\Think\Think.class.php 第 314 行.
NOTIC: [2] include(): Failed opening '' for inclusion (include_path='.;C:\php\pear') D:\phpStudy\WWW\Blog\ThinkPHP\Library\Think\Think.class.php 第 314 行.

[ 2018-05-07T12:26:00+08:00 ] 127.0.0.1 /
INFO: [ app_init ] --START--
INFO: Run Behavior\BuildLiteBehavior [ RunTime:0.000000s ]
INFO: [ app_init ] --END-- [ RunTime:0.487028s ]
INFO: [ app_begin ] --START--
INFO: Run Behavior\ReadHtmlCacheBehavior [ RunTime:0.027002s ]
INFO: [ app_begin ] --END-- [ RunTime:0.027002s ]
SQL: SHOW COLUMNS FROM `lt_tag` [ RunTime:0.1480s ]
SQL: SELECT * FROM `lt_tag`  [ RunTime:0.0010s ]
SQL: SHOW COLUMNS FROM `lt_ppt` [ RunTime:0.1590s ]
SQL: SELECT * FROM `lt_ppt` WHERE `pp_view` = 1 ORDER BY pp_time desc LIMIT 3   [ RunTime:0.0010s ]
SQL: SHOW COLUMNS FROM `lt_article` [ RunTime:0.1660s ]
SQL: SELECT * FROM lt_article a left join lt_tag t on a.tag_id=t.t_id  WHERE ( a_view>0 ) ORDER BY a_time desc  [ RunTime:0.0010s ]
INFO: [ view_parse ] --START--
INFO: [ template_filter ] --START--
INFO: Run Behavior\ContentReplaceBehavior [ RunTime:0.010001s ]
INFO: [ template_filter ] --END-- [ RunTime:0.011001s ]
NOTIC: [8] Undefined variable: index D:\phpStudy\WWW\Blog\Runtime\Cache\Home\2a94b8bda04ff446dcedd42276fc99ee.php 第 42 行.
NOTIC: [8] Undefined variable: about D:\phpStudy\WWW\Blog\Runtime\Cache\Home\2a94b8bda04ff446dcedd42276fc99ee.php 第 43 行.
NOTIC: [8] Undefined variable: class D:\phpStudy\WWW\Blog\Runtime\Cache\Home\2a94b8bda04ff446dcedd42276fc99ee.php 第 44 行.
NOTIC: [8] Undefined variable: feel D:\phpStudy\WWW\Blog\Runtime\Cache\Home\2a94b8bda04ff446dcedd42276fc99ee.php 第 52 行.
NOTIC: [8] Undefined variable: album D:\phpStudy\WWW\Blog\Runtime\Cache\Home\2a94b8bda04ff446dcedd42276fc99ee.php 第 53 行.
NOTIC: [8] Undefined variable: friends D:\phpStudy\WWW\Blog\Runtime\Cache\Home\2a94b8bda04ff446dcedd42276fc99ee.php 第 54 行.
NOTIC: [8] Undefined variable: gust D:\phpStudy\WWW\Blog\Runtime\Cache\Home\2a94b8bda04ff446dcedd42276fc99ee.php 第 55 行.
NOTIC: [8] Undefined variable: download D:\phpStudy\WWW\Blog\Runtime\Cache\Home\2a94b8bda04ff446dcedd42276fc99ee.php 第 56 行.
NOTIC: [8] Undefined variable: v D:\phpStudy\WWW\Blog\Runtime\Cache\Home\2a94b8bda04ff446dcedd42276fc99ee.php 第 81 行.
NOTIC: [8] Undefined variable: tmp D:\phpStudy\WWW\Blog\Application\Common\Common\function.php 第 356 行.
NOTIC: [8] Undefined variable: v D:\phpStudy\WWW\Blog\Runtime\Cache\Home\2a94b8bda04ff446dcedd42276fc99ee.php 第 81 行.
NOTIC: [8] Undefined variable: tmp D:\phpStudy\WWW\Blog\Application\Common\Common\function.php 第 356 行.
NOTIC: [8] Undefined variable: v D:\phpStudy\WWW\Blog\Runtime\Cache\Home\2a94b8bda04ff446dcedd42276fc99ee.php 第 81 行.
NOTIC: [8] Undefined variable: tmp D:\phpStudy\WWW\Blog\Application\Common\Common\function.php 第 356 行.
NOTIC: [8] Undefined variable: version D:\phpStudy\WWW\Blog\Runtime\Cache\Home\2a94b8bda04ff446dcedd42276fc99ee.php 第 116 行.
NOTIC: [8] Undefined index: key D:\phpStudy\WWW\Blog\Runtime\Cache\Home\2a94b8bda04ff446dcedd42276fc99ee.php 第 127 行.
NOTIC: [8] Undefined index: key D:\phpStudy\WWW\Blog\Runtime\Cache\Home\2a94b8bda04ff446dcedd42276fc99ee.php 第 128 行.
NOTIC: [8] Undefined index: key D:\phpStudy\WWW\Blog\Runtime\Cache\Home\2a94b8bda04ff446dcedd42276fc99ee.php 第 129 行.
NOTIC: [8] Undefined index: key D:\phpStudy\WWW\Blog\Runtime\Cache\Home\2a94b8bda04ff446dcedd42276fc99ee.php 第 130 行.
NOTIC: [8] Undefined index: key D:\phpStudy\WWW\Blog\Runtime\Cache\Home\2a94b8bda04ff446dcedd42276fc99ee.php 第 131 行.
NOTIC: [8] Undefined index: key D:\phpStudy\WWW\Blog\Runtime\Cache\Home\2a94b8bda04ff446dcedd42276fc99ee.php 第 132 行.
NOTIC: [8] Undefined index: key D:\phpStudy\WWW\Blog\Runtime\Cache\Home\2a94b8bda04ff446dcedd42276fc99ee.php 第 127 行.
NOTIC: [8] Undefined index: key D:\phpStudy\WWW\Blog\Runtime\Cache\Home\2a94b8bda04ff446dcedd42276fc99ee.php 第 128 行.
NOTIC: [8] Undefined index: key D:\phpStudy\WWW\Blog\Runtime\Cache\Home\2a94b8bda04ff446dcedd42276fc99ee.php 第 129 行.
NOTIC: [8] Undefined index: key D:\phpStudy\WWW\Blog\Runtime\Cache\Home\2a94b8bda04ff446dcedd42276fc99ee.php 第 130 行.
NOTIC: [8] Undefined index: key D:\phpStudy\WWW\Blog\Runtime\Cache\Home\2a94b8bda04ff446dcedd42276fc99ee.php 第 131 行.
NOTIC: [8] Undefined index: key D:\phpStudy\WWW\Blog\Runtime\Cache\Home\2a94b8bda04ff446dcedd42276fc99ee.php 第 132 行.
NOTIC: [8] Undefined index: key D:\phpStudy\WWW\Blog\Runtime\Cache\Home\2a94b8bda04ff446dcedd42276fc99ee.php 第 127 行.
NOTIC: [8] Undefined index: key D:\phpStudy\WWW\Blog\Runtime\Cache\Home\2a94b8bda04ff446dcedd42276fc99ee.php 第 128 行.
NOTIC: [8] Undefined index: key D:\phpStudy\WWW\Blog\Runtime\Cache\Home\2a94b8bda04ff446dcedd42276fc99ee.php 第 129 行.
NOTIC: [8] Undefined index: key D:\phpStudy\WWW\Blog\Runtime\Cache\Home\2a94b8bda04ff446dcedd42276fc99ee.php 第 130 行.
NOTIC: [8] Undefined index: key D:\phpStudy\WWW\Blog\Runtime\Cache\Home\2a94b8bda04ff446dcedd42276fc99ee.php 第 131 行.
NOTIC: [8] Undefined index: key D:\phpStudy\WWW\Blog\Runtime\Cache\Home\2a94b8bda04ff446dcedd42276fc99ee.php 第 132 行.
NOTIC: [8] Undefined variable: s_content D:\phpStudy\WWW\Blog\Runtime\Cache\Home\2a94b8bda04ff446dcedd42276fc99ee.php 第 157 行.
NOTIC: [8] Undefined variable: gusts D:\phpStudy\WWW\Blog\Runtime\Cache\Home\2a94b8bda04ff446dcedd42276fc99ee.php 第 191 行.
NOTIC: [8] Undefined variable: hits D:\phpStudy\WWW\Blog\Runtime\Cache\Home\2a94b8bda04ff446dcedd42276fc99ee.php 第 205 行.
NOTIC: [8] Undefined variable: link D:\phpStudy\WWW\Blog\Runtime\Cache\Home\2a94b8bda04ff446dcedd42276fc99ee.php 第 213 行.
NOTIC: [8] Undefined variable: num D:\phpStudy\WWW\Blog\Runtime\Cache\Home\2a94b8bda04ff446dcedd42276fc99ee.php 第 226 行.
NOTIC: [8] Undefined variable: num D:\phpStudy\WWW\Blog\Runtime\Cache\Home\2a94b8bda04ff446dcedd42276fc99ee.php 第 228 行.
NOTIC: [8] Undefined variable: num D:\phpStudy\WWW\Blog\Runtime\Cache\Home\2a94b8bda04ff446dcedd42276fc99ee.php 第 232 行.
NOTIC: [8] Undefined variable: num D:\phpStudy\WWW\Blog\Runtime\Cache\Home\2a94b8bda04ff446dcedd42276fc99ee.php 第 234 行.
NOTIC: [8] Undefined variable: system D:\phpStudy\WWW\Blog\Runtime\Cache\Home\2a94b8bda04ff446dcedd42276fc99ee.php 第 238 行.
NOTIC: [8] Undefined variable: num D:\phpStudy\WWW\Blog\Runtime\Cache\Home\2a94b8bda04ff446dcedd42276fc99ee.php 第 240 行.
NOTIC: [8] Undefined variable: num D:\phpStudy\WWW\Blog\Runtime\Cache\Home\2a94b8bda04ff446dcedd42276fc99ee.php 第 244 行.
NOTIC: [8] Undefined variable: num D:\phpStudy\WWW\Blog\Runtime\Cache\Home\2a94b8bda04ff446dcedd42276fc99ee.php 第 246 行.
NOTIC: [8] Undefined variable: system D:\phpStudy\WWW\Blog\Runtime\Cache\Home\2a94b8bda04ff446dcedd42276fc99ee.php 第 250 行.
NOTIC: [8] Undefined variable: version D:\phpStudy\WWW\Blog\Runtime\Cache\Home\2a94b8bda04ff446dcedd42276fc99ee.php 第 265 行.
NOTIC: [8] Undefined variable: f_article D:\phpStudy\WWW\Blog\Runtime\Cache\Home\2a94b8bda04ff446dcedd42276fc99ee.php 第 286 行.
NOTIC: [8] Undefined variable: foot_album D:\phpStudy\WWW\Blog\Runtime\Cache\Home\2a94b8bda04ff446dcedd42276fc99ee.php 第 291 行.
NOTIC: [8] Undefined variable: system D:\phpStudy\WWW\Blog\Runtime\Cache\Home\2a94b8bda04ff446dcedd42276fc99ee.php 第 299 行.
NOTIC: [8] Undefined variable: system D:\phpStudy\WWW\Blog\Runtime\Cache\Home\2a94b8bda04ff446dcedd42276fc99ee.php 第 302 行.
NOTIC: [8] Undefined variable: system D:\phpStudy\WWW\Blog\Runtime\Cache\Home\2a94b8bda04ff446dcedd42276fc99ee.php 第 302 行.
INFO: Run Behavior\ParseTemplateBehavior [ RunTime:0.647037s ]
INFO: [ view_parse ] --END-- [ RunTime:0.648037s ]
INFO: [ view_filter ] --START--
INFO: Run Behavior\WriteHtmlCacheBehavior [ RunTime:0.059003s ]
INFO: [ view_filter ] --END-- [ RunTime:0.059003s ]
INFO: [ app_end ] --START--
INFO: Run Behavior\ShowPageTraceBehavior [ RunTime:0.005001s ]
INFO: [ app_end ] --END-- [ RunTime:0.005001s ]

[ 2018-05-07T12:26:01+08:00 ] 127.0.0.1 /favicon.ico
INFO: [ app_init ] --START--
INFO: Run Behavior\BuildLiteBehavior [ RunTime:0.000000s ]
INFO: [ app_init ] --END-- [ RunTime:0.000000s ]
NOTIC: [2] preg_match(): No ending delimiter '/' found D:\phpStudy\WWW\Blog\ThinkPHP\Library\Think\Route.class.php 第 58 行.

[ 2018-05-07T12:26:19+08:00 ] 127.0.0.1 /
INFO: [ app_init ] --START--
INFO: Run Behavior\BuildLiteBehavior [ RunTime:0.000000s ]
INFO: [ app_init ] --END-- [ RunTime:0.001000s ]
INFO: [ app_begin ] --START--
INFO: Run Behavior\ReadHtmlCacheBehavior [ RunTime:0.001000s ]
INFO: [ app_begin ] --END-- [ RunTime:0.001000s ]
SQL: SHOW COLUMNS FROM `lt_tag` [ RunTime:0.0080s ]
SQL: SELECT * FROM `lt_tag`  [ RunTime:0.0010s ]
SQL: SHOW COLUMNS FROM `lt_ppt` [ RunTime:0.0080s ]
SQL: SELECT * FROM `lt_ppt` WHERE `pp_view` = 1 ORDER BY pp_time desc LIMIT 3   [ RunTime:0.0000s ]
SQL: SHOW COLUMNS FROM `lt_article` [ RunTime:0.0060s ]
SQL: SELECT * FROM lt_article a left join lt_tag t on a.tag_id=t.t_id  WHERE ( a_view>0 ) ORDER BY a_time desc  [ RunTime:0.0010s ]
INFO: [ view_parse ] --START--
INFO: [ template_filter ] --START--
INFO: Run Behavior\ContentReplaceBehavior [ RunTime:0.001000s ]
INFO: [ template_filter ] --END-- [ RunTime:0.001000s ]
NOTIC: [8] Undefined variable: index D:\phpStudy\WWW\Blog\Runtime\Cache\Home\2a94b8bda04ff446dcedd42276fc99ee.php 第 42 行.
NOTIC: [8] Undefined variable: about D:\phpStudy\WWW\Blog\Runtime\Cache\Home\2a94b8bda04ff446dcedd42276fc99ee.php 第 43 行.
NOTIC: [8] Undefined variable: class D:\phpStudy\WWW\Blog\Runtime\Cache\Home\2a94b8bda04ff446dcedd42276fc99ee.php 第 44 行.
NOTIC: [8] Undefined variable: feel D:\phpStudy\WWW\Blog\Runtime\Cache\Home\2a94b8bda04ff446dcedd42276fc99ee.php 第 52 行.
NOTIC: [8] Undefined variable: album D:\phpStudy\WWW\Blog\Runtime\Cache\Home\2a94b8bda04ff446dcedd42276fc99ee.php 第 53 行.
NOTIC: [8] Undefined variable: friends D:\phpStudy\WWW\Blog\Runtime\Cache\Home\2a94b8bda04ff446dcedd42276fc99ee.php 第 54 行.
NOTIC: [8] Undefined variable: gust D:\phpStudy\WWW\Blog\Runtime\Cache\Home\2a94b8bda04ff446dcedd42276fc99ee.php 第 55 行.
NOTIC: [8] Undefined variable: download D:\phpStudy\WWW\Blog\Runtime\Cache\Home\2a94b8bda04ff446dcedd42276fc99ee.php 第 56 行.
NOTIC: [8] Undefined variable: v D:\phpStudy\WWW\Blog\Runtime\Cache\Home\2a94b8bda04ff446dcedd42276fc99ee.php 第 81 行.
NOTIC: [8] Undefined variable: tmp D:\phpStudy\WWW\Blog\Application\Common\Common\function.php 第 356 行.
NOTIC: [8] Undefined variable: v D:\phpStudy\WWW\Blog\Runtime\Cache\Home\2a94b8bda04ff446dcedd42276fc99ee.php 第 81 行.
NOTIC: [8] Undefined variable: tmp D:\phpStudy\WWW\Blog\Application\Common\Common\function.php 第 356 行.
NOTIC: [8] Undefined variable: v D:\phpStudy\WWW\Blog\Runtime\Cache\Home\2a94b8bda04ff446dcedd42276fc99ee.php 第 81 行.
NOTIC: [8] Undefined variable: tmp D:\phpStudy\WWW\Blog\Application\Common\Common\function.php 第 356 行.
NOTIC: [8] Undefined variable: version D:\phpStudy\WWW\Blog\Runtime\Cache\Home\2a94b8bda04ff446dcedd42276fc99ee.php 第 116 行.
NOTIC: [8] Undefined index: key D:\phpStudy\WWW\Blog\Runtime\Cache\Home\2a94b8bda04ff446dcedd42276fc99ee.php 第 127 行.
NOTIC: [8] Undefined index: key D:\phpStudy\WWW\Blog\Runtime\Cache\Home\2a94b8bda04ff446dcedd42276fc99ee.php 第 128 行.
NOTIC: [8] Undefined index: key D:\phpStudy\WWW\Blog\Runtime\Cache\Home\2a94b8bda04ff446dcedd42276fc99ee.php 第 129 行.
NOTIC: [8] Undefined index: key D:\phpStudy\WWW\Blog\Runtime\Cache\Home\2a94b8bda04ff446dcedd42276fc99ee.php 第 130 行.
NOTIC: [8] Undefined index: key D:\phpStudy\WWW\Blog\Runtime\Cache\Home\2a94b8bda04ff446dcedd42276fc99ee.php 第 131 行.
NOTIC: [8] Undefined index: key D:\phpStudy\WWW\Blog\Runtime\Cache\Home\2a94b8bda04ff446dcedd42276fc99ee.php 第 132 行.
NOTIC: [8] Undefined index: key D:\phpStudy\WWW\Blog\Runtime\Cache\Home\2a94b8bda04ff446dcedd42276fc99ee.php 第 127 行.
NOTIC: [8] Undefined index: key D:\phpStudy\WWW\Blog\Runtime\Cache\Home\2a94b8bda04ff446dcedd42276fc99ee.php 第 128 行.
NOTIC: [8] Undefined index: key D:\phpStudy\WWW\Blog\Runtime\Cache\Home\2a94b8bda04ff446dcedd42276fc99ee.php 第 129 行.
NOTIC: [8] Undefined index: key D:\phpStudy\WWW\Blog\Runtime\Cache\Home\2a94b8bda04ff446dcedd42276fc99ee.php 第 130 行.
NOTIC: [8] Undefined index: key D:\phpStudy\WWW\Blog\Runtime\Cache\Home\2a94b8bda04ff446dcedd42276fc99ee.php 第 131 行.
NOTIC: [8] Undefined index: key D:\phpStudy\WWW\Blog\Runtime\Cache\Home\2a94b8bda04ff446dcedd42276fc99ee.php 第 132 行.
NOTIC: [8] Undefined index: key D:\phpStudy\WWW\Blog\Runtime\Cache\Home\2a94b8bda04ff446dcedd42276fc99ee.php 第 127 行.
NOTIC: [8] Undefined index: key D:\phpStudy\WWW\Blog\Runtime\Cache\Home\2a94b8bda04ff446dcedd42276fc99ee.php 第 128 行.
NOTIC: [8] Undefined index: key D:\phpStudy\WWW\Blog\Runtime\Cache\Home\2a94b8bda04ff446dcedd42276fc99ee.php 第 129 行.
NOTIC: [8] Undefined index: key D:\phpStudy\WWW\Blog\Runtime\Cache\Home\2a94b8bda04ff446dcedd42276fc99ee.php 第 130 行.
NOTIC: [8] Undefined index: key D:\phpStudy\WWW\Blog\Runtime\Cache\Home\2a94b8bda04ff446dcedd42276fc99ee.php 第 131 行.
NOTIC: [8] Undefined index: key D:\phpStudy\WWW\Blog\Runtime\Cache\Home\2a94b8bda04ff446dcedd42276fc99ee.php 第 132 行.
NOTIC: [8] Undefined variable: s_content D:\phpStudy\WWW\Blog\Runtime\Cache\Home\2a94b8bda04ff446dcedd42276fc99ee.php 第 157 行.
NOTIC: [8] Undefined variable: gusts D:\phpStudy\WWW\Blog\Runtime\Cache\Home\2a94b8bda04ff446dcedd42276fc99ee.php 第 191 行.
NOTIC: [8] Undefined variable: hits D:\phpStudy\WWW\Blog\Runtime\Cache\Home\2a94b8bda04ff446dcedd42276fc99ee.php 第 205 行.
NOTIC: [8] Undefined variable: link D:\phpStudy\WWW\Blog\Runtime\Cache\Home\2a94b8bda04ff446dcedd42276fc99ee.php 第 213 行.
NOTIC: [8] Undefined variable: num D:\phpStudy\WWW\Blog\Runtime\Cache\Home\2a94b8bda04ff446dcedd42276fc99ee.php 第 226 行.
NOTIC: [8] Undefined variable: num D:\phpStudy\WWW\Blog\Runtime\Cache\Home\2a94b8bda04ff446dcedd42276fc99ee.php 第 228 行.
NOTIC: [8] Undefined variable: num D:\phpStudy\WWW\Blog\Runtime\Cache\Home\2a94b8bda04ff446dcedd42276fc99ee.php 第 232 行.
NOTIC: [8] Undefined variable: num D:\phpStudy\WWW\Blog\Runtime\Cache\Home\2a94b8bda04ff446dcedd42276fc99ee.php 第 234 行.
NOTIC: [8] Undefined variable: system D:\phpStudy\WWW\Blog\Runtime\Cache\Home\2a94b8bda04ff446dcedd42276fc99ee.php 第 238 行.
NOTIC: [8] Undefined variable: num D:\phpStudy\WWW\Blog\Runtime\Cache\Home\2a94b8bda04ff446dcedd42276fc99ee.php 第 240 行.
NOTIC: [8] Undefined variable: num D:\phpStudy\WWW\Blog\Runtime\Cache\Home\2a94b8bda04ff446dcedd42276fc99ee.php 第 244 行.
NOTIC: [8] Undefined variable: num D:\phpStudy\WWW\Blog\Runtime\Cache\Home\2a94b8bda04ff446dcedd42276fc99ee.php 第 246 行.
NOTIC: [8] Undefined variable: system D:\phpStudy\WWW\Blog\Runtime\Cache\Home\2a94b8bda04ff446dcedd42276fc99ee.php 第 250 行.
NOTIC: [8] Undefined variable: version D:\phpStudy\WWW\Blog\Runtime\Cache\Home\2a94b8bda04ff446dcedd42276fc99ee.php 第 265 行.
NOTIC: [8] Undefined variable: f_article D:\phpStudy\WWW\Blog\Runtime\Cache\Home\2a94b8bda04ff446dcedd42276fc99ee.php 第 286 行.
NOTIC: [8] Undefined variable: foot_album D:\phpStudy\WWW\Blog\Runtime\Cache\Home\2a94b8bda04ff446dcedd42276fc99ee.php 第 291 行.
NOTIC: [8] Undefined variable: system D:\phpStudy\WWW\Blog\Runtime\Cache\Home\2a94b8bda04ff446dcedd42276fc99ee.php 第 299 行.
NOTIC: [8] Undefined variable: system D:\phpStudy\WWW\Blog\Runtime\Cache\Home\2a94b8bda04ff446dcedd42276fc99ee.php 第 302 行.
NOTIC: [8] Undefined variable: system D:\phpStudy\WWW\Blog\Runtime\Cache\Home\2a94b8bda04ff446dcedd42276fc99ee.php 第 302 行.
INFO: Run Behavior\ParseTemplateBehavior [ RunTime:0.068004s ]
INFO: [ view_parse ] --END-- [ RunTime:0.068004s ]
INFO: [ view_filter ] --START--
INFO: Run Behavior\WriteHtmlCacheBehavior [ RunTime:0.001000s ]
INFO: [ view_filter ] --END-- [ RunTime:0.001000s ]
INFO: [ app_end ] --START--
INFO: Run Behavior\ShowPageTraceBehavior [ RunTime:0.001001s ]
INFO: [ app_end ] --END-- [ RunTime:0.002001s ]

[ 2018-05-07T12:26:39+08:00 ] 127.0.0.1 /article/index/id/2.html
INFO: [ app_init ] --START--
INFO: Run Behavior\BuildLiteBehavior [ RunTime:0.001000s ]
INFO: [ app_init ] --END-- [ RunTime:0.001000s ]
NOTIC: [2] preg_match(): No ending delimiter '/' found D:\phpStudy\WWW\Blog\ThinkPHP\Library\Think\Route.class.php 第 58 行.
INFO: [ app_begin ] --START--
INFO: Run Behavior\ReadHtmlCacheBehavior [ RunTime:0.001000s ]
INFO: [ app_begin ] --END-- [ RunTime:0.002000s ]
SQL: SHOW COLUMNS FROM `lt_article` [ RunTime:0.0180s ]
SQL: UPDATE `lt_article` SET `a_hit`=a_hit+1 WHERE ( a_id=2 ) [ RunTime:0.0030s ]
SQL: SELECT * FROM lt_article a left join lt_tag t on a.tag_id=t.t_id  WHERE ( a_id=2 ) LIMIT 1   [ RunTime:0.0000s ]
SQL: SELECT * FROM `lt_article` WHERE ( a_id<2 ) ORDER BY a_id desc LIMIT 1   [ RunTime:0.0000s ]
SQL: SELECT * FROM `lt_article` WHERE ( a_id>2 ) ORDER BY a_id asc LIMIT 1   [ RunTime:0.0010s ]
SQL: SHOW COLUMNS FROM `lt_tag` [ RunTime:0.0300s ]
SQL: SELECT * FROM `lt_tag`  [ RunTime:0.0010s ]
SQL: SHOW COLUMNS FROM `lt_ppt` [ RunTime:0.0280s ]
SQL: SELECT * FROM `lt_ppt` WHERE `pp_view` = 1 ORDER BY pp_time desc LIMIT 3   [ RunTime:0.0010s ]
SQL: SELECT * FROM lt_article a left join lt_tag t on a.tag_id=t.t_id  WHERE ( a_view>0 ) ORDER BY a_time desc  [ RunTime:0.0010s ]
INFO: [ view_parse ] --START--
INFO: [ template_filter ] --START--
INFO: Run Behavior\ContentReplaceBehavior [ RunTime:0.000000s ]
INFO: [ template_filter ] --END-- [ RunTime:0.001000s ]
NOTIC: [8] Undefined variable: info D:\phpStudy\WWW\Blog\Runtime\Cache\Home\2ac6c1276904b87404ed678dbabb985c.php 第 5 行.
NOTIC: [8] Undefined variable: info D:\phpStudy\WWW\Blog\Runtime\Cache\Home\2ac6c1276904b87404ed678dbabb985c.php 第 6 行.
NOTIC: [8] Undefined variable: info D:\phpStudy\WWW\Blog\Runtime\Cache\Home\2ac6c1276904b87404ed678dbabb985c.php 第 7 行.
NOTIC: [8] Undefined variable: version D:\phpStudy\WWW\Blog\Runtime\Cache\Home\2ac6c1276904b87404ed678dbabb985c.php 第 8 行.
NOTIC: [8] Undefined variable: system D:\phpStudy\WWW\Blog\Runtime\Cache\Home\2ac6c1276904b87404ed678dbabb985c.php 第 9 行.
NOTIC: [8] Undefined variable: index D:\phpStudy\WWW\Blog\Runtime\Cache\Home\2ac6c1276904b87404ed678dbabb985c.php 第 53 行.
NOTIC: [8] Undefined variable: about D:\phpStudy\WWW\Blog\Runtime\Cache\Home\2ac6c1276904b87404ed678dbabb985c.php 第 54 行.
NOTIC: [8] Undefined variable: class D:\phpStudy\WWW\Blog\Runtime\Cache\Home\2ac6c1276904b87404ed678dbabb985c.php 第 55 行.
NOTIC: [8] Undefined variable: feel D:\phpStudy\WWW\Blog\Runtime\Cache\Home\2ac6c1276904b87404ed678dbabb985c.php 第 63 行.
NOTIC: [8] Undefined variable: album D:\phpStudy\WWW\Blog\Runtime\Cache\Home\2ac6c1276904b87404ed678dbabb985c.php 第 64 行.
NOTIC: [8] Undefined variable: friends D:\phpStudy\WWW\Blog\Runtime\Cache\Home\2ac6c1276904b87404ed678dbabb985c.php 第 65 行.
NOTIC: [8] Undefined variable: gust D:\phpStudy\WWW\Blog\Runtime\Cache\Home\2ac6c1276904b87404ed678dbabb985c.php 第 66 行.
NOTIC: [8] Undefined variable: download D:\phpStudy\WWW\Blog\Runtime\Cache\Home\2ac6c1276904b87404ed678dbabb985c.php 第 67 行.
NOTIC: [8] Undefined variable: info D:\phpStudy\WWW\Blog\Runtime\Cache\Home\2ac6c1276904b87404ed678dbabb985c.php 第 77 行.
NOTIC: [8] Undefined variable: info D:\phpStudy\WWW\Blog\Runtime\Cache\Home\2ac6c1276904b87404ed678dbabb985c.php 第 84 行.
NOTIC: [8] Undefined variable: info D:\phpStudy\WWW\Blog\Runtime\Cache\Home\2ac6c1276904b87404ed678dbabb985c.php 第 94 行.
NOTIC: [8] Undefined variable: info D:\phpStudy\WWW\Blog\Runtime\Cache\Home\2ac6c1276904b87404ed678dbabb985c.php 第 95 行.
NOTIC: [8] Undefined variable: info D:\phpStudy\WWW\Blog\Runtime\Cache\Home\2ac6c1276904b87404ed678dbabb985c.php 第 97 行.
NOTIC: [8] Undefined variable: info D:\phpStudy\WWW\Blog\Runtime\Cache\Home\2ac6c1276904b87404ed678dbabb985c.php 第 98 行.
NOTIC: [8] Undefined variable: info D:\phpStudy\WWW\Blog\Runtime\Cache\Home\2ac6c1276904b87404ed678dbabb985c.php 第 98 行.
NOTIC: [2] Missing argument 2 for getIp(), called in D:\phpStudy\WWW\Blog\Runtime\Cache\Home\2ac6c1276904b87404ed678dbabb985c.php on line 98 and defined D:\phpStudy\WWW\Blog\Application\Common\Common\function.php 第 187 行.
NOTIC: [8] Uninitialized string offset: 3 D:\phpStudy\WWW\Blog\Application\Common\Common\function.php 第 198 行.
NOTIC: [8] Undefined variable: common D:\phpStudy\WWW\Blog\Runtime\Cache\Home\2ac6c1276904b87404ed678dbabb985c.php 第 98 行.
NOTIC: [8] Undefined variable: info D:\phpStudy\WWW\Blog\Runtime\Cache\Home\2ac6c1276904b87404ed678dbabb985c.php 第 98 行.
NOTIC: [8] Use of undefined constant ture - assumed 'ture' D:\phpStudy\WWW\Blog\Runtime\Cache\Home\2ac6c1276904b87404ed678dbabb985c.php 第 103 行.
NOTIC: [8] Use of undefined constant ture - assumed 'ture' D:\phpStudy\WWW\Blog\Runtime\Cache\Home\2ac6c1276904b87404ed678dbabb985c.php 第 104 行.
NOTIC: [8] Undefined variable: common D:\phpStudy\WWW\Blog\Runtime\Cache\Home\2ac6c1276904b87404ed678dbabb985c.php 第 115 行.
NOTIC: [8] Undefined variable: info D:\phpStudy\WWW\Blog\Runtime\Cache\Home\2ac6c1276904b87404ed678dbabb985c.php 第 146 行.
NOTIC: [8] Undefined variable: info D:\phpStudy\WWW\Blog\Runtime\Cache\Home\2ac6c1276904b87404ed678dbabb985c.php 第 147 行.
NOTIC: [8] Undefined variable: guestbook D:\phpStudy\WWW\Blog\Runtime\Cache\Home\2ac6c1276904b87404ed678dbabb985c.php 第 179 行.
NOTIC: [8] Undefined variable: version D:\phpStudy\WWW\Blog\Runtime\Cache\Home\2ac6c1276904b87404ed678dbabb985c.php 第 245 行.
NOTIC: [8] Undefined index: a_id D:\phpStudy\WWW\Blog\Runtime\Cache\Home\2ac6c1276904b87404ed678dbabb985c.php 第 255 行.
NOTIC: [8] Undefined index: key D:\phpStudy\WWW\Blog\Runtime\Cache\Home\2ac6c1276904b87404ed678dbabb985c.php 第 256 行.
NOTIC: [8] Undefined index: key D:\phpStudy\WWW\Blog\Runtime\Cache\Home\2ac6c1276904b87404ed678dbabb985c.php 第 257 行.
NOTIC: [8] Undefined index: key D:\phpStudy\WWW\Blog\Runtime\Cache\Home\2ac6c1276904b87404ed678dbabb985c.php 第 258 行.
NOTIC: [8] Undefined index: key D:\phpStudy\WWW\Blog\Runtime\Cache\Home\2ac6c1276904b87404ed678dbabb985c.php 第 259 行.
NOTIC: [8] Undefined index: key D:\phpStudy\WWW\Blog\Runtime\Cache\Home\2ac6c1276904b87404ed678dbabb985c.php 第 260 行.
NOTIC: [8] Undefined index: key D:\phpStudy\WWW\Blog\Runtime\Cache\Home\2ac6c1276904b87404ed678dbabb985c.php 第 261 行.
NOTIC: [8] Undefined index: a_id D:\phpStudy\WWW\Blog\Runtime\Cache\Home\2ac6c1276904b87404ed678dbabb985c.php 第 255 行.
NOTIC: [8] Undefined index: key D:\phpStudy\WWW\Blog\Runtime\Cache\Home\2ac6c1276904b87404ed678dbabb985c.php 第 256 行.
NOTIC: [8] Undefined index: key D:\phpStudy\WWW\Blog\Runtime\Cache\Home\2ac6c1276904b87404ed678dbabb985c.php 第 257 行.
NOTIC: [8] Undefined index: key D:\phpStudy\WWW\Blog\Runtime\Cache\Home\2ac6c1276904b87404ed678dbabb985c.php 第 258 行.
NOTIC: [8] Undefined index: key D:\phpStudy\WWW\Blog\Runtime\Cache\Home\2ac6c1276904b87404ed678dbabb985c.php 第 259 行.
NOTIC: [8] Undefined index: key D:\phpStudy\WWW\Blog\Runtime\Cache\Home\2ac6c1276904b87404ed678dbabb985c.php 第 260 行.
NOTIC: [8] Undefined index: key D:\phpStudy\WWW\Blog\Runtime\Cache\Home\2ac6c1276904b87404ed678dbabb985c.php 第 261 行.
NOTIC: [8] Undefined index: a_id D:\phpStudy\WWW\Blog\Runtime\Cache\Home\2ac6c1276904b87404ed678dbabb985c.php 第 255 行.
NOTIC: [8] Undefined index: key D:\phpStudy\WWW\Blog\Runtime\Cache\Home\2ac6c1276904b87404ed678dbabb985c.php 第 256 行.
NOTIC: [8] Undefined index: key D:\phpStudy\WWW\Blog\Runtime\Cache\Home\2ac6c1276904b87404ed678dbabb985c.php 第 257 行.
NOTIC: [8] Undefined index: key D:\phpStudy\WWW\Blog\Runtime\Cache\Home\2ac6c1276904b87404ed678dbabb985c.php 第 258 行.
NOTIC: [8] Undefined index: key D:\phpStudy\WWW\Blog\Runtime\Cache\Home\2ac6c1276904b87404ed678dbabb985c.php 第 259 行.
NOTIC: [8] Undefined index: key D:\phpStudy\WWW\Blog\Runtime\Cache\Home\2ac6c1276904b87404ed678dbabb985c.php 第 260 行.
NOTIC: [8] Undefined index: key D:\phpStudy\WWW\Blog\Runtime\Cache\Home\2ac6c1276904b87404ed678dbabb985c.php 第 261 行.
NOTIC: [8] Undefined variable: s_content D:\phpStudy\WWW\Blog\Runtime\Cache\Home\2ac6c1276904b87404ed678dbabb985c.php 第 286 行.
NOTIC: [8] Undefined variable: gusts D:\phpStudy\WWW\Blog\Runtime\Cache\Home\2ac6c1276904b87404ed678dbabb985c.php 第 320 行.
NOTIC: [8] Undefined variable: hits D:\phpStudy\WWW\Blog\Runtime\Cache\Home\2ac6c1276904b87404ed678dbabb985c.php 第 334 行.
NOTIC: [8] Undefined variable: link D:\phpStudy\WWW\Blog\Runtime\Cache\Home\2ac6c1276904b87404ed678dbabb985c.php 第 342 行.
NOTIC: [8] Undefined variable: num D:\phpStudy\WWW\Blog\Runtime\Cache\Home\2ac6c1276904b87404ed678dbabb985c.php 第 355 行.
NOTIC: [8] Undefined variable: num D:\phpStudy\WWW\Blog\Runtime\Cache\Home\2ac6c1276904b87404ed678dbabb985c.php 第 357 行.
NOTIC: [8] Undefined variable: num D:\phpStudy\WWW\Blog\Runtime\Cache\Home\2ac6c1276904b87404ed678dbabb985c.php 第 361 行.
NOTIC: [8] Undefined variable: num D:\phpStudy\WWW\Blog\Runtime\Cache\Home\2ac6c1276904b87404ed678dbabb985c.php 第 363 行.
NOTIC: [8] Undefined variable: system D:\phpStudy\WWW\Blog\Runtime\Cache\Home\2ac6c1276904b87404ed678dbabb985c.php 第 367 行.
NOTIC: [8] Undefined variable: num D:\phpStudy\WWW\Blog\Runtime\Cache\Home\2ac6c1276904b87404ed678dbabb985c.php 第 369 行.
NOTIC: [8] Undefined variable: num D:\phpStudy\WWW\Blog\Runtime\Cache\Home\2ac6c1276904b87404ed678dbabb985c.php 第 373 行.
NOTIC: [8] Undefined variable: num D:\phpStudy\WWW\Blog\Runtime\Cache\Home\2ac6c1276904b87404ed678dbabb985c.php 第 375 行.
NOTIC: [8] Undefined variable: system D:\phpStudy\WWW\Blog\Runtime\Cache\Home\2ac6c1276904b87404ed678dbabb985c.php 第 379 行.
NOTIC: [8] Undefined variable: version D:\phpStudy\WWW\Blog\Runtime\Cache\Home\2ac6c1276904b87404ed678dbabb985c.php 第 394 行.
NOTIC: [8] Undefined variable: f_article D:\phpStudy\WWW\Blog\Runtime\Cache\Home\2ac6c1276904b87404ed678dbabb985c.php 第 415 行.
NOTIC: [8] Undefined variable: foot_album D:\phpStudy\WWW\Blog\Runtime\Cache\Home\2ac6c1276904b87404ed678dbabb985c.php 第 420 行.
NOTIC: [8] Undefined variable: system D:\phpStudy\WWW\Blog\Runtime\Cache\Home\2ac6c1276904b87404ed678dbabb985c.php 第 428 行.
NOTIC: [8] Undefined variable: system D:\phpStudy\WWW\Blog\Runtime\Cache\Home\2ac6c1276904b87404ed678dbabb985c.php 第 431 行.
NOTIC: [8] Undefined variable: system D:\phpStudy\WWW\Blog\Runtime\Cache\Home\2ac6c1276904b87404ed678dbabb985c.php 第 431 行.
INFO: Run Behavior\ParseTemplateBehavior [ RunTime:0.171010s ]
INFO: [ view_parse ] --END-- [ RunTime:0.171010s ]
INFO: [ view_filter ] --START--
INFO: Run Behavior\WriteHtmlCacheBehavior [ RunTime:0.001000s ]
INFO: [ view_filter ] --END-- [ RunTime:0.001000s ]
INFO: [ app_end ] --START--
INFO: Run Behavior\ShowPageTraceBehavior [ RunTime:0.001000s ]
INFO: [ app_end ] --END-- [ RunTime:0.001000s ]

[ 2018-05-07T12:26:48+08:00 ] 127.0.0.1 /home/music/index.html
INFO: [ app_init ] --START--
INFO: Run Behavior\BuildLiteBehavior [ RunTime:0.000000s ]
INFO: [ app_init ] --END-- [ RunTime:0.001000s ]
NOTIC: [2] preg_match(): No ending delimiter '/' found D:\phpStudy\WWW\Blog\ThinkPHP\Library\Think\Route.class.php 第 58 行.
INFO: [ app_begin ] --START--
INFO: Run Behavior\ReadHtmlCacheBehavior [ RunTime:0.002000s ]
INFO: [ app_begin ] --END-- [ RunTime:0.002000s ]
INFO: [ view_parse ] --START--
INFO: [ template_filter ] --START--
INFO: Run Behavior\ContentReplaceBehavior [ RunTime:0.000000s ]
INFO: [ template_filter ] --END-- [ RunTime:0.000000s ]
NOTIC: [8] Undefined variable: system D:\phpStudy\WWW\Blog\Runtime\Cache\Home\5da3657dd9213876ace98960ae7caf29.php 第 6 行.
NOTIC: [8] Undefined variable: system D:\phpStudy\WWW\Blog\Runtime\Cache\Home\5da3657dd9213876ace98960ae7caf29.php 第 7 行.
NOTIC: [8] Undefined variable: version D:\phpStudy\WWW\Blog\Runtime\Cache\Home\5da3657dd9213876ace98960ae7caf29.php 第 8 行.
NOTIC: [8] Undefined variable: system D:\phpStudy\WWW\Blog\Runtime\Cache\Home\5da3657dd9213876ace98960ae7caf29.php 第 9 行.
NOTIC: [8] Undefined variable: index D:\phpStudy\WWW\Blog\Runtime\Cache\Home\5da3657dd9213876ace98960ae7caf29.php 第 47 行.
NOTIC: [8] Undefined variable: about D:\phpStudy\WWW\Blog\Runtime\Cache\Home\5da3657dd9213876ace98960ae7caf29.php 第 48 行.
NOTIC: [8] Undefined variable: class D:\phpStudy\WWW\Blog\Runtime\Cache\Home\5da3657dd9213876ace98960ae7caf29.php 第 49 行.
NOTIC: [8] Undefined variable: tag D:\phpStudy\WWW\Blog\Runtime\Cache\Home\5da3657dd9213876ace98960ae7caf29.php 第 52 行.
NOTIC: [8] Undefined variable: feel D:\phpStudy\WWW\Blog\Runtime\Cache\Home\5da3657dd9213876ace98960ae7caf29.php 第 57 行.
NOTIC: [8] Undefined variable: album D:\phpStudy\WWW\Blog\Runtime\Cache\Home\5da3657dd9213876ace98960ae7caf29.php 第 58 行.
NOTIC: [8] Undefined variable: friends D:\phpStudy\WWW\Blog\Runtime\Cache\Home\5da3657dd9213876ace98960ae7caf29.php 第 59 行.
NOTIC: [8] Undefined variable: gust D:\phpStudy\WWW\Blog\Runtime\Cache\Home\5da3657dd9213876ace98960ae7caf29.php 第 60 行.
NOTIC: [8] Undefined variable: download D:\phpStudy\WWW\Blog\Runtime\Cache\Home\5da3657dd9213876ace98960ae7caf29.php 第 61 行.
NOTIC: [8] Undefined variable: num D:\phpStudy\WWW\Blog\Runtime\Cache\Home\5da3657dd9213876ace98960ae7caf29.php 第 95 行.
NOTIC: [8] Undefined variable: num D:\phpStudy\WWW\Blog\Runtime\Cache\Home\5da3657dd9213876ace98960ae7caf29.php 第 97 行.
NOTIC: [8] Undefined variable: num D:\phpStudy\WWW\Blog\Runtime\Cache\Home\5da3657dd9213876ace98960ae7caf29.php 第 101 行.
NOTIC: [8] Undefined variable: num D:\phpStudy\WWW\Blog\Runtime\Cache\Home\5da3657dd9213876ace98960ae7caf29.php 第 103 行.
NOTIC: [8] Undefined variable: system D:\phpStudy\WWW\Blog\Runtime\Cache\Home\5da3657dd9213876ace98960ae7caf29.php 第 107 行.
NOTIC: [8] Undefined variable: num D:\phpStudy\WWW\Blog\Runtime\Cache\Home\5da3657dd9213876ace98960ae7caf29.php 第 109 行.
NOTIC: [8] Undefined variable: num D:\phpStudy\WWW\Blog\Runtime\Cache\Home\5da3657dd9213876ace98960ae7caf29.php 第 113 行.
NOTIC: [8] Undefined variable: num D:\phpStudy\WWW\Blog\Runtime\Cache\Home\5da3657dd9213876ace98960ae7caf29.php 第 115 行.
NOTIC: [8] Undefined variable: system D:\phpStudy\WWW\Blog\Runtime\Cache\Home\5da3657dd9213876ace98960ae7caf29.php 第 119 行.
NOTIC: [8] Undefined variable: version D:\phpStudy\WWW\Blog\Runtime\Cache\Home\5da3657dd9213876ace98960ae7caf29.php 第 134 行.
NOTIC: [8] Undefined variable: f_article D:\phpStudy\WWW\Blog\Runtime\Cache\Home\5da3657dd9213876ace98960ae7caf29.php 第 155 行.
NOTIC: [8] Undefined variable: foot_album D:\phpStudy\WWW\Blog\Runtime\Cache\Home\5da3657dd9213876ace98960ae7caf29.php 第 160 行.
NOTIC: [8] Undefined variable: system D:\phpStudy\WWW\Blog\Runtime\Cache\Home\5da3657dd9213876ace98960ae7caf29.php 第 168 行.
NOTIC: [8] Undefined variable: system D:\phpStudy\WWW\Blog\Runtime\Cache\Home\5da3657dd9213876ace98960ae7caf29.php 第 171 行.
NOTIC: [8] Undefined variable: system D:\phpStudy\WWW\Blog\Runtime\Cache\Home\5da3657dd9213876ace98960ae7caf29.php 第 171 行.
INFO: Run Behavior\ParseTemplateBehavior [ RunTime:0.107006s ]
INFO: [ view_parse ] --END-- [ RunTime:0.107006s ]
INFO: [ view_filter ] --START--
INFO: Run Behavior\WriteHtmlCacheBehavior [ RunTime:0.000000s ]
INFO: [ view_filter ] --END-- [ RunTime:0.000000s ]
INFO: [ app_end ] --START--
INFO: Run Behavior\ShowPageTraceBehavior [ RunTime:0.001000s ]
INFO: [ app_end ] --END-- [ RunTime:0.001000s ]

[ 2018-05-07T12:27:07+08:00 ] 127.0.0.1 /article/index/id/3.html
INFO: [ app_init ] --START--
INFO: Run Behavior\BuildLiteBehavior [ RunTime:0.000000s ]
INFO: [ app_init ] --END-- [ RunTime:0.000000s ]
NOTIC: [2] preg_match(): No ending delimiter '/' found D:\phpStudy\WWW\Blog\ThinkPHP\Library\Think\Route.class.php 第 58 行.
INFO: [ app_begin ] --START--
INFO: Run Behavior\ReadHtmlCacheBehavior [ RunTime:0.001000s ]
INFO: [ app_begin ] --END-- [ RunTime:0.002000s ]
SQL: SHOW COLUMNS FROM `lt_article` [ RunTime:0.0180s ]
SQL: UPDATE `lt_article` SET `a_hit`=a_hit+1 WHERE ( a_id=3 ) [ RunTime:0.0040s ]
SQL: SELECT * FROM lt_article a left join lt_tag t on a.tag_id=t.t_id  WHERE ( a_id=3 ) LIMIT 1   [ RunTime:0.0010s ]
SQL: SELECT * FROM `lt_article` WHERE ( a_id<3 ) ORDER BY a_id desc LIMIT 1   [ RunTime:0.0010s ]
SQL: SELECT * FROM `lt_article` WHERE ( a_id>3 ) ORDER BY a_id asc LIMIT 1   [ RunTime:0.0000s ]
SQL: SHOW COLUMNS FROM `lt_tag` [ RunTime:0.0300s ]
SQL: SELECT * FROM `lt_tag`  [ RunTime:0.0000s ]
SQL: SHOW COLUMNS FROM `lt_ppt` [ RunTime:0.0240s ]
SQL: SELECT * FROM `lt_ppt` WHERE `pp_view` = 1 ORDER BY pp_time desc LIMIT 3   [ RunTime:0.0000s ]
SQL: SELECT * FROM lt_article a left join lt_tag t on a.tag_id=t.t_id  WHERE ( a_view>0 ) ORDER BY a_time desc  [ RunTime:0.0010s ]
INFO: [ view_parse ] --START--
INFO: [ template_filter ] --START--
INFO: Run Behavior\ContentReplaceBehavior [ RunTime:0.000000s ]
INFO: [ template_filter ] --END-- [ RunTime:0.000000s ]
NOTIC: [8] Undefined variable: info D:\phpStudy\WWW\Blog\Runtime\Cache\Home\2ac6c1276904b87404ed678dbabb985c.php 第 5 行.
NOTIC: [8] Undefined variable: info D:\phpStudy\WWW\Blog\Runtime\Cache\Home\2ac6c1276904b87404ed678dbabb985c.php 第 6 行.
NOTIC: [8] Undefined variable: info D:\phpStudy\WWW\Blog\Runtime\Cache\Home\2ac6c1276904b87404ed678dbabb985c.php 第 7 行.
NOTIC: [8] Undefined variable: version D:\phpStudy\WWW\Blog\Runtime\Cache\Home\2ac6c1276904b87404ed678dbabb985c.php 第 8 行.
NOTIC: [8] Undefined variable: system D:\phpStudy\WWW\Blog\Runtime\Cache\Home\2ac6c1276904b87404ed678dbabb985c.php 第 9 行.
NOTIC: [8] Undefined variable: index D:\phpStudy\WWW\Blog\Runtime\Cache\Home\2ac6c1276904b87404ed678dbabb985c.php 第 53 行.
NOTIC: [8] Undefined variable: about D:\phpStudy\WWW\Blog\Runtime\Cache\Home\2ac6c1276904b87404ed678dbabb985c.php 第 54 行.
NOTIC: [8] Undefined variable: class D:\phpStudy\WWW\Blog\Runtime\Cache\Home\2ac6c1276904b87404ed678dbabb985c.php 第 55 行.
NOTIC: [8] Undefined variable: feel D:\phpStudy\WWW\Blog\Runtime\Cache\Home\2ac6c1276904b87404ed678dbabb985c.php 第 63 行.
NOTIC: [8] Undefined variable: album D:\phpStudy\WWW\Blog\Runtime\Cache\Home\2ac6c1276904b87404ed678dbabb985c.php 第 64 行.
NOTIC: [8] Undefined variable: friends D:\phpStudy\WWW\Blog\Runtime\Cache\Home\2ac6c1276904b87404ed678dbabb985c.php 第 65 行.
NOTIC: [8] Undefined variable: gust D:\phpStudy\WWW\Blog\Runtime\Cache\Home\2ac6c1276904b87404ed678dbabb985c.php 第 66 行.
NOTIC: [8] Undefined variable: download D:\phpStudy\WWW\Blog\Runtime\Cache\Home\2ac6c1276904b87404ed678dbabb985c.php 第 67 行.
NOTIC: [8] Undefined variable: info D:\phpStudy\WWW\Blog\Runtime\Cache\Home\2ac6c1276904b87404ed678dbabb985c.php 第 77 行.
NOTIC: [8] Undefined variable: info D:\phpStudy\WWW\Blog\Runtime\Cache\Home\2ac6c1276904b87404ed678dbabb985c.php 第 84 行.
NOTIC: [8] Undefined variable: info D:\phpStudy\WWW\Blog\Runtime\Cache\Home\2ac6c1276904b87404ed678dbabb985c.php 第 91 行.
NOTIC: [8] Use of undefined constant ture - assumed 'ture' D:\phpStudy\WWW\Blog\Runtime\Cache\Home\2ac6c1276904b87404ed678dbabb985c.php 第 103 行.
NOTIC: [8] Undefined variable: common D:\phpStudy\WWW\Blog\Runtime\Cache\Home\2ac6c1276904b87404ed678dbabb985c.php 第 115 行.
NOTIC: [8] Undefined variable: info D:\phpStudy\WWW\Blog\Runtime\Cache\Home\2ac6c1276904b87404ed678dbabb985c.php 第 146 行.
NOTIC: [8] Undefined variable: info D:\phpStudy\WWW\Blog\Runtime\Cache\Home\2ac6c1276904b87404ed678dbabb985c.php 第 147 行.
NOTIC: [8] Undefined variable: guestbook D:\phpStudy\WWW\Blog\Runtime\Cache\Home\2ac6c1276904b87404ed678dbabb985c.php 第 179 行.
NOTIC: [8] Undefined variable: version D:\phpStudy\WWW\Blog\Runtime\Cache\Home\2ac6c1276904b87404ed678dbabb985c.php 第 245 行.
NOTIC: [8] Undefined index: a_id D:\phpStudy\WWW\Blog\Runtime\Cache\Home\2ac6c1276904b87404ed678dbabb985c.php 第 255 行.
NOTIC: [8] Undefined index: key D:\phpStudy\WWW\Blog\Runtime\Cache\Home\2ac6c1276904b87404ed678dbabb985c.php 第 256 行.
NOTIC: [8] Undefined index: key D:\phpStudy\WWW\Blog\Runtime\Cache\Home\2ac6c1276904b87404ed678dbabb985c.php 第 257 行.
NOTIC: [8] Undefined index: key D:\phpStudy\WWW\Blog\Runtime\Cache\Home\2ac6c1276904b87404ed678dbabb985c.php 第 258 行.
NOTIC: [8] Undefined index: key D:\phpStudy\WWW\Blog\Runtime\Cache\Home\2ac6c1276904b87404ed678dbabb985c.php 第 259 行.
NOTIC: [8] Undefined index: key D:\phpStudy\WWW\Blog\Runtime\Cache\Home\2ac6c1276904b87404ed678dbabb985c.php 第 260 行.
NOTIC: [8] Undefined index: key D:\phpStudy\WWW\Blog\Runtime\Cache\Home\2ac6c1276904b87404ed678dbabb985c.php 第 261 行.
NOTIC: [8] Undefined index: a_id D:\phpStudy\WWW\Blog\Runtime\Cache\Home\2ac6c1276904b87404ed678dbabb985c.php 第 255 行.
NOTIC: [8] Undefined index: key D:\phpStudy\WWW\Blog\Runtime\Cache\Home\2ac6c1276904b87404ed678dbabb985c.php 第 256 行.
NOTIC: [8] Undefined index: key D:\phpStudy\WWW\Blog\Runtime\Cache\Home\2ac6c1276904b87404ed678dbabb985c.php 第 257 行.
NOTIC: [8] Undefined index: key D:\phpStudy\WWW\Blog\Runtime\Cache\Home\2ac6c1276904b87404ed678dbabb985c.php 第 258 行.
NOTIC: [8] Undefined index: key D:\phpStudy\WWW\Blog\Runtime\Cache\Home\2ac6c1276904b87404ed678dbabb985c.php 第 259 行.
NOTIC: [8] Undefined index: key D:\phpStudy\WWW\Blog\Runtime\Cache\Home\2ac6c1276904b87404ed678dbabb985c.php 第 260 行.
NOTIC: [8] Undefined index: key D:\phpStudy\WWW\Blog\Runtime\Cache\Home\2ac6c1276904b87404ed678dbabb985c.php 第 261 行.
NOTIC: [8] Undefined index: a_id D:\phpStudy\WWW\Blog\Runtime\Cache\Home\2ac6c1276904b87404ed678dbabb985c.php 第 255 行.
NOTIC: [8] Undefined index: key D:\phpStudy\WWW\Blog\Runtime\Cache\Home\2ac6c1276904b87404ed678dbabb985c.php 第 256 行.
NOTIC: [8] Undefined index: key D:\phpStudy\WWW\Blog\Runtime\Cache\Home\2ac6c1276904b87404ed678dbabb985c.php 第 257 行.
NOTIC: [8] Undefined index: key D:\phpStudy\WWW\Blog\Runtime\Cache\Home\2ac6c1276904b87404ed678dbabb985c.php 第 258 行.
NOTIC: [8] Undefined index: key D:\phpStudy\WWW\Blog\Runtime\Cache\Home\2ac6c1276904b87404ed678dbabb985c.php 第 259 行.
NOTIC: [8] Undefined index: key D:\phpStudy\WWW\Blog\Runtime\Cache\Home\2ac6c1276904b87404ed678dbabb985c.php 第 260 行.
NOTIC: [8] Undefined index: key D:\phpStudy\WWW\Blog\Runtime\Cache\Home\2ac6c1276904b87404ed678dbabb985c.php 第 261 行.
NOTIC: [8] Undefined variable: s_content D:\phpStudy\WWW\Blog\Runtime\Cache\Home\2ac6c1276904b87404ed678dbabb985c.php 第 286 行.
NOTIC: [8] Undefined variable: gusts D:\phpStudy\WWW\Blog\Runtime\Cache\Home\2ac6c1276904b87404ed678dbabb985c.php 第 320 行.
NOTIC: [8] Undefined variable: hits D:\phpStudy\WWW\Blog\Runtime\Cache\Home\2ac6c1276904b87404ed678dbabb985c.php 第 334 行.
NOTIC: [8] Undefined variable: link D:\phpStudy\WWW\Blog\Runtime\Cache\Home\2ac6c1276904b87404ed678dbabb985c.php 第 342 行.
NOTIC: [8] Undefined variable: num D:\phpStudy\WWW\Blog\Runtime\Cache\Home\2ac6c1276904b87404ed678dbabb985c.php 第 355 行.
NOTIC: [8] Undefined variable: num D:\phpStudy\WWW\Blog\Runtime\Cache\Home\2ac6c1276904b87404ed678dbabb985c.php 第 357 行.
NOTIC: [8] Undefined variable: num D:\phpStudy\WWW\Blog\Runtime\Cache\Home\2ac6c1276904b87404ed678dbabb985c.php 第 361 行.
NOTIC: [8] Undefined variable: num D:\phpStudy\WWW\Blog\Runtime\Cache\Home\2ac6c1276904b87404ed678dbabb985c.php 第 363 行.
NOTIC: [8] Undefined variable: system D:\phpStudy\WWW\Blog\Runtime\Cache\Home\2ac6c1276904b87404ed678dbabb985c.php 第 367 行.
NOTIC: [8] Undefined variable: num D:\phpStudy\WWW\Blog\Runtime\Cache\Home\2ac6c1276904b87404ed678dbabb985c.php 第 369 行.
NOTIC: [8] Undefined variable: num D:\phpStudy\WWW\Blog\Runtime\Cache\Home\2ac6c1276904b87404ed678dbabb985c.php 第 373 行.
NOTIC: [8] Undefined variable: num D:\phpStudy\WWW\Blog\Runtime\Cache\Home\2ac6c1276904b87404ed678dbabb985c.php 第 375 行.
NOTIC: [8] Undefined variable: system D:\phpStudy\WWW\Blog\Runtime\Cache\Home\2ac6c1276904b87404ed678dbabb985c.php 第 379 行.
NOTIC: [8] Undefined variable: version D:\phpStudy\WWW\Blog\Runtime\Cache\Home\2ac6c1276904b87404ed678dbabb985c.php 第 394 行.
NOTIC: [8] Undefined variable: f_article D:\phpStudy\WWW\Blog\Runtime\Cache\Home\2ac6c1276904b87404ed678dbabb985c.php 第 415 行.
NOTIC: [8] Undefined variable: foot_album D:\phpStudy\WWW\Blog\Runtime\Cache\Home\2ac6c1276904b87404ed678dbabb985c.php 第 420 行.
NOTIC: [8] Undefined variable: system D:\phpStudy\WWW\Blog\Runtime\Cache\Home\2ac6c1276904b87404ed678dbabb985c.php 第 428 行.
NOTIC: [8] Undefined variable: system D:\phpStudy\WWW\Blog\Runtime\Cache\Home\2ac6c1276904b87404ed678dbabb985c.php 第 431 行.
NOTIC: [8] Undefined variable: system D:\phpStudy\WWW\Blog\Runtime\Cache\Home\2ac6c1276904b87404ed678dbabb985c.php 第 431 行.
INFO: Run Behavior\ParseTemplateBehavior [ RunTime:0.073004s ]
INFO: [ view_parse ] --END-- [ RunTime:0.073004s ]
INFO: [ view_filter ] --START--
INFO: Run Behavior\WriteHtmlCacheBehavior [ RunTime:0.000000s ]
INFO: [ view_filter ] --END-- [ RunTime:0.000000s ]
INFO: [ app_end ] --START--
INFO: Run Behavior\ShowPageTraceBehavior [ RunTime:0.001001s ]
INFO: [ app_end ] --END-- [ RunTime:0.001001s ]

[ 2018-05-07T12:27:13+08:00 ] 127.0.0.1 /Home/album/index.html
INFO: [ app_init ] --START--
INFO: Run Behavior\BuildLiteBehavior [ RunTime:0.000000s ]
INFO: [ app_init ] --END-- [ RunTime:0.001000s ]
NOTIC: [2] preg_match(): No ending delimiter '/' found D:\phpStudy\WWW\Blog\ThinkPHP\Library\Think\Route.class.php 第 58 行.
INFO: [ app_begin ] --START--
INFO: Run Behavior\ReadHtmlCacheBehavior [ RunTime:0.001000s ]
INFO: [ app_begin ] --END-- [ RunTime:0.001000s ]
SQL: SHOW COLUMNS FROM `lt_album` [ RunTime:0.1010s ]
SQL: SELECT * FROM `lt_album` WHERE ( al_view>0 )  [ RunTime:0.0000s ]
SQL: SELECT COUNT(*) AS tp_count FROM `lt_album` LIMIT 1   [ RunTime:0.0000s ]
INFO: [ view_parse ] --START--
NOTIC: [2] file_get_contents(./Application/Home/View/Public/sider.html): failed to open stream: No such file or directory D:\phpStudy\WWW\Blog\ThinkPHP\Library\Think\Template.class.php 第 696 行.
NOTIC: [2] file_get_contents(./Application/Home/View/Public/foot.html): failed to open stream: No such file or directory D:\phpStudy\WWW\Blog\ThinkPHP\Library\Think\Template.class.php 第 696 行.
INFO: [ template_filter ] --START--
INFO: Run Behavior\ContentReplaceBehavior [ RunTime:0.000000s ]
INFO: [ template_filter ] --END-- [ RunTime:0.000000s ]
NOTIC: [8] Undefined variable: system D:\phpStudy\WWW\Blog\Runtime\Cache\Home\08e5361cb4cd21b916dc7e31b96a4be4.php 第 6 行.
NOTIC: [8] Undefined variable: system D:\phpStudy\WWW\Blog\Runtime\Cache\Home\08e5361cb4cd21b916dc7e31b96a4be4.php 第 7 行.
NOTIC: [8] Undefined variable: version D:\phpStudy\WWW\Blog\Runtime\Cache\Home\08e5361cb4cd21b916dc7e31b96a4be4.php 第 8 行.
NOTIC: [8] Undefined variable: system D:\phpStudy\WWW\Blog\Runtime\Cache\Home\08e5361cb4cd21b916dc7e31b96a4be4.php 第 9 行.
NOTIC: [8] Undefined variable: index D:\phpStudy\WWW\Blog\Runtime\Cache\Home\08e5361cb4cd21b916dc7e31b96a4be4.php 第 47 行.
NOTIC: [8] Undefined variable: about D:\phpStudy\WWW\Blog\Runtime\Cache\Home\08e5361cb4cd21b916dc7e31b96a4be4.php 第 48 行.
NOTIC: [8] Undefined variable: class D:\phpStudy\WWW\Blog\Runtime\Cache\Home\08e5361cb4cd21b916dc7e31b96a4be4.php 第 49 行.
NOTIC: [8] Undefined variable: tag D:\phpStudy\WWW\Blog\Runtime\Cache\Home\08e5361cb4cd21b916dc7e31b96a4be4.php 第 52 行.
NOTIC: [8] Undefined variable: feel D:\phpStudy\WWW\Blog\Runtime\Cache\Home\08e5361cb4cd21b916dc7e31b96a4be4.php 第 57 行.
NOTIC: [8] Undefined variable: album D:\phpStudy\WWW\Blog\Runtime\Cache\Home\08e5361cb4cd21b916dc7e31b96a4be4.php 第 58 行.
NOTIC: [8] Undefined variable: friends D:\phpStudy\WWW\Blog\Runtime\Cache\Home\08e5361cb4cd21b916dc7e31b96a4be4.php 第 59 行.
NOTIC: [8] Undefined variable: gust D:\phpStudy\WWW\Blog\Runtime\Cache\Home\08e5361cb4cd21b916dc7e31b96a4be4.php 第 60 行.
NOTIC: [8] Undefined variable: download D:\phpStudy\WWW\Blog\Runtime\Cache\Home\08e5361cb4cd21b916dc7e31b96a4be4.php 第 61 行.
NOTIC: [8] Undefined variable: page D:\phpStudy\WWW\Blog\Runtime\Cache\Home\08e5361cb4cd21b916dc7e31b96a4be4.php 第 85 行.
INFO: Run Behavior\ParseTemplateBehavior [ RunTime:0.054004s ]
INFO: [ view_parse ] --END-- [ RunTime:0.054004s ]
INFO: [ view_filter ] --START--
INFO: Run Behavior\WriteHtmlCacheBehavior [ RunTime:0.000000s ]
INFO: [ view_filter ] --END-- [ RunTime:0.000000s ]
INFO: [ app_end ] --START--
INFO: Run Behavior\ShowPageTraceBehavior [ RunTime:0.001000s ]
INFO: [ app_end ] --END-- [ RunTime:0.001000s ]

[ 2018-05-07T12:27:17+08:00 ] 127.0.0.1 /Home/gust/index.html
INFO: [ app_init ] --START--
INFO: Run Behavior\BuildLiteBehavior [ RunTime:0.000000s ]
INFO: [ app_init ] --END-- [ RunTime:0.001000s ]
NOTIC: [2] preg_match(): No ending delimiter '/' found D:\phpStudy\WWW\Blog\ThinkPHP\Library\Think\Route.class.php 第 58 行.
INFO: [ app_begin ] --START--
INFO: Run Behavior\ReadHtmlCacheBehavior [ RunTime:0.001000s ]
INFO: [ app_begin ] --END-- [ RunTime:0.001000s ]
SQL: SHOW COLUMNS FROM `lt_tag` [ RunTime:0.0150s ]
SQL: SELECT * FROM `lt_tag`  [ RunTime:0.0010s ]
NOTIC: D方法实例化没找到模型类admin\Model\GustModel
SQL: SHOW COLUMNS FROM `lt_gust` [ RunTime:0.1090s ]
SQL: SELECT * FROM `lt_gust` ORDER BY g_time desc LIMIT 3   [ RunTime:0.0010s ]
INFO: [ view_parse ] --START--
INFO: [ template_filter ] --START--
INFO: Run Behavior\ContentReplaceBehavior [ RunTime:0.001000s ]
INFO: [ template_filter ] --END-- [ RunTime:0.001000s ]
NOTIC: [8] Undefined variable: system D:\phpStudy\WWW\Blog\Runtime\Cache\Home\8c78c0dd71ed1f0c997a5ffe854719d5.php 第 6 行.
NOTIC: [8] Undefined variable: system D:\phpStudy\WWW\Blog\Runtime\Cache\Home\8c78c0dd71ed1f0c997a5ffe854719d5.php 第 7 行.
NOTIC: [8] Undefined variable: version D:\phpStudy\WWW\Blog\Runtime\Cache\Home\8c78c0dd71ed1f0c997a5ffe854719d5.php 第 8 行.
NOTIC: [8] Undefined variable: system D:\phpStudy\WWW\Blog\Runtime\Cache\Home\8c78c0dd71ed1f0c997a5ffe854719d5.php 第 9 行.
NOTIC: [8] Undefined variable: index D:\phpStudy\WWW\Blog\Runtime\Cache\Home\8c78c0dd71ed1f0c997a5ffe854719d5.php 第 47 行.
NOTIC: [8] Undefined variable: about D:\phpStudy\WWW\Blog\Runtime\Cache\Home\8c78c0dd71ed1f0c997a5ffe854719d5.php 第 48 行.
NOTIC: [8] Undefined variable: class D:\phpStudy\WWW\Blog\Runtime\Cache\Home\8c78c0dd71ed1f0c997a5ffe854719d5.php 第 49 行.
NOTIC: [8] Undefined variable: feel D:\phpStudy\WWW\Blog\Runtime\Cache\Home\8c78c0dd71ed1f0c997a5ffe854719d5.php 第 57 行.
NOTIC: [8] Undefined variable: album D:\phpStudy\WWW\Blog\Runtime\Cache\Home\8c78c0dd71ed1f0c997a5ffe854719d5.php 第 58 行.
NOTIC: [8] Undefined variable: friends D:\phpStudy\WWW\Blog\Runtime\Cache\Home\8c78c0dd71ed1f0c997a5ffe854719d5.php 第 59 行.
NOTIC: [8] Undefined variable: gust D:\phpStudy\WWW\Blog\Runtime\Cache\Home\8c78c0dd71ed1f0c997a5ffe854719d5.php 第 60 行.
NOTIC: [8] Undefined variable: download D:\phpStudy\WWW\Blog\Runtime\Cache\Home\8c78c0dd71ed1f0c997a5ffe854719d5.php 第 61 行.
NOTIC: [8] Undefined index: ip D:\phpStudy\WWW\Blog\Runtime\Cache\Home\8c78c0dd71ed1f0c997a5ffe854719d5.php 第 87 行.
NOTIC: [8] Undefined variable: system D:\phpStudy\WWW\Blog\Runtime\Cache\Home\8c78c0dd71ed1f0c997a5ffe854719d5.php 第 91 行.
NOTIC: [8] Undefined index: g_rname D:\phpStudy\WWW\Blog\Runtime\Cache\Home\8c78c0dd71ed1f0c997a5ffe854719d5.php 第 91 行.
NOTIC: [8] Undefined index: ip D:\phpStudy\WWW\Blog\Runtime\Cache\Home\8c78c0dd71ed1f0c997a5ffe854719d5.php 第 87 行.
NOTIC: [8] Undefined variable: system D:\phpStudy\WWW\Blog\Runtime\Cache\Home\8c78c0dd71ed1f0c997a5ffe854719d5.php 第 91 行.
NOTIC: [8] Undefined index: g_rname D:\phpStudy\WWW\Blog\Runtime\Cache\Home\8c78c0dd71ed1f0c997a5ffe854719d5.php 第 91 行.
NOTIC: [8] Undefined index: ip D:\phpStudy\WWW\Blog\Runtime\Cache\Home\8c78c0dd71ed1f0c997a5ffe854719d5.php 第 87 行.
NOTIC: [8] Undefined variable: system D:\phpStudy\WWW\Blog\Runtime\Cache\Home\8c78c0dd71ed1f0c997a5ffe854719d5.php 第 91 行.
NOTIC: [8] Undefined index: g_rname D:\phpStudy\WWW\Blog\Runtime\Cache\Home\8c78c0dd71ed1f0c997a5ffe854719d5.php 第 91 行.
NOTIC: [8] Undefined variable: guestbook D:\phpStudy\WWW\Blog\Runtime\Cache\Home\8c78c0dd71ed1f0c997a5ffe854719d5.php 第 150 行.
NOTIC: [8] Undefined variable: version D:\phpStudy\WWW\Blog\Runtime\Cache\Home\8c78c0dd71ed1f0c997a5ffe854719d5.php 第 214 行.
NOTIC: [8] Undefined variable: articles D:\phpStudy\WWW\Blog\Runtime\Cache\Home\8c78c0dd71ed1f0c997a5ffe854719d5.php 第 224 行.
NOTIC: [8] Undefined variable: articles D:\phpStudy\WWW\Blog\Runtime\Cache\Home\8c78c0dd71ed1f0c997a5ffe854719d5.php 第 236 行.
NOTIC: [8] Undefined variable: s_content D:\phpStudy\WWW\Blog\Runtime\Cache\Home\8c78c0dd71ed1f0c997a5ffe854719d5.php 第 255 行.
NOTIC: [8] Undefined variable: gusts D:\phpStudy\WWW\Blog\Runtime\Cache\Home\8c78c0dd71ed1f0c997a5ffe854719d5.php 第 289 行.
NOTIC: [8] Undefined variable: hits D:\phpStudy\WWW\Blog\Runtime\Cache\Home\8c78c0dd71ed1f0c997a5ffe854719d5.php 第 303 行.
NOTIC: [8] Undefined variable: link D:\phpStudy\WWW\Blog\Runtime\Cache\Home\8c78c0dd71ed1f0c997a5ffe854719d5.php 第 311 行.
NOTIC: [8] Undefined variable: num D:\phpStudy\WWW\Blog\Runtime\Cache\Home\8c78c0dd71ed1f0c997a5ffe854719d5.php 第 324 行.
NOTIC: [8] Undefined variable: num D:\phpStudy\WWW\Blog\Runtime\Cache\Home\8c78c0dd71ed1f0c997a5ffe854719d5.php 第 326 行.
NOTIC: [8] Undefined variable: num D:\phpStudy\WWW\Blog\Runtime\Cache\Home\8c78c0dd71ed1f0c997a5ffe854719d5.php 第 330 行.
NOTIC: [8] Undefined variable: num D:\phpStudy\WWW\Blog\Runtime\Cache\Home\8c78c0dd71ed1f0c997a5ffe854719d5.php 第 332 行.
NOTIC: [8] Undefined variable: system D:\phpStudy\WWW\Blog\Runtime\Cache\Home\8c78c0dd71ed1f0c997a5ffe854719d5.php 第 336 行.
NOTIC: [8] Undefined variable: num D:\phpStudy\WWW\Blog\Runtime\Cache\Home\8c78c0dd71ed1f0c997a5ffe854719d5.php 第 338 行.
NOTIC: [8] Undefined variable: num D:\phpStudy\WWW\Blog\Runtime\Cache\Home\8c78c0dd71ed1f0c997a5ffe854719d5.php 第 342 行.
NOTIC: [8] Undefined variable: num D:\phpStudy\WWW\Blog\Runtime\Cache\Home\8c78c0dd71ed1f0c997a5ffe854719d5.php 第 344 行.
NOTIC: [8] Undefined variable: system D:\phpStudy\WWW\Blog\Runtime\Cache\Home\8c78c0dd71ed1f0c997a5ffe854719d5.php 第 348 行.
NOTIC: [8] Undefined variable: version D:\phpStudy\WWW\Blog\Runtime\Cache\Home\8c78c0dd71ed1f0c997a5ffe854719d5.php 第 363 行.
NOTIC: [8] Undefined variable: f_article D:\phpStudy\WWW\Blog\Runtime\Cache\Home\8c78c0dd71ed1f0c997a5ffe854719d5.php 第 384 行.
NOTIC: [8] Undefined variable: foot_album D:\phpStudy\WWW\Blog\Runtime\Cache\Home\8c78c0dd71ed1f0c997a5ffe854719d5.php 第 389 行.
NOTIC: [8] Undefined variable: system D:\phpStudy\WWW\Blog\Runtime\Cache\Home\8c78c0dd71ed1f0c997a5ffe854719d5.php 第 397 行.
NOTIC: [8] Undefined variable: system D:\phpStudy\WWW\Blog\Runtime\Cache\Home\8c78c0dd71ed1f0c997a5ffe854719d5.php 第 400 行.
NOTIC: [8] Undefined variable: system D:\phpStudy\WWW\Blog\Runtime\Cache\Home\8c78c0dd71ed1f0c997a5ffe854719d5.php 第 400 行.
INFO: Run Behavior\ParseTemplateBehavior [ RunTime:0.111007s ]
INFO: [ view_parse ] --END-- [ RunTime:0.111007s ]
INFO: [ view_filter ] --START--
INFO: Run Behavior\WriteHtmlCacheBehavior [ RunTime:0.001000s ]
INFO: [ view_filter ] --END-- [ RunTime:0.001000s ]
INFO: [ app_end ] --START--
INFO: Run Behavior\ShowPageTraceBehavior [ RunTime:0.001000s ]
INFO: [ app_end ] --END-- [ RunTime:0.002000s ]

[ 2018-05-07T12:27:21+08:00 ] 127.0.0.1 /Gust/ajaxlist.html
INFO: [ app_init ] --START--
INFO: Run Behavior\BuildLiteBehavior [ RunTime:0.000000s ]
INFO: [ app_init ] --END-- [ RunTime:0.000000s ]
NOTIC: [2] preg_match(): No ending delimiter '/' found D:\phpStudy\WWW\Blog\ThinkPHP\Library\Think\Route.class.php 第 58 行.
INFO: [ app_begin ] --START--
INFO: Run Behavior\ReadHtmlCacheBehavior [ RunTime:0.001000s ]
INFO: [ app_begin ] --END-- [ RunTime:0.001000s ]
NOTIC: D方法实例化没找到模型类admin\Model\GustModel
SQL: SHOW COLUMNS FROM `lt_gust` [ RunTime:0.0210s ]
SQL: SELECT * FROM `lt_gust` ORDER BY g_time desc LIMIT 3,3   [ RunTime:0.0000s ]
INFO: [ app_end ] --START--
INFO: Run Behavior\ShowPageTraceBehavior [ RunTime:0.001000s ]
INFO: [ app_end ] --END-- [ RunTime:0.001000s ]

[ 2018-05-07T12:27:25+08:00 ] 127.0.0.1 /Gust/ajaxlist.html
INFO: [ app_init ] --START--
INFO: Run Behavior\BuildLiteBehavior [ RunTime:0.000000s ]
INFO: [ app_init ] --END-- [ RunTime:0.000000s ]
NOTIC: [2] preg_match(): No ending delimiter '/' found D:\phpStudy\WWW\Blog\ThinkPHP\Library\Think\Route.class.php 第 58 行.
INFO: [ app_begin ] --START--
INFO: Run Behavior\ReadHtmlCacheBehavior [ RunTime:0.002000s ]
INFO: [ app_begin ] --END-- [ RunTime:0.002000s ]
NOTIC: D方法实例化没找到模型类admin\Model\GustModel
SQL: SHOW COLUMNS FROM `lt_gust` [ RunTime:0.0110s ]
SQL: SELECT * FROM `lt_gust` ORDER BY g_time desc LIMIT 6,3   [ RunTime:0.0010s ]
INFO: [ app_end ] --START--
INFO: Run Behavior\ShowPageTraceBehavior [ RunTime:0.001000s ]
INFO: [ app_end ] --END-- [ RunTime:0.001000s ]

[ 2018-05-07T12:27:32+08:00 ] 127.0.0.1 /home/index/index.html
INFO: [ app_init ] --START--
INFO: Run Behavior\BuildLiteBehavior [ RunTime:0.000000s ]
INFO: [ app_init ] --END-- [ RunTime:0.001000s ]
NOTIC: [2] preg_match(): No ending delimiter '/' found D:\phpStudy\WWW\Blog\ThinkPHP\Library\Think\Route.class.php 第 58 行.
INFO: [ app_begin ] --START--
INFO: Run Behavior\ReadHtmlCacheBehavior [ RunTime:0.001000s ]
INFO: [ app_begin ] --END-- [ RunTime:0.001000s ]
SQL: SHOW COLUMNS FROM `lt_tag` [ RunTime:0.0060s ]
SQL: SELECT * FROM `lt_tag`  [ RunTime:0.0010s ]
SQL: SHOW COLUMNS FROM `lt_ppt` [ RunTime:0.0100s ]
SQL: SELECT * FROM `lt_ppt` WHERE `pp_view` = 1 ORDER BY pp_time desc LIMIT 3   [ RunTime:0.0010s ]
SQL: SHOW COLUMNS FROM `lt_article` [ RunTime:0.0050s ]
SQL: SELECT * FROM lt_article a left join lt_tag t on a.tag_id=t.t_id  WHERE ( a_view>0 ) ORDER BY a_time desc  [ RunTime:0.0010s ]
INFO: [ view_parse ] --START--
INFO: [ template_filter ] --START--
INFO: Run Behavior\ContentReplaceBehavior [ RunTime:0.001000s ]
INFO: [ template_filter ] --END-- [ RunTime:0.001000s ]
NOTIC: [8] Undefined variable: index D:\phpStudy\WWW\Blog\Runtime\Cache\Home\2a94b8bda04ff446dcedd42276fc99ee.php 第 42 行.
NOTIC: [8] Undefined variable: about D:\phpStudy\WWW\Blog\Runtime\Cache\Home\2a94b8bda04ff446dcedd42276fc99ee.php 第 43 行.
NOTIC: [8] Undefined variable: class D:\phpStudy\WWW\Blog\Runtime\Cache\Home\2a94b8bda04ff446dcedd42276fc99ee.php 第 44 行.
NOTIC: [8] Undefined variable: feel D:\phpStudy\WWW\Blog\Runtime\Cache\Home\2a94b8bda04ff446dcedd42276fc99ee.php 第 52 行.
NOTIC: [8] Undefined variable: album D:\phpStudy\WWW\Blog\Runtime\Cache\Home\2a94b8bda04ff446dcedd42276fc99ee.php 第 53 行.
NOTIC: [8] Undefined variable: friends D:\phpStudy\WWW\Blog\Runtime\Cache\Home\2a94b8bda04ff446dcedd42276fc99ee.php 第 54 行.
NOTIC: [8] Undefined variable: gust D:\phpStudy\WWW\Blog\Runtime\Cache\Home\2a94b8bda04ff446dcedd42276fc99ee.php 第 55 行.
NOTIC: [8] Undefined variable: download D:\phpStudy\WWW\Blog\Runtime\Cache\Home\2a94b8bda04ff446dcedd42276fc99ee.php 第 56 行.
NOTIC: [8] Undefined variable: v D:\phpStudy\WWW\Blog\Runtime\Cache\Home\2a94b8bda04ff446dcedd42276fc99ee.php 第 81 行.
NOTIC: [8] Undefined variable: tmp D:\phpStudy\WWW\Blog\Application\Common\Common\function.php 第 356 行.
NOTIC: [8] Undefined variable: v D:\phpStudy\WWW\Blog\Runtime\Cache\Home\2a94b8bda04ff446dcedd42276fc99ee.php 第 81 行.
NOTIC: [8] Undefined variable: tmp D:\phpStudy\WWW\Blog\Application\Common\Common\function.php 第 356 行.
NOTIC: [8] Undefined variable: v D:\phpStudy\WWW\Blog\Runtime\Cache\Home\2a94b8bda04ff446dcedd42276fc99ee.php 第 81 行.
NOTIC: [8] Undefined variable: tmp D:\phpStudy\WWW\Blog\Application\Common\Common\function.php 第 356 行.
NOTIC: [8] Undefined variable: version D:\phpStudy\WWW\Blog\Runtime\Cache\Home\2a94b8bda04ff446dcedd42276fc99ee.php 第 116 行.
NOTIC: [8] Undefined index: key D:\phpStudy\WWW\Blog\Runtime\Cache\Home\2a94b8bda04ff446dcedd42276fc99ee.php 第 127 行.
NOTIC: [8] Undefined index: key D:\phpStudy\WWW\Blog\Runtime\Cache\Home\2a94b8bda04ff446dcedd42276fc99ee.php 第 128 行.
NOTIC: [8] Undefined index: key D:\phpStudy\WWW\Blog\Runtime\Cache\Home\2a94b8bda04ff446dcedd42276fc99ee.php 第 129 行.
NOTIC: [8] Undefined index: key D:\phpStudy\WWW\Blog\Runtime\Cache\Home\2a94b8bda04ff446dcedd42276fc99ee.php 第 130 行.
NOTIC: [8] Undefined index: key D:\phpStudy\WWW\Blog\Runtime\Cache\Home\2a94b8bda04ff446dcedd42276fc99ee.php 第 131 行.
NOTIC: [8] Undefined index: key D:\phpStudy\WWW\Blog\Runtime\Cache\Home\2a94b8bda04ff446dcedd42276fc99ee.php 第 132 行.
NOTIC: [8] Undefined index: key D:\phpStudy\WWW\Blog\Runtime\Cache\Home\2a94b8bda04ff446dcedd42276fc99ee.php 第 127 行.
NOTIC: [8] Undefined index: key D:\phpStudy\WWW\Blog\Runtime\Cache\Home\2a94b8bda04ff446dcedd42276fc99ee.php 第 128 行.
NOTIC: [8] Undefined index: key D:\phpStudy\WWW\Blog\Runtime\Cache\Home\2a94b8bda04ff446dcedd42276fc99ee.php 第 129 行.
NOTIC: [8] Undefined index: key D:\phpStudy\WWW\Blog\Runtime\Cache\Home\2a94b8bda04ff446dcedd42276fc99ee.php 第 130 行.
NOTIC: [8] Undefined index: key D:\phpStudy\WWW\Blog\Runtime\Cache\Home\2a94b8bda04ff446dcedd42276fc99ee.php 第 131 行.
NOTIC: [8] Undefined index: key D:\phpStudy\WWW\Blog\Runtime\Cache\Home\2a94b8bda04ff446dcedd42276fc99ee.php 第 132 行.
NOTIC: [8] Undefined index: key D:\phpStudy\WWW\Blog\Runtime\Cache\Home\2a94b8bda04ff446dcedd42276fc99ee.php 第 127 行.
NOTIC: [8] Undefined index: key D:\phpStudy\WWW\Blog\Runtime\Cache\Home\2a94b8bda04ff446dcedd42276fc99ee.php 第 128 行.
NOTIC: [8] Undefined index: key D:\phpStudy\WWW\Blog\Runtime\Cache\Home\2a94b8bda04ff446dcedd42276fc99ee.php 第 129 行.
NOTIC: [8] Undefined index: key D:\phpStudy\WWW\Blog\Runtime\Cache\Home\2a94b8bda04ff446dcedd42276fc99ee.php 第 130 行.
NOTIC: [8] Undefined index: key D:\phpStudy\WWW\Blog\Runtime\Cache\Home\2a94b8bda04ff446dcedd42276fc99ee.php 第 131 行.
NOTIC: [8] Undefined index: key D:\phpStudy\WWW\Blog\Runtime\Cache\Home\2a94b8bda04ff446dcedd42276fc99ee.php 第 132 行.
NOTIC: [8] Undefined variable: s_content D:\phpStudy\WWW\Blog\Runtime\Cache\Home\2a94b8bda04ff446dcedd42276fc99ee.php 第 157 行.
NOTIC: [8] Undefined variable: gusts D:\phpStudy\WWW\Blog\Runtime\Cache\Home\2a94b8bda04ff446dcedd42276fc99ee.php 第 191 行.
NOTIC: [8] Undefined variable: hits D:\phpStudy\WWW\Blog\Runtime\Cache\Home\2a94b8bda04ff446dcedd42276fc99ee.php 第 205 行.
NOTIC: [8] Undefined variable: link D:\phpStudy\WWW\Blog\Runtime\Cache\Home\2a94b8bda04ff446dcedd42276fc99ee.php 第 213 行.
NOTIC: [8] Undefined variable: num D:\phpStudy\WWW\Blog\Runtime\Cache\Home\2a94b8bda04ff446dcedd42276fc99ee.php 第 226 行.
NOTIC: [8] Undefined variable: num D:\phpStudy\WWW\Blog\Runtime\Cache\Home\2a94b8bda04ff446dcedd42276fc99ee.php 第 228 行.
NOTIC: [8] Undefined variable: num D:\phpStudy\WWW\Blog\Runtime\Cache\Home\2a94b8bda04ff446dcedd42276fc99ee.php 第 232 行.
NOTIC: [8] Undefined variable: num D:\phpStudy\WWW\Blog\Runtime\Cache\Home\2a94b8bda04ff446dcedd42276fc99ee.php 第 234 行.
NOTIC: [8] Undefined variable: system D:\phpStudy\WWW\Blog\Runtime\Cache\Home\2a94b8bda04ff446dcedd42276fc99ee.php 第 238 行.
NOTIC: [8] Undefined variable: num D:\phpStudy\WWW\Blog\Runtime\Cache\Home\2a94b8bda04ff446dcedd42276fc99ee.php 第 240 行.
NOTIC: [8] Undefined variable: num D:\phpStudy\WWW\Blog\Runtime\Cache\Home\2a94b8bda04ff446dcedd42276fc99ee.php 第 244 行.
NOTIC: [8] Undefined variable: num D:\phpStudy\WWW\Blog\Runtime\Cache\Home\2a94b8bda04ff446dcedd42276fc99ee.php 第 246 行.
NOTIC: [8] Undefined variable: system D:\phpStudy\WWW\Blog\Runtime\Cache\Home\2a94b8bda04ff446dcedd42276fc99ee.php 第 250 行.
NOTIC: [8] Undefined variable: version D:\phpStudy\WWW\Blog\Runtime\Cache\Home\2a94b8bda04ff446dcedd42276fc99ee.php 第 265 行.
NOTIC: [8] Undefined variable: f_article D:\phpStudy\WWW\Blog\Runtime\Cache\Home\2a94b8bda04ff446dcedd42276fc99ee.php 第 286 行.
NOTIC: [8] Undefined variable: foot_album D:\phpStudy\WWW\Blog\Runtime\Cache\Home\2a94b8bda04ff446dcedd42276fc99ee.php 第 291 行.
NOTIC: [8] Undefined variable: system D:\phpStudy\WWW\Blog\Runtime\Cache\Home\2a94b8bda04ff446dcedd42276fc99ee.php 第 299 行.
NOTIC: [8] Undefined variable: system D:\phpStudy\WWW\Blog\Runtime\Cache\Home\2a94b8bda04ff446dcedd42276fc99ee.php 第 302 行.
NOTIC: [8] Undefined variable: system D:\phpStudy\WWW\Blog\Runtime\Cache\Home\2a94b8bda04ff446dcedd42276fc99ee.php 第 302 行.
INFO: Run Behavior\ParseTemplateBehavior [ RunTime:0.066004s ]
INFO: [ view_parse ] --END-- [ RunTime:0.066004s ]
INFO: [ view_filter ] --START--
INFO: Run Behavior\WriteHtmlCacheBehavior [ RunTime:0.001000s ]
INFO: [ view_filter ] --END-- [ RunTime:0.001000s ]
INFO: [ app_end ] --START--
INFO: Run Behavior\ShowPageTraceBehavior [ RunTime:0.001000s ]
INFO: [ app_end ] --END-- [ RunTime:0.001000s ]

[ 2018-05-07T12:28:36+08:00 ] 127.0.0.1 /class/index/id/1.html
INFO: [ app_init ] --START--
INFO: Run Behavior\BuildLiteBehavior [ RunTime:0.000000s ]
INFO: [ app_init ] --END-- [ RunTime:0.001000s ]
NOTIC: [2] preg_match(): No ending delimiter '/' found D:\phpStudy\WWW\Blog\ThinkPHP\Library\Think\Route.class.php 第 58 行.
INFO: [ app_begin ] --START--
INFO: Run Behavior\ReadHtmlCacheBehavior [ RunTime:0.002000s ]
INFO: [ app_begin ] --END-- [ RunTime:0.002000s ]
SQL: SHOW COLUMNS FROM `lt_article` [ RunTime:0.0050s ]
SQL: SELECT * FROM lt_article a left join lt_tag t on a.tag_id=t.t_id  WHERE ( a_view>0 and tag_id=1 ) ORDER BY a_time desc  [ RunTime:0.0010s ]
SQL: SHOW COLUMNS FROM `lt_tag` [ RunTime:0.0050s ]
SQL: SELECT * FROM `lt_tag`  [ RunTime:0.0010s ]
SQL: SHOW COLUMNS FROM `lt_ppt` [ RunTime:0.0060s ]
SQL: SELECT * FROM `lt_ppt` WHERE `pp_view` = 1 ORDER BY pp_time desc LIMIT 3   [ RunTime:0.0010s ]
SQL: SHOW COLUMNS FROM `lt_article` [ RunTime:0.0060s ]
SQL: SELECT * FROM lt_article a left join lt_tag t on a.tag_id=t.t_id  WHERE ( a_view>0 ) ORDER BY a_time desc  [ RunTime:0.0020s ]
INFO: [ view_parse ] --START--
INFO: [ template_filter ] --START--
INFO: Run Behavior\ContentReplaceBehavior [ RunTime:0.000000s ]
INFO: [ template_filter ] --END-- [ RunTime:0.000000s ]
NOTIC: [8] Undefined variable: keyword D:\phpStudy\WWW\Blog\Runtime\Cache\Home\7fde59dcc6730b00f0ea2d8c62973961.php 第 6 行.
NOTIC: [8] Undefined variable: system D:\phpStudy\WWW\Blog\Runtime\Cache\Home\7fde59dcc6730b00f0ea2d8c62973961.php 第 7 行.
NOTIC: [8] Undefined variable: system D:\phpStudy\WWW\Blog\Runtime\Cache\Home\7fde59dcc6730b00f0ea2d8c62973961.php 第 8 行.
NOTIC: [8] Undefined variable: version D:\phpStudy\WWW\Blog\Runtime\Cache\Home\7fde59dcc6730b00f0ea2d8c62973961.php 第 9 行.
NOTIC: [8] Undefined variable: system D:\phpStudy\WWW\Blog\Runtime\Cache\Home\7fde59dcc6730b00f0ea2d8c62973961.php 第 10 行.
NOTIC: [8] Undefined variable: index D:\phpStudy\WWW\Blog\Runtime\Cache\Home\7fde59dcc6730b00f0ea2d8c62973961.php 第 48 行.
NOTIC: [8] Undefined variable: about D:\phpStudy\WWW\Blog\Runtime\Cache\Home\7fde59dcc6730b00f0ea2d8c62973961.php 第 49 行.
NOTIC: [8] Undefined variable: class D:\phpStudy\WWW\Blog\Runtime\Cache\Home\7fde59dcc6730b00f0ea2d8c62973961.php 第 50 行.
NOTIC: [8] Undefined variable: feel D:\phpStudy\WWW\Blog\Runtime\Cache\Home\7fde59dcc6730b00f0ea2d8c62973961.php 第 58 行.
NOTIC: [8] Undefined variable: album D:\phpStudy\WWW\Blog\Runtime\Cache\Home\7fde59dcc6730b00f0ea2d8c62973961.php 第 59 行.
NOTIC: [8] Undefined variable: friends D:\phpStudy\WWW\Blog\Runtime\Cache\Home\7fde59dcc6730b00f0ea2d8c62973961.php 第 60 行.
NOTIC: [8] Undefined variable: gust D:\phpStudy\WWW\Blog\Runtime\Cache\Home\7fde59dcc6730b00f0ea2d8c62973961.php 第 61 行.
NOTIC: [8] Undefined variable: download D:\phpStudy\WWW\Blog\Runtime\Cache\Home\7fde59dcc6730b00f0ea2d8c62973961.php 第 62 行.
NOTIC: [8] Undefined variable: version D:\phpStudy\WWW\Blog\Runtime\Cache\Home\7fde59dcc6730b00f0ea2d8c62973961.php 第 114 行.
NOTIC: [8] Undefined index: a_id D:\phpStudy\WWW\Blog\Runtime\Cache\Home\7fde59dcc6730b00f0ea2d8c62973961.php 第 124 行.
NOTIC: [8] Undefined index: key D:\phpStudy\WWW\Blog\Runtime\Cache\Home\7fde59dcc6730b00f0ea2d8c62973961.php 第 125 行.
NOTIC: [8] Undefined index: key D:\phpStudy\WWW\Blog\Runtime\Cache\Home\7fde59dcc6730b00f0ea2d8c62973961.php 第 126 行.
NOTIC: [8] Undefined index: key D:\phpStudy\WWW\Blog\Runtime\Cache\Home\7fde59dcc6730b00f0ea2d8c62973961.php 第 127 行.
NOTIC: [8] Undefined index: key D:\phpStudy\WWW\Blog\Runtime\Cache\Home\7fde59dcc6730b00f0ea2d8c62973961.php 第 128 行.
NOTIC: [8] Undefined index: key D:\phpStudy\WWW\Blog\Runtime\Cache\Home\7fde59dcc6730b00f0ea2d8c62973961.php 第 129 行.
NOTIC: [8] Undefined index: key D:\phpStudy\WWW\Blog\Runtime\Cache\Home\7fde59dcc6730b00f0ea2d8c62973961.php 第 130 行.
NOTIC: [8] Undefined index: a_id D:\phpStudy\WWW\Blog\Runtime\Cache\Home\7fde59dcc6730b00f0ea2d8c62973961.php 第 124 行.
NOTIC: [8] Undefined index: key D:\phpStudy\WWW\Blog\Runtime\Cache\Home\7fde59dcc6730b00f0ea2d8c62973961.php 第 125 行.
NOTIC: [8] Undefined index: key D:\phpStudy\WWW\Blog\Runtime\Cache\Home\7fde59dcc6730b00f0ea2d8c62973961.php 第 126 行.
NOTIC: [8] Undefined index: key D:\phpStudy\WWW\Blog\Runtime\Cache\Home\7fde59dcc6730b00f0ea2d8c62973961.php 第 127 行.
NOTIC: [8] Undefined index: key D:\phpStudy\WWW\Blog\Runtime\Cache\Home\7fde59dcc6730b00f0ea2d8c62973961.php 第 128 行.
NOTIC: [8] Undefined index: key D:\phpStudy\WWW\Blog\Runtime\Cache\Home\7fde59dcc6730b00f0ea2d8c62973961.php 第 129 行.
NOTIC: [8] Undefined index: key D:\phpStudy\WWW\Blog\Runtime\Cache\Home\7fde59dcc6730b00f0ea2d8c62973961.php 第 130 行.
NOTIC: [8] Undefined index: a_id D:\phpStudy\WWW\Blog\Runtime\Cache\Home\7fde59dcc6730b00f0ea2d8c62973961.php 第 124 行.
NOTIC: [8] Undefined index: key D:\phpStudy\WWW\Blog\Runtime\Cache\Home\7fde59dcc6730b00f0ea2d8c62973961.php 第 125 行.
NOTIC: [8] Undefined index: key D:\phpStudy\WWW\Blog\Runtime\Cache\Home\7fde59dcc6730b00f0ea2d8c62973961.php 第 126 行.
NOTIC: [8] Undefined index: key D:\phpStudy\WWW\Blog\Runtime\Cache\Home\7fde59dcc6730b00f0ea2d8c62973961.php 第 127 行.
NOTIC: [8] Undefined index: key D:\phpStudy\WWW\Blog\Runtime\Cache\Home\7fde59dcc6730b00f0ea2d8c62973961.php 第 128 行.
NOTIC: [8] Undefined index: key D:\phpStudy\WWW\Blog\Runtime\Cache\Home\7fde59dcc6730b00f0ea2d8c62973961.php 第 129 行.
NOTIC: [8] Undefined index: key D:\phpStudy\WWW\Blog\Runtime\Cache\Home\7fde59dcc6730b00f0ea2d8c62973961.php 第 130 行.
NOTIC: [8] Undefined variable: s_content D:\phpStudy\WWW\Blog\Runtime\Cache\Home\7fde59dcc6730b00f0ea2d8c62973961.php 第 155 行.
NOTIC: [8] Undefined variable: gusts D:\phpStudy\WWW\Blog\Runtime\Cache\Home\7fde59dcc6730b00f0ea2d8c62973961.php 第 189 行.
NOTIC: [8] Undefined variable: hits D:\phpStudy\WWW\Blog\Runtime\Cache\Home\7fde59dcc6730b00f0ea2d8c62973961.php 第 203 行.
NOTIC: [8] Undefined variable: link D:\phpStudy\WWW\Blog\Runtime\Cache\Home\7fde59dcc6730b00f0ea2d8c62973961.php 第 211 行.
NOTIC: [8] Undefined variable: num D:\phpStudy\WWW\Blog\Runtime\Cache\Home\7fde59dcc6730b00f0ea2d8c62973961.php 第 224 行.
NOTIC: [8] Undefined variable: num D:\phpStudy\WWW\Blog\Runtime\Cache\Home\7fde59dcc6730b00f0ea2d8c62973961.php 第 226 行.
NOTIC: [8] Undefined variable: num D:\phpStudy\WWW\Blog\Runtime\Cache\Home\7fde59dcc6730b00f0ea2d8c62973961.php 第 230 行.
NOTIC: [8] Undefined variable: num D:\phpStudy\WWW\Blog\Runtime\Cache\Home\7fde59dcc6730b00f0ea2d8c62973961.php 第 232 行.
NOTIC: [8] Undefined variable: system D:\phpStudy\WWW\Blog\Runtime\Cache\Home\7fde59dcc6730b00f0ea2d8c62973961.php 第 236 行.
NOTIC: [8] Undefined variable: num D:\phpStudy\WWW\Blog\Runtime\Cache\Home\7fde59dcc6730b00f0ea2d8c62973961.php 第 238 行.
NOTIC: [8] Undefined variable: num D:\phpStudy\WWW\Blog\Runtime\Cache\Home\7fde59dcc6730b00f0ea2d8c62973961.php 第 242 行.
NOTIC: [8] Undefined variable: num D:\phpStudy\WWW\Blog\Runtime\Cache\Home\7fde59dcc6730b00f0ea2d8c62973961.php 第 244 行.
NOTIC: [8] Undefined variable: system D:\phpStudy\WWW\Blog\Runtime\Cache\Home\7fde59dcc6730b00f0ea2d8c62973961.php 第 248 行.
NOTIC: [8] Undefined variable: version D:\phpStudy\WWW\Blog\Runtime\Cache\Home\7fde59dcc6730b00f0ea2d8c62973961.php 第 263 行.
NOTIC: [8] Undefined variable: f_article D:\phpStudy\WWW\Blog\Runtime\Cache\Home\7fde59dcc6730b00f0ea2d8c62973961.php 第 284 行.
NOTIC: [8] Undefined variable: foot_album D:\phpStudy\WWW\Blog\Runtime\Cache\Home\7fde59dcc6730b00f0ea2d8c62973961.php 第 289 行.
NOTIC: [8] Undefined variable: system D:\phpStudy\WWW\Blog\Runtime\Cache\Home\7fde59dcc6730b00f0ea2d8c62973961.php 第 297 行.
NOTIC: [8] Undefined variable: system D:\phpStudy\WWW\Blog\Runtime\Cache\Home\7fde59dcc6730b00f0ea2d8c62973961.php 第 300 行.
NOTIC: [8] Undefined variable: system D:\phpStudy\WWW\Blog\Runtime\Cache\Home\7fde59dcc6730b00f0ea2d8c62973961.php 第 300 行.
INFO: Run Behavior\ParseTemplateBehavior [ RunTime:0.114007s ]
INFO: [ view_parse ] --END-- [ RunTime:0.114007s ]
INFO: [ view_filter ] --START--
INFO: Run Behavior\WriteHtmlCacheBehavior [ RunTime:0.000000s ]
INFO: [ view_filter ] --END-- [ RunTime:0.000000s ]
INFO: [ app_end ] --START--
INFO: Run Behavior\ShowPageTraceBehavior [ RunTime:0.001000s ]
INFO: [ app_end ] --END-- [ RunTime:0.001000s ]

[ 2018-05-07T12:29:12+08:00 ] 127.0.0.1 /Home/friends/index.html
INFO: [ app_init ] --START--
INFO: Run Behavior\BuildLiteBehavior [ RunTime:0.000000s ]
INFO: [ app_init ] --END-- [ RunTime:0.001000s ]
NOTIC: [2] preg_match(): No ending delimiter '/' found D:\phpStudy\WWW\Blog\ThinkPHP\Library\Think\Route.class.php 第 58 行.
INFO: [ app_begin ] --START--
INFO: Run Behavior\ReadHtmlCacheBehavior [ RunTime:0.001000s ]
INFO: [ app_begin ] --END-- [ RunTime:0.001000s ]
INFO: [ view_parse ] --START--
INFO: [ template_filter ] --START--
INFO: Run Behavior\ContentReplaceBehavior [ RunTime:0.001000s ]
INFO: [ template_filter ] --END-- [ RunTime:0.001000s ]
NOTIC: [8] Undefined variable: system D:\phpStudy\WWW\Blog\Runtime\Cache\Home\93a2b2dc0793f87942f7e149a9d11372.php 第 6 行.
NOTIC: [8] Undefined variable: system D:\phpStudy\WWW\Blog\Runtime\Cache\Home\93a2b2dc0793f87942f7e149a9d11372.php 第 7 行.
NOTIC: [8] Undefined variable: version D:\phpStudy\WWW\Blog\Runtime\Cache\Home\93a2b2dc0793f87942f7e149a9d11372.php 第 8 行.
NOTIC: [8] Undefined variable: system D:\phpStudy\WWW\Blog\Runtime\Cache\Home\93a2b2dc0793f87942f7e149a9d11372.php 第 9 行.
NOTIC: [8] Undefined variable: index D:\phpStudy\WWW\Blog\Runtime\Cache\Home\93a2b2dc0793f87942f7e149a9d11372.php 第 47 行.
NOTIC: [8] Undefined variable: about D:\phpStudy\WWW\Blog\Runtime\Cache\Home\93a2b2dc0793f87942f7e149a9d11372.php 第 48 行.
NOTIC: [8] Undefined variable: class D:\phpStudy\WWW\Blog\Runtime\Cache\Home\93a2b2dc0793f87942f7e149a9d11372.php 第 49 行.
NOTIC: [8] Undefined variable: tag D:\phpStudy\WWW\Blog\Runtime\Cache\Home\93a2b2dc0793f87942f7e149a9d11372.php 第 52 行.
NOTIC: [8] Undefined variable: feel D:\phpStudy\WWW\Blog\Runtime\Cache\Home\93a2b2dc0793f87942f7e149a9d11372.php 第 57 行.
NOTIC: [8] Undefined variable: album D:\phpStudy\WWW\Blog\Runtime\Cache\Home\93a2b2dc0793f87942f7e149a9d11372.php 第 58 行.
NOTIC: [8] Undefined variable: friends D:\phpStudy\WWW\Blog\Runtime\Cache\Home\93a2b2dc0793f87942f7e149a9d11372.php 第 59 行.
NOTIC: [8] Undefined variable: gust D:\phpStudy\WWW\Blog\Runtime\Cache\Home\93a2b2dc0793f87942f7e149a9d11372.php 第 60 行.
NOTIC: [8] Undefined variable: download D:\phpStudy\WWW\Blog\Runtime\Cache\Home\93a2b2dc0793f87942f7e149a9d11372.php 第 61 行.
NOTIC: [8] Undefined variable: QQ D:\phpStudy\WWW\Blog\Runtime\Cache\Home\93a2b2dc0793f87942f7e149a9d11372.php 第 77 行.
NOTIC: [8] Undefined variable: links D:\phpStudy\WWW\Blog\Runtime\Cache\Home\93a2b2dc0793f87942f7e149a9d11372.php 第 86 行.
NOTIC: [8] Undefined variable: flinks D:\phpStudy\WWW\Blog\Runtime\Cache\Home\93a2b2dc0793f87942f7e149a9d11372.php 第 94 行.
NOTIC: [8] Undefined variable: version D:\phpStudy\WWW\Blog\Runtime\Cache\Home\93a2b2dc0793f87942f7e149a9d11372.php 第 142 行.
NOTIC: [8] Undefined variable: articles D:\phpStudy\WWW\Blog\Runtime\Cache\Home\93a2b2dc0793f87942f7e149a9d11372.php 第 152 行.
NOTIC: [8] Undefined variable: articles D:\phpStudy\WWW\Blog\Runtime\Cache\Home\93a2b2dc0793f87942f7e149a9d11372.php 第 164 行.
NOTIC: [8] Undefined variable: s_content D:\phpStudy\WWW\Blog\Runtime\Cache\Home\93a2b2dc0793f87942f7e149a9d11372.php 第 183 行.
NOTIC: [8] Undefined variable: gusts D:\phpStudy\WWW\Blog\Runtime\Cache\Home\93a2b2dc0793f87942f7e149a9d11372.php 第 217 行.
NOTIC: [8] Undefined variable: hits D:\phpStudy\WWW\Blog\Runtime\Cache\Home\93a2b2dc0793f87942f7e149a9d11372.php 第 231 行.
NOTIC: [8] Undefined variable: link D:\phpStudy\WWW\Blog\Runtime\Cache\Home\93a2b2dc0793f87942f7e149a9d11372.php 第 239 行.
NOTIC: [8] Undefined variable: num D:\phpStudy\WWW\Blog\Runtime\Cache\Home\93a2b2dc0793f87942f7e149a9d11372.php 第 252 行.
NOTIC: [8] Undefined variable: num D:\phpStudy\WWW\Blog\Runtime\Cache\Home\93a2b2dc0793f87942f7e149a9d11372.php 第 254 行.
NOTIC: [8] Undefined variable: num D:\phpStudy\WWW\Blog\Runtime\Cache\Home\93a2b2dc0793f87942f7e149a9d11372.php 第 258 行.
NOTIC: [8] Undefined variable: num D:\phpStudy\WWW\Blog\Runtime\Cache\Home\93a2b2dc0793f87942f7e149a9d11372.php 第 260 行.
NOTIC: [8] Undefined variable: system D:\phpStudy\WWW\Blog\Runtime\Cache\Home\93a2b2dc0793f87942f7e149a9d11372.php 第 264 行.
NOTIC: [8] Undefined variable: num D:\phpStudy\WWW\Blog\Runtime\Cache\Home\93a2b2dc0793f87942f7e149a9d11372.php 第 266 行.
NOTIC: [8] Undefined variable: num D:\phpStudy\WWW\Blog\Runtime\Cache\Home\93a2b2dc0793f87942f7e149a9d11372.php 第 270 行.
NOTIC: [8] Undefined variable: num D:\phpStudy\WWW\Blog\Runtime\Cache\Home\93a2b2dc0793f87942f7e149a9d11372.php 第 272 行.
NOTIC: [8] Undefined variable: system D:\phpStudy\WWW\Blog\Runtime\Cache\Home\93a2b2dc0793f87942f7e149a9d11372.php 第 276 行.
NOTIC: [8] Undefined variable: version D:\phpStudy\WWW\Blog\Runtime\Cache\Home\93a2b2dc0793f87942f7e149a9d11372.php 第 291 行.
NOTIC: [8] Undefined variable: f_article D:\phpStudy\WWW\Blog\Runtime\Cache\Home\93a2b2dc0793f87942f7e149a9d11372.php 第 312 行.
NOTIC: [8] Undefined variable: foot_album D:\phpStudy\WWW\Blog\Runtime\Cache\Home\93a2b2dc0793f87942f7e149a9d11372.php 第 317 行.
NOTIC: [8] Undefined variable: system D:\phpStudy\WWW\Blog\Runtime\Cache\Home\93a2b2dc0793f87942f7e149a9d11372.php 第 325 行.
NOTIC: [8] Undefined variable: system D:\phpStudy\WWW\Blog\Runtime\Cache\Home\93a2b2dc0793f87942f7e149a9d11372.php 第 328 行.
NOTIC: [8] Undefined variable: system D:\phpStudy\WWW\Blog\Runtime\Cache\Home\93a2b2dc0793f87942f7e149a9d11372.php 第 328 行.
INFO: Run Behavior\ParseTemplateBehavior [ RunTime:0.098006s ]
INFO: [ view_parse ] --END-- [ RunTime:0.098006s ]
INFO: [ view_filter ] --START--
INFO: Run Behavior\WriteHtmlCacheBehavior [ RunTime:0.001000s ]
INFO: [ view_filter ] --END-- [ RunTime:0.001000s ]
INFO: [ app_end ] --START--
INFO: Run Behavior\ShowPageTraceBehavior [ RunTime:0.001000s ]
INFO: [ app_end ] --END-- [ RunTime:0.001000s ]

[ 2018-05-07T12:29:12+08:00 ] 127.0.0.1 /Home/Common/verify.html
INFO: [ app_init ] --START--
INFO: Run Behavior\BuildLiteBehavior [ RunTime:0.000000s ]
INFO: [ app_init ] --END-- [ RunTime:0.001000s ]
NOTIC: [2] preg_match(): No ending delimiter '/' found D:\phpStudy\WWW\Blog\ThinkPHP\Library\Think\Route.class.php 第 58 行.
INFO: [ app_begin ] --START--
INFO: Run Behavior\ReadHtmlCacheBehavior [ RunTime:0.002000s ]
INFO: [ app_begin ] --END-- [ RunTime:0.002000s ]
ERR: 非法操作:verify
NOTIC: [2] include(): Filename cannot be empty D:\phpStudy\WWW\Blog\ThinkPHP\Library\Think\Think.class.php 第 314 行.
NOTIC: [2] include(): Failed opening '' for inclusion (include_path='.;C:\php\pear') D:\phpStudy\WWW\Blog\ThinkPHP\Library\Think\Think.class.php 第 314 行.

[ 2018-05-07T12:29:19+08:00 ] 127.0.0.1 /Home/gust/index.html
INFO: [ app_init ] --START--
INFO: Run Behavior\BuildLiteBehavior [ RunTime:0.000000s ]
INFO: [ app_init ] --END-- [ RunTime:0.001000s ]
NOTIC: [2] preg_match(): No ending delimiter '/' found D:\phpStudy\WWW\Blog\ThinkPHP\Library\Think\Route.class.php 第 58 行.
INFO: [ app_begin ] --START--
INFO: Run Behavior\ReadHtmlCacheBehavior [ RunTime:0.002000s ]
INFO: [ app_begin ] --END-- [ RunTime:0.002000s ]
SQL: SHOW COLUMNS FROM `lt_tag` [ RunTime:0.0230s ]
SQL: SELECT * FROM `lt_tag`  [ RunTime:0.0010s ]
NOTIC: D方法实例化没找到模型类admin\Model\GustModel
SQL: SHOW COLUMNS FROM `lt_gust` [ RunTime:0.0200s ]
SQL: SELECT * FROM `lt_gust` ORDER BY g_time desc LIMIT 3   [ RunTime:0.0010s ]
INFO: [ view_parse ] --START--
INFO: [ template_filter ] --START--
INFO: Run Behavior\ContentReplaceBehavior [ RunTime:0.001000s ]
INFO: [ template_filter ] --END-- [ RunTime:0.001000s ]
NOTIC: [8] Undefined variable: system D:\phpStudy\WWW\Blog\Runtime\Cache\Home\8c78c0dd71ed1f0c997a5ffe854719d5.php 第 6 行.
NOTIC: [8] Undefined variable: system D:\phpStudy\WWW\Blog\Runtime\Cache\Home\8c78c0dd71ed1f0c997a5ffe854719d5.php 第 7 行.
NOTIC: [8] Undefined variable: version D:\phpStudy\WWW\Blog\Runtime\Cache\Home\8c78c0dd71ed1f0c997a5ffe854719d5.php 第 8 行.
NOTIC: [8] Undefined variable: system D:\phpStudy\WWW\Blog\Runtime\Cache\Home\8c78c0dd71ed1f0c997a5ffe854719d5.php 第 9 行.
NOTIC: [8] Undefined variable: index D:\phpStudy\WWW\Blog\Runtime\Cache\Home\8c78c0dd71ed1f0c997a5ffe854719d5.php 第 47 行.
NOTIC: [8] Undefined variable: about D:\phpStudy\WWW\Blog\Runtime\Cache\Home\8c78c0dd71ed1f0c997a5ffe854719d5.php 第 48 行.
NOTIC: [8] Undefined variable: class D:\phpStudy\WWW\Blog\Runtime\Cache\Home\8c78c0dd71ed1f0c997a5ffe854719d5.php 第 49 行.
NOTIC: [8] Undefined variable: feel D:\phpStudy\WWW\Blog\Runtime\Cache\Home\8c78c0dd71ed1f0c997a5ffe854719d5.php 第 57 行.
NOTIC: [8] Undefined variable: album D:\phpStudy\WWW\Blog\Runtime\Cache\Home\8c78c0dd71ed1f0c997a5ffe854719d5.php 第 58 行.
NOTIC: [8] Undefined variable: friends D:\phpStudy\WWW\Blog\Runtime\Cache\Home\8c78c0dd71ed1f0c997a5ffe854719d5.php 第 59 行.
NOTIC: [8] Undefined variable: gust D:\phpStudy\WWW\Blog\Runtime\Cache\Home\8c78c0dd71ed1f0c997a5ffe854719d5.php 第 60 行.
NOTIC: [8] Undefined variable: download D:\phpStudy\WWW\Blog\Runtime\Cache\Home\8c78c0dd71ed1f0c997a5ffe854719d5.php 第 61 行.
NOTIC: [8] Undefined index: ip D:\phpStudy\WWW\Blog\Runtime\Cache\Home\8c78c0dd71ed1f0c997a5ffe854719d5.php 第 87 行.
NOTIC: [8] Undefined variable: system D:\phpStudy\WWW\Blog\Runtime\Cache\Home\8c78c0dd71ed1f0c997a5ffe854719d5.php 第 91 行.
NOTIC: [8] Undefined index: g_rname D:\phpStudy\WWW\Blog\Runtime\Cache\Home\8c78c0dd71ed1f0c997a5ffe854719d5.php 第 91 行.
NOTIC: [8] Undefined index: ip D:\phpStudy\WWW\Blog\Runtime\Cache\Home\8c78c0dd71ed1f0c997a5ffe854719d5.php 第 87 行.
NOTIC: [8] Undefined variable: system D:\phpStudy\WWW\Blog\Runtime\Cache\Home\8c78c0dd71ed1f0c997a5ffe854719d5.php 第 91 行.
NOTIC: [8] Undefined index: g_rname D:\phpStudy\WWW\Blog\Runtime\Cache\Home\8c78c0dd71ed1f0c997a5ffe854719d5.php 第 91 行.
NOTIC: [8] Undefined index: ip D:\phpStudy\WWW\Blog\Runtime\Cache\Home\8c78c0dd71ed1f0c997a5ffe854719d5.php 第 87 行.
NOTIC: [8] Undefined variable: system D:\phpStudy\WWW\Blog\Runtime\Cache\Home\8c78c0dd71ed1f0c997a5ffe854719d5.php 第 91 行.
NOTIC: [8] Undefined index: g_rname D:\phpStudy\WWW\Blog\Runtime\Cache\Home\8c78c0dd71ed1f0c997a5ffe854719d5.php 第 91 行.
NOTIC: [8] Undefined variable: guestbook D:\phpStudy\WWW\Blog\Runtime\Cache\Home\8c78c0dd71ed1f0c997a5ffe854719d5.php 第 150 行.
NOTIC: [8] Undefined variable: version D:\phpStudy\WWW\Blog\Runtime\Cache\Home\8c78c0dd71ed1f0c997a5ffe854719d5.php 第 214 行.
NOTIC: [8] Undefined variable: articles D:\phpStudy\WWW\Blog\Runtime\Cache\Home\8c78c0dd71ed1f0c997a5ffe854719d5.php 第 224 行.
NOTIC: [8] Undefined variable: articles D:\phpStudy\WWW\Blog\Runtime\Cache\Home\8c78c0dd71ed1f0c997a5ffe854719d5.php 第 236 行.
NOTIC: [8] Undefined variable: s_content D:\phpStudy\WWW\Blog\Runtime\Cache\Home\8c78c0dd71ed1f0c997a5ffe854719d5.php 第 255 行.
NOTIC: [8] Undefined variable: gusts D:\phpStudy\WWW\Blog\Runtime\Cache\Home\8c78c0dd71ed1f0c997a5ffe854719d5.php 第 289 行.
NOTIC: [8] Undefined variable: hits D:\phpStudy\WWW\Blog\Runtime\Cache\Home\8c78c0dd71ed1f0c997a5ffe854719d5.php 第 303 行.
NOTIC: [8] Undefined variable: link D:\phpStudy\WWW\Blog\Runtime\Cache\Home\8c78c0dd71ed1f0c997a5ffe854719d5.php 第 311 行.
NOTIC: [8] Undefined variable: num D:\phpStudy\WWW\Blog\Runtime\Cache\Home\8c78c0dd71ed1f0c997a5ffe854719d5.php 第 324 行.
NOTIC: [8] Undefined variable: num D:\phpStudy\WWW\Blog\Runtime\Cache\Home\8c78c0dd71ed1f0c997a5ffe854719d5.php 第 326 行.
NOTIC: [8] Undefined variable: num D:\phpStudy\WWW\Blog\Runtime\Cache\Home\8c78c0dd71ed1f0c997a5ffe854719d5.php 第 330 行.
NOTIC: [8] Undefined variable: num D:\phpStudy\WWW\Blog\Runtime\Cache\Home\8c78c0dd71ed1f0c997a5ffe854719d5.php 第 332 行.
NOTIC: [8] Undefined variable: system D:\phpStudy\WWW\Blog\Runtime\Cache\Home\8c78c0dd71ed1f0c997a5ffe854719d5.php 第 336 行.
NOTIC: [8] Undefined variable: num D:\phpStudy\WWW\Blog\Runtime\Cache\Home\8c78c0dd71ed1f0c997a5ffe854719d5.php 第 338 行.
NOTIC: [8] Undefined variable: num D:\phpStudy\WWW\Blog\Runtime\Cache\Home\8c78c0dd71ed1f0c997a5ffe854719d5.php 第 342 行.
NOTIC: [8] Undefined variable: num D:\phpStudy\WWW\Blog\Runtime\Cache\Home\8c78c0dd71ed1f0c997a5ffe854719d5.php 第 344 行.
NOTIC: [8] Undefined variable: system D:\phpStudy\WWW\Blog\Runtime\Cache\Home\8c78c0dd71ed1f0c997a5ffe854719d5.php 第 348 行.
NOTIC: [8] Undefined variable: version D:\phpStudy\WWW\Blog\Runtime\Cache\Home\8c78c0dd71ed1f0c997a5ffe854719d5.php 第 363 行.
NOTIC: [8] Undefined variable: f_article D:\phpStudy\WWW\Blog\Runtime\Cache\Home\8c78c0dd71ed1f0c997a5ffe854719d5.php 第 384 行.
NOTIC: [8] Undefined variable: foot_album D:\phpStudy\WWW\Blog\Runtime\Cache\Home\8c78c0dd71ed1f0c997a5ffe854719d5.php 第 389 行.
NOTIC: [8] Undefined variable: system D:\phpStudy\WWW\Blog\Runtime\Cache\Home\8c78c0dd71ed1f0c997a5ffe854719d5.php 第 397 行.
NOTIC: [8] Undefined variable: system D:\phpStudy\WWW\Blog\Runtime\Cache\Home\8c78c0dd71ed1f0c997a5ffe854719d5.php 第 400 行.
NOTIC: [8] Undefined variable: system D:\phpStudy\WWW\Blog\Runtime\Cache\Home\8c78c0dd71ed1f0c997a5ffe854719d5.php 第 400 行.
INFO: Run Behavior\ParseTemplateBehavior [ RunTime:0.123007s ]
INFO: [ view_parse ] --END-- [ RunTime:0.123007s ]
INFO: [ view_filter ] --START--
INFO: Run Behavior\WriteHtmlCacheBehavior [ RunTime:0.001000s ]
INFO: [ view_filter ] --END-- [ RunTime:0.001000s ]
INFO: [ app_end ] --START--
INFO: Run Behavior\ShowPageTraceBehavior [ RunTime:0.001000s ]
INFO: [ app_end ] --END-- [ RunTime:0.001000s ]

[ 2018-05-07T12:31:24+08:00 ] 127.0.0.1 /Home/about/index.html
INFO: [ app_init ] --START--
INFO: Run Behavior\BuildLiteBehavior [ RunTime:0.000000s ]
INFO: [ app_init ] --END-- [ RunTime:0.000000s ]
NOTIC: [2] preg_match(): No ending delimiter '/' found D:\phpStudy\WWW\Blog\ThinkPHP\Library\Think\Route.class.php 第 58 行.
INFO: [ app_begin ] --START--
INFO: Run Behavior\ReadHtmlCacheBehavior [ RunTime:0.001000s ]
INFO: [ app_begin ] --END-- [ RunTime:0.001000s ]
SQL: SHOW COLUMNS FROM `lt_tag` [ RunTime:0.0280s ]
SQL: SELECT * FROM `lt_tag`  [ RunTime:0.0010s ]
SQL: SHOW COLUMNS FROM `lt_ppt` [ RunTime:0.0380s ]
SQL: SELECT * FROM `lt_ppt` WHERE `pp_view` = 1 ORDER BY pp_time desc LIMIT 3   [ RunTime:0.0010s ]
SQL: SHOW COLUMNS FROM `lt_article` [ RunTime:0.0270s ]
SQL: SELECT * FROM lt_article a left join lt_tag t on a.tag_id=t.t_id  WHERE ( a_view>0 ) ORDER BY a_time desc  [ RunTime:0.0010s ]
INFO: [ view_parse ] --START--
INFO: [ template_filter ] --START--
INFO: Run Behavior\ContentReplaceBehavior [ RunTime:0.000000s ]
INFO: [ template_filter ] --END-- [ RunTime:0.000000s ]
NOTIC: [8] Undefined variable: system D:\phpStudy\WWW\Blog\Runtime\Cache\Home\3b9bb8f59aaa4d1691c827dd64ddfa9b.php 第 6 行.
NOTIC: [8] Undefined variable: system D:\phpStudy\WWW\Blog\Runtime\Cache\Home\3b9bb8f59aaa4d1691c827dd64ddfa9b.php 第 7 行.
NOTIC: [8] Undefined variable: version D:\phpStudy\WWW\Blog\Runtime\Cache\Home\3b9bb8f59aaa4d1691c827dd64ddfa9b.php 第 8 行.
NOTIC: [8] Undefined variable: system D:\phpStudy\WWW\Blog\Runtime\Cache\Home\3b9bb8f59aaa4d1691c827dd64ddfa9b.php 第 9 行.
NOTIC: [8] Undefined variable: index D:\phpStudy\WWW\Blog\Runtime\Cache\Home\3b9bb8f59aaa4d1691c827dd64ddfa9b.php 第 47 行.
NOTIC: [8] Undefined variable: class D:\phpStudy\WWW\Blog\Runtime\Cache\Home\3b9bb8f59aaa4d1691c827dd64ddfa9b.php 第 49 行.
NOTIC: [8] Undefined variable: feel D:\phpStudy\WWW\Blog\Runtime\Cache\Home\3b9bb8f59aaa4d1691c827dd64ddfa9b.php 第 57 行.
NOTIC: [8] Undefined variable: album D:\phpStudy\WWW\Blog\Runtime\Cache\Home\3b9bb8f59aaa4d1691c827dd64ddfa9b.php 第 58 行.
NOTIC: [8] Undefined variable: friends D:\phpStudy\WWW\Blog\Runtime\Cache\Home\3b9bb8f59aaa4d1691c827dd64ddfa9b.php 第 59 行.
NOTIC: [8] Undefined variable: gust D:\phpStudy\WWW\Blog\Runtime\Cache\Home\3b9bb8f59aaa4d1691c827dd64ddfa9b.php 第 60 行.
NOTIC: [8] Undefined variable: download D:\phpStudy\WWW\Blog\Runtime\Cache\Home\3b9bb8f59aaa4d1691c827dd64ddfa9b.php 第 61 行.
NOTIC: [8] Undefined variable: system D:\phpStudy\WWW\Blog\Runtime\Cache\Home\3b9bb8f59aaa4d1691c827dd64ddfa9b.php 第 88 行.
NOTIC: [8] Undefined variable: version D:\phpStudy\WWW\Blog\Runtime\Cache\Home\3b9bb8f59aaa4d1691c827dd64ddfa9b.php 第 109 行.
NOTIC: [8] Undefined index: a_id D:\phpStudy\WWW\Blog\Runtime\Cache\Home\3b9bb8f59aaa4d1691c827dd64ddfa9b.php 第 119 行.
NOTIC: [8] Undefined index: key D:\phpStudy\WWW\Blog\Runtime\Cache\Home\3b9bb8f59aaa4d1691c827dd64ddfa9b.php 第 120 行.
NOTIC: [8] Undefined index: key D:\phpStudy\WWW\Blog\Runtime\Cache\Home\3b9bb8f59aaa4d1691c827dd64ddfa9b.php 第 121 行.
NOTIC: [8] Undefined index: key D:\phpStudy\WWW\Blog\Runtime\Cache\Home\3b9bb8f59aaa4d1691c827dd64ddfa9b.php 第 122 行.
NOTIC: [8] Undefined index: key D:\phpStudy\WWW\Blog\Runtime\Cache\Home\3b9bb8f59aaa4d1691c827dd64ddfa9b.php 第 123 行.
NOTIC: [8] Undefined index: key D:\phpStudy\WWW\Blog\Runtime\Cache\Home\3b9bb8f59aaa4d1691c827dd64ddfa9b.php 第 124 行.
NOTIC: [8] Undefined index: key D:\phpStudy\WWW\Blog\Runtime\Cache\Home\3b9bb8f59aaa4d1691c827dd64ddfa9b.php 第 125 行.
NOTIC: [8] Undefined index: a_id D:\phpStudy\WWW\Blog\Runtime\Cache\Home\3b9bb8f59aaa4d1691c827dd64ddfa9b.php 第 119 行.
NOTIC: [8] Undefined index: key D:\phpStudy\WWW\Blog\Runtime\Cache\Home\3b9bb8f59aaa4d1691c827dd64ddfa9b.php 第 120 行.
NOTIC: [8] Undefined index: key D:\phpStudy\WWW\Blog\Runtime\Cache\Home\3b9bb8f59aaa4d1691c827dd64ddfa9b.php 第 121 行.
NOTIC: [8] Undefined index: key D:\phpStudy\WWW\Blog\Runtime\Cache\Home\3b9bb8f59aaa4d1691c827dd64ddfa9b.php 第 122 行.
NOTIC: [8] Undefined index: key D:\phpStudy\WWW\Blog\Runtime\Cache\Home\3b9bb8f59aaa4d1691c827dd64ddfa9b.php 第 123 行.
NOTIC: [8] Undefined index: key D:\phpStudy\WWW\Blog\Runtime\Cache\Home\3b9bb8f59aaa4d1691c827dd64ddfa9b.php 第 124 行.
NOTIC: [8] Undefined index: key D:\phpStudy\WWW\Blog\Runtime\Cache\Home\3b9bb8f59aaa4d1691c827dd64ddfa9b.php 第 125 行.
NOTIC: [8] Undefined index: a_id D:\phpStudy\WWW\Blog\Runtime\Cache\Home\3b9bb8f59aaa4d1691c827dd64ddfa9b.php 第 119 行.
NOTIC: [8] Undefined index: key D:\phpStudy\WWW\Blog\Runtime\Cache\Home\3b9bb8f59aaa4d1691c827dd64ddfa9b.php 第 120 行.
NOTIC: [8] Undefined index: key D:\phpStudy\WWW\Blog\Runtime\Cache\Home\3b9bb8f59aaa4d1691c827dd64ddfa9b.php 第 121 行.
NOTIC: [8] Undefined index: key D:\phpStudy\WWW\Blog\Runtime\Cache\Home\3b9bb8f59aaa4d1691c827dd64ddfa9b.php 第 122 行.
NOTIC: [8] Undefined index: key D:\phpStudy\WWW\Blog\Runtime\Cache\Home\3b9bb8f59aaa4d1691c827dd64ddfa9b.php 第 123 行.
NOTIC: [8] Undefined index: key D:\phpStudy\WWW\Blog\Runtime\Cache\Home\3b9bb8f59aaa4d1691c827dd64ddfa9b.php 第 124 行.
NOTIC: [8] Undefined index: key D:\phpStudy\WWW\Blog\Runtime\Cache\Home\3b9bb8f59aaa4d1691c827dd64ddfa9b.php 第 125 行.
NOTIC: [8] Undefined variable: s_content D:\phpStudy\WWW\Blog\Runtime\Cache\Home\3b9bb8f59aaa4d1691c827dd64ddfa9b.php 第 150 行.
NOTIC: [8] Undefined variable: gusts D:\phpStudy\WWW\Blog\Runtime\Cache\Home\3b9bb8f59aaa4d1691c827dd64ddfa9b.php 第 184 行.
NOTIC: [8] Undefined variable: hits D:\phpStudy\WWW\Blog\Runtime\Cache\Home\3b9bb8f59aaa4d1691c827dd64ddfa9b.php 第 198 行.
NOTIC: [8] Undefined variable: link D:\phpStudy\WWW\Blog\Runtime\Cache\Home\3b9bb8f59aaa4d1691c827dd64ddfa9b.php 第 206 行.
NOTIC: [8] Undefined variable: num D:\phpStudy\WWW\Blog\Runtime\Cache\Home\3b9bb8f59aaa4d1691c827dd64ddfa9b.php 第 219 行.
NOTIC: [8] Undefined variable: num D:\phpStudy\WWW\Blog\Runtime\Cache\Home\3b9bb8f59aaa4d1691c827dd64ddfa9b.php 第 221 行.
NOTIC: [8] Undefined variable: num D:\phpStudy\WWW\Blog\Runtime\Cache\Home\3b9bb8f59aaa4d1691c827dd64ddfa9b.php 第 225 行.
NOTIC: [8] Undefined variable: num D:\phpStudy\WWW\Blog\Runtime\Cache\Home\3b9bb8f59aaa4d1691c827dd64ddfa9b.php 第 227 行.
NOTIC: [8] Undefined variable: system D:\phpStudy\WWW\Blog\Runtime\Cache\Home\3b9bb8f59aaa4d1691c827dd64ddfa9b.php 第 231 行.
NOTIC: [8] Undefined variable: num D:\phpStudy\WWW\Blog\Runtime\Cache\Home\3b9bb8f59aaa4d1691c827dd64ddfa9b.php 第 233 行.
NOTIC: [8] Undefined variable: num D:\phpStudy\WWW\Blog\Runtime\Cache\Home\3b9bb8f59aaa4d1691c827dd64ddfa9b.php 第 237 行.
NOTIC: [8] Undefined variable: num D:\phpStudy\WWW\Blog\Runtime\Cache\Home\3b9bb8f59aaa4d1691c827dd64ddfa9b.php 第 239 行.
NOTIC: [8] Undefined variable: system D:\phpStudy\WWW\Blog\Runtime\Cache\Home\3b9bb8f59aaa4d1691c827dd64ddfa9b.php 第 243 行.
NOTIC: [8] Undefined variable: version D:\phpStudy\WWW\Blog\Runtime\Cache\Home\3b9bb8f59aaa4d1691c827dd64ddfa9b.php 第 258 行.
NOTIC: [8] Undefined variable: f_article D:\phpStudy\WWW\Blog\Runtime\Cache\Home\3b9bb8f59aaa4d1691c827dd64ddfa9b.php 第 279 行.
NOTIC: [8] Undefined variable: foot_album D:\phpStudy\WWW\Blog\Runtime\Cache\Home\3b9bb8f59aaa4d1691c827dd64ddfa9b.php 第 284 行.
NOTIC: [8] Undefined variable: system D:\phpStudy\WWW\Blog\Runtime\Cache\Home\3b9bb8f59aaa4d1691c827dd64ddfa9b.php 第 292 行.
NOTIC: [8] Undefined variable: system D:\phpStudy\WWW\Blog\Runtime\Cache\Home\3b9bb8f59aaa4d1691c827dd64ddfa9b.php 第 295 行.
NOTIC: [8] Undefined variable: system D:\phpStudy\WWW\Blog\Runtime\Cache\Home\3b9bb8f59aaa4d1691c827dd64ddfa9b.php 第 295 行.
INFO: Run Behavior\ParseTemplateBehavior [ RunTime:0.082005s ]
INFO: [ view_parse ] --END-- [ RunTime:0.082005s ]
INFO: [ view_filter ] --START--
INFO: Run Behavior\WriteHtmlCacheBehavior [ RunTime:0.001000s ]
INFO: [ view_filter ] --END-- [ RunTime:0.001000s ]
INFO: [ app_end ] --START--
INFO: Run Behavior\ShowPageTraceBehavior [ RunTime:0.002000s ]
INFO: [ app_end ] --END-- [ RunTime:0.002000s ]

