[ 2018-07-24T20:45:22+08:00 ] 127.0.0.1 /
INFO: [ app_init ] --START--
INFO: Run Behavior\BuildLiteBehavior [ RunTime:0.000000s ]
INFO: [ app_init ] --END-- [ RunTime:0.033002s ]
INFO: [ app_begin ] --START--
INFO: Run Behavior\ReadHtmlCacheBehavior [ RunTime:0.013001s ]
INFO: [ app_begin ] --END-- [ RunTime:0.013001s ]
SQL: SHOW COLUMNS FROM `lt_tag` [ RunTime:0.1260s ]
SQL: SELECT * FROM `lt_tag`  [ RunTime:0.0020s ]
SQL: SHOW COLUMNS FROM `lt_ppt` [ RunTime:0.0840s ]
SQL: SELECT * FROM `lt_ppt` WHERE `pp_view` = 1 ORDER BY pp_time desc LIMIT 3   [ RunTime:0.0090s ]
SQL: SHOW COLUMNS FROM `lt_article` [ RunTime:0.0900s ]
SQL: SELECT * FROM lt_article a left join lt_tag t on a.tag_id=t.t_id  WHERE ( a_view>0 ) ORDER BY a_time desc  [ RunTime:0.0060s ]
INFO: [ view_parse ] --START--
INFO: [ template_filter ] --START--
INFO: Run Behavior\ContentReplaceBehavior [ RunTime:0.001000s ]
INFO: [ template_filter ] --END-- [ RunTime:0.001000s ]
NOTIC: [8] Undefined variable: index D:\phpStudy\WWW\Blog\Runtime\Cache\Home\2a94b8bda04ff446dcedd42276fc99ee.php 第 42 行.
NOTIC: [8] Undefined variable: about D:\phpStudy\WWW\Blog\Runtime\Cache\Home\2a94b8bda04ff446dcedd42276fc99ee.php 第 43 行.
NOTIC: [8] Undefined variable: class D:\phpStudy\WWW\Blog\Runtime\Cache\Home\2a94b8bda04ff446dcedd42276fc99ee.php 第 44 行.
NOTIC: [8] Undefined variable: feel D:\phpStudy\WWW\Blog\Runtime\Cache\Home\2a94b8bda04ff446dcedd42276fc99ee.php 第 52 行.
NOTIC: [8] Undefined variable: album D:\phpStudy\WWW\Blog\Runtime\Cache\Home\2a94b8bda04ff446dcedd42276fc99ee.php 第 53 行.
NOTIC: [8] Undefined variable: friends D:\phpStudy\WWW\Blog\Runtime\Cache\Home\2a94b8bda04ff446dcedd42276fc99ee.php 第 54 行.
NOTIC: [8] Undefined variable: gust D:\phpStudy\WWW\Blog\Runtime\Cache\Home\2a94b8bda04ff446dcedd42276fc99ee.php 第 55 行.
NOTIC: [8] Undefined variable: download D:\phpStudy\WWW\Blog\Runtime\Cache\Home\2a94b8bda04ff446dcedd42276fc99ee.php 第 56 行.
NOTIC: [8] Undefined variable: v D:\phpStudy\WWW\Blog\Runtime\Cache\Home\2a94b8bda04ff446dcedd42276fc99ee.php 第 81 行.
NOTIC: [8] Undefined variable: tmp D:\phpStudy\WWW\Blog\Application\Common\Common\function.php 第 297 行.
NOTIC: [8] Undefined variable: v D:\phpStudy\WWW\Blog\Runtime\Cache\Home\2a94b8bda04ff446dcedd42276fc99ee.php 第 81 行.
NOTIC: [8] Undefined variable: tmp D:\phpStudy\WWW\Blog\Application\Common\Common\function.php 第 297 行.
NOTIC: [8] Undefined variable: v D:\phpStudy\WWW\Blog\Runtime\Cache\Home\2a94b8bda04ff446dcedd42276fc99ee.php 第 81 行.
NOTIC: [8] Undefined variable: tmp D:\phpStudy\WWW\Blog\Application\Common\Common\function.php 第 297 行.
NOTIC: [8] Undefined variable: version D:\phpStudy\WWW\Blog\Runtime\Cache\Home\2a94b8bda04ff446dcedd42276fc99ee.php 第 116 行.
NOTIC: [8] Undefined index: key D:\phpStudy\WWW\Blog\Runtime\Cache\Home\2a94b8bda04ff446dcedd42276fc99ee.php 第 127 行.
NOTIC: [8] Undefined index: key D:\phpStudy\WWW\Blog\Runtime\Cache\Home\2a94b8bda04ff446dcedd42276fc99ee.php 第 128 行.
NOTIC: [8] Undefined index: key D:\phpStudy\WWW\Blog\Runtime\Cache\Home\2a94b8bda04ff446dcedd42276fc99ee.php 第 129 行.
NOTIC: [8] Undefined index: key D:\phpStudy\WWW\Blog\Runtime\Cache\Home\2a94b8bda04ff446dcedd42276fc99ee.php 第 130 行.
NOTIC: [8] Undefined index: key D:\phpStudy\WWW\Blog\Runtime\Cache\Home\2a94b8bda04ff446dcedd42276fc99ee.php 第 131 行.
NOTIC: [8] Undefined index: key D:\phpStudy\WWW\Blog\Runtime\Cache\Home\2a94b8bda04ff446dcedd42276fc99ee.php 第 132 行.
NOTIC: [8] Undefined index: key D:\phpStudy\WWW\Blog\Runtime\Cache\Home\2a94b8bda04ff446dcedd42276fc99ee.php 第 127 行.
NOTIC: [8] Undefined index: key D:\phpStudy\WWW\Blog\Runtime\Cache\Home\2a94b8bda04ff446dcedd42276fc99ee.php 第 128 行.
NOTIC: [8] Undefined index: key D:\phpStudy\WWW\Blog\Runtime\Cache\Home\2a94b8bda04ff446dcedd42276fc99ee.php 第 129 行.
NOTIC: [8] Undefined index: key D:\phpStudy\WWW\Blog\Runtime\Cache\Home\2a94b8bda04ff446dcedd42276fc99ee.php 第 130 行.
NOTIC: [8] Undefined index: key D:\phpStudy\WWW\Blog\Runtime\Cache\Home\2a94b8bda04ff446dcedd42276fc99ee.php 第 131 行.
NOTIC: [8] Undefined index: key D:\phpStudy\WWW\Blog\Runtime\Cache\Home\2a94b8bda04ff446dcedd42276fc99ee.php 第 132 行.
NOTIC: [8] Undefined index: key D:\phpStudy\WWW\Blog\Runtime\Cache\Home\2a94b8bda04ff446dcedd42276fc99ee.php 第 127 行.
NOTIC: [8] Undefined index: key D:\phpStudy\WWW\Blog\Runtime\Cache\Home\2a94b8bda04ff446dcedd42276fc99ee.php 第 128 行.
NOTIC: [8] Undefined index: key D:\phpStudy\WWW\Blog\Runtime\Cache\Home\2a94b8bda04ff446dcedd42276fc99ee.php 第 129 行.
NOTIC: [8] Undefined index: key D:\phpStudy\WWW\Blog\Runtime\Cache\Home\2a94b8bda04ff446dcedd42276fc99ee.php 第 130 行.
NOTIC: [8] Undefined index: key D:\phpStudy\WWW\Blog\Runtime\Cache\Home\2a94b8bda04ff446dcedd42276fc99ee.php 第 131 行.
NOTIC: [8] Undefined index: key D:\phpStudy\WWW\Blog\Runtime\Cache\Home\2a94b8bda04ff446dcedd42276fc99ee.php 第 132 行.
NOTIC: [8] Undefined variable: s_content D:\phpStudy\WWW\Blog\Runtime\Cache\Home\2a94b8bda04ff446dcedd42276fc99ee.php 第 157 行.
NOTIC: [8] Undefined variable: gusts D:\phpStudy\WWW\Blog\Runtime\Cache\Home\2a94b8bda04ff446dcedd42276fc99ee.php 第 191 行.
NOTIC: [8] Undefined variable: hits D:\phpStudy\WWW\Blog\Runtime\Cache\Home\2a94b8bda04ff446dcedd42276fc99ee.php 第 205 行.
NOTIC: [8] Undefined variable: link D:\phpStudy\WWW\Blog\Runtime\Cache\Home\2a94b8bda04ff446dcedd42276fc99ee.php 第 213 行.
NOTIC: [8] Undefined variable: num D:\phpStudy\WWW\Blog\Runtime\Cache\Home\2a94b8bda04ff446dcedd42276fc99ee.php 第 226 行.
NOTIC: [8] Undefined variable: num D:\phpStudy\WWW\Blog\Runtime\Cache\Home\2a94b8bda04ff446dcedd42276fc99ee.php 第 228 行.
NOTIC: [8] Undefined variable: num D:\phpStudy\WWW\Blog\Runtime\Cache\Home\2a94b8bda04ff446dcedd42276fc99ee.php 第 232 行.
NOTIC: [8] Undefined variable: num D:\phpStudy\WWW\Blog\Runtime\Cache\Home\2a94b8bda04ff446dcedd42276fc99ee.php 第 234 行.
NOTIC: [8] Undefined variable: system D:\phpStudy\WWW\Blog\Runtime\Cache\Home\2a94b8bda04ff446dcedd42276fc99ee.php 第 238 行.
NOTIC: [8] Undefined variable: num D:\phpStudy\WWW\Blog\Runtime\Cache\Home\2a94b8bda04ff446dcedd42276fc99ee.php 第 240 行.
NOTIC: [8] Undefined variable: num D:\phpStudy\WWW\Blog\Runtime\Cache\Home\2a94b8bda04ff446dcedd42276fc99ee.php 第 244 行.
NOTIC: [8] Undefined variable: num D:\phpStudy\WWW\Blog\Runtime\Cache\Home\2a94b8bda04ff446dcedd42276fc99ee.php 第 246 行.
NOTIC: [8] Undefined variable: system D:\phpStudy\WWW\Blog\Runtime\Cache\Home\2a94b8bda04ff446dcedd42276fc99ee.php 第 250 行.
NOTIC: [8] Undefined variable: version D:\phpStudy\WWW\Blog\Runtime\Cache\Home\2a94b8bda04ff446dcedd42276fc99ee.php 第 265 行.
NOTIC: [8] Undefined variable: f_article D:\phpStudy\WWW\Blog\Runtime\Cache\Home\2a94b8bda04ff446dcedd42276fc99ee.php 第 286 行.
NOTIC: [8] Undefined variable: foot_album D:\phpStudy\WWW\Blog\Runtime\Cache\Home\2a94b8bda04ff446dcedd42276fc99ee.php 第 291 行.
NOTIC: [8] Undefined variable: system D:\phpStudy\WWW\Blog\Runtime\Cache\Home\2a94b8bda04ff446dcedd42276fc99ee.php 第 299 行.
NOTIC: [8] Undefined variable: system D:\phpStudy\WWW\Blog\Runtime\Cache\Home\2a94b8bda04ff446dcedd42276fc99ee.php 第 302 行.
NOTIC: [8] Undefined variable: system D:\phpStudy\WWW\Blog\Runtime\Cache\Home\2a94b8bda04ff446dcedd42276fc99ee.php 第 302 行.
INFO: Run Behavior\ParseTemplateBehavior [ RunTime:0.430024s ]
INFO: [ view_parse ] --END-- [ RunTime:0.430024s ]
INFO: [ view_filter ] --START--
INFO: Run Behavior\WriteHtmlCacheBehavior [ RunTime:0.021001s ]
INFO: [ view_filter ] --END-- [ RunTime:0.021001s ]
INFO: [ app_end ] --START--
INFO: Run Behavior\ShowPageTraceBehavior [ RunTime:0.011001s ]
INFO: [ app_end ] --END-- [ RunTime:0.011001s ]

[ 2018-07-24T20:45:32+08:00 ] 127.0.0.1 /article/index/id/3.html
INFO: [ app_init ] --START--
INFO: Run Behavior\BuildLiteBehavior [ RunTime:0.000000s ]
INFO: [ app_init ] --END-- [ RunTime:0.001000s ]
NOTIC: [2] preg_match(): No ending delimiter '/' found D:\phpStudy\WWW\Blog\ThinkPHP\Library\Think\Route.class.php 第 58 行.
INFO: [ app_begin ] --START--
INFO: Run Behavior\ReadHtmlCacheBehavior [ RunTime:0.002000s ]
INFO: [ app_begin ] --END-- [ RunTime:0.009001s ]
SQL: SHOW COLUMNS FROM `lt_article` [ RunTime:0.0230s ]
SQL: UPDATE `lt_article` SET `a_hit`=a_hit+1 WHERE ( a_id=3 ) [ RunTime:0.0500s ]
SQL: SHOW COLUMNS FROM `lt_article_c` [ RunTime:0.1000s ]
SQL: SELECT * FROM `lt_article_c` WHERE ( ac_pid=3 )  [ RunTime:0.0010s ]
SQL: SELECT COUNT(*) AS tp_count FROM `lt_article_c` WHERE ( ac_pid=3 ) LIMIT 1   [ RunTime:0.0010s ]
SQL: SELECT * FROM lt_article a left join lt_tag t on a.tag_id=t.t_id  WHERE ( a_id=3 ) LIMIT 1   [ RunTime:0.0020s ]
SQL: SELECT * FROM `lt_article` WHERE ( a_id<3 ) ORDER BY a_id desc LIMIT 1   [ RunTime:0.0020s ]
SQL: SELECT * FROM `lt_article` WHERE ( a_id>3 ) ORDER BY a_id asc LIMIT 1   [ RunTime:0.0010s ]
SQL: SHOW COLUMNS FROM `lt_tag` [ RunTime:0.0440s ]
SQL: SELECT * FROM `lt_tag`  [ RunTime:0.0020s ]
SQL: SHOW COLUMNS FROM `lt_ppt` [ RunTime:0.0170s ]
SQL: SELECT * FROM `lt_ppt` WHERE `pp_view` = 1 ORDER BY pp_time desc LIMIT 3   [ RunTime:0.0010s ]
SQL: SELECT * FROM lt_article a left join lt_tag t on a.tag_id=t.t_id  WHERE ( a_view>0 ) ORDER BY a_time desc  [ RunTime:0.0060s ]
INFO: [ view_parse ] --START--
INFO: [ template_filter ] --START--
INFO: Run Behavior\ContentReplaceBehavior [ RunTime:0.001000s ]
INFO: [ template_filter ] --END-- [ RunTime:0.001000s ]
NOTIC: [8] Undefined variable: info D:\phpStudy\WWW\Blog\Runtime\Cache\Home\2ac6c1276904b87404ed678dbabb985c.php 第 5 行.
NOTIC: [8] Undefined variable: info D:\phpStudy\WWW\Blog\Runtime\Cache\Home\2ac6c1276904b87404ed678dbabb985c.php 第 6 行.
NOTIC: [8] Undefined variable: info D:\phpStudy\WWW\Blog\Runtime\Cache\Home\2ac6c1276904b87404ed678dbabb985c.php 第 7 行.
NOTIC: [8] Undefined variable: version D:\phpStudy\WWW\Blog\Runtime\Cache\Home\2ac6c1276904b87404ed678dbabb985c.php 第 8 行.
NOTIC: [8] Undefined variable: system D:\phpStudy\WWW\Blog\Runtime\Cache\Home\2ac6c1276904b87404ed678dbabb985c.php 第 9 行.
NOTIC: [8] Undefined variable: index D:\phpStudy\WWW\Blog\Runtime\Cache\Home\2ac6c1276904b87404ed678dbabb985c.php 第 61 行.
NOTIC: [8] Undefined variable: about D:\phpStudy\WWW\Blog\Runtime\Cache\Home\2ac6c1276904b87404ed678dbabb985c.php 第 62 行.
NOTIC: [8] Undefined variable: class D:\phpStudy\WWW\Blog\Runtime\Cache\Home\2ac6c1276904b87404ed678dbabb985c.php 第 63 行.
NOTIC: [8] Undefined variable: feel D:\phpStudy\WWW\Blog\Runtime\Cache\Home\2ac6c1276904b87404ed678dbabb985c.php 第 71 行.
NOTIC: [8] Undefined variable: album D:\phpStudy\WWW\Blog\Runtime\Cache\Home\2ac6c1276904b87404ed678dbabb985c.php 第 72 行.
NOTIC: [8] Undefined variable: friends D:\phpStudy\WWW\Blog\Runtime\Cache\Home\2ac6c1276904b87404ed678dbabb985c.php 第 73 行.
NOTIC: [8] Undefined variable: gust D:\phpStudy\WWW\Blog\Runtime\Cache\Home\2ac6c1276904b87404ed678dbabb985c.php 第 74 行.
NOTIC: [8] Undefined variable: download D:\phpStudy\WWW\Blog\Runtime\Cache\Home\2ac6c1276904b87404ed678dbabb985c.php 第 75 行.
NOTIC: [8] Undefined variable: info D:\phpStudy\WWW\Blog\Runtime\Cache\Home\2ac6c1276904b87404ed678dbabb985c.php 第 85 行.
NOTIC: [8] Undefined variable: info D:\phpStudy\WWW\Blog\Runtime\Cache\Home\2ac6c1276904b87404ed678dbabb985c.php 第 99 行.
NOTIC: [8] Use of undefined constant ture - assumed 'ture' D:\phpStudy\WWW\Blog\Runtime\Cache\Home\2ac6c1276904b87404ed678dbabb985c.php 第 111 行.
NOTIC: [8] Undefined variable: version D:\phpStudy\WWW\Blog\Runtime\Cache\Home\2ac6c1276904b87404ed678dbabb985c.php 第 201 行.
NOTIC: [8] Undefined index: a_id D:\phpStudy\WWW\Blog\Runtime\Cache\Home\2ac6c1276904b87404ed678dbabb985c.php 第 211 行.
NOTIC: [8] Undefined index: key D:\phpStudy\WWW\Blog\Runtime\Cache\Home\2ac6c1276904b87404ed678dbabb985c.php 第 212 行.
NOTIC: [8] Undefined index: key D:\phpStudy\WWW\Blog\Runtime\Cache\Home\2ac6c1276904b87404ed678dbabb985c.php 第 213 行.
NOTIC: [8] Undefined index: key D:\phpStudy\WWW\Blog\Runtime\Cache\Home\2ac6c1276904b87404ed678dbabb985c.php 第 214 行.
NOTIC: [8] Undefined index: key D:\phpStudy\WWW\Blog\Runtime\Cache\Home\2ac6c1276904b87404ed678dbabb985c.php 第 215 行.
NOTIC: [8] Undefined index: key D:\phpStudy\WWW\Blog\Runtime\Cache\Home\2ac6c1276904b87404ed678dbabb985c.php 第 216 行.
NOTIC: [8] Undefined index: key D:\phpStudy\WWW\Blog\Runtime\Cache\Home\2ac6c1276904b87404ed678dbabb985c.php 第 217 行.
NOTIC: [8] Undefined index: a_id D:\phpStudy\WWW\Blog\Runtime\Cache\Home\2ac6c1276904b87404ed678dbabb985c.php 第 211 行.
NOTIC: [8] Undefined index: key D:\phpStudy\WWW\Blog\Runtime\Cache\Home\2ac6c1276904b87404ed678dbabb985c.php 第 212 行.
NOTIC: [8] Undefined index: key D:\phpStudy\WWW\Blog\Runtime\Cache\Home\2ac6c1276904b87404ed678dbabb985c.php 第 213 行.
NOTIC: [8] Undefined index: key D:\phpStudy\WWW\Blog\Runtime\Cache\Home\2ac6c1276904b87404ed678dbabb985c.php 第 214 行.
NOTIC: [8] Undefined index: key D:\phpStudy\WWW\Blog\Runtime\Cache\Home\2ac6c1276904b87404ed678dbabb985c.php 第 215 行.
NOTIC: [8] Undefined index: key D:\phpStudy\WWW\Blog\Runtime\Cache\Home\2ac6c1276904b87404ed678dbabb985c.php 第 216 行.
NOTIC: [8] Undefined index: key D:\phpStudy\WWW\Blog\Runtime\Cache\Home\2ac6c1276904b87404ed678dbabb985c.php 第 217 行.
NOTIC: [8] Undefined index: a_id D:\phpStudy\WWW\Blog\Runtime\Cache\Home\2ac6c1276904b87404ed678dbabb985c.php 第 211 行.
NOTIC: [8] Undefined index: key D:\phpStudy\WWW\Blog\Runtime\Cache\Home\2ac6c1276904b87404ed678dbabb985c.php 第 212 行.
NOTIC: [8] Undefined index: key D:\phpStudy\WWW\Blog\Runtime\Cache\Home\2ac6c1276904b87404ed678dbabb985c.php 第 213 行.
NOTIC: [8] Undefined index: key D:\phpStudy\WWW\Blog\Runtime\Cache\Home\2ac6c1276904b87404ed678dbabb985c.php 第 214 行.
NOTIC: [8] Undefined index: key D:\phpStudy\WWW\Blog\Runtime\Cache\Home\2ac6c1276904b87404ed678dbabb985c.php 第 215 行.
NOTIC: [8] Undefined index: key D:\phpStudy\WWW\Blog\Runtime\Cache\Home\2ac6c1276904b87404ed678dbabb985c.php 第 216 行.
NOTIC: [8] Undefined index: key D:\phpStudy\WWW\Blog\Runtime\Cache\Home\2ac6c1276904b87404ed678dbabb985c.php 第 217 行.
NOTIC: [8] Undefined variable: s_content D:\phpStudy\WWW\Blog\Runtime\Cache\Home\2ac6c1276904b87404ed678dbabb985c.php 第 242 行.
NOTIC: [8] Undefined variable: gusts D:\phpStudy\WWW\Blog\Runtime\Cache\Home\2ac6c1276904b87404ed678dbabb985c.php 第 276 行.
NOTIC: [8] Undefined variable: hits D:\phpStudy\WWW\Blog\Runtime\Cache\Home\2ac6c1276904b87404ed678dbabb985c.php 第 290 行.
NOTIC: [8] Undefined variable: link D:\phpStudy\WWW\Blog\Runtime\Cache\Home\2ac6c1276904b87404ed678dbabb985c.php 第 298 行.
NOTIC: [8] Undefined variable: num D:\phpStudy\WWW\Blog\Runtime\Cache\Home\2ac6c1276904b87404ed678dbabb985c.php 第 311 行.
NOTIC: [8] Undefined variable: num D:\phpStudy\WWW\Blog\Runtime\Cache\Home\2ac6c1276904b87404ed678dbabb985c.php 第 313 行.
NOTIC: [8] Undefined variable: num D:\phpStudy\WWW\Blog\Runtime\Cache\Home\2ac6c1276904b87404ed678dbabb985c.php 第 317 行.
NOTIC: [8] Undefined variable: num D:\phpStudy\WWW\Blog\Runtime\Cache\Home\2ac6c1276904b87404ed678dbabb985c.php 第 319 行.
NOTIC: [8] Undefined variable: system D:\phpStudy\WWW\Blog\Runtime\Cache\Home\2ac6c1276904b87404ed678dbabb985c.php 第 323 行.
NOTIC: [8] Undefined variable: num D:\phpStudy\WWW\Blog\Runtime\Cache\Home\2ac6c1276904b87404ed678dbabb985c.php 第 325 行.
NOTIC: [8] Undefined variable: num D:\phpStudy\WWW\Blog\Runtime\Cache\Home\2ac6c1276904b87404ed678dbabb985c.php 第 329 行.
NOTIC: [8] Undefined variable: num D:\phpStudy\WWW\Blog\Runtime\Cache\Home\2ac6c1276904b87404ed678dbabb985c.php 第 331 行.
NOTIC: [8] Undefined variable: system D:\phpStudy\WWW\Blog\Runtime\Cache\Home\2ac6c1276904b87404ed678dbabb985c.php 第 335 行.
NOTIC: [8] Undefined variable: version D:\phpStudy\WWW\Blog\Runtime\Cache\Home\2ac6c1276904b87404ed678dbabb985c.php 第 350 行.
NOTIC: [8] Undefined variable: f_article D:\phpStudy\WWW\Blog\Runtime\Cache\Home\2ac6c1276904b87404ed678dbabb985c.php 第 371 行.
NOTIC: [8] Undefined variable: foot_album D:\phpStudy\WWW\Blog\Runtime\Cache\Home\2ac6c1276904b87404ed678dbabb985c.php 第 376 行.
NOTIC: [8] Undefined variable: system D:\phpStudy\WWW\Blog\Runtime\Cache\Home\2ac6c1276904b87404ed678dbabb985c.php 第 384 行.
NOTIC: [8] Undefined variable: system D:\phpStudy\WWW\Blog\Runtime\Cache\Home\2ac6c1276904b87404ed678dbabb985c.php 第 387 行.
NOTIC: [8] Undefined variable: system D:\phpStudy\WWW\Blog\Runtime\Cache\Home\2ac6c1276904b87404ed678dbabb985c.php 第 387 行.
NOTIC: [8] Undefined index: ac_id D:\phpStudy\WWW\Blog\Runtime\Cache\Home\2ac6c1276904b87404ed678dbabb985c.php 第 461 行.
NOTIC: [8] Undefined index: ac_name D:\phpStudy\WWW\Blog\Runtime\Cache\Home\2ac6c1276904b87404ed678dbabb985c.php 第 467 行.
INFO: Run Behavior\ParseTemplateBehavior [ RunTime:0.143008s ]
INFO: [ view_parse ] --END-- [ RunTime:0.143008s ]
INFO: [ view_filter ] --START--
INFO: Run Behavior\WriteHtmlCacheBehavior [ RunTime:0.001000s ]
INFO: [ view_filter ] --END-- [ RunTime:0.001000s ]
INFO: [ app_end ] --START--
INFO: Run Behavior\ShowPageTraceBehavior [ RunTime:0.004000s ]
INFO: [ app_end ] --END-- [ RunTime:0.004000s ]

[ 2018-07-24T20:46:43+08:00 ] 127.0.0.1 /article/index/id/2.html
INFO: [ app_init ] --START--
INFO: Run Behavior\BuildLiteBehavior [ RunTime:0.000000s ]
INFO: [ app_init ] --END-- [ RunTime:0.001000s ]
NOTIC: [2] preg_match(): No ending delimiter '/' found D:\phpStudy\WWW\Blog\ThinkPHP\Library\Think\Route.class.php 第 58 行.
INFO: [ app_begin ] --START--
INFO: Run Behavior\ReadHtmlCacheBehavior [ RunTime:0.002000s ]
INFO: [ app_begin ] --END-- [ RunTime:0.002000s ]
SQL: SHOW COLUMNS FROM `lt_article` [ RunTime:0.0380s ]
SQL: UPDATE `lt_article` SET `a_hit`=a_hit+1 WHERE ( a_id=2 ) [ RunTime:0.0040s ]
SQL: SHOW COLUMNS FROM `lt_article_c` [ RunTime:0.0260s ]
SQL: SELECT * FROM `lt_article_c` WHERE ( ac_pid=2 )  [ RunTime:0.0010s ]
SQL: SELECT COUNT(*) AS tp_count FROM `lt_article_c` WHERE ( ac_pid=2 ) LIMIT 1   [ RunTime:0.0000s ]
SQL: SELECT * FROM lt_article a left join lt_tag t on a.tag_id=t.t_id  WHERE ( a_id=2 ) LIMIT 1   [ RunTime:0.0030s ]
SQL: SELECT * FROM `lt_article` WHERE ( a_id<2 ) ORDER BY a_id desc LIMIT 1   [ RunTime:0.0020s ]
SQL: SELECT * FROM `lt_article` WHERE ( a_id>2 ) ORDER BY a_id asc LIMIT 1   [ RunTime:0.0020s ]
SQL: SHOW COLUMNS FROM `lt_tag` [ RunTime:0.0450s ]
SQL: SELECT * FROM `lt_tag`  [ RunTime:0.0010s ]
SQL: SHOW COLUMNS FROM `lt_ppt` [ RunTime:0.0060s ]
SQL: SELECT * FROM `lt_ppt` WHERE `pp_view` = 1 ORDER BY pp_time desc LIMIT 3   [ RunTime:0.0000s ]
SQL: SELECT * FROM lt_article a left join lt_tag t on a.tag_id=t.t_id  WHERE ( a_view>0 ) ORDER BY a_time desc  [ RunTime:0.0060s ]
INFO: [ view_parse ] --START--
INFO: [ template_filter ] --START--
INFO: Run Behavior\ContentReplaceBehavior [ RunTime:0.002000s ]
INFO: [ template_filter ] --END-- [ RunTime:0.002000s ]
NOTIC: [8] Undefined variable: info D:\phpStudy\WWW\Blog\Runtime\Cache\Home\2ac6c1276904b87404ed678dbabb985c.php 第 5 行.
NOTIC: [8] Undefined variable: info D:\phpStudy\WWW\Blog\Runtime\Cache\Home\2ac6c1276904b87404ed678dbabb985c.php 第 6 行.
NOTIC: [8] Undefined variable: info D:\phpStudy\WWW\Blog\Runtime\Cache\Home\2ac6c1276904b87404ed678dbabb985c.php 第 7 行.
NOTIC: [8] Undefined variable: version D:\phpStudy\WWW\Blog\Runtime\Cache\Home\2ac6c1276904b87404ed678dbabb985c.php 第 8 行.
NOTIC: [8] Undefined variable: system D:\phpStudy\WWW\Blog\Runtime\Cache\Home\2ac6c1276904b87404ed678dbabb985c.php 第 9 行.
NOTIC: [8] Undefined variable: index D:\phpStudy\WWW\Blog\Runtime\Cache\Home\2ac6c1276904b87404ed678dbabb985c.php 第 61 行.
NOTIC: [8] Undefined variable: about D:\phpStudy\WWW\Blog\Runtime\Cache\Home\2ac6c1276904b87404ed678dbabb985c.php 第 62 行.
NOTIC: [8] Undefined variable: class D:\phpStudy\WWW\Blog\Runtime\Cache\Home\2ac6c1276904b87404ed678dbabb985c.php 第 63 行.
NOTIC: [8] Undefined variable: feel D:\phpStudy\WWW\Blog\Runtime\Cache\Home\2ac6c1276904b87404ed678dbabb985c.php 第 71 行.
NOTIC: [8] Undefined variable: album D:\phpStudy\WWW\Blog\Runtime\Cache\Home\2ac6c1276904b87404ed678dbabb985c.php 第 72 行.
NOTIC: [8] Undefined variable: friends D:\phpStudy\WWW\Blog\Runtime\Cache\Home\2ac6c1276904b87404ed678dbabb985c.php 第 73 行.
NOTIC: [8] Undefined variable: gust D:\phpStudy\WWW\Blog\Runtime\Cache\Home\2ac6c1276904b87404ed678dbabb985c.php 第 74 行.
NOTIC: [8] Undefined variable: download D:\phpStudy\WWW\Blog\Runtime\Cache\Home\2ac6c1276904b87404ed678dbabb985c.php 第 75 行.
NOTIC: [8] Undefined variable: info D:\phpStudy\WWW\Blog\Runtime\Cache\Home\2ac6c1276904b87404ed678dbabb985c.php 第 85 行.
NOTIC: [8] Undefined variable: info D:\phpStudy\WWW\Blog\Runtime\Cache\Home\2ac6c1276904b87404ed678dbabb985c.php 第 102 行.
NOTIC: [8] Undefined variable: info D:\phpStudy\WWW\Blog\Runtime\Cache\Home\2ac6c1276904b87404ed678dbabb985c.php 第 103 行.
NOTIC: [8] Undefined variable: info D:\phpStudy\WWW\Blog\Runtime\Cache\Home\2ac6c1276904b87404ed678dbabb985c.php 第 105 行.
NOTIC: [8] Undefined variable: info D:\phpStudy\WWW\Blog\Runtime\Cache\Home\2ac6c1276904b87404ed678dbabb985c.php 第 106 行.
NOTIC: [8] Undefined variable: info D:\phpStudy\WWW\Blog\Runtime\Cache\Home\2ac6c1276904b87404ed678dbabb985c.php 第 106 行.
NOTIC: [2] Missing argument 2 for getIp(), called in D:\phpStudy\WWW\Blog\Runtime\Cache\Home\2ac6c1276904b87404ed678dbabb985c.php on line 106 and defined D:\phpStudy\WWW\Blog\Application\Common\Common\function.php 第 138 行.
NOTIC: [8] Uninitialized string offset: 3 D:\phpStudy\WWW\Blog\Application\Common\Common\function.php 第 149 行.
NOTIC: [8] Undefined variable: common D:\phpStudy\WWW\Blog\Runtime\Cache\Home\2ac6c1276904b87404ed678dbabb985c.php 第 106 行.
NOTIC: [8] Undefined variable: info D:\phpStudy\WWW\Blog\Runtime\Cache\Home\2ac6c1276904b87404ed678dbabb985c.php 第 106 行.
NOTIC: [8] Use of undefined constant ture - assumed 'ture' D:\phpStudy\WWW\Blog\Runtime\Cache\Home\2ac6c1276904b87404ed678dbabb985c.php 第 111 行.
NOTIC: [8] Use of undefined constant ture - assumed 'ture' D:\phpStudy\WWW\Blog\Runtime\Cache\Home\2ac6c1276904b87404ed678dbabb985c.php 第 112 行.
NOTIC: [8] Undefined variable: version D:\phpStudy\WWW\Blog\Runtime\Cache\Home\2ac6c1276904b87404ed678dbabb985c.php 第 201 行.
NOTIC: [8] Undefined index: a_id D:\phpStudy\WWW\Blog\Runtime\Cache\Home\2ac6c1276904b87404ed678dbabb985c.php 第 211 行.
NOTIC: [8] Undefined index: key D:\phpStudy\WWW\Blog\Runtime\Cache\Home\2ac6c1276904b87404ed678dbabb985c.php 第 212 行.
NOTIC: [8] Undefined index: key D:\phpStudy\WWW\Blog\Runtime\Cache\Home\2ac6c1276904b87404ed678dbabb985c.php 第 213 行.
NOTIC: [8] Undefined index: key D:\phpStudy\WWW\Blog\Runtime\Cache\Home\2ac6c1276904b87404ed678dbabb985c.php 第 214 行.
NOTIC: [8] Undefined index: key D:\phpStudy\WWW\Blog\Runtime\Cache\Home\2ac6c1276904b87404ed678dbabb985c.php 第 215 行.
NOTIC: [8] Undefined index: key D:\phpStudy\WWW\Blog\Runtime\Cache\Home\2ac6c1276904b87404ed678dbabb985c.php 第 216 行.
NOTIC: [8] Undefined index: key D:\phpStudy\WWW\Blog\Runtime\Cache\Home\2ac6c1276904b87404ed678dbabb985c.php 第 217 行.
NOTIC: [8] Undefined index: a_id D:\phpStudy\WWW\Blog\Runtime\Cache\Home\2ac6c1276904b87404ed678dbabb985c.php 第 211 行.
NOTIC: [8] Undefined index: key D:\phpStudy\WWW\Blog\Runtime\Cache\Home\2ac6c1276904b87404ed678dbabb985c.php 第 212 行.
NOTIC: [8] Undefined index: key D:\phpStudy\WWW\Blog\Runtime\Cache\Home\2ac6c1276904b87404ed678dbabb985c.php 第 213 行.
NOTIC: [8] Undefined index: key D:\phpStudy\WWW\Blog\Runtime\Cache\Home\2ac6c1276904b87404ed678dbabb985c.php 第 214 行.
NOTIC: [8] Undefined index: key D:\phpStudy\WWW\Blog\Runtime\Cache\Home\2ac6c1276904b87404ed678dbabb985c.php 第 215 行.
NOTIC: [8] Undefined index: key D:\phpStudy\WWW\Blog\Runtime\Cache\Home\2ac6c1276904b87404ed678dbabb985c.php 第 216 行.
NOTIC: [8] Undefined index: key D:\phpStudy\WWW\Blog\Runtime\Cache\Home\2ac6c1276904b87404ed678dbabb985c.php 第 217 行.
NOTIC: [8] Undefined index: a_id D:\phpStudy\WWW\Blog\Runtime\Cache\Home\2ac6c1276904b87404ed678dbabb985c.php 第 211 行.
NOTIC: [8] Undefined index: key D:\phpStudy\WWW\Blog\Runtime\Cache\Home\2ac6c1276904b87404ed678dbabb985c.php 第 212 行.
NOTIC: [8] Undefined index: key D:\phpStudy\WWW\Blog\Runtime\Cache\Home\2ac6c1276904b87404ed678dbabb985c.php 第 213 行.
NOTIC: [8] Undefined index: key D:\phpStudy\WWW\Blog\Runtime\Cache\Home\2ac6c1276904b87404ed678dbabb985c.php 第 214 行.
NOTIC: [8] Undefined index: key D:\phpStudy\WWW\Blog\Runtime\Cache\Home\2ac6c1276904b87404ed678dbabb985c.php 第 215 行.
NOTIC: [8] Undefined index: key D:\phpStudy\WWW\Blog\Runtime\Cache\Home\2ac6c1276904b87404ed678dbabb985c.php 第 216 行.
NOTIC: [8] Undefined index: key D:\phpStudy\WWW\Blog\Runtime\Cache\Home\2ac6c1276904b87404ed678dbabb985c.php 第 217 行.
NOTIC: [8] Undefined variable: s_content D:\phpStudy\WWW\Blog\Runtime\Cache\Home\2ac6c1276904b87404ed678dbabb985c.php 第 242 行.
NOTIC: [8] Undefined variable: gusts D:\phpStudy\WWW\Blog\Runtime\Cache\Home\2ac6c1276904b87404ed678dbabb985c.php 第 276 行.
NOTIC: [8] Undefined variable: hits D:\phpStudy\WWW\Blog\Runtime\Cache\Home\2ac6c1276904b87404ed678dbabb985c.php 第 290 行.
NOTIC: [8] Undefined variable: link D:\phpStudy\WWW\Blog\Runtime\Cache\Home\2ac6c1276904b87404ed678dbabb985c.php 第 298 行.
NOTIC: [8] Undefined variable: num D:\phpStudy\WWW\Blog\Runtime\Cache\Home\2ac6c1276904b87404ed678dbabb985c.php 第 311 行.
NOTIC: [8] Undefined variable: num D:\phpStudy\WWW\Blog\Runtime\Cache\Home\2ac6c1276904b87404ed678dbabb985c.php 第 313 行.
NOTIC: [8] Undefined variable: num D:\phpStudy\WWW\Blog\Runtime\Cache\Home\2ac6c1276904b87404ed678dbabb985c.php 第 317 行.
NOTIC: [8] Undefined variable: num D:\phpStudy\WWW\Blog\Runtime\Cache\Home\2ac6c1276904b87404ed678dbabb985c.php 第 319 行.
NOTIC: [8] Undefined variable: system D:\phpStudy\WWW\Blog\Runtime\Cache\Home\2ac6c1276904b87404ed678dbabb985c.php 第 323 行.
NOTIC: [8] Undefined variable: num D:\phpStudy\WWW\Blog\Runtime\Cache\Home\2ac6c1276904b87404ed678dbabb985c.php 第 325 行.
NOTIC: [8] Undefined variable: num D:\phpStudy\WWW\Blog\Runtime\Cache\Home\2ac6c1276904b87404ed678dbabb985c.php 第 329 行.
NOTIC: [8] Undefined variable: num D:\phpStudy\WWW\Blog\Runtime\Cache\Home\2ac6c1276904b87404ed678dbabb985c.php 第 331 行.
NOTIC: [8] Undefined variable: system D:\phpStudy\WWW\Blog\Runtime\Cache\Home\2ac6c1276904b87404ed678dbabb985c.php 第 335 行.
NOTIC: [8] Undefined variable: version D:\phpStudy\WWW\Blog\Runtime\Cache\Home\2ac6c1276904b87404ed678dbabb985c.php 第 350 行.
NOTIC: [8] Undefined variable: f_article D:\phpStudy\WWW\Blog\Runtime\Cache\Home\2ac6c1276904b87404ed678dbabb985c.php 第 371 行.
NOTIC: [8] Undefined variable: foot_album D:\phpStudy\WWW\Blog\Runtime\Cache\Home\2ac6c1276904b87404ed678dbabb985c.php 第 376 行.
NOTIC: [8] Undefined variable: system D:\phpStudy\WWW\Blog\Runtime\Cache\Home\2ac6c1276904b87404ed678dbabb985c.php 第 384 行.
NOTIC: [8] Undefined variable: system D:\phpStudy\WWW\Blog\Runtime\Cache\Home\2ac6c1276904b87404ed678dbabb985c.php 第 387 行.
NOTIC: [8] Undefined variable: system D:\phpStudy\WWW\Blog\Runtime\Cache\Home\2ac6c1276904b87404ed678dbabb985c.php 第 387 行.
NOTIC: [8] Undefined index: ac_id D:\phpStudy\WWW\Blog\Runtime\Cache\Home\2ac6c1276904b87404ed678dbabb985c.php 第 461 行.
NOTIC: [8] Undefined index: ac_name D:\phpStudy\WWW\Blog\Runtime\Cache\Home\2ac6c1276904b87404ed678dbabb985c.php 第 467 行.
INFO: Run Behavior\ParseTemplateBehavior [ RunTime:0.140008s ]
INFO: [ view_parse ] --END-- [ RunTime:0.141008s ]
INFO: [ view_filter ] --START--
INFO: Run Behavior\WriteHtmlCacheBehavior [ RunTime:0.003000s ]
INFO: [ view_filter ] --END-- [ RunTime:0.003000s ]
INFO: [ app_end ] --START--
INFO: Run Behavior\ShowPageTraceBehavior [ RunTime:0.001000s ]
INFO: [ app_end ] --END-- [ RunTime:0.013000s ]

[ 2018-07-24T20:47:03+08:00 ] 127.0.0.1 /home/index/index.html
INFO: [ app_init ] --START--
INFO: Run Behavior\BuildLiteBehavior [ RunTime:0.000000s ]
INFO: [ app_init ] --END-- [ RunTime:0.001001s ]
NOTIC: [2] preg_match(): No ending delimiter '/' found D:\phpStudy\WWW\Blog\ThinkPHP\Library\Think\Route.class.php 第 58 行.
INFO: [ app_begin ] --START--
INFO: Run Behavior\ReadHtmlCacheBehavior [ RunTime:0.003000s ]
INFO: [ app_begin ] --END-- [ RunTime:0.004000s ]
SQL: SHOW COLUMNS FROM `lt_tag` [ RunTime:0.0300s ]
SQL: SELECT * FROM `lt_tag`  [ RunTime:0.0030s ]
SQL: SHOW COLUMNS FROM `lt_ppt` [ RunTime:0.0460s ]
SQL: SELECT * FROM `lt_ppt` WHERE `pp_view` = 1 ORDER BY pp_time desc LIMIT 3   [ RunTime:0.0020s ]
SQL: SHOW COLUMNS FROM `lt_article` [ RunTime:0.0440s ]
SQL: SELECT * FROM lt_article a left join lt_tag t on a.tag_id=t.t_id  WHERE ( a_view>0 ) ORDER BY a_time desc  [ RunTime:0.0080s ]
INFO: [ view_parse ] --START--
INFO: [ template_filter ] --START--
INFO: Run Behavior\ContentReplaceBehavior [ RunTime:0.002000s ]
INFO: [ template_filter ] --END-- [ RunTime:0.002000s ]
NOTIC: [8] Undefined variable: index D:\phpStudy\WWW\Blog\Runtime\Cache\Home\2a94b8bda04ff446dcedd42276fc99ee.php 第 42 行.
NOTIC: [8] Undefined variable: about D:\phpStudy\WWW\Blog\Runtime\Cache\Home\2a94b8bda04ff446dcedd42276fc99ee.php 第 43 行.
NOTIC: [8] Undefined variable: class D:\phpStudy\WWW\Blog\Runtime\Cache\Home\2a94b8bda04ff446dcedd42276fc99ee.php 第 44 行.
NOTIC: [8] Undefined variable: feel D:\phpStudy\WWW\Blog\Runtime\Cache\Home\2a94b8bda04ff446dcedd42276fc99ee.php 第 52 行.
NOTIC: [8] Undefined variable: album D:\phpStudy\WWW\Blog\Runtime\Cache\Home\2a94b8bda04ff446dcedd42276fc99ee.php 第 53 行.
NOTIC: [8] Undefined variable: friends D:\phpStudy\WWW\Blog\Runtime\Cache\Home\2a94b8bda04ff446dcedd42276fc99ee.php 第 54 行.
NOTIC: [8] Undefined variable: gust D:\phpStudy\WWW\Blog\Runtime\Cache\Home\2a94b8bda04ff446dcedd42276fc99ee.php 第 55 行.
NOTIC: [8] Undefined variable: download D:\phpStudy\WWW\Blog\Runtime\Cache\Home\2a94b8bda04ff446dcedd42276fc99ee.php 第 56 行.
NOTIC: [8] Undefined variable: v D:\phpStudy\WWW\Blog\Runtime\Cache\Home\2a94b8bda04ff446dcedd42276fc99ee.php 第 81 行.
NOTIC: [8] Undefined variable: tmp D:\phpStudy\WWW\Blog\Application\Common\Common\function.php 第 297 行.
NOTIC: [8] Undefined variable: v D:\phpStudy\WWW\Blog\Runtime\Cache\Home\2a94b8bda04ff446dcedd42276fc99ee.php 第 81 行.
NOTIC: [8] Undefined variable: tmp D:\phpStudy\WWW\Blog\Application\Common\Common\function.php 第 297 行.
NOTIC: [8] Undefined variable: v D:\phpStudy\WWW\Blog\Runtime\Cache\Home\2a94b8bda04ff446dcedd42276fc99ee.php 第 81 行.
NOTIC: [8] Undefined variable: tmp D:\phpStudy\WWW\Blog\Application\Common\Common\function.php 第 297 行.
NOTIC: [8] Undefined variable: version D:\phpStudy\WWW\Blog\Runtime\Cache\Home\2a94b8bda04ff446dcedd42276fc99ee.php 第 116 行.
NOTIC: [8] Undefined index: key D:\phpStudy\WWW\Blog\Runtime\Cache\Home\2a94b8bda04ff446dcedd42276fc99ee.php 第 127 行.
NOTIC: [8] Undefined index: key D:\phpStudy\WWW\Blog\Runtime\Cache\Home\2a94b8bda04ff446dcedd42276fc99ee.php 第 128 行.
NOTIC: [8] Undefined index: key D:\phpStudy\WWW\Blog\Runtime\Cache\Home\2a94b8bda04ff446dcedd42276fc99ee.php 第 129 行.
NOTIC: [8] Undefined index: key D:\phpStudy\WWW\Blog\Runtime\Cache\Home\2a94b8bda04ff446dcedd42276fc99ee.php 第 130 行.
NOTIC: [8] Undefined index: key D:\phpStudy\WWW\Blog\Runtime\Cache\Home\2a94b8bda04ff446dcedd42276fc99ee.php 第 131 行.
NOTIC: [8] Undefined index: key D:\phpStudy\WWW\Blog\Runtime\Cache\Home\2a94b8bda04ff446dcedd42276fc99ee.php 第 132 行.
NOTIC: [8] Undefined index: key D:\phpStudy\WWW\Blog\Runtime\Cache\Home\2a94b8bda04ff446dcedd42276fc99ee.php 第 127 行.
NOTIC: [8] Undefined index: key D:\phpStudy\WWW\Blog\Runtime\Cache\Home\2a94b8bda04ff446dcedd42276fc99ee.php 第 128 行.
NOTIC: [8] Undefined index: key D:\phpStudy\WWW\Blog\Runtime\Cache\Home\2a94b8bda04ff446dcedd42276fc99ee.php 第 129 行.
NOTIC: [8] Undefined index: key D:\phpStudy\WWW\Blog\Runtime\Cache\Home\2a94b8bda04ff446dcedd42276fc99ee.php 第 130 行.
NOTIC: [8] Undefined index: key D:\phpStudy\WWW\Blog\Runtime\Cache\Home\2a94b8bda04ff446dcedd42276fc99ee.php 第 131 行.
NOTIC: [8] Undefined index: key D:\phpStudy\WWW\Blog\Runtime\Cache\Home\2a94b8bda04ff446dcedd42276fc99ee.php 第 132 行.
NOTIC: [8] Undefined index: key D:\phpStudy\WWW\Blog\Runtime\Cache\Home\2a94b8bda04ff446dcedd42276fc99ee.php 第 127 行.
NOTIC: [8] Undefined index: key D:\phpStudy\WWW\Blog\Runtime\Cache\Home\2a94b8bda04ff446dcedd42276fc99ee.php 第 128 行.
NOTIC: [8] Undefined index: key D:\phpStudy\WWW\Blog\Runtime\Cache\Home\2a94b8bda04ff446dcedd42276fc99ee.php 第 129 行.
NOTIC: [8] Undefined index: key D:\phpStudy\WWW\Blog\Runtime\Cache\Home\2a94b8bda04ff446dcedd42276fc99ee.php 第 130 行.
NOTIC: [8] Undefined index: key D:\phpStudy\WWW\Blog\Runtime\Cache\Home\2a94b8bda04ff446dcedd42276fc99ee.php 第 131 行.
NOTIC: [8] Undefined index: key D:\phpStudy\WWW\Blog\Runtime\Cache\Home\2a94b8bda04ff446dcedd42276fc99ee.php 第 132 行.
NOTIC: [8] Undefined variable: s_content D:\phpStudy\WWW\Blog\Runtime\Cache\Home\2a94b8bda04ff446dcedd42276fc99ee.php 第 157 行.
NOTIC: [8] Undefined variable: gusts D:\phpStudy\WWW\Blog\Runtime\Cache\Home\2a94b8bda04ff446dcedd42276fc99ee.php 第 191 行.
NOTIC: [8] Undefined variable: hits D:\phpStudy\WWW\Blog\Runtime\Cache\Home\2a94b8bda04ff446dcedd42276fc99ee.php 第 205 行.
NOTIC: [8] Undefined variable: link D:\phpStudy\WWW\Blog\Runtime\Cache\Home\2a94b8bda04ff446dcedd42276fc99ee.php 第 213 行.
NOTIC: [8] Undefined variable: num D:\phpStudy\WWW\Blog\Runtime\Cache\Home\2a94b8bda04ff446dcedd42276fc99ee.php 第 226 行.
NOTIC: [8] Undefined variable: num D:\phpStudy\WWW\Blog\Runtime\Cache\Home\2a94b8bda04ff446dcedd42276fc99ee.php 第 228 行.
NOTIC: [8] Undefined variable: num D:\phpStudy\WWW\Blog\Runtime\Cache\Home\2a94b8bda04ff446dcedd42276fc99ee.php 第 232 行.
NOTIC: [8] Undefined variable: num D:\phpStudy\WWW\Blog\Runtime\Cache\Home\2a94b8bda04ff446dcedd42276fc99ee.php 第 234 行.
NOTIC: [8] Undefined variable: system D:\phpStudy\WWW\Blog\Runtime\Cache\Home\2a94b8bda04ff446dcedd42276fc99ee.php 第 238 行.
NOTIC: [8] Undefined variable: num D:\phpStudy\WWW\Blog\Runtime\Cache\Home\2a94b8bda04ff446dcedd42276fc99ee.php 第 240 行.
NOTIC: [8] Undefined variable: num D:\phpStudy\WWW\Blog\Runtime\Cache\Home\2a94b8bda04ff446dcedd42276fc99ee.php 第 244 行.
NOTIC: [8] Undefined variable: num D:\phpStudy\WWW\Blog\Runtime\Cache\Home\2a94b8bda04ff446dcedd42276fc99ee.php 第 246 行.
NOTIC: [8] Undefined variable: system D:\phpStudy\WWW\Blog\Runtime\Cache\Home\2a94b8bda04ff446dcedd42276fc99ee.php 第 250 行.
NOTIC: [8] Undefined variable: version D:\phpStudy\WWW\Blog\Runtime\Cache\Home\2a94b8bda04ff446dcedd42276fc99ee.php 第 265 行.
NOTIC: [8] Undefined variable: f_article D:\phpStudy\WWW\Blog\Runtime\Cache\Home\2a94b8bda04ff446dcedd42276fc99ee.php 第 286 行.
NOTIC: [8] Undefined variable: foot_album D:\phpStudy\WWW\Blog\Runtime\Cache\Home\2a94b8bda04ff446dcedd42276fc99ee.php 第 291 行.
NOTIC: [8] Undefined variable: system D:\phpStudy\WWW\Blog\Runtime\Cache\Home\2a94b8bda04ff446dcedd42276fc99ee.php 第 299 行.
NOTIC: [8] Undefined variable: system D:\phpStudy\WWW\Blog\Runtime\Cache\Home\2a94b8bda04ff446dcedd42276fc99ee.php 第 302 行.
NOTIC: [8] Undefined variable: system D:\phpStudy\WWW\Blog\Runtime\Cache\Home\2a94b8bda04ff446dcedd42276fc99ee.php 第 302 行.
INFO: Run Behavior\ParseTemplateBehavior [ RunTime:0.091005s ]
INFO: [ view_parse ] --END-- [ RunTime:0.091005s ]
INFO: [ view_filter ] --START--
INFO: Run Behavior\WriteHtmlCacheBehavior [ RunTime:0.001000s ]
INFO: [ view_filter ] --END-- [ RunTime:0.001000s ]
INFO: [ app_end ] --START--
INFO: Run Behavior\ShowPageTraceBehavior [ RunTime:0.002000s ]
INFO: [ app_end ] --END-- [ RunTime:0.002000s ]

[ 2018-07-24T20:51:14+08:00 ] 127.0.0.1 /Home/gust/index.html
INFO: [ app_init ] --START--
INFO: Run Behavior\BuildLiteBehavior [ RunTime:0.000000s ]
INFO: [ app_init ] --END-- [ RunTime:0.001000s ]
NOTIC: [2] preg_match(): No ending delimiter '/' found D:\phpStudy\WWW\Blog\ThinkPHP\Library\Think\Route.class.php 第 58 行.
INFO: [ app_begin ] --START--
INFO: Run Behavior\ReadHtmlCacheBehavior [ RunTime:0.002000s ]
INFO: [ app_begin ] --END-- [ RunTime:0.002000s ]
SQL: SHOW COLUMNS FROM `lt_tag` [ RunTime:0.0490s ]
SQL: SELECT * FROM `lt_tag`  [ RunTime:0.0020s ]
SQL: SELECT * FROM `lt_tag`  [ RunTime:0.0010s ]
SQL: SHOW COLUMNS FROM `lt_ppt` [ RunTime:0.0340s ]
SQL: SELECT * FROM `lt_ppt` WHERE `pp_view` = 1 ORDER BY pp_time desc LIMIT 3   [ RunTime:0.0010s ]
SQL: SHOW COLUMNS FROM `lt_article` [ RunTime:0.0350s ]
SQL: SELECT * FROM lt_article a left join lt_tag t on a.tag_id=t.t_id  WHERE ( a_view>0 ) ORDER BY a_time desc  [ RunTime:0.0070s ]
NOTIC: D方法实例化没找到模型类admin\Model\GustModel
SQL: SHOW COLUMNS FROM `lt_gust` [ RunTime:0.0890s ]
SQL: SELECT * FROM `lt_gust` ORDER BY g_time desc LIMIT 3   [ RunTime:0.0010s ]
INFO: [ view_parse ] --START--
INFO: [ template_filter ] --START--
INFO: Run Behavior\ContentReplaceBehavior [ RunTime:0.001000s ]
INFO: [ template_filter ] --END-- [ RunTime:0.001000s ]
NOTIC: [8] Undefined variable: system D:\phpStudy\WWW\Blog\Runtime\Cache\Home\8c78c0dd71ed1f0c997a5ffe854719d5.php 第 6 行.
NOTIC: [8] Undefined variable: system D:\phpStudy\WWW\Blog\Runtime\Cache\Home\8c78c0dd71ed1f0c997a5ffe854719d5.php 第 7 行.
NOTIC: [8] Undefined variable: version D:\phpStudy\WWW\Blog\Runtime\Cache\Home\8c78c0dd71ed1f0c997a5ffe854719d5.php 第 8 行.
NOTIC: [8] Undefined variable: system D:\phpStudy\WWW\Blog\Runtime\Cache\Home\8c78c0dd71ed1f0c997a5ffe854719d5.php 第 9 行.
NOTIC: [8] Undefined variable: index D:\phpStudy\WWW\Blog\Runtime\Cache\Home\8c78c0dd71ed1f0c997a5ffe854719d5.php 第 54 行.
NOTIC: [8] Undefined variable: about D:\phpStudy\WWW\Blog\Runtime\Cache\Home\8c78c0dd71ed1f0c997a5ffe854719d5.php 第 55 行.
NOTIC: [8] Undefined variable: class D:\phpStudy\WWW\Blog\Runtime\Cache\Home\8c78c0dd71ed1f0c997a5ffe854719d5.php 第 56 行.
NOTIC: [8] Undefined variable: feel D:\phpStudy\WWW\Blog\Runtime\Cache\Home\8c78c0dd71ed1f0c997a5ffe854719d5.php 第 64 行.
NOTIC: [8] Undefined variable: album D:\phpStudy\WWW\Blog\Runtime\Cache\Home\8c78c0dd71ed1f0c997a5ffe854719d5.php 第 65 行.
NOTIC: [8] Undefined variable: friends D:\phpStudy\WWW\Blog\Runtime\Cache\Home\8c78c0dd71ed1f0c997a5ffe854719d5.php 第 66 行.
NOTIC: [8] Undefined variable: gust D:\phpStudy\WWW\Blog\Runtime\Cache\Home\8c78c0dd71ed1f0c997a5ffe854719d5.php 第 67 行.
NOTIC: [8] Undefined variable: download D:\phpStudy\WWW\Blog\Runtime\Cache\Home\8c78c0dd71ed1f0c997a5ffe854719d5.php 第 68 行.
NOTIC: [8] Undefined index: ip D:\phpStudy\WWW\Blog\Runtime\Cache\Home\8c78c0dd71ed1f0c997a5ffe854719d5.php 第 94 行.
NOTIC: [8] Undefined variable: system D:\phpStudy\WWW\Blog\Runtime\Cache\Home\8c78c0dd71ed1f0c997a5ffe854719d5.php 第 98 行.
NOTIC: [8] Undefined index: g_rname D:\phpStudy\WWW\Blog\Runtime\Cache\Home\8c78c0dd71ed1f0c997a5ffe854719d5.php 第 98 行.
NOTIC: [8] Undefined index: ip D:\phpStudy\WWW\Blog\Runtime\Cache\Home\8c78c0dd71ed1f0c997a5ffe854719d5.php 第 94 行.
NOTIC: [8] Undefined variable: system D:\phpStudy\WWW\Blog\Runtime\Cache\Home\8c78c0dd71ed1f0c997a5ffe854719d5.php 第 98 行.
NOTIC: [8] Undefined index: g_rname D:\phpStudy\WWW\Blog\Runtime\Cache\Home\8c78c0dd71ed1f0c997a5ffe854719d5.php 第 98 行.
NOTIC: [8] Undefined index: ip D:\phpStudy\WWW\Blog\Runtime\Cache\Home\8c78c0dd71ed1f0c997a5ffe854719d5.php 第 94 行.
NOTIC: [8] Undefined variable: system D:\phpStudy\WWW\Blog\Runtime\Cache\Home\8c78c0dd71ed1f0c997a5ffe854719d5.php 第 98 行.
NOTIC: [8] Undefined index: g_rname D:\phpStudy\WWW\Blog\Runtime\Cache\Home\8c78c0dd71ed1f0c997a5ffe854719d5.php 第 98 行.
NOTIC: [8] Undefined index: a_id D:\phpStudy\WWW\Blog\Runtime\Cache\Home\8c78c0dd71ed1f0c997a5ffe854719d5.php 第 131 行.
NOTIC: [8] Undefined variable: version D:\phpStudy\WWW\Blog\Runtime\Cache\Home\8c78c0dd71ed1f0c997a5ffe854719d5.php 第 161 行.
NOTIC: [8] Undefined index: a_id D:\phpStudy\WWW\Blog\Runtime\Cache\Home\8c78c0dd71ed1f0c997a5ffe854719d5.php 第 171 行.
NOTIC: [8] Undefined index: key D:\phpStudy\WWW\Blog\Runtime\Cache\Home\8c78c0dd71ed1f0c997a5ffe854719d5.php 第 172 行.
NOTIC: [8] Undefined index: key D:\phpStudy\WWW\Blog\Runtime\Cache\Home\8c78c0dd71ed1f0c997a5ffe854719d5.php 第 173 行.
NOTIC: [8] Undefined index: key D:\phpStudy\WWW\Blog\Runtime\Cache\Home\8c78c0dd71ed1f0c997a5ffe854719d5.php 第 174 行.
NOTIC: [8] Undefined index: key D:\phpStudy\WWW\Blog\Runtime\Cache\Home\8c78c0dd71ed1f0c997a5ffe854719d5.php 第 175 行.
NOTIC: [8] Undefined index: key D:\phpStudy\WWW\Blog\Runtime\Cache\Home\8c78c0dd71ed1f0c997a5ffe854719d5.php 第 176 行.
NOTIC: [8] Undefined index: key D:\phpStudy\WWW\Blog\Runtime\Cache\Home\8c78c0dd71ed1f0c997a5ffe854719d5.php 第 177 行.
NOTIC: [8] Undefined index: a_id D:\phpStudy\WWW\Blog\Runtime\Cache\Home\8c78c0dd71ed1f0c997a5ffe854719d5.php 第 171 行.
NOTIC: [8] Undefined index: key D:\phpStudy\WWW\Blog\Runtime\Cache\Home\8c78c0dd71ed1f0c997a5ffe854719d5.php 第 172 行.
NOTIC: [8] Undefined index: key D:\phpStudy\WWW\Blog\Runtime\Cache\Home\8c78c0dd71ed1f0c997a5ffe854719d5.php 第 173 行.
NOTIC: [8] Undefined index: key D:\phpStudy\WWW\Blog\Runtime\Cache\Home\8c78c0dd71ed1f0c997a5ffe854719d5.php 第 174 行.
NOTIC: [8] Undefined index: key D:\phpStudy\WWW\Blog\Runtime\Cache\Home\8c78c0dd71ed1f0c997a5ffe854719d5.php 第 175 行.
NOTIC: [8] Undefined index: key D:\phpStudy\WWW\Blog\Runtime\Cache\Home\8c78c0dd71ed1f0c997a5ffe854719d5.php 第 176 行.
NOTIC: [8] Undefined index: key D:\phpStudy\WWW\Blog\Runtime\Cache\Home\8c78c0dd71ed1f0c997a5ffe854719d5.php 第 177 行.
NOTIC: [8] Undefined index: a_id D:\phpStudy\WWW\Blog\Runtime\Cache\Home\8c78c0dd71ed1f0c997a5ffe854719d5.php 第 171 行.
NOTIC: [8] Undefined index: key D:\phpStudy\WWW\Blog\Runtime\Cache\Home\8c78c0dd71ed1f0c997a5ffe854719d5.php 第 172 行.
NOTIC: [8] Undefined index: key D:\phpStudy\WWW\Blog\Runtime\Cache\Home\8c78c0dd71ed1f0c997a5ffe854719d5.php 第 173 行.
NOTIC: [8] Undefined index: key D:\phpStudy\WWW\Blog\Runtime\Cache\Home\8c78c0dd71ed1f0c997a5ffe854719d5.php 第 174 行.
NOTIC: [8] Undefined index: key D:\phpStudy\WWW\Blog\Runtime\Cache\Home\8c78c0dd71ed1f0c997a5ffe854719d5.php 第 175 行.
NOTIC: [8] Undefined index: key D:\phpStudy\WWW\Blog\Runtime\Cache\Home\8c78c0dd71ed1f0c997a5ffe854719d5.php 第 176 行.
NOTIC: [8] Undefined index: key D:\phpStudy\WWW\Blog\Runtime\Cache\Home\8c78c0dd71ed1f0c997a5ffe854719d5.php 第 177 行.
NOTIC: [8] Undefined variable: s_content D:\phpStudy\WWW\Blog\Runtime\Cache\Home\8c78c0dd71ed1f0c997a5ffe854719d5.php 第 202 行.
NOTIC: [8] Undefined variable: gusts D:\phpStudy\WWW\Blog\Runtime\Cache\Home\8c78c0dd71ed1f0c997a5ffe854719d5.php 第 236 行.
NOTIC: [8] Undefined variable: hits D:\phpStudy\WWW\Blog\Runtime\Cache\Home\8c78c0dd71ed1f0c997a5ffe854719d5.php 第 250 行.
NOTIC: [8] Undefined variable: link D:\phpStudy\WWW\Blog\Runtime\Cache\Home\8c78c0dd71ed1f0c997a5ffe854719d5.php 第 258 行.
NOTIC: [8] Undefined variable: num D:\phpStudy\WWW\Blog\Runtime\Cache\Home\8c78c0dd71ed1f0c997a5ffe854719d5.php 第 271 行.
NOTIC: [8] Undefined variable: num D:\phpStudy\WWW\Blog\Runtime\Cache\Home\8c78c0dd71ed1f0c997a5ffe854719d5.php 第 273 行.
NOTIC: [8] Undefined variable: num D:\phpStudy\WWW\Blog\Runtime\Cache\Home\8c78c0dd71ed1f0c997a5ffe854719d5.php 第 277 行.
NOTIC: [8] Undefined variable: num D:\phpStudy\WWW\Blog\Runtime\Cache\Home\8c78c0dd71ed1f0c997a5ffe854719d5.php 第 279 行.
NOTIC: [8] Undefined variable: system D:\phpStudy\WWW\Blog\Runtime\Cache\Home\8c78c0dd71ed1f0c997a5ffe854719d5.php 第 283 行.
NOTIC: [8] Undefined variable: num D:\phpStudy\WWW\Blog\Runtime\Cache\Home\8c78c0dd71ed1f0c997a5ffe854719d5.php 第 285 行.
NOTIC: [8] Undefined variable: num D:\phpStudy\WWW\Blog\Runtime\Cache\Home\8c78c0dd71ed1f0c997a5ffe854719d5.php 第 289 行.
NOTIC: [8] Undefined variable: num D:\phpStudy\WWW\Blog\Runtime\Cache\Home\8c78c0dd71ed1f0c997a5ffe854719d5.php 第 291 行.
NOTIC: [8] Undefined variable: system D:\phpStudy\WWW\Blog\Runtime\Cache\Home\8c78c0dd71ed1f0c997a5ffe854719d5.php 第 295 行.
NOTIC: [8] Undefined variable: version D:\phpStudy\WWW\Blog\Runtime\Cache\Home\8c78c0dd71ed1f0c997a5ffe854719d5.php 第 310 行.
NOTIC: [8] Undefined variable: f_article D:\phpStudy\WWW\Blog\Runtime\Cache\Home\8c78c0dd71ed1f0c997a5ffe854719d5.php 第 331 行.
NOTIC: [8] Undefined variable: foot_album D:\phpStudy\WWW\Blog\Runtime\Cache\Home\8c78c0dd71ed1f0c997a5ffe854719d5.php 第 336 行.
NOTIC: [8] Undefined variable: system D:\phpStudy\WWW\Blog\Runtime\Cache\Home\8c78c0dd71ed1f0c997a5ffe854719d5.php 第 344 行.
NOTIC: [8] Undefined variable: system D:\phpStudy\WWW\Blog\Runtime\Cache\Home\8c78c0dd71ed1f0c997a5ffe854719d5.php 第 347 行.
NOTIC: [8] Undefined variable: system D:\phpStudy\WWW\Blog\Runtime\Cache\Home\8c78c0dd71ed1f0c997a5ffe854719d5.php 第 347 行.
INFO: Run Behavior\ParseTemplateBehavior [ RunTime:0.172010s ]
INFO: [ view_parse ] --END-- [ RunTime:0.172010s ]
INFO: [ view_filter ] --START--
INFO: Run Behavior\WriteHtmlCacheBehavior [ RunTime:0.001000s ]
INFO: [ view_filter ] --END-- [ RunTime:0.001000s ]
INFO: [ app_end ] --START--
INFO: Run Behavior\ShowPageTraceBehavior [ RunTime:0.003000s ]
INFO: [ app_end ] --END-- [ RunTime:0.003000s ]

[ 2018-07-24T20:51:19+08:00 ] 127.0.0.1 /Gust/ajaxlist.html
INFO: [ app_init ] --START--
INFO: Run Behavior\BuildLiteBehavior [ RunTime:0.000000s ]
INFO: [ app_init ] --END-- [ RunTime:0.000000s ]
NOTIC: [2] preg_match(): No ending delimiter '/' found D:\phpStudy\WWW\Blog\ThinkPHP\Library\Think\Route.class.php 第 58 行.
INFO: [ app_begin ] --START--
INFO: Run Behavior\ReadHtmlCacheBehavior [ RunTime:0.000000s ]
INFO: [ app_begin ] --END-- [ RunTime:0.000000s ]
NOTIC: D方法实例化没找到模型类admin\Model\GustModel
SQL: SHOW COLUMNS FROM `lt_gust` [ RunTime:0.0320s ]
SQL: SELECT * FROM `lt_gust` ORDER BY g_time desc LIMIT 3,3   [ RunTime:0.0010s ]
INFO: [ app_end ] --START--
INFO: Run Behavior\ShowPageTraceBehavior [ RunTime:0.002000s ]
INFO: [ app_end ] --END-- [ RunTime:0.002000s ]

[ 2018-07-24T20:51:29+08:00 ] 127.0.0.1 /Home/gust/index.html
INFO: [ app_init ] --START--
INFO: Run Behavior\BuildLiteBehavior [ RunTime:0.001000s ]
INFO: [ app_init ] --END-- [ RunTime:0.002000s ]
NOTIC: [2] preg_match(): No ending delimiter '/' found D:\phpStudy\WWW\Blog\ThinkPHP\Library\Think\Route.class.php 第 58 行.
INFO: [ app_begin ] --START--
INFO: Run Behavior\ReadHtmlCacheBehavior [ RunTime:0.004000s ]
INFO: [ app_begin ] --END-- [ RunTime:0.004000s ]
SQL: SHOW COLUMNS FROM `lt_tag` [ RunTime:0.0480s ]
SQL: SELECT * FROM `lt_tag`  [ RunTime:0.0010s ]
SQL: SELECT * FROM `lt_tag`  [ RunTime:0.0010s ]
SQL: SHOW COLUMNS FROM `lt_ppt` [ RunTime:0.0110s ]
SQL: SELECT * FROM `lt_ppt` WHERE `pp_view` = 1 ORDER BY pp_time desc LIMIT 3   [ RunTime:0.0010s ]
SQL: SHOW COLUMNS FROM `lt_article` [ RunTime:0.0070s ]
SQL: SELECT * FROM lt_article a left join lt_tag t on a.tag_id=t.t_id  WHERE ( a_view>0 ) ORDER BY a_time desc  [ RunTime:0.0080s ]
NOTIC: D方法实例化没找到模型类admin\Model\GustModel
SQL: SHOW COLUMNS FROM `lt_gust` [ RunTime:0.0210s ]
SQL: SELECT * FROM `lt_gust` ORDER BY g_time desc LIMIT 3   [ RunTime:0.0020s ]
INFO: [ view_parse ] --START--
INFO: [ template_filter ] --START--
INFO: Run Behavior\ContentReplaceBehavior [ RunTime:0.001000s ]
INFO: [ template_filter ] --END-- [ RunTime:0.001000s ]
NOTIC: [8] Undefined variable: system D:\phpStudy\WWW\Blog\Runtime\Cache\Home\8c78c0dd71ed1f0c997a5ffe854719d5.php 第 6 行.
NOTIC: [8] Undefined variable: system D:\phpStudy\WWW\Blog\Runtime\Cache\Home\8c78c0dd71ed1f0c997a5ffe854719d5.php 第 7 行.
NOTIC: [8] Undefined variable: version D:\phpStudy\WWW\Blog\Runtime\Cache\Home\8c78c0dd71ed1f0c997a5ffe854719d5.php 第 8 行.
NOTIC: [8] Undefined variable: system D:\phpStudy\WWW\Blog\Runtime\Cache\Home\8c78c0dd71ed1f0c997a5ffe854719d5.php 第 9 行.
NOTIC: [8] Undefined variable: index D:\phpStudy\WWW\Blog\Runtime\Cache\Home\8c78c0dd71ed1f0c997a5ffe854719d5.php 第 54 行.
NOTIC: [8] Undefined variable: about D:\phpStudy\WWW\Blog\Runtime\Cache\Home\8c78c0dd71ed1f0c997a5ffe854719d5.php 第 55 行.
NOTIC: [8] Undefined variable: class D:\phpStudy\WWW\Blog\Runtime\Cache\Home\8c78c0dd71ed1f0c997a5ffe854719d5.php 第 56 行.
NOTIC: [8] Undefined variable: feel D:\phpStudy\WWW\Blog\Runtime\Cache\Home\8c78c0dd71ed1f0c997a5ffe854719d5.php 第 64 行.
NOTIC: [8] Undefined variable: album D:\phpStudy\WWW\Blog\Runtime\Cache\Home\8c78c0dd71ed1f0c997a5ffe854719d5.php 第 65 行.
NOTIC: [8] Undefined variable: friends D:\phpStudy\WWW\Blog\Runtime\Cache\Home\8c78c0dd71ed1f0c997a5ffe854719d5.php 第 66 行.
NOTIC: [8] Undefined variable: gust D:\phpStudy\WWW\Blog\Runtime\Cache\Home\8c78c0dd71ed1f0c997a5ffe854719d5.php 第 67 行.
NOTIC: [8] Undefined variable: download D:\phpStudy\WWW\Blog\Runtime\Cache\Home\8c78c0dd71ed1f0c997a5ffe854719d5.php 第 68 行.
NOTIC: [8] Undefined index: ip D:\phpStudy\WWW\Blog\Runtime\Cache\Home\8c78c0dd71ed1f0c997a5ffe854719d5.php 第 94 行.
NOTIC: [8] Undefined variable: system D:\phpStudy\WWW\Blog\Runtime\Cache\Home\8c78c0dd71ed1f0c997a5ffe854719d5.php 第 98 行.
NOTIC: [8] Undefined index: g_rname D:\phpStudy\WWW\Blog\Runtime\Cache\Home\8c78c0dd71ed1f0c997a5ffe854719d5.php 第 98 行.
NOTIC: [8] Undefined index: ip D:\phpStudy\WWW\Blog\Runtime\Cache\Home\8c78c0dd71ed1f0c997a5ffe854719d5.php 第 94 行.
NOTIC: [8] Undefined variable: system D:\phpStudy\WWW\Blog\Runtime\Cache\Home\8c78c0dd71ed1f0c997a5ffe854719d5.php 第 98 行.
NOTIC: [8] Undefined index: g_rname D:\phpStudy\WWW\Blog\Runtime\Cache\Home\8c78c0dd71ed1f0c997a5ffe854719d5.php 第 98 行.
NOTIC: [8] Undefined index: ip D:\phpStudy\WWW\Blog\Runtime\Cache\Home\8c78c0dd71ed1f0c997a5ffe854719d5.php 第 94 行.
NOTIC: [8] Undefined variable: system D:\phpStudy\WWW\Blog\Runtime\Cache\Home\8c78c0dd71ed1f0c997a5ffe854719d5.php 第 98 行.
NOTIC: [8] Undefined index: g_rname D:\phpStudy\WWW\Blog\Runtime\Cache\Home\8c78c0dd71ed1f0c997a5ffe854719d5.php 第 98 行.
NOTIC: [8] Undefined index: a_id D:\phpStudy\WWW\Blog\Runtime\Cache\Home\8c78c0dd71ed1f0c997a5ffe854719d5.php 第 131 行.
NOTIC: [8] Undefined variable: version D:\phpStudy\WWW\Blog\Runtime\Cache\Home\8c78c0dd71ed1f0c997a5ffe854719d5.php 第 161 行.
NOTIC: [8] Undefined index: a_id D:\phpStudy\WWW\Blog\Runtime\Cache\Home\8c78c0dd71ed1f0c997a5ffe854719d5.php 第 171 行.
NOTIC: [8] Undefined index: key D:\phpStudy\WWW\Blog\Runtime\Cache\Home\8c78c0dd71ed1f0c997a5ffe854719d5.php 第 172 行.
NOTIC: [8] Undefined index: key D:\phpStudy\WWW\Blog\Runtime\Cache\Home\8c78c0dd71ed1f0c997a5ffe854719d5.php 第 173 行.
NOTIC: [8] Undefined index: key D:\phpStudy\WWW\Blog\Runtime\Cache\Home\8c78c0dd71ed1f0c997a5ffe854719d5.php 第 174 行.
NOTIC: [8] Undefined index: key D:\phpStudy\WWW\Blog\Runtime\Cache\Home\8c78c0dd71ed1f0c997a5ffe854719d5.php 第 175 行.
NOTIC: [8] Undefined index: key D:\phpStudy\WWW\Blog\Runtime\Cache\Home\8c78c0dd71ed1f0c997a5ffe854719d5.php 第 176 行.
NOTIC: [8] Undefined index: key D:\phpStudy\WWW\Blog\Runtime\Cache\Home\8c78c0dd71ed1f0c997a5ffe854719d5.php 第 177 行.
NOTIC: [8] Undefined index: a_id D:\phpStudy\WWW\Blog\Runtime\Cache\Home\8c78c0dd71ed1f0c997a5ffe854719d5.php 第 171 行.
NOTIC: [8] Undefined index: key D:\phpStudy\WWW\Blog\Runtime\Cache\Home\8c78c0dd71ed1f0c997a5ffe854719d5.php 第 172 行.
NOTIC: [8] Undefined index: key D:\phpStudy\WWW\Blog\Runtime\Cache\Home\8c78c0dd71ed1f0c997a5ffe854719d5.php 第 173 行.
NOTIC: [8] Undefined index: key D:\phpStudy\WWW\Blog\Runtime\Cache\Home\8c78c0dd71ed1f0c997a5ffe854719d5.php 第 174 行.
NOTIC: [8] Undefined index: key D:\phpStudy\WWW\Blog\Runtime\Cache\Home\8c78c0dd71ed1f0c997a5ffe854719d5.php 第 175 行.
NOTIC: [8] Undefined index: key D:\phpStudy\WWW\Blog\Runtime\Cache\Home\8c78c0dd71ed1f0c997a5ffe854719d5.php 第 176 行.
NOTIC: [8] Undefined index: key D:\phpStudy\WWW\Blog\Runtime\Cache\Home\8c78c0dd71ed1f0c997a5ffe854719d5.php 第 177 行.
NOTIC: [8] Undefined index: a_id D:\phpStudy\WWW\Blog\Runtime\Cache\Home\8c78c0dd71ed1f0c997a5ffe854719d5.php 第 171 行.
NOTIC: [8] Undefined index: key D:\phpStudy\WWW\Blog\Runtime\Cache\Home\8c78c0dd71ed1f0c997a5ffe854719d5.php 第 172 行.
NOTIC: [8] Undefined index: key D:\phpStudy\WWW\Blog\Runtime\Cache\Home\8c78c0dd71ed1f0c997a5ffe854719d5.php 第 173 行.
NOTIC: [8] Undefined index: key D:\phpStudy\WWW\Blog\Runtime\Cache\Home\8c78c0dd71ed1f0c997a5ffe854719d5.php 第 174 行.
NOTIC: [8] Undefined index: key D:\phpStudy\WWW\Blog\Runtime\Cache\Home\8c78c0dd71ed1f0c997a5ffe854719d5.php 第 175 行.
NOTIC: [8] Undefined index: key D:\phpStudy\WWW\Blog\Runtime\Cache\Home\8c78c0dd71ed1f0c997a5ffe854719d5.php 第 176 行.
NOTIC: [8] Undefined index: key D:\phpStudy\WWW\Blog\Runtime\Cache\Home\8c78c0dd71ed1f0c997a5ffe854719d5.php 第 177 行.
NOTIC: [8] Undefined variable: s_content D:\phpStudy\WWW\Blog\Runtime\Cache\Home\8c78c0dd71ed1f0c997a5ffe854719d5.php 第 202 行.
NOTIC: [8] Undefined variable: gusts D:\phpStudy\WWW\Blog\Runtime\Cache\Home\8c78c0dd71ed1f0c997a5ffe854719d5.php 第 236 行.
NOTIC: [8] Undefined variable: hits D:\phpStudy\WWW\Blog\Runtime\Cache\Home\8c78c0dd71ed1f0c997a5ffe854719d5.php 第 250 行.
NOTIC: [8] Undefined variable: link D:\phpStudy\WWW\Blog\Runtime\Cache\Home\8c78c0dd71ed1f0c997a5ffe854719d5.php 第 258 行.
NOTIC: [8] Undefined variable: num D:\phpStudy\WWW\Blog\Runtime\Cache\Home\8c78c0dd71ed1f0c997a5ffe854719d5.php 第 271 行.
NOTIC: [8] Undefined variable: num D:\phpStudy\WWW\Blog\Runtime\Cache\Home\8c78c0dd71ed1f0c997a5ffe854719d5.php 第 273 行.
NOTIC: [8] Undefined variable: num D:\phpStudy\WWW\Blog\Runtime\Cache\Home\8c78c0dd71ed1f0c997a5ffe854719d5.php 第 277 行.
NOTIC: [8] Undefined variable: num D:\phpStudy\WWW\Blog\Runtime\Cache\Home\8c78c0dd71ed1f0c997a5ffe854719d5.php 第 279 行.
NOTIC: [8] Undefined variable: system D:\phpStudy\WWW\Blog\Runtime\Cache\Home\8c78c0dd71ed1f0c997a5ffe854719d5.php 第 283 行.
NOTIC: [8] Undefined variable: num D:\phpStudy\WWW\Blog\Runtime\Cache\Home\8c78c0dd71ed1f0c997a5ffe854719d5.php 第 285 行.
NOTIC: [8] Undefined variable: num D:\phpStudy\WWW\Blog\Runtime\Cache\Home\8c78c0dd71ed1f0c997a5ffe854719d5.php 第 289 行.
NOTIC: [8] Undefined variable: num D:\phpStudy\WWW\Blog\Runtime\Cache\Home\8c78c0dd71ed1f0c997a5ffe854719d5.php 第 291 行.
NOTIC: [8] Undefined variable: system D:\phpStudy\WWW\Blog\Runtime\Cache\Home\8c78c0dd71ed1f0c997a5ffe854719d5.php 第 295 行.
NOTIC: [8] Undefined variable: version D:\phpStudy\WWW\Blog\Runtime\Cache\Home\8c78c0dd71ed1f0c997a5ffe854719d5.php 第 310 行.
NOTIC: [8] Undefined variable: f_article D:\phpStudy\WWW\Blog\Runtime\Cache\Home\8c78c0dd71ed1f0c997a5ffe854719d5.php 第 331 行.
NOTIC: [8] Undefined variable: foot_album D:\phpStudy\WWW\Blog\Runtime\Cache\Home\8c78c0dd71ed1f0c997a5ffe854719d5.php 第 336 行.
NOTIC: [8] Undefined variable: system D:\phpStudy\WWW\Blog\Runtime\Cache\Home\8c78c0dd71ed1f0c997a5ffe854719d5.php 第 344 行.
NOTIC: [8] Undefined variable: system D:\phpStudy\WWW\Blog\Runtime\Cache\Home\8c78c0dd71ed1f0c997a5ffe854719d5.php 第 347 行.
NOTIC: [8] Undefined variable: system D:\phpStudy\WWW\Blog\Runtime\Cache\Home\8c78c0dd71ed1f0c997a5ffe854719d5.php 第 347 行.
INFO: Run Behavior\ParseTemplateBehavior [ RunTime:0.147009s ]
INFO: [ view_parse ] --END-- [ RunTime:0.149009s ]
INFO: [ view_filter ] --START--
INFO: Run Behavior\WriteHtmlCacheBehavior [ RunTime:0.001000s ]
INFO: [ view_filter ] --END-- [ RunTime:0.001000s ]
INFO: [ app_end ] --START--
INFO: Run Behavior\ShowPageTraceBehavior [ RunTime:0.001000s ]
INFO: [ app_end ] --END-- [ RunTime:0.002000s ]

[ 2018-07-24T20:51:39+08:00 ] 127.0.0.1 /Home/say/index.html
INFO: [ app_init ] --START--
INFO: Run Behavior\BuildLiteBehavior [ RunTime:0.000000s ]
INFO: [ app_init ] --END-- [ RunTime:0.001000s ]
NOTIC: [2] preg_match(): No ending delimiter '/' found D:\phpStudy\WWW\Blog\ThinkPHP\Library\Think\Route.class.php 第 58 行.
INFO: [ app_begin ] --START--
INFO: Run Behavior\ReadHtmlCacheBehavior [ RunTime:0.001000s ]
INFO: [ app_begin ] --END-- [ RunTime:0.001000s ]
SQL: SHOW COLUMNS FROM `lt_tag` [ RunTime:0.0420s ]
SQL: SELECT * FROM `lt_tag`  [ RunTime:0.0010s ]
SQL: SHOW COLUMNS FROM `lt_ppt` [ RunTime:0.0230s ]
SQL: SELECT * FROM `lt_ppt` WHERE `pp_view` = 1 ORDER BY pp_time desc LIMIT 3   [ RunTime:0.0000s ]
SQL: SHOW COLUMNS FROM `lt_article` [ RunTime:0.0550s ]
SQL: SELECT * FROM lt_article a left join lt_tag t on a.tag_id=t.t_id  WHERE ( a_view>0 ) ORDER BY a_time desc  [ RunTime:0.0060s ]
NOTIC: D方法实例化没找到模型类admin\Model\SayModel
SQL: SHOW COLUMNS FROM `lt_say` [ RunTime:0.0590s ]
SQL: SELECT * FROM `lt_tag`  [ RunTime:0.0010s ]
SQL: SELECT * FROM `lt_say`  [ RunTime:0.0010s ]
INFO: [ view_parse ] --START--
INFO: [ template_filter ] --START--
INFO: Run Behavior\ContentReplaceBehavior [ RunTime:0.000000s ]
INFO: [ template_filter ] --END-- [ RunTime:0.000000s ]
NOTIC: [8] Undefined variable: system D:\phpStudy\WWW\Blog\Runtime\Cache\Home\4ca47c66c53cadcc33aeaf9df99bb52a.php 第 6 行.
NOTIC: [8] Undefined variable: system D:\phpStudy\WWW\Blog\Runtime\Cache\Home\4ca47c66c53cadcc33aeaf9df99bb52a.php 第 7 行.
NOTIC: [8] Undefined variable: version D:\phpStudy\WWW\Blog\Runtime\Cache\Home\4ca47c66c53cadcc33aeaf9df99bb52a.php 第 8 行.
NOTIC: [8] Undefined variable: system D:\phpStudy\WWW\Blog\Runtime\Cache\Home\4ca47c66c53cadcc33aeaf9df99bb52a.php 第 9 行.
NOTIC: [8] Undefined variable: index D:\phpStudy\WWW\Blog\Runtime\Cache\Home\4ca47c66c53cadcc33aeaf9df99bb52a.php 第 47 行.
NOTIC: [8] Undefined variable: about D:\phpStudy\WWW\Blog\Runtime\Cache\Home\4ca47c66c53cadcc33aeaf9df99bb52a.php 第 48 行.
NOTIC: [8] Undefined variable: class D:\phpStudy\WWW\Blog\Runtime\Cache\Home\4ca47c66c53cadcc33aeaf9df99bb52a.php 第 49 行.
NOTIC: [8] Undefined variable: feel D:\phpStudy\WWW\Blog\Runtime\Cache\Home\4ca47c66c53cadcc33aeaf9df99bb52a.php 第 57 行.
NOTIC: [8] Undefined variable: album D:\phpStudy\WWW\Blog\Runtime\Cache\Home\4ca47c66c53cadcc33aeaf9df99bb52a.php 第 58 行.
NOTIC: [8] Undefined variable: friends D:\phpStudy\WWW\Blog\Runtime\Cache\Home\4ca47c66c53cadcc33aeaf9df99bb52a.php 第 59 行.
NOTIC: [8] Undefined variable: gust D:\phpStudy\WWW\Blog\Runtime\Cache\Home\4ca47c66c53cadcc33aeaf9df99bb52a.php 第 60 行.
NOTIC: [8] Undefined variable: download D:\phpStudy\WWW\Blog\Runtime\Cache\Home\4ca47c66c53cadcc33aeaf9df99bb52a.php 第 61 行.
NOTIC: [8] Undefined variable: page D:\phpStudy\WWW\Blog\Runtime\Cache\Home\4ca47c66c53cadcc33aeaf9df99bb52a.php 第 81 行.
NOTIC: [8] Undefined variable: version D:\phpStudy\WWW\Blog\Runtime\Cache\Home\4ca47c66c53cadcc33aeaf9df99bb52a.php 第 96 行.
NOTIC: [8] Undefined index: a_id D:\phpStudy\WWW\Blog\Runtime\Cache\Home\4ca47c66c53cadcc33aeaf9df99bb52a.php 第 106 行.
NOTIC: [8] Undefined index: key D:\phpStudy\WWW\Blog\Runtime\Cache\Home\4ca47c66c53cadcc33aeaf9df99bb52a.php 第 107 行.
NOTIC: [8] Undefined index: key D:\phpStudy\WWW\Blog\Runtime\Cache\Home\4ca47c66c53cadcc33aeaf9df99bb52a.php 第 108 行.
NOTIC: [8] Undefined index: key D:\phpStudy\WWW\Blog\Runtime\Cache\Home\4ca47c66c53cadcc33aeaf9df99bb52a.php 第 109 行.
NOTIC: [8] Undefined index: key D:\phpStudy\WWW\Blog\Runtime\Cache\Home\4ca47c66c53cadcc33aeaf9df99bb52a.php 第 110 行.
NOTIC: [8] Undefined index: key D:\phpStudy\WWW\Blog\Runtime\Cache\Home\4ca47c66c53cadcc33aeaf9df99bb52a.php 第 111 行.
NOTIC: [8] Undefined index: key D:\phpStudy\WWW\Blog\Runtime\Cache\Home\4ca47c66c53cadcc33aeaf9df99bb52a.php 第 112 行.
NOTIC: [8] Undefined index: a_id D:\phpStudy\WWW\Blog\Runtime\Cache\Home\4ca47c66c53cadcc33aeaf9df99bb52a.php 第 106 行.
NOTIC: [8] Undefined index: key D:\phpStudy\WWW\Blog\Runtime\Cache\Home\4ca47c66c53cadcc33aeaf9df99bb52a.php 第 107 行.
NOTIC: [8] Undefined index: key D:\phpStudy\WWW\Blog\Runtime\Cache\Home\4ca47c66c53cadcc33aeaf9df99bb52a.php 第 108 行.
NOTIC: [8] Undefined index: key D:\phpStudy\WWW\Blog\Runtime\Cache\Home\4ca47c66c53cadcc33aeaf9df99bb52a.php 第 109 行.
NOTIC: [8] Undefined index: key D:\phpStudy\WWW\Blog\Runtime\Cache\Home\4ca47c66c53cadcc33aeaf9df99bb52a.php 第 110 行.
NOTIC: [8] Undefined index: key D:\phpStudy\WWW\Blog\Runtime\Cache\Home\4ca47c66c53cadcc33aeaf9df99bb52a.php 第 111 行.
NOTIC: [8] Undefined index: key D:\phpStudy\WWW\Blog\Runtime\Cache\Home\4ca47c66c53cadcc33aeaf9df99bb52a.php 第 112 行.
NOTIC: [8] Undefined index: a_id D:\phpStudy\WWW\Blog\Runtime\Cache\Home\4ca47c66c53cadcc33aeaf9df99bb52a.php 第 106 行.
NOTIC: [8] Undefined index: key D:\phpStudy\WWW\Blog\Runtime\Cache\Home\4ca47c66c53cadcc33aeaf9df99bb52a.php 第 107 行.
NOTIC: [8] Undefined index: key D:\phpStudy\WWW\Blog\Runtime\Cache\Home\4ca47c66c53cadcc33aeaf9df99bb52a.php 第 108 行.
NOTIC: [8] Undefined index: key D:\phpStudy\WWW\Blog\Runtime\Cache\Home\4ca47c66c53cadcc33aeaf9df99bb52a.php 第 109 行.
NOTIC: [8] Undefined index: key D:\phpStudy\WWW\Blog\Runtime\Cache\Home\4ca47c66c53cadcc33aeaf9df99bb52a.php 第 110 行.
NOTIC: [8] Undefined index: key D:\phpStudy\WWW\Blog\Runtime\Cache\Home\4ca47c66c53cadcc33aeaf9df99bb52a.php 第 111 行.
NOTIC: [8] Undefined index: key D:\phpStudy\WWW\Blog\Runtime\Cache\Home\4ca47c66c53cadcc33aeaf9df99bb52a.php 第 112 行.
NOTIC: [8] Undefined variable: s_content D:\phpStudy\WWW\Blog\Runtime\Cache\Home\4ca47c66c53cadcc33aeaf9df99bb52a.php 第 137 行.
NOTIC: [8] Undefined variable: gusts D:\phpStudy\WWW\Blog\Runtime\Cache\Home\4ca47c66c53cadcc33aeaf9df99bb52a.php 第 171 行.
NOTIC: [8] Undefined variable: hits D:\phpStudy\WWW\Blog\Runtime\Cache\Home\4ca47c66c53cadcc33aeaf9df99bb52a.php 第 185 行.
NOTIC: [8] Undefined variable: link D:\phpStudy\WWW\Blog\Runtime\Cache\Home\4ca47c66c53cadcc33aeaf9df99bb52a.php 第 193 行.
NOTIC: [8] Undefined variable: num D:\phpStudy\WWW\Blog\Runtime\Cache\Home\4ca47c66c53cadcc33aeaf9df99bb52a.php 第 206 行.
NOTIC: [8] Undefined variable: num D:\phpStudy\WWW\Blog\Runtime\Cache\Home\4ca47c66c53cadcc33aeaf9df99bb52a.php 第 208 行.
NOTIC: [8] Undefined variable: num D:\phpStudy\WWW\Blog\Runtime\Cache\Home\4ca47c66c53cadcc33aeaf9df99bb52a.php 第 212 行.
NOTIC: [8] Undefined variable: num D:\phpStudy\WWW\Blog\Runtime\Cache\Home\4ca47c66c53cadcc33aeaf9df99bb52a.php 第 214 行.
NOTIC: [8] Undefined variable: system D:\phpStudy\WWW\Blog\Runtime\Cache\Home\4ca47c66c53cadcc33aeaf9df99bb52a.php 第 218 行.
NOTIC: [8] Undefined variable: num D:\phpStudy\WWW\Blog\Runtime\Cache\Home\4ca47c66c53cadcc33aeaf9df99bb52a.php 第 220 行.
NOTIC: [8] Undefined variable: num D:\phpStudy\WWW\Blog\Runtime\Cache\Home\4ca47c66c53cadcc33aeaf9df99bb52a.php 第 224 行.
NOTIC: [8] Undefined variable: num D:\phpStudy\WWW\Blog\Runtime\Cache\Home\4ca47c66c53cadcc33aeaf9df99bb52a.php 第 226 行.
NOTIC: [8] Undefined variable: system D:\phpStudy\WWW\Blog\Runtime\Cache\Home\4ca47c66c53cadcc33aeaf9df99bb52a.php 第 230 行.
NOTIC: [8] Undefined variable: version D:\phpStudy\WWW\Blog\Runtime\Cache\Home\4ca47c66c53cadcc33aeaf9df99bb52a.php 第 245 行.
NOTIC: [8] Undefined variable: f_article D:\phpStudy\WWW\Blog\Runtime\Cache\Home\4ca47c66c53cadcc33aeaf9df99bb52a.php 第 266 行.
NOTIC: [8] Undefined variable: foot_album D:\phpStudy\WWW\Blog\Runtime\Cache\Home\4ca47c66c53cadcc33aeaf9df99bb52a.php 第 271 行.
NOTIC: [8] Undefined variable: system D:\phpStudy\WWW\Blog\Runtime\Cache\Home\4ca47c66c53cadcc33aeaf9df99bb52a.php 第 279 行.
NOTIC: [8] Undefined variable: system D:\phpStudy\WWW\Blog\Runtime\Cache\Home\4ca47c66c53cadcc33aeaf9df99bb52a.php 第 282 行.
NOTIC: [8] Undefined variable: system D:\phpStudy\WWW\Blog\Runtime\Cache\Home\4ca47c66c53cadcc33aeaf9df99bb52a.php 第 282 行.
INFO: Run Behavior\ParseTemplateBehavior [ RunTime:0.126007s ]
INFO: [ view_parse ] --END-- [ RunTime:0.126007s ]
INFO: [ view_filter ] --START--
INFO: Run Behavior\WriteHtmlCacheBehavior [ RunTime:0.003000s ]
INFO: [ view_filter ] --END-- [ RunTime:0.003000s ]
INFO: [ app_end ] --START--
INFO: Run Behavior\ShowPageTraceBehavior [ RunTime:0.004000s ]
INFO: [ app_end ] --END-- [ RunTime:0.004000s ]

[ 2018-07-24T20:51:43+08:00 ] 127.0.0.1 /Home/album/index.html
INFO: [ app_init ] --START--
INFO: Run Behavior\BuildLiteBehavior [ RunTime:0.001000s ]
INFO: [ app_init ] --END-- [ RunTime:0.001000s ]
NOTIC: [2] preg_match(): No ending delimiter '/' found D:\phpStudy\WWW\Blog\ThinkPHP\Library\Think\Route.class.php 第 58 行.
INFO: [ app_begin ] --START--
INFO: Run Behavior\ReadHtmlCacheBehavior [ RunTime:0.003000s ]
INFO: [ app_begin ] --END-- [ RunTime:0.003000s ]
SQL: SHOW COLUMNS FROM `lt_album` [ RunTime:0.0820s ]
SQL: SHOW COLUMNS FROM `lt_tag` [ RunTime:0.0120s ]
SQL: SELECT * FROM `lt_tag`  [ RunTime:0.0000s ]
SQL: SELECT * FROM `lt_album` WHERE ( al_view>0 )  [ RunTime:0.0000s ]
SQL: SELECT COUNT(*) AS tp_count FROM `lt_album` LIMIT 1   [ RunTime:0.0010s ]
INFO: [ view_parse ] --START--
NOTIC: [2] file_get_contents(./Application/Home/View/Public/sider.html): failed to open stream: No such file or directory D:\phpStudy\WWW\Blog\ThinkPHP\Library\Think\Template.class.php 第 696 行.
NOTIC: [2] file_get_contents(./Application/Home/View/Public/foot.html): failed to open stream: No such file or directory D:\phpStudy\WWW\Blog\ThinkPHP\Library\Think\Template.class.php 第 696 行.
INFO: [ template_filter ] --START--
INFO: Run Behavior\ContentReplaceBehavior [ RunTime:0.000000s ]
INFO: [ template_filter ] --END-- [ RunTime:0.000000s ]
NOTIC: [8] Undefined variable: system D:\phpStudy\WWW\Blog\Runtime\Cache\Home\08e5361cb4cd21b916dc7e31b96a4be4.php 第 6 行.
NOTIC: [8] Undefined variable: system D:\phpStudy\WWW\Blog\Runtime\Cache\Home\08e5361cb4cd21b916dc7e31b96a4be4.php 第 7 行.
NOTIC: [8] Undefined variable: version D:\phpStudy\WWW\Blog\Runtime\Cache\Home\08e5361cb4cd21b916dc7e31b96a4be4.php 第 8 行.
NOTIC: [8] Undefined variable: system D:\phpStudy\WWW\Blog\Runtime\Cache\Home\08e5361cb4cd21b916dc7e31b96a4be4.php 第 9 行.
NOTIC: [8] Undefined variable: index D:\phpStudy\WWW\Blog\Runtime\Cache\Home\08e5361cb4cd21b916dc7e31b96a4be4.php 第 47 行.
NOTIC: [8] Undefined variable: about D:\phpStudy\WWW\Blog\Runtime\Cache\Home\08e5361cb4cd21b916dc7e31b96a4be4.php 第 48 行.
NOTIC: [8] Undefined variable: class D:\phpStudy\WWW\Blog\Runtime\Cache\Home\08e5361cb4cd21b916dc7e31b96a4be4.php 第 49 行.
NOTIC: [8] Undefined variable: feel D:\phpStudy\WWW\Blog\Runtime\Cache\Home\08e5361cb4cd21b916dc7e31b96a4be4.php 第 57 行.
NOTIC: [8] Undefined variable: album D:\phpStudy\WWW\Blog\Runtime\Cache\Home\08e5361cb4cd21b916dc7e31b96a4be4.php 第 58 行.
NOTIC: [8] Undefined variable: friends D:\phpStudy\WWW\Blog\Runtime\Cache\Home\08e5361cb4cd21b916dc7e31b96a4be4.php 第 59 行.
NOTIC: [8] Undefined variable: gust D:\phpStudy\WWW\Blog\Runtime\Cache\Home\08e5361cb4cd21b916dc7e31b96a4be4.php 第 60 行.
NOTIC: [8] Undefined variable: download D:\phpStudy\WWW\Blog\Runtime\Cache\Home\08e5361cb4cd21b916dc7e31b96a4be4.php 第 61 行.
NOTIC: [8] Undefined variable: page D:\phpStudy\WWW\Blog\Runtime\Cache\Home\08e5361cb4cd21b916dc7e31b96a4be4.php 第 85 行.
INFO: Run Behavior\ParseTemplateBehavior [ RunTime:0.074004s ]
INFO: [ view_parse ] --END-- [ RunTime:0.074004s ]
INFO: [ view_filter ] --START--
INFO: Run Behavior\WriteHtmlCacheBehavior [ RunTime:0.003000s ]
INFO: [ view_filter ] --END-- [ RunTime:0.003000s ]
INFO: [ app_end ] --START--
INFO: Run Behavior\ShowPageTraceBehavior [ RunTime:0.005000s ]
INFO: [ app_end ] --END-- [ RunTime:0.005000s ]

[ 2018-07-24T20:51:45+08:00 ] 127.0.0.1 /Home/friends/index.html
INFO: [ app_init ] --START--
INFO: Run Behavior\BuildLiteBehavior [ RunTime:0.000000s ]
INFO: [ app_init ] --END-- [ RunTime:0.000000s ]
NOTIC: [2] preg_match(): No ending delimiter '/' found D:\phpStudy\WWW\Blog\ThinkPHP\Library\Think\Route.class.php 第 58 行.
INFO: [ app_begin ] --START--
INFO: Run Behavior\ReadHtmlCacheBehavior [ RunTime:0.001000s ]
INFO: [ app_begin ] --END-- [ RunTime:0.001000s ]
INFO: [ view_parse ] --START--
INFO: [ template_filter ] --START--
INFO: Run Behavior\ContentReplaceBehavior [ RunTime:0.001000s ]
INFO: [ template_filter ] --END-- [ RunTime:0.001000s ]
NOTIC: [8] Undefined variable: system D:\phpStudy\WWW\Blog\Runtime\Cache\Home\93a2b2dc0793f87942f7e149a9d11372.php 第 6 行.
NOTIC: [8] Undefined variable: system D:\phpStudy\WWW\Blog\Runtime\Cache\Home\93a2b2dc0793f87942f7e149a9d11372.php 第 7 行.
NOTIC: [8] Undefined variable: version D:\phpStudy\WWW\Blog\Runtime\Cache\Home\93a2b2dc0793f87942f7e149a9d11372.php 第 8 行.
NOTIC: [8] Undefined variable: system D:\phpStudy\WWW\Blog\Runtime\Cache\Home\93a2b2dc0793f87942f7e149a9d11372.php 第 9 行.
NOTIC: [8] Undefined variable: index D:\phpStudy\WWW\Blog\Runtime\Cache\Home\93a2b2dc0793f87942f7e149a9d11372.php 第 47 行.
NOTIC: [8] Undefined variable: about D:\phpStudy\WWW\Blog\Runtime\Cache\Home\93a2b2dc0793f87942f7e149a9d11372.php 第 48 行.
NOTIC: [8] Undefined variable: class D:\phpStudy\WWW\Blog\Runtime\Cache\Home\93a2b2dc0793f87942f7e149a9d11372.php 第 49 行.
NOTIC: [8] Undefined variable: tag D:\phpStudy\WWW\Blog\Runtime\Cache\Home\93a2b2dc0793f87942f7e149a9d11372.php 第 52 行.
NOTIC: [8] Undefined variable: feel D:\phpStudy\WWW\Blog\Runtime\Cache\Home\93a2b2dc0793f87942f7e149a9d11372.php 第 57 行.
NOTIC: [8] Undefined variable: album D:\phpStudy\WWW\Blog\Runtime\Cache\Home\93a2b2dc0793f87942f7e149a9d11372.php 第 58 行.
NOTIC: [8] Undefined variable: friends D:\phpStudy\WWW\Blog\Runtime\Cache\Home\93a2b2dc0793f87942f7e149a9d11372.php 第 59 行.
NOTIC: [8] Undefined variable: gust D:\phpStudy\WWW\Blog\Runtime\Cache\Home\93a2b2dc0793f87942f7e149a9d11372.php 第 60 行.
NOTIC: [8] Undefined variable: download D:\phpStudy\WWW\Blog\Runtime\Cache\Home\93a2b2dc0793f87942f7e149a9d11372.php 第 61 行.
NOTIC: [8] Undefined variable: QQ D:\phpStudy\WWW\Blog\Runtime\Cache\Home\93a2b2dc0793f87942f7e149a9d11372.php 第 77 行.
NOTIC: [8] Undefined variable: links D:\phpStudy\WWW\Blog\Runtime\Cache\Home\93a2b2dc0793f87942f7e149a9d11372.php 第 86 行.
NOTIC: [8] Undefined variable: flinks D:\phpStudy\WWW\Blog\Runtime\Cache\Home\93a2b2dc0793f87942f7e149a9d11372.php 第 94 行.
NOTIC: [8] Undefined variable: version D:\phpStudy\WWW\Blog\Runtime\Cache\Home\93a2b2dc0793f87942f7e149a9d11372.php 第 142 行.
NOTIC: [8] Undefined variable: articles D:\phpStudy\WWW\Blog\Runtime\Cache\Home\93a2b2dc0793f87942f7e149a9d11372.php 第 152 行.
NOTIC: [8] Undefined variable: articles D:\phpStudy\WWW\Blog\Runtime\Cache\Home\93a2b2dc0793f87942f7e149a9d11372.php 第 164 行.
NOTIC: [8] Undefined variable: s_content D:\phpStudy\WWW\Blog\Runtime\Cache\Home\93a2b2dc0793f87942f7e149a9d11372.php 第 183 行.
NOTIC: [8] Undefined variable: gusts D:\phpStudy\WWW\Blog\Runtime\Cache\Home\93a2b2dc0793f87942f7e149a9d11372.php 第 217 行.
NOTIC: [8] Undefined variable: hits D:\phpStudy\WWW\Blog\Runtime\Cache\Home\93a2b2dc0793f87942f7e149a9d11372.php 第 231 行.
NOTIC: [8] Undefined variable: link D:\phpStudy\WWW\Blog\Runtime\Cache\Home\93a2b2dc0793f87942f7e149a9d11372.php 第 239 行.
NOTIC: [8] Undefined variable: num D:\phpStudy\WWW\Blog\Runtime\Cache\Home\93a2b2dc0793f87942f7e149a9d11372.php 第 252 行.
NOTIC: [8] Undefined variable: num D:\phpStudy\WWW\Blog\Runtime\Cache\Home\93a2b2dc0793f87942f7e149a9d11372.php 第 254 行.
NOTIC: [8] Undefined variable: num D:\phpStudy\WWW\Blog\Runtime\Cache\Home\93a2b2dc0793f87942f7e149a9d11372.php 第 258 行.
NOTIC: [8] Undefined variable: num D:\phpStudy\WWW\Blog\Runtime\Cache\Home\93a2b2dc0793f87942f7e149a9d11372.php 第 260 行.
NOTIC: [8] Undefined variable: system D:\phpStudy\WWW\Blog\Runtime\Cache\Home\93a2b2dc0793f87942f7e149a9d11372.php 第 264 行.
NOTIC: [8] Undefined variable: num D:\phpStudy\WWW\Blog\Runtime\Cache\Home\93a2b2dc0793f87942f7e149a9d11372.php 第 266 行.
NOTIC: [8] Undefined variable: num D:\phpStudy\WWW\Blog\Runtime\Cache\Home\93a2b2dc0793f87942f7e149a9d11372.php 第 270 行.
NOTIC: [8] Undefined variable: num D:\phpStudy\WWW\Blog\Runtime\Cache\Home\93a2b2dc0793f87942f7e149a9d11372.php 第 272 行.
NOTIC: [8] Undefined variable: system D:\phpStudy\WWW\Blog\Runtime\Cache\Home\93a2b2dc0793f87942f7e149a9d11372.php 第 276 行.
NOTIC: [8] Undefined variable: version D:\phpStudy\WWW\Blog\Runtime\Cache\Home\93a2b2dc0793f87942f7e149a9d11372.php 第 291 行.
NOTIC: [8] Undefined variable: f_article D:\phpStudy\WWW\Blog\Runtime\Cache\Home\93a2b2dc0793f87942f7e149a9d11372.php 第 312 行.
NOTIC: [8] Undefined variable: foot_album D:\phpStudy\WWW\Blog\Runtime\Cache\Home\93a2b2dc0793f87942f7e149a9d11372.php 第 317 行.
NOTIC: [8] Undefined variable: system D:\phpStudy\WWW\Blog\Runtime\Cache\Home\93a2b2dc0793f87942f7e149a9d11372.php 第 325 行.
NOTIC: [8] Undefined variable: system D:\phpStudy\WWW\Blog\Runtime\Cache\Home\93a2b2dc0793f87942f7e149a9d11372.php 第 328 行.
NOTIC: [8] Undefined variable: system D:\phpStudy\WWW\Blog\Runtime\Cache\Home\93a2b2dc0793f87942f7e149a9d11372.php 第 328 行.
INFO: Run Behavior\ParseTemplateBehavior [ RunTime:0.122007s ]
INFO: [ view_parse ] --END-- [ RunTime:0.122007s ]
INFO: [ view_filter ] --START--
INFO: Run Behavior\WriteHtmlCacheBehavior [ RunTime:0.001000s ]
INFO: [ view_filter ] --END-- [ RunTime:0.002000s ]
INFO: [ app_end ] --START--
INFO: Run Behavior\ShowPageTraceBehavior [ RunTime:0.004000s ]
INFO: [ app_end ] --END-- [ RunTime:0.004000s ]

[ 2018-07-24T20:51:45+08:00 ] 127.0.0.1 /Home/Common/verify.html
INFO: [ app_init ] --START--
INFO: Run Behavior\BuildLiteBehavior [ RunTime:0.000000s ]
INFO: [ app_init ] --END-- [ RunTime:0.002001s ]
NOTIC: [2] preg_match(): No ending delimiter '/' found D:\phpStudy\WWW\Blog\ThinkPHP\Library\Think\Route.class.php 第 58 行.
INFO: [ app_begin ] --START--
INFO: Run Behavior\ReadHtmlCacheBehavior [ RunTime:0.002000s ]
INFO: [ app_begin ] --END-- [ RunTime:0.002000s ]
ERR: 非法操作:verify
NOTIC: [2] include(): Filename cannot be empty D:\phpStudy\WWW\Blog\ThinkPHP\Library\Think\Think.class.php 第 314 行.
NOTIC: [2] include(): Failed opening '' for inclusion (include_path='.;C:\php\pear') D:\phpStudy\WWW\Blog\ThinkPHP\Library\Think\Think.class.php 第 314 行.

[ 2018-07-24T20:51:46+08:00 ] 127.0.0.1 /Home/gust/index.html
INFO: [ app_init ] --START--
INFO: Run Behavior\BuildLiteBehavior [ RunTime:0.000000s ]
INFO: [ app_init ] --END-- [ RunTime:0.001000s ]
NOTIC: [2] preg_match(): No ending delimiter '/' found D:\phpStudy\WWW\Blog\ThinkPHP\Library\Think\Route.class.php 第 58 行.
INFO: [ app_begin ] --START--
INFO: Run Behavior\ReadHtmlCacheBehavior [ RunTime:0.004001s ]
INFO: [ app_begin ] --END-- [ RunTime:0.004001s ]
SQL: SHOW COLUMNS FROM `lt_tag` [ RunTime:0.0270s ]
SQL: SELECT * FROM `lt_tag`  [ RunTime:0.0010s ]
SQL: SELECT * FROM `lt_tag`  [ RunTime:0.0000s ]
SQL: SHOW COLUMNS FROM `lt_ppt` [ RunTime:0.0220s ]
SQL: SELECT * FROM `lt_ppt` WHERE `pp_view` = 1 ORDER BY pp_time desc LIMIT 3   [ RunTime:0.0020s ]
SQL: SHOW COLUMNS FROM `lt_article` [ RunTime:0.0210s ]
SQL: SELECT * FROM lt_article a left join lt_tag t on a.tag_id=t.t_id  WHERE ( a_view>0 ) ORDER BY a_time desc  [ RunTime:0.0150s ]
NOTIC: D方法实例化没找到模型类admin\Model\GustModel
SQL: SHOW COLUMNS FROM `lt_gust` [ RunTime:0.0110s ]
SQL: SELECT * FROM `lt_gust` ORDER BY g_time desc LIMIT 3   [ RunTime:0.0010s ]
INFO: [ view_parse ] --START--
INFO: [ template_filter ] --START--
INFO: Run Behavior\ContentReplaceBehavior [ RunTime:0.003000s ]
INFO: [ template_filter ] --END-- [ RunTime:0.003000s ]
NOTIC: [8] Undefined variable: system D:\phpStudy\WWW\Blog\Runtime\Cache\Home\8c78c0dd71ed1f0c997a5ffe854719d5.php 第 6 行.
NOTIC: [8] Undefined variable: system D:\phpStudy\WWW\Blog\Runtime\Cache\Home\8c78c0dd71ed1f0c997a5ffe854719d5.php 第 7 行.
NOTIC: [8] Undefined variable: version D:\phpStudy\WWW\Blog\Runtime\Cache\Home\8c78c0dd71ed1f0c997a5ffe854719d5.php 第 8 行.
NOTIC: [8] Undefined variable: system D:\phpStudy\WWW\Blog\Runtime\Cache\Home\8c78c0dd71ed1f0c997a5ffe854719d5.php 第 9 行.
NOTIC: [8] Undefined variable: index D:\phpStudy\WWW\Blog\Runtime\Cache\Home\8c78c0dd71ed1f0c997a5ffe854719d5.php 第 54 行.
NOTIC: [8] Undefined variable: about D:\phpStudy\WWW\Blog\Runtime\Cache\Home\8c78c0dd71ed1f0c997a5ffe854719d5.php 第 55 行.
NOTIC: [8] Undefined variable: class D:\phpStudy\WWW\Blog\Runtime\Cache\Home\8c78c0dd71ed1f0c997a5ffe854719d5.php 第 56 行.
NOTIC: [8] Undefined variable: feel D:\phpStudy\WWW\Blog\Runtime\Cache\Home\8c78c0dd71ed1f0c997a5ffe854719d5.php 第 64 行.
NOTIC: [8] Undefined variable: album D:\phpStudy\WWW\Blog\Runtime\Cache\Home\8c78c0dd71ed1f0c997a5ffe854719d5.php 第 65 行.
NOTIC: [8] Undefined variable: friends D:\phpStudy\WWW\Blog\Runtime\Cache\Home\8c78c0dd71ed1f0c997a5ffe854719d5.php 第 66 行.
NOTIC: [8] Undefined variable: gust D:\phpStudy\WWW\Blog\Runtime\Cache\Home\8c78c0dd71ed1f0c997a5ffe854719d5.php 第 67 行.
NOTIC: [8] Undefined variable: download D:\phpStudy\WWW\Blog\Runtime\Cache\Home\8c78c0dd71ed1f0c997a5ffe854719d5.php 第 68 行.
NOTIC: [8] Undefined index: ip D:\phpStudy\WWW\Blog\Runtime\Cache\Home\8c78c0dd71ed1f0c997a5ffe854719d5.php 第 94 行.
NOTIC: [8] Undefined variable: system D:\phpStudy\WWW\Blog\Runtime\Cache\Home\8c78c0dd71ed1f0c997a5ffe854719d5.php 第 98 行.
NOTIC: [8] Undefined index: g_rname D:\phpStudy\WWW\Blog\Runtime\Cache\Home\8c78c0dd71ed1f0c997a5ffe854719d5.php 第 98 行.
NOTIC: [8] Undefined index: ip D:\phpStudy\WWW\Blog\Runtime\Cache\Home\8c78c0dd71ed1f0c997a5ffe854719d5.php 第 94 行.
NOTIC: [8] Undefined variable: system D:\phpStudy\WWW\Blog\Runtime\Cache\Home\8c78c0dd71ed1f0c997a5ffe854719d5.php 第 98 行.
NOTIC: [8] Undefined index: g_rname D:\phpStudy\WWW\Blog\Runtime\Cache\Home\8c78c0dd71ed1f0c997a5ffe854719d5.php 第 98 行.
NOTIC: [8] Undefined index: ip D:\phpStudy\WWW\Blog\Runtime\Cache\Home\8c78c0dd71ed1f0c997a5ffe854719d5.php 第 94 行.
NOTIC: [8] Undefined variable: system D:\phpStudy\WWW\Blog\Runtime\Cache\Home\8c78c0dd71ed1f0c997a5ffe854719d5.php 第 98 行.
NOTIC: [8] Undefined index: g_rname D:\phpStudy\WWW\Blog\Runtime\Cache\Home\8c78c0dd71ed1f0c997a5ffe854719d5.php 第 98 行.
NOTIC: [8] Undefined index: a_id D:\phpStudy\WWW\Blog\Runtime\Cache\Home\8c78c0dd71ed1f0c997a5ffe854719d5.php 第 131 行.
NOTIC: [8] Undefined variable: version D:\phpStudy\WWW\Blog\Runtime\Cache\Home\8c78c0dd71ed1f0c997a5ffe854719d5.php 第 161 行.
NOTIC: [8] Undefined index: a_id D:\phpStudy\WWW\Blog\Runtime\Cache\Home\8c78c0dd71ed1f0c997a5ffe854719d5.php 第 171 行.
NOTIC: [8] Undefined index: key D:\phpStudy\WWW\Blog\Runtime\Cache\Home\8c78c0dd71ed1f0c997a5ffe854719d5.php 第 172 行.
NOTIC: [8] Undefined index: key D:\phpStudy\WWW\Blog\Runtime\Cache\Home\8c78c0dd71ed1f0c997a5ffe854719d5.php 第 173 行.
NOTIC: [8] Undefined index: key D:\phpStudy\WWW\Blog\Runtime\Cache\Home\8c78c0dd71ed1f0c997a5ffe854719d5.php 第 174 行.
NOTIC: [8] Undefined index: key D:\phpStudy\WWW\Blog\Runtime\Cache\Home\8c78c0dd71ed1f0c997a5ffe854719d5.php 第 175 行.
NOTIC: [8] Undefined index: key D:\phpStudy\WWW\Blog\Runtime\Cache\Home\8c78c0dd71ed1f0c997a5ffe854719d5.php 第 176 行.
NOTIC: [8] Undefined index: key D:\phpStudy\WWW\Blog\Runtime\Cache\Home\8c78c0dd71ed1f0c997a5ffe854719d5.php 第 177 行.
NOTIC: [8] Undefined index: a_id D:\phpStudy\WWW\Blog\Runtime\Cache\Home\8c78c0dd71ed1f0c997a5ffe854719d5.php 第 171 行.
NOTIC: [8] Undefined index: key D:\phpStudy\WWW\Blog\Runtime\Cache\Home\8c78c0dd71ed1f0c997a5ffe854719d5.php 第 172 行.
NOTIC: [8] Undefined index: key D:\phpStudy\WWW\Blog\Runtime\Cache\Home\8c78c0dd71ed1f0c997a5ffe854719d5.php 第 173 行.
NOTIC: [8] Undefined index: key D:\phpStudy\WWW\Blog\Runtime\Cache\Home\8c78c0dd71ed1f0c997a5ffe854719d5.php 第 174 行.
NOTIC: [8] Undefined index: key D:\phpStudy\WWW\Blog\Runtime\Cache\Home\8c78c0dd71ed1f0c997a5ffe854719d5.php 第 175 行.
NOTIC: [8] Undefined index: key D:\phpStudy\WWW\Blog\Runtime\Cache\Home\8c78c0dd71ed1f0c997a5ffe854719d5.php 第 176 行.
NOTIC: [8] Undefined index: key D:\phpStudy\WWW\Blog\Runtime\Cache\Home\8c78c0dd71ed1f0c997a5ffe854719d5.php 第 177 行.
NOTIC: [8] Undefined index: a_id D:\phpStudy\WWW\Blog\Runtime\Cache\Home\8c78c0dd71ed1f0c997a5ffe854719d5.php 第 171 行.
NOTIC: [8] Undefined index: key D:\phpStudy\WWW\Blog\Runtime\Cache\Home\8c78c0dd71ed1f0c997a5ffe854719d5.php 第 172 行.
NOTIC: [8] Undefined index: key D:\phpStudy\WWW\Blog\Runtime\Cache\Home\8c78c0dd71ed1f0c997a5ffe854719d5.php 第 173 行.
NOTIC: [8] Undefined index: key D:\phpStudy\WWW\Blog\Runtime\Cache\Home\8c78c0dd71ed1f0c997a5ffe854719d5.php 第 174 行.
NOTIC: [8] Undefined index: key D:\phpStudy\WWW\Blog\Runtime\Cache\Home\8c78c0dd71ed1f0c997a5ffe854719d5.php 第 175 行.
NOTIC: [8] Undefined index: key D:\phpStudy\WWW\Blog\Runtime\Cache\Home\8c78c0dd71ed1f0c997a5ffe854719d5.php 第 176 行.
NOTIC: [8] Undefined index: key D:\phpStudy\WWW\Blog\Runtime\Cache\Home\8c78c0dd71ed1f0c997a5ffe854719d5.php 第 177 行.
NOTIC: [8] Undefined variable: s_content D:\phpStudy\WWW\Blog\Runtime\Cache\Home\8c78c0dd71ed1f0c997a5ffe854719d5.php 第 202 行.
NOTIC: [8] Undefined variable: gusts D:\phpStudy\WWW\Blog\Runtime\Cache\Home\8c78c0dd71ed1f0c997a5ffe854719d5.php 第 236 行.
NOTIC: [8] Undefined variable: hits D:\phpStudy\WWW\Blog\Runtime\Cache\Home\8c78c0dd71ed1f0c997a5ffe854719d5.php 第 250 行.
NOTIC: [8] Undefined variable: link D:\phpStudy\WWW\Blog\Runtime\Cache\Home\8c78c0dd71ed1f0c997a5ffe854719d5.php 第 258 行.
NOTIC: [8] Undefined variable: num D:\phpStudy\WWW\Blog\Runtime\Cache\Home\8c78c0dd71ed1f0c997a5ffe854719d5.php 第 271 行.
NOTIC: [8] Undefined variable: num D:\phpStudy\WWW\Blog\Runtime\Cache\Home\8c78c0dd71ed1f0c997a5ffe854719d5.php 第 273 行.
NOTIC: [8] Undefined variable: num D:\phpStudy\WWW\Blog\Runtime\Cache\Home\8c78c0dd71ed1f0c997a5ffe854719d5.php 第 277 行.
NOTIC: [8] Undefined variable: num D:\phpStudy\WWW\Blog\Runtime\Cache\Home\8c78c0dd71ed1f0c997a5ffe854719d5.php 第 279 行.
NOTIC: [8] Undefined variable: system D:\phpStudy\WWW\Blog\Runtime\Cache\Home\8c78c0dd71ed1f0c997a5ffe854719d5.php 第 283 行.
NOTIC: [8] Undefined variable: num D:\phpStudy\WWW\Blog\Runtime\Cache\Home\8c78c0dd71ed1f0c997a5ffe854719d5.php 第 285 行.
NOTIC: [8] Undefined variable: num D:\phpStudy\WWW\Blog\Runtime\Cache\Home\8c78c0dd71ed1f0c997a5ffe854719d5.php 第 289 行.
NOTIC: [8] Undefined variable: num D:\phpStudy\WWW\Blog\Runtime\Cache\Home\8c78c0dd71ed1f0c997a5ffe854719d5.php 第 291 行.
NOTIC: [8] Undefined variable: system D:\phpStudy\WWW\Blog\Runtime\Cache\Home\8c78c0dd71ed1f0c997a5ffe854719d5.php 第 295 行.
NOTIC: [8] Undefined variable: version D:\phpStudy\WWW\Blog\Runtime\Cache\Home\8c78c0dd71ed1f0c997a5ffe854719d5.php 第 310 行.
NOTIC: [8] Undefined variable: f_article D:\phpStudy\WWW\Blog\Runtime\Cache\Home\8c78c0dd71ed1f0c997a5ffe854719d5.php 第 331 行.
NOTIC: [8] Undefined variable: foot_album D:\phpStudy\WWW\Blog\Runtime\Cache\Home\8c78c0dd71ed1f0c997a5ffe854719d5.php 第 336 行.
NOTIC: [8] Undefined variable: system D:\phpStudy\WWW\Blog\Runtime\Cache\Home\8c78c0dd71ed1f0c997a5ffe854719d5.php 第 344 行.
NOTIC: [8] Undefined variable: system D:\phpStudy\WWW\Blog\Runtime\Cache\Home\8c78c0dd71ed1f0c997a5ffe854719d5.php 第 347 行.
NOTIC: [8] Undefined variable: system D:\phpStudy\WWW\Blog\Runtime\Cache\Home\8c78c0dd71ed1f0c997a5ffe854719d5.php 第 347 行.
INFO: Run Behavior\ParseTemplateBehavior [ RunTime:0.086005s ]
INFO: [ view_parse ] --END-- [ RunTime:0.086005s ]
INFO: [ view_filter ] --START--
INFO: Run Behavior\WriteHtmlCacheBehavior [ RunTime:0.001000s ]
INFO: [ view_filter ] --END-- [ RunTime:0.001000s ]
INFO: [ app_end ] --START--
INFO: Run Behavior\ShowPageTraceBehavior [ RunTime:0.001000s ]
INFO: [ app_end ] --END-- [ RunTime:0.001000s ]

[ 2018-07-24T20:51:49+08:00 ] 127.0.0.1 /home/index/index.html
INFO: [ app_init ] --START--
INFO: Run Behavior\BuildLiteBehavior [ RunTime:0.000000s ]
INFO: [ app_init ] --END-- [ RunTime:0.000000s ]
NOTIC: [2] preg_match(): No ending delimiter '/' found D:\phpStudy\WWW\Blog\ThinkPHP\Library\Think\Route.class.php 第 58 行.
INFO: [ app_begin ] --START--
INFO: Run Behavior\ReadHtmlCacheBehavior [ RunTime:0.002001s ]
INFO: [ app_begin ] --END-- [ RunTime:0.003001s ]
SQL: SHOW COLUMNS FROM `lt_tag` [ RunTime:0.0490s ]
SQL: SELECT * FROM `lt_tag`  [ RunTime:0.0010s ]
SQL: SHOW COLUMNS FROM `lt_ppt` [ RunTime:0.0180s ]
SQL: SELECT * FROM `lt_ppt` WHERE `pp_view` = 1 ORDER BY pp_time desc LIMIT 3   [ RunTime:0.0010s ]
SQL: SHOW COLUMNS FROM `lt_article` [ RunTime:0.0080s ]
SQL: SELECT * FROM lt_article a left join lt_tag t on a.tag_id=t.t_id  WHERE ( a_view>0 ) ORDER BY a_time desc  [ RunTime:0.0060s ]
INFO: [ view_parse ] --START--
INFO: [ template_filter ] --START--
INFO: Run Behavior\ContentReplaceBehavior [ RunTime:0.000000s ]
INFO: [ template_filter ] --END-- [ RunTime:0.000000s ]
NOTIC: [8] Undefined variable: index D:\phpStudy\WWW\Blog\Runtime\Cache\Home\2a94b8bda04ff446dcedd42276fc99ee.php 第 42 行.
NOTIC: [8] Undefined variable: about D:\phpStudy\WWW\Blog\Runtime\Cache\Home\2a94b8bda04ff446dcedd42276fc99ee.php 第 43 行.
NOTIC: [8] Undefined variable: class D:\phpStudy\WWW\Blog\Runtime\Cache\Home\2a94b8bda04ff446dcedd42276fc99ee.php 第 44 行.
NOTIC: [8] Undefined variable: feel D:\phpStudy\WWW\Blog\Runtime\Cache\Home\2a94b8bda04ff446dcedd42276fc99ee.php 第 52 行.
NOTIC: [8] Undefined variable: album D:\phpStudy\WWW\Blog\Runtime\Cache\Home\2a94b8bda04ff446dcedd42276fc99ee.php 第 53 行.
NOTIC: [8] Undefined variable: friends D:\phpStudy\WWW\Blog\Runtime\Cache\Home\2a94b8bda04ff446dcedd42276fc99ee.php 第 54 行.
NOTIC: [8] Undefined variable: gust D:\phpStudy\WWW\Blog\Runtime\Cache\Home\2a94b8bda04ff446dcedd42276fc99ee.php 第 55 行.
NOTIC: [8] Undefined variable: download D:\phpStudy\WWW\Blog\Runtime\Cache\Home\2a94b8bda04ff446dcedd42276fc99ee.php 第 56 行.
NOTIC: [8] Undefined variable: v D:\phpStudy\WWW\Blog\Runtime\Cache\Home\2a94b8bda04ff446dcedd42276fc99ee.php 第 81 行.
NOTIC: [8] Undefined variable: tmp D:\phpStudy\WWW\Blog\Application\Common\Common\function.php 第 297 行.
NOTIC: [8] Undefined variable: v D:\phpStudy\WWW\Blog\Runtime\Cache\Home\2a94b8bda04ff446dcedd42276fc99ee.php 第 81 行.
NOTIC: [8] Undefined variable: tmp D:\phpStudy\WWW\Blog\Application\Common\Common\function.php 第 297 行.
NOTIC: [8] Undefined variable: v D:\phpStudy\WWW\Blog\Runtime\Cache\Home\2a94b8bda04ff446dcedd42276fc99ee.php 第 81 行.
NOTIC: [8] Undefined variable: tmp D:\phpStudy\WWW\Blog\Application\Common\Common\function.php 第 297 行.
NOTIC: [8] Undefined variable: version D:\phpStudy\WWW\Blog\Runtime\Cache\Home\2a94b8bda04ff446dcedd42276fc99ee.php 第 116 行.
NOTIC: [8] Undefined index: key D:\phpStudy\WWW\Blog\Runtime\Cache\Home\2a94b8bda04ff446dcedd42276fc99ee.php 第 127 行.
NOTIC: [8] Undefined index: key D:\phpStudy\WWW\Blog\Runtime\Cache\Home\2a94b8bda04ff446dcedd42276fc99ee.php 第 128 行.
NOTIC: [8] Undefined index: key D:\phpStudy\WWW\Blog\Runtime\Cache\Home\2a94b8bda04ff446dcedd42276fc99ee.php 第 129 行.
NOTIC: [8] Undefined index: key D:\phpStudy\WWW\Blog\Runtime\Cache\Home\2a94b8bda04ff446dcedd42276fc99ee.php 第 130 行.
NOTIC: [8] Undefined index: key D:\phpStudy\WWW\Blog\Runtime\Cache\Home\2a94b8bda04ff446dcedd42276fc99ee.php 第 131 行.
NOTIC: [8] Undefined index: key D:\phpStudy\WWW\Blog\Runtime\Cache\Home\2a94b8bda04ff446dcedd42276fc99ee.php 第 132 行.
NOTIC: [8] Undefined index: key D:\phpStudy\WWW\Blog\Runtime\Cache\Home\2a94b8bda04ff446dcedd42276fc99ee.php 第 127 行.
NOTIC: [8] Undefined index: key D:\phpStudy\WWW\Blog\Runtime\Cache\Home\2a94b8bda04ff446dcedd42276fc99ee.php 第 128 行.
NOTIC: [8] Undefined index: key D:\phpStudy\WWW\Blog\Runtime\Cache\Home\2a94b8bda04ff446dcedd42276fc99ee.php 第 129 行.
NOTIC: [8] Undefined index: key D:\phpStudy\WWW\Blog\Runtime\Cache\Home\2a94b8bda04ff446dcedd42276fc99ee.php 第 130 行.
NOTIC: [8] Undefined index: key D:\phpStudy\WWW\Blog\Runtime\Cache\Home\2a94b8bda04ff446dcedd42276fc99ee.php 第 131 行.
NOTIC: [8] Undefined index: key D:\phpStudy\WWW\Blog\Runtime\Cache\Home\2a94b8bda04ff446dcedd42276fc99ee.php 第 132 行.
NOTIC: [8] Undefined index: key D:\phpStudy\WWW\Blog\Runtime\Cache\Home\2a94b8bda04ff446dcedd42276fc99ee.php 第 127 行.
NOTIC: [8] Undefined index: key D:\phpStudy\WWW\Blog\Runtime\Cache\Home\2a94b8bda04ff446dcedd42276fc99ee.php 第 128 行.
NOTIC: [8] Undefined index: key D:\phpStudy\WWW\Blog\Runtime\Cache\Home\2a94b8bda04ff446dcedd42276fc99ee.php 第 129 行.
NOTIC: [8] Undefined index: key D:\phpStudy\WWW\Blog\Runtime\Cache\Home\2a94b8bda04ff446dcedd42276fc99ee.php 第 130 行.
NOTIC: [8] Undefined index: key D:\phpStudy\WWW\Blog\Runtime\Cache\Home\2a94b8bda04ff446dcedd42276fc99ee.php 第 131 行.
NOTIC: [8] Undefined index: key D:\phpStudy\WWW\Blog\Runtime\Cache\Home\2a94b8bda04ff446dcedd42276fc99ee.php 第 132 行.
NOTIC: [8] Undefined variable: s_content D:\phpStudy\WWW\Blog\Runtime\Cache\Home\2a94b8bda04ff446dcedd42276fc99ee.php 第 157 行.
NOTIC: [8] Undefined variable: gusts D:\phpStudy\WWW\Blog\Runtime\Cache\Home\2a94b8bda04ff446dcedd42276fc99ee.php 第 191 行.
NOTIC: [8] Undefined variable: hits D:\phpStudy\WWW\Blog\Runtime\Cache\Home\2a94b8bda04ff446dcedd42276fc99ee.php 第 205 行.
NOTIC: [8] Undefined variable: link D:\phpStudy\WWW\Blog\Runtime\Cache\Home\2a94b8bda04ff446dcedd42276fc99ee.php 第 213 行.
NOTIC: [8] Undefined variable: num D:\phpStudy\WWW\Blog\Runtime\Cache\Home\2a94b8bda04ff446dcedd42276fc99ee.php 第 226 行.
NOTIC: [8] Undefined variable: num D:\phpStudy\WWW\Blog\Runtime\Cache\Home\2a94b8bda04ff446dcedd42276fc99ee.php 第 228 行.
NOTIC: [8] Undefined variable: num D:\phpStudy\WWW\Blog\Runtime\Cache\Home\2a94b8bda04ff446dcedd42276fc99ee.php 第 232 行.
NOTIC: [8] Undefined variable: num D:\phpStudy\WWW\Blog\Runtime\Cache\Home\2a94b8bda04ff446dcedd42276fc99ee.php 第 234 行.
NOTIC: [8] Undefined variable: system D:\phpStudy\WWW\Blog\Runtime\Cache\Home\2a94b8bda04ff446dcedd42276fc99ee.php 第 238 行.
NOTIC: [8] Undefined variable: num D:\phpStudy\WWW\Blog\Runtime\Cache\Home\2a94b8bda04ff446dcedd42276fc99ee.php 第 240 行.
NOTIC: [8] Undefined variable: num D:\phpStudy\WWW\Blog\Runtime\Cache\Home\2a94b8bda04ff446dcedd42276fc99ee.php 第 244 行.
NOTIC: [8] Undefined variable: num D:\phpStudy\WWW\Blog\Runtime\Cache\Home\2a94b8bda04ff446dcedd42276fc99ee.php 第 246 行.
NOTIC: [8] Undefined variable: system D:\phpStudy\WWW\Blog\Runtime\Cache\Home\2a94b8bda04ff446dcedd42276fc99ee.php 第 250 行.
NOTIC: [8] Undefined variable: version D:\phpStudy\WWW\Blog\Runtime\Cache\Home\2a94b8bda04ff446dcedd42276fc99ee.php 第 265 行.
NOTIC: [8] Undefined variable: f_article D:\phpStudy\WWW\Blog\Runtime\Cache\Home\2a94b8bda04ff446dcedd42276fc99ee.php 第 286 行.
NOTIC: [8] Undefined variable: foot_album D:\phpStudy\WWW\Blog\Runtime\Cache\Home\2a94b8bda04ff446dcedd42276fc99ee.php 第 291 行.
NOTIC: [8] Undefined variable: system D:\phpStudy\WWW\Blog\Runtime\Cache\Home\2a94b8bda04ff446dcedd42276fc99ee.php 第 299 行.
NOTIC: [8] Undefined variable: system D:\phpStudy\WWW\Blog\Runtime\Cache\Home\2a94b8bda04ff446dcedd42276fc99ee.php 第 302 行.
NOTIC: [8] Undefined variable: system D:\phpStudy\WWW\Blog\Runtime\Cache\Home\2a94b8bda04ff446dcedd42276fc99ee.php 第 302 行.
INFO: Run Behavior\ParseTemplateBehavior [ RunTime:0.082004s ]
INFO: [ view_parse ] --END-- [ RunTime:0.082004s ]
INFO: [ view_filter ] --START--
INFO: Run Behavior\WriteHtmlCacheBehavior [ RunTime:0.002000s ]
INFO: [ view_filter ] --END-- [ RunTime:0.002000s ]
INFO: [ app_end ] --START--
INFO: Run Behavior\ShowPageTraceBehavior [ RunTime:0.005001s ]
INFO: [ app_end ] --END-- [ RunTime:0.005001s ]

